2020-02-01 07:33:41.336   CNC 19   INF   Workplace started running
2020-02-01 07:33:41.746   CNC 19   INF   Download and sort of length 0 takes: 409.250349ms
2020-02-01 07:33:41.959   CNC 19   INF   Processing takes 622.305671ms
2020-02-01 07:33:41.959   CNC 19   INF   Sleeping for 9.377115367s
2020-02-01 07:41:45.556   CNC 19   INF   Workplace started running
2020-02-01 07:41:45.748   CNC 19   INF   Download and sort of length 0 takes: 191.159282ms
2020-02-01 07:41:45.996   CNC 19   INF   Processing takes 439.047504ms
2020-02-01 07:41:45.996   CNC 19   INF   Sleeping for 9.560813409s
2020-02-01 07:42:24.380   CNC 19   INF   Workplace started running
2020-02-01 07:42:24.883   CNC 19   INF   Download and sort of length 0 takes: 502.723119ms
2020-02-01 18:40:40.708   CNC 19   INF   Workplace started running
2020-02-01 18:40:40.974   CNC 19   INF   Download and sort of length 0 takes: 265.529687ms
2020-02-01 19:21:13.436   CNC 19   INF   Workplace started running
2020-02-01 19:21:13.581   CNC 19   INF   Download and sort of length 0 takes: 144.146263ms
2020-02-01 19:21:13.787   CNC 19   INF   Processing takes 350.786801ms
2020-02-01 19:21:13.787   CNC 19   INF   Sleeping for 9.649049166s
2020-02-01 19:21:23.441   CNC 19   INF   Workplace still active
2020-02-01 19:21:23.660   CNC 19   INF   Download and sort of length 0 takes: 218.310475ms
2020-02-01 19:21:23.850   CNC 19   INF   Processing takes 408.848757ms
2020-02-01 19:21:23.850   CNC 19   INF   Sleeping for 9.590986886s
2020-02-01 19:21:33.442   CNC 19   INF   Workplace still active
2020-02-01 19:21:33.558   CNC 19   INF   Download and sort of length 0 takes: 116.0708ms
2020-02-01 19:21:33.738   CNC 19   INF   Processing takes 296.078825ms
2020-02-01 19:21:33.738   CNC 19   INF   Sleeping for 9.7037203s
2020-02-01 19:21:43.443   CNC 19   INF   Workplace still active
2020-02-01 19:21:43.618   CNC 19   INF   Download and sort of length 0 takes: 174.391738ms
2020-02-01 19:21:43.935   CNC 19   INF   Processing takes 492.054505ms
2020-02-01 19:21:43.935   CNC 19   INF   Sleeping for 9.507759801s
2020-02-01 19:21:53.444   CNC 19   INF   Workplace still active
2020-02-01 19:21:53.635   CNC 19   INF   Download and sort of length 0 takes: 190.749661ms
2020-02-01 19:21:53.914   CNC 19   INF   Processing takes 469.327414ms
2020-02-01 19:21:53.914   CNC 19   INF   Sleeping for 9.530461576s
2020-02-01 21:41:49.778   CNC 19   INF   Workplace started running
2020-02-01 21:41:49.980   CNC 19   INF   Download and sort of length 18 takes: 200.684643ms
2020-02-01 21:41:50.228   CNC 19   INF   Changing state ==> Production at 2020-02-01 21:40:57.827586 +0100 CET
2020-02-01 21:41:50.444   CNC 19   INF   Processing takes 665.21253ms
2020-02-01 21:41:50.444   CNC 19   INF   Sleeping for 9.334665949s
2020-02-01 21:41:59.783   CNC 19   INF   Workplace still active
2020-02-01 21:42:00.266   CNC 19   INF   Download and sort of length 19 takes: 481.809124ms
2020-02-01 21:42:00.440   CNC 19   INF   Processing takes 656.336634ms
2020-02-01 21:42:00.440   CNC 19   INF   Sleeping for 9.343152248s
