2020-02-02 08:03:32.787   CNC 9   INF   Workplace started running
2020-02-02 08:03:32.923   CNC 9   INF   Download and sort of length 0 takes: 135.723363ms
2020-02-02 08:03:33.211   CNC 9   INF   Changing state ==> Poweroff at 0001-01-01 00:00:00 +0000 UTC
2020-02-02 08:03:33.483   CNC 9   INF   Processing takes 694.991225ms
2020-02-02 08:03:33.483   CNC 9   INF   Sleeping for 9.30467713s
2020-02-02 08:03:42.792   CNC 9   INF   Workplace still active
2020-02-02 08:03:43.052   CNC 9   INF   Download and sort of length 0 takes: 259.478697ms
2020-02-02 08:03:43.326   CNC 9   INF   Processing takes 534.256415ms
2020-02-02 08:03:43.326   CNC 9   INF   Sleeping for 9.465551465s
2020-02-02 08:03:52.795   CNC 9   INF   Workplace still active
2020-02-02 08:03:53.105   CNC 9   INF   Download and sort of length 0 takes: 309.497638ms
2020-02-02 08:03:53.319   CNC 9   INF   Processing takes 523.261282ms
2020-02-02 08:03:53.319   CNC 9   INF   Sleeping for 9.476284551s
2020-02-02 08:04:02.796   CNC 9   INF   Workplace still active
2020-02-02 08:04:03.142   CNC 9   INF   Download and sort of length 0 takes: 346.398256ms
2020-02-02 08:04:03.358   CNC 9   INF   Processing takes 561.82284ms
2020-02-02 08:04:03.359   CNC 9   INF   Sleeping for 9.43728837s
2020-02-02 08:04:12.796   CNC 9   INF   Workplace still active
2020-02-02 08:04:13.143   CNC 9   INF   Download and sort of length 0 takes: 346.51978ms
2020-02-02 08:04:13.332   CNC 9   INF   Processing takes 535.638223ms
2020-02-02 08:04:13.333   CNC 9   INF   Sleeping for 9.463879011s
2020-02-02 08:04:22.800   CNC 9   INF   Workplace still active
2020-02-02 08:04:23.139   CNC 9   INF   Download and sort of length 0 takes: 337.824111ms
2020-02-02 08:04:23.566   CNC 9   INF   Processing takes 765.200557ms
2020-02-02 08:04:23.566   CNC 9   INF   Sleeping for 9.234594134s
2020-02-02 08:04:32.801   CNC 9   INF   Workplace still active
2020-02-02 08:04:33.240   CNC 9   INF   Download and sort of length 0 takes: 438.367882ms
2020-02-02 08:04:33.467   CNC 9   INF   Processing takes 665.754119ms
2020-02-02 08:04:33.468   CNC 9   INF   Sleeping for 9.334033935s
2020-02-02 08:04:42.802   CNC 9   INF   Workplace still active
2020-02-02 08:04:43.096   CNC 9   INF   Download and sort of length 0 takes: 293.74998ms
2020-02-02 08:04:43.611   CNC 9   INF   Processing takes 809.316015ms
2020-02-02 08:04:43.612   CNC 9   INF   Sleeping for 9.190498344s
2020-02-02 08:04:52.809   CNC 9   INF   Workplace still active
2020-02-02 08:04:53.582   CNC 9   INF   Download and sort of length 0 takes: 772.29673ms
2020-02-02 08:04:54.171   CNC 9   INF   Processing takes 1.361781335s
2020-02-02 08:04:54.172   CNC 9   INF   Sleeping for 8.637951058s
2020-02-02 08:05:02.812   CNC 9   INF   Workplace still active
2020-02-02 08:05:03.189   CNC 9   INF   Download and sort of length 0 takes: 377.142597ms
2020-02-02 08:05:03.360   CNC 9   INF   Processing takes 548.339793ms
2020-02-02 08:05:03.361   CNC 9   INF   Sleeping for 9.451244282s
2020-02-02 08:05:12.817   CNC 9   INF   Workplace still active
2020-02-02 08:05:13.306   CNC 9   INF   Download and sort of length 0 takes: 488.656279ms
2020-02-02 08:05:13.456   CNC 9   INF   Processing takes 638.341309ms
2020-02-02 08:05:13.456   CNC 9   INF   Sleeping for 9.360820186s
2020-02-02 08:05:22.821   CNC 9   INF   Workplace still active
2020-02-02 08:05:23.004   CNC 9   INF   Download and sort of length 0 takes: 183.068925ms
2020-02-02 08:05:23.303   CNC 9   INF   Processing takes 481.293327ms
2020-02-02 08:05:23.303   CNC 9   INF   Sleeping for 9.518483811s
2020-02-02 08:05:32.822   CNC 9   INF   Workplace still active
2020-02-02 08:05:33.023   CNC 9   INF   Download and sort of length 0 takes: 201.284313ms
2020-02-02 08:05:33.244   CNC 9   INF   Processing takes 421.829234ms
2020-02-02 08:05:33.244   CNC 9   INF   Sleeping for 9.577984906s
2020-02-02 08:05:42.823   CNC 9   INF   Workplace still active
2020-02-02 08:05:43.408   CNC 9   INF   Download and sort of length 0 takes: 584.814488ms
2020-02-02 08:05:43.686   CNC 9   INF   Processing takes 862.277298ms
2020-02-02 08:05:43.686   CNC 9   INF   Sleeping for 9.137388418s
2020-02-02 08:05:52.824   CNC 9   INF   Workplace still active
2020-02-02 08:05:53.042   CNC 9   INF   Download and sort of length 0 takes: 217.710137ms
2020-02-02 08:05:53.353   CNC 9   INF   Processing takes 528.641597ms
2020-02-02 08:05:53.353   CNC 9   INF   Sleeping for 9.47114583s
2020-02-02 08:06:02.826   CNC 9   INF   Workplace still active
2020-02-02 08:06:03.494   CNC 9   INF   Download and sort of length 0 takes: 667.774675ms
2020-02-02 08:06:03.669   CNC 9   INF   Processing takes 842.757858ms
2020-02-02 08:06:03.669   CNC 9   INF   Sleeping for 9.157044904s
2020-02-02 08:06:12.831   CNC 9   INF   Workplace still active
2020-02-02 08:06:13.127   CNC 9   INF   Download and sort of length 0 takes: 295.374188ms
2020-02-02 08:06:13.286   CNC 9   INF   Processing takes 455.236836ms
2020-02-02 08:06:13.287   CNC 9   INF   Sleeping for 9.544553586s
2020-02-02 08:06:22.835   CNC 9   INF   Workplace still active
2020-02-02 08:06:23.195   CNC 9   INF   Download and sort of length 0 takes: 359.503111ms
2020-02-02 08:06:23.280   CNC 9   INF   Processing takes 444.67479ms
2020-02-02 08:06:23.280   CNC 9   INF   Sleeping for 9.555217626s
2020-02-02 08:06:32.840   CNC 9   INF   Workplace still active
2020-02-02 08:06:33.135   CNC 9   INF   Download and sort of length 0 takes: 294.490062ms
2020-02-02 08:06:33.434   CNC 9   INF   Processing takes 593.427871ms
2020-02-02 08:06:33.434   CNC 9   INF   Sleeping for 9.406394619s
2020-02-02 08:06:42.846   CNC 9   INF   Workplace still active
2020-02-02 08:06:43.197   CNC 9   INF   Download and sort of length 0 takes: 351.100527ms
2020-02-02 08:06:43.425   CNC 9   INF   Processing takes 578.86387ms
2020-02-02 08:06:43.425   CNC 9   INF   Sleeping for 9.420631396s
2020-02-02 08:06:52.850   CNC 9   INF   Workplace still active
2020-02-02 08:06:53.251   CNC 9   INF   Download and sort of length 0 takes: 400.881391ms
2020-02-02 08:06:53.400   CNC 9   INF   Processing takes 549.834274ms
2020-02-02 08:06:53.400   CNC 9   INF   Sleeping for 9.450036462s
2020-02-02 08:07:02.854   CNC 9   INF   Workplace still active
2020-02-02 08:07:03.027   CNC 9   INF   Download and sort of length 0 takes: 172.692728ms
2020-02-02 08:07:03.206   CNC 9   INF   Processing takes 351.030287ms
2020-02-02 08:07:03.206   CNC 9   INF   Sleeping for 9.648761347s
2020-02-02 08:07:12.856   CNC 9   INF   Workplace still active
2020-02-02 08:07:13.116   CNC 9   INF   Download and sort of length 0 takes: 259.846654ms
2020-02-02 08:07:13.277   CNC 9   INF   Processing takes 421.289607ms
2020-02-02 08:07:13.277   CNC 9   INF   Sleeping for 9.578406772s
2020-02-02 08:07:22.859   CNC 9   INF   Workplace still active
2020-02-02 08:07:23.013   CNC 9   INF   Download and sort of length 0 takes: 153.128323ms
2020-02-02 08:07:23.197   CNC 9   INF   Processing takes 337.151359ms
2020-02-02 08:07:23.197   CNC 9   INF   Sleeping for 9.66269104s
2020-02-02 08:07:32.860   CNC 9   INF   Workplace still active
2020-02-02 08:07:32.975   CNC 9   INF   Download and sort of length 0 takes: 114.941105ms
2020-02-02 08:07:33.270   CNC 9   INF   Processing takes 410.222512ms
2020-02-02 08:07:33.270   CNC 9   INF   Sleeping for 9.589587143s
2020-02-02 08:07:42.862   CNC 9   INF   Workplace still active
2020-02-02 08:07:43.076   CNC 9   INF   Download and sort of length 0 takes: 212.955943ms
2020-02-02 08:07:43.320   CNC 9   INF   Processing takes 457.143656ms
2020-02-02 08:07:43.320   CNC 9   INF   Sleeping for 9.542652041s
2020-02-02 08:07:52.866   CNC 9   INF   Workplace still active
2020-02-02 08:07:53.110   CNC 9   INF   Download and sort of length 0 takes: 243.388492ms
2020-02-02 08:07:53.232   CNC 9   INF   Processing takes 364.935749ms
2020-02-02 08:07:53.232   CNC 9   INF   Sleeping for 9.634865419s
2020-02-02 08:08:02.871   CNC 9   INF   Workplace still active
2020-02-02 08:08:03.048   CNC 9   INF   Download and sort of length 0 takes: 176.545472ms
2020-02-02 08:08:03.217   CNC 9   INF   Processing takes 345.72419ms
2020-02-02 08:08:03.217   CNC 9   INF   Sleeping for 9.654093053s
2020-02-02 08:08:12.872   CNC 9   INF   Workplace still active
2020-02-02 08:08:13.122   CNC 9   INF   Download and sort of length 0 takes: 249.819597ms
2020-02-02 08:08:13.254   CNC 9   INF   Processing takes 382.303803ms
2020-02-02 08:08:13.254   CNC 9   INF   Sleeping for 9.617562054s
2020-02-02 08:08:22.876   CNC 9   INF   Workplace still active
2020-02-02 08:08:22.923   CNC 9   ERR   Problem opening zapsi4 database: pq: the database system is shutting down
2020-02-02 08:08:22.923   CNC 9   INF   Download and sort of length 0 takes: 46.460605ms
2020-02-02 08:08:22.932   CNC 9   ERR   Problem opening zapsi4 database: pq: the database system is shutting down
2020-02-02 08:08:22.932   CNC 9   INF   Processing takes 55.615565ms
2020-02-02 08:08:22.933   CNC 9   INF   Sleeping for 9.94428325s
2020-02-02 08:08:32.881   CNC 9   INF   Workplace not active
2020-02-02 08:08:32.881   CNC 9   INF   Workplace not active, stopped running
2020-02-02 08:12:06.324   CNC 9   INF   Workplace started running
2020-02-02 08:12:06.647   CNC 9   INF   Download and sort of length 0 takes: 322.917076ms
2020-02-02 08:12:06.965   CNC 9   INF   Changing state ==> Poweroff at 0001-01-01 00:00:00 +0000 UTC
2020-02-02 08:12:07.241   CNC 9   INF   Processing takes 916.545204ms
2020-02-02 08:12:07.241   CNC 9   INF   Sleeping for 9.083280437s
2020-02-02 08:12:16.327   CNC 9   INF   Workplace still active
2020-02-02 08:12:16.925   CNC 9   INF   Download and sort of length 3 takes: 597.468336ms
2020-02-02 08:12:17.472   CNC 9   INF   Changing state ==> Downtime at 2020-02-02 08:12:09.521696 +0100 CET
2020-02-02 08:12:17.744   CNC 9   INF   Changing state ==> Production at 2020-02-02 08:12:09.521696 +0100 CET
2020-02-02 08:12:17.889   CNC 9   INF   Processing takes 1.562080861s
2020-02-02 08:12:17.889   CNC 9   INF   Sleeping for 8.437787681s
2020-02-02 08:12:26.331   CNC 9   INF   Workplace not active
2020-02-02 08:12:26.331   CNC 9   INF   Workplace not active, stopped running
2020-02-02 08:12:26.332   CNC 9   INF   Workplace started running
2020-02-02 08:12:26.635   CNC 9   INF   Download and sort of length 4 takes: 302.30551ms
2020-02-02 08:12:26.958   CNC 9   INF   Processing takes 625.3115ms
2020-02-02 08:12:26.958   CNC 9   INF   Sleeping for 9.374566748s
2020-02-02 08:12:36.336   CNC 9   INF   Workplace still active
2020-02-02 08:12:36.734   CNC 9   INF   Download and sort of length 7 takes: 398.399679ms
2020-02-02 08:12:36.878   CNC 9   INF   Processing takes 541.785312ms
2020-02-02 08:12:36.878   CNC 9   INF   Sleeping for 9.457707169s
2020-02-02 08:12:46.337   CNC 9   INF   Workplace still active
2020-02-02 08:12:46.664   CNC 9   INF   Download and sort of length 10 takes: 326.359895ms
2020-02-02 08:12:46.829   CNC 9   INF   Processing takes 491.434517ms
2020-02-02 08:12:46.829   CNC 9   INF   Sleeping for 9.508448815s
2020-02-02 08:12:56.338   CNC 9   INF   Workplace not active
2020-02-02 08:12:56.338   CNC 9   INF   Workplace not active, stopped running
2020-02-02 08:12:56.339   CNC 9   INF   Workplace started running
2020-02-02 08:12:56.516   CNC 9   INF   Download and sort of length 13 takes: 176.552884ms
2020-02-02 08:12:56.744   CNC 9   INF   Processing takes 403.90483ms
2020-02-02 08:12:56.744   CNC 9   INF   Sleeping for 9.595729279s
2020-02-02 08:13:06.347   CNC 9   INF   Workplace not active
2020-02-02 08:13:06.347   CNC 9   INF   Workplace not active, stopped running
2020-02-02 08:13:18.986   CNC 9   INF   Workplace started running
2020-02-02 08:13:19.360   CNC 9   INF   Download and sort of length 19 takes: 373.188433ms
2020-02-02 08:13:19.733   CNC 9   INF   Processing takes 745.7197ms
2020-02-02 08:13:19.733   CNC 9   INF   Sleeping for 9.254154727s
2020-02-02 08:13:55.980   CNC 9   INF   Workplace started running
2020-02-02 08:13:56.327   CNC 9   INF   Download and sort of length 31 takes: 346.976886ms
2020-02-02 08:13:56.518   CNC 9   INF   Processing takes 538.278844ms
2020-02-02 08:13:56.519   CNC 9   INF   Sleeping for 9.461299228s
2020-02-02 08:14:05.982   CNC 9   INF   Workplace still active
2020-02-02 08:14:06.396   CNC 9   INF   Download and sort of length 34 takes: 413.267746ms
2020-02-02 08:14:06.616   CNC 9   INF   Processing takes 633.416349ms
2020-02-02 08:14:06.616   CNC 9   INF   Sleeping for 9.366425515s
2020-02-02 08:14:15.983   CNC 9   INF   Workplace still active
2020-02-02 08:14:16.109   CNC 9   INF   Download and sort of length 37 takes: 126.098871ms
2020-02-02 08:14:16.269   CNC 9   INF   Processing takes 286.555732ms
2020-02-02 08:14:16.269   CNC 9   INF   Sleeping for 9.713307395s
2020-02-02 08:14:25.984   CNC 9   INF   Workplace not active
2020-02-02 08:14:25.985   CNC 9   INF   Workplace not active, stopped running
2020-02-02 08:14:25.986   CNC 9   INF   Workplace started running
2020-02-02 08:14:26.109   CNC 9   INF   Download and sort of length 40 takes: 122.413354ms
2020-02-02 08:14:26.247   CNC 9   INF   Processing takes 260.210511ms
2020-02-02 08:14:26.247   CNC 9   INF   Sleeping for 9.739676363s
2020-02-02 08:14:35.992   CNC 9   INF   Workplace still active
2020-02-02 08:14:36.350   CNC 9   INF   Download and sort of length 43 takes: 358.156565ms
2020-02-02 08:14:36.504   CNC 9   INF   Processing takes 512.721976ms
2020-02-02 08:14:36.504   CNC 9   INF   Sleeping for 9.48716312s
2020-02-02 08:14:45.993   CNC 9   INF   Workplace not active
2020-02-02 08:14:45.993   CNC 9   INF   Workplace not active, stopped running
2020-02-02 08:14:45.997   CNC 9   INF   Workplace started running
2020-02-02 08:14:46.524   CNC 9   INF   Download and sort of length 43 takes: 527.642244ms
2020-02-02 08:14:46.637   CNC 9   INF   Processing takes 640.540072ms
2020-02-02 08:14:46.637   CNC 9   INF   Sleeping for 9.359293503s
2020-02-02 08:14:55.999   CNC 9   INF   Workplace still active
2020-02-02 08:14:56.164   CNC 9   INF   Download and sort of length 43 takes: 165.253587ms
2020-02-02 08:14:56.344   CNC 9   INF   Processing takes 344.680729ms
2020-02-02 08:14:56.344   CNC 9   INF   Sleeping for 9.65503616s
2020-02-02 08:15:06.003   CNC 9   INF   Workplace still active
2020-02-02 08:15:06.191   CNC 9   INF   Download and sort of length 43 takes: 187.299106ms
2020-02-02 08:15:06.357   CNC 9   INF   Processing takes 353.514695ms
2020-02-02 08:15:06.357   CNC 9   INF   Sleeping for 9.646382204s
2020-02-02 08:15:16.006   CNC 9   INF   Workplace not active
2020-02-02 08:15:16.007   CNC 9   INF   Workplace not active, stopped running
2020-02-02 08:15:16.014   CNC 9   INF   Workplace started running
2020-02-02 08:15:16.512   CNC 9   INF   Download and sort of length 43 takes: 498.194336ms
2020-02-02 08:15:16.877   CNC 9   INF   Processing takes 862.753244ms
2020-02-02 08:15:16.877   CNC 9   INF   Sleeping for 9.137046735s
2020-02-02 08:15:26.015   CNC 9   INF   Workplace still active
2020-02-02 08:15:26.188   CNC 9   INF   Download and sort of length 43 takes: 172.296934ms
2020-02-02 08:15:26.324   CNC 9   INF   Processing takes 308.971016ms
2020-02-02 08:15:26.324   CNC 9   INF   Sleeping for 9.690916716s
2020-02-02 08:15:36.015   CNC 9   INF   Workplace still active
2020-02-02 08:15:36.449   CNC 9   INF   Download and sort of length 43 takes: 433.591865ms
2020-02-02 08:15:36.550   CNC 9   INF   Processing takes 534.431953ms
2020-02-02 08:15:36.550   CNC 9   INF   Sleeping for 9.46542409s
2020-02-02 08:15:46.015   CNC 9   INF   Workplace still active
2020-02-02 08:15:46.177   CNC 9   INF   Download and sort of length 43 takes: 161.687353ms
2020-02-02 08:15:46.272   CNC 9   INF   Processing takes 256.265815ms
2020-02-02 08:15:46.272   CNC 9   INF   Sleeping for 9.743581082s
2020-02-02 08:15:56.015   CNC 9   INF   Workplace still active
2020-02-02 08:15:56.198   CNC 9   INF   Download and sort of length 43 takes: 182.824756ms
2020-02-02 08:15:56.315   CNC 9   INF   Processing takes 299.198869ms
2020-02-02 08:15:56.315   CNC 9   INF   Sleeping for 9.700664482s
2020-02-02 08:16:06.016   CNC 9   INF   Workplace not active
2020-02-02 08:16:06.016   CNC 9   INF   Workplace not active, stopped running
2020-02-02 08:16:06.020   CNC 9   INF   Workplace started running
2020-02-02 08:16:06.121   CNC 9   INF   Download and sort of length 43 takes: 100.157651ms
2020-02-02 08:16:06.201   CNC 9   INF   Processing takes 180.23967ms
2020-02-02 08:16:06.201   CNC 9   INF   Sleeping for 9.819664262s
2020-02-02 08:16:16.021   CNC 9   INF   Workplace still active
2020-02-02 08:16:16.196   CNC 9   INF   Download and sort of length 43 takes: 174.221974ms
2020-02-02 08:16:16.383   CNC 9   INF   Processing takes 361.135766ms
2020-02-02 08:16:16.383   CNC 9   INF   Sleeping for 9.638715631s
2020-02-02 08:16:26.022   CNC 9   INF   Workplace still active
2020-02-02 08:16:26.153   CNC 9   INF   Download and sort of length 43 takes: 130.687791ms
2020-02-02 08:16:26.282   CNC 9   INF   Processing takes 259.739413ms
2020-02-02 08:16:26.282   CNC 9   INF   Sleeping for 9.740121116s
