2020-01-28 15:12:50.963   CNC 5   INF   Workplace started running
2020-01-28 15:12:51.189   CNC 5   INF   Download and sort of length 400 takes: 225.6198ms
2020-01-28 15:12:51.430   CNC 5   INF   Processing takes 466.490479ms
2020-01-28 15:12:51.430   CNC 5   INF   Sleeping for 9.533361917s
2020-01-28 15:13:00.965   CNC 5   INF   Workplace still active
2020-01-28 15:13:01.309   CNC 5   INF   Download and sort of length 403 takes: 342.768716ms
2020-01-28 15:13:01.509   CNC 5   INF   Processing takes 543.614064ms
2020-01-28 15:13:01.509   CNC 5   INF   Sleeping for 9.456008922s
2020-01-28 15:13:10.967   CNC 5   INF   Workplace still active
2020-01-28 15:13:11.174   CNC 5   INF   Download and sort of length 406 takes: 206.818829ms
2020-01-28 15:13:11.351   CNC 5   INF   Processing takes 383.466373ms
2020-01-28 15:13:11.351   CNC 5   INF   Sleeping for 9.616425167s
2020-01-28 15:13:20.968   CNC 5   INF   Workplace still active
2020-01-28 15:13:21.230   CNC 5   INF   Download and sort of length 409 takes: 261.181213ms
2020-01-28 15:13:21.472   CNC 5   INF   Processing takes 504.047944ms
2020-01-28 15:13:21.473   CNC 5   INF   Sleeping for 9.495403203s
2020-01-28 15:13:30.969   CNC 5   INF   Workplace still active
2020-01-28 15:13:31.237   CNC 5   INF   Download and sort of length 412 takes: 192.996029ms
2020-01-28 15:13:31.443   CNC 5   INF   Processing takes 398.528025ms
2020-01-28 15:13:31.443   CNC 5   INF   Sleeping for 9.601306734s
2020-01-28 15:13:41.048   CNC 5   INF   Workplace still active
2020-01-28 15:13:41.408   CNC 5   INF   Download and sort of length 415 takes: 360.427082ms
2020-01-28 15:13:41.579   CNC 5   INF   Processing takes 530.926445ms
2020-01-28 15:13:41.579   CNC 5   INF   Sleeping for 9.468868979s
