2020-01-28 15:12:50.963   CNC 9   INF   Workplace started running
2020-01-28 15:12:51.563   CNC 9   INF   Download and sort of length 1774 takes: 599.551717ms
2020-01-28 15:12:51.687   CNC 9   INF   Changing state ==> Production at 2020-01-28 13:34:35.675048 +0100 CET
2020-01-28 15:12:51.731   CNC 9   INF   Processing takes 767.670108ms
2020-01-28 15:12:51.731   CNC 9   INF   Sleeping for 9.232183563s
2020-01-28 15:13:00.965   CNC 9   INF   Workplace still active
2020-01-28 15:13:01.371   CNC 9   INF   Download and sort of length 1774 takes: 405.756884ms
2020-01-28 15:13:01.559   CNC 9   INF   Processing takes 593.164036ms
2020-01-28 15:13:01.559   CNC 9   INF   Sleeping for 9.406657725s
2020-01-28 15:13:10.968   CNC 9   INF   Workplace still active
2020-01-28 15:13:11.292   CNC 9   INF   Download and sort of length 1777 takes: 324.132679ms
2020-01-28 15:13:11.405   CNC 9   INF   Processing takes 437.116978ms
2020-01-28 15:13:11.405   CNC 9   INF   Sleeping for 9.56277261s
2020-01-28 15:13:20.968   CNC 9   INF   Workplace still active
2020-01-28 15:13:21.388   CNC 9   INF   Download and sort of length 1780 takes: 419.580141ms
2020-01-28 15:13:21.546   CNC 9   INF   Processing takes 577.964817ms
2020-01-28 15:13:21.546   CNC 9   INF   Sleeping for 9.421865458s
2020-01-28 15:13:30.969   CNC 9   INF   Workplace still active
2020-01-28 15:13:31.354   CNC 9   INF   Download and sort of length 1783 takes: 309.59226ms
2020-01-28 15:13:31.523   CNC 9   INF   Processing takes 478.822344ms
2020-01-28 15:13:31.523   CNC 9   INF   Sleeping for 9.521004859s
2020-01-28 15:13:41.048   CNC 9   INF   Workplace still active
2020-01-28 15:13:41.459   CNC 9   INF   Download and sort of length 1786 takes: 410.86059ms
2020-01-28 15:13:41.658   CNC 9   INF   Processing takes 610.428382ms
2020-01-28 15:13:41.659   CNC 9   INF   Sleeping for 9.389453565s
