2020-02-01 07:33:41.337   CNC 3   INF   Workplace started running
2020-02-01 07:33:41.606   CNC 3   INF   Download and sort of length 0 takes: 269.173552ms
2020-02-01 07:33:41.915   CNC 3   INF   Processing takes 578.14376ms
2020-02-01 07:33:41.916   CNC 3   INF   Sleeping for 9.421398s
2020-02-01 07:41:45.557   CNC 3   INF   Workplace started running
2020-02-01 07:41:45.729   CNC 3   INF   Download and sort of length 26 takes: 171.458818ms
2020-02-01 07:41:45.992   CNC 3   INF   Processing takes 434.652927ms
2020-02-01 07:41:45.992   CNC 3   INF   Sleeping for 9.565170543s
2020-02-01 07:42:24.381   CNC 3   INF   Workplace started running
2020-02-01 07:42:24.576   CNC 3   INF   Download and sort of length 29 takes: 195.500587ms
2020-02-01 07:42:24.887   CNC 3   INF   Processing takes 506.547777ms
2020-02-01 07:42:24.887   CNC 3   INF   Sleeping for 9.493270997s
2020-02-01 18:40:40.708   CNC 3   INF   Workplace started running
2020-02-01 18:40:40.970   CNC 3   INF   Download and sort of length 0 takes: 261.399089ms
2020-02-01 19:21:13.436   CNC 3   INF   Workplace started running
2020-02-01 19:21:13.550   CNC 3   INF   Download and sort of length 0 takes: 113.211665ms
2020-02-01 19:21:13.731   CNC 3   INF   Processing takes 294.68834ms
2020-02-01 19:21:13.731   CNC 3   INF   Sleeping for 9.705130057s
2020-02-01 19:21:23.441   CNC 3   INF   Workplace still active
2020-02-01 19:21:23.704   CNC 3   INF   Download and sort of length 0 takes: 262.548247ms
2020-02-01 19:21:23.858   CNC 3   INF   Processing takes 416.510236ms
2020-02-01 19:21:23.858   CNC 3   INF   Sleeping for 9.583326096s
2020-02-01 19:21:33.444   CNC 3   INF   Workplace still active
2020-02-01 19:21:33.717   CNC 3   INF   Download and sort of length 0 takes: 272.994357ms
2020-02-01 19:21:33.856   CNC 3   INF   Processing takes 411.634435ms
2020-02-01 19:21:33.856   CNC 3   INF   Sleeping for 9.588211138s
2020-02-01 19:21:43.448   CNC 3   INF   Workplace still active
2020-02-01 19:21:43.686   CNC 3   INF   Download and sort of length 0 takes: 237.222316ms
2020-02-01 19:21:43.917   CNC 3   INF   Processing takes 469.03172ms
2020-02-01 19:21:43.918   CNC 3   INF   Sleeping for 9.530768391s
2020-02-01 19:21:53.449   CNC 3   INF   Workplace still active
2020-02-01 19:21:53.689   CNC 3   INF   Download and sort of length 0 takes: 239.488628ms
2020-02-01 19:21:53.894   CNC 3   INF   Processing takes 444.572017ms
2020-02-01 19:21:53.894   CNC 3   INF   Sleeping for 9.555263875s
2020-02-01 21:41:49.777   CNC 3   INF   Workplace started running
2020-02-01 21:41:50.093   CNC 3   INF   Download and sort of length 0 takes: 314.725927ms
2020-02-01 21:41:50.468   CNC 3   INF   Changing state ==> Poweroff at 0001-01-01 00:00:00 +0000 UTC
2020-02-01 21:41:50.600   CNC 3   INF   Processing takes 821.133353ms
2020-02-01 21:41:50.600   CNC 3   INF   Sleeping for 9.178441151s
2020-02-01 21:41:59.780   CNC 3   INF   Workplace still active
2020-02-01 21:42:00.080   CNC 3   INF   Download and sort of length 0 takes: 299.125038ms
2020-02-01 21:42:00.361   CNC 3   INF   Processing takes 580.38982ms
2020-02-01 21:42:00.361   CNC 3   INF   Sleeping for 9.419478147s
