2020-02-01 07:33:41.336   CNC 0   INF   Workplace started running
2020-02-01 07:33:41.716   CNC 0   INF   Download and sort of length 832 takes: 378.874228ms
2020-02-01 07:33:41.970   CNC 0   INF   Processing takes 633.87916ms
2020-02-01 07:33:41.971   CNC 0   INF   Sleeping for 9.365906731s
2020-02-01 07:41:45.559   CNC 0   INF   Workplace started running
2020-02-01 07:41:45.769   CNC 0   INF   Download and sort of length 898 takes: 209.903247ms
2020-02-01 07:41:46.099   CNC 0   INF   Processing takes 540.174836ms
2020-02-01 07:41:46.099   CNC 0   INF   Sleeping for 9.459687278s
2020-02-01 07:42:24.379   CNC 0   INF   Workplace started running
2020-02-01 07:42:24.504   CNC 0   INF   Download and sort of length 0 takes: 124.399931ms
2020-02-01 07:42:24.832   CNC 0   INF   Processing takes 452.59542ms
2020-02-01 07:42:24.833   CNC 0   INF   Sleeping for 9.546912316s
2020-02-01 18:40:40.708   CNC 0   INF   Workplace started running
2020-02-01 18:40:41.101   CNC 0   INF   Download and sort of length 0 takes: 393.111405ms
2020-02-01 19:21:13.438   CNC 0   INF   Workplace started running
2020-02-01 19:21:13.845   CNC 0   INF   Download and sort of length 0 takes: 407.762343ms
2020-02-01 19:21:14.005   CNC 0   INF   Processing takes 567.238074ms
2020-02-01 19:21:14.005   CNC 0   INF   Sleeping for 9.432631068s
2020-02-01 19:21:23.440   CNC 0   INF   Workplace still active
2020-02-01 19:21:23.602   CNC 0   INF   Download and sort of length 0 takes: 161.90227ms
2020-02-01 19:21:23.776   CNC 0   INF   Processing takes 335.373735ms
2020-02-01 19:21:23.776   CNC 0   INF   Sleeping for 9.664460159s
2020-02-01 19:21:33.444   CNC 0   INF   Workplace still active
2020-02-01 19:21:33.691   CNC 0   INF   Download and sort of length 0 takes: 246.784273ms
2020-02-01 19:21:33.861   CNC 0   INF   Processing takes 417.694924ms
2020-02-01 19:21:33.862   CNC 0   INF   Sleeping for 9.582200801s
2020-02-01 19:21:43.444   CNC 0   INF   Workplace still active
2020-02-01 19:21:43.671   CNC 0   INF   Download and sort of length 0 takes: 226.729524ms
2020-02-01 19:21:43.787   CNC 0   INF   Processing takes 342.288682ms
2020-02-01 19:21:43.787   CNC 0   INF   Sleeping for 9.657531735s
2020-02-01 19:21:53.445   CNC 0   INF   Workplace still active
2020-02-01 19:21:53.814   CNC 0   INF   Download and sort of length 0 takes: 369.053853ms
2020-02-01 19:21:53.945   CNC 0   INF   Processing takes 500.526116ms
2020-02-01 19:21:53.945   CNC 0   INF   Sleeping for 9.499303127s
