2020-01-28 15:12:50.963   CNC 17   INF   Workplace started running
2020-01-28 15:12:51.564   CNC 17   INF   Download and sort of length 1774 takes: 600.822909ms
2020-01-28 15:12:51.681   CNC 17   INF   Processing takes 717.438543ms
2020-01-28 15:12:51.682   CNC 17   INF   Sleeping for 9.281528942s
2020-01-28 15:13:00.965   CNC 17   INF   Workplace still active
2020-01-28 15:13:01.400   CNC 17   INF   Download and sort of length 1777 takes: 434.037181ms
2020-01-28 15:13:01.524   CNC 17   INF   Processing takes 558.649392ms
2020-01-28 15:13:01.524   CNC 17   INF   Sleeping for 9.441153616s
2020-01-28 15:13:10.968   CNC 17   INF   Workplace still active
2020-01-28 15:13:11.311   CNC 17   INF   Download and sort of length 1780 takes: 342.347033ms
2020-01-28 15:13:11.402   CNC 17   INF   Processing takes 433.093129ms
2020-01-28 15:13:11.402   CNC 17   INF   Sleeping for 9.566781092s
2020-01-28 15:13:20.969   CNC 17   INF   Workplace still active
2020-01-28 15:13:21.335   CNC 17   INF   Download and sort of length 1783 takes: 366.366809ms
2020-01-28 15:13:21.517   CNC 17   INF   Processing takes 548.080291ms
2020-01-28 15:13:21.518   CNC 17   INF   Sleeping for 9.450966911s
2020-01-28 15:13:30.969   CNC 17   INF   Workplace still active
2020-01-28 15:13:31.221   CNC 17   INF   Download and sort of length 1786 takes: 176.872466ms
2020-01-28 15:13:31.413   CNC 17   INF   Processing takes 368.38641ms
2020-01-28 15:13:31.413   CNC 17   INF   Sleeping for 9.631472199s
2020-01-28 15:13:41.048   CNC 17   INF   Workplace still active
2020-01-28 15:13:41.368   CNC 17   INF   Download and sort of length 1789 takes: 319.731048ms
2020-01-28 15:13:41.606   CNC 17   INF   Processing takes 557.56274ms
2020-01-28 15:13:41.606   CNC 17   INF   Sleeping for 9.442250684s
