2020-01-28 15:12:50.964   CNC 4   INF   Workplace started running
2020-01-28 15:12:51.223   CNC 4   INF   Download and sort of length 0 takes: 259.230894ms
2020-01-28 15:12:51.511   CNC 4   INF   Processing takes 547.675005ms
2020-01-28 15:12:51.511   CNC 4   INF   Sleeping for 9.452209546s
2020-01-28 15:13:00.965   CNC 4   INF   Workplace still active
2020-01-28 15:13:01.199   CNC 4   INF   Download and sort of length 0 takes: 233.871303ms
2020-01-28 15:13:01.441   CNC 4   INF   Processing takes 475.005821ms
2020-01-28 15:13:01.441   CNC 4   INF   Sleeping for 9.524335984s
2020-01-28 15:13:10.968   CNC 4   INF   Workplace still active
2020-01-28 15:13:11.207   CNC 4   INF   Download and sort of length 0 takes: 238.397783ms
2020-01-28 15:13:11.362   CNC 4   INF   Processing takes 393.497879ms
2020-01-28 15:13:11.362   CNC 4   INF   Sleeping for 9.606384379s
2020-01-28 15:13:20.969   CNC 4   INF   Workplace still active
2020-01-28 15:13:21.153   CNC 4   INF   Download and sort of length 0 takes: 184.225474ms
2020-01-28 15:13:21.379   CNC 4   INF   Processing takes 410.555318ms
2020-01-28 15:13:21.379   CNC 4   INF   Sleeping for 9.589320179s
2020-01-28 15:13:30.969   CNC 4   INF   Workplace still active
2020-01-28 15:13:31.350   CNC 4   INF   Download and sort of length 0 takes: 305.68192ms
2020-01-28 15:13:31.524   CNC 4   INF   Processing takes 479.599507ms
2020-01-28 15:13:31.524   CNC 4   INF   Sleeping for 9.520270568s
2020-01-28 15:13:41.048   CNC 4   INF   Workplace still active
2020-01-28 15:13:41.394   CNC 4   INF   Download and sort of length 0 takes: 345.757097ms
2020-01-28 15:13:41.590   CNC 4   INF   Processing takes 542.271633ms
2020-01-28 15:13:41.590   CNC 4   INF   Sleeping for 9.457532797s
