2020-01-28 15:12:50.963   CNC 18   INF   Workplace started running
2020-01-28 15:12:51.271   CNC 18   INF   Download and sort of length 149 takes: 308.450179ms
2020-01-28 15:12:51.529   CNC 18   INF   Changing state ==> Poweroff at 2020-01-28 15:00:41.422429 +0100 CET
2020-01-28 15:12:51.670   CNC 18   INF   Processing takes 707.288331ms
2020-01-28 15:12:51.670   CNC 18   INF   Sleeping for 9.292582912s
2020-01-28 15:13:00.965   CNC 18   INF   Workplace still active
2020-01-28 15:13:01.233   CNC 18   INF   Download and sort of length 0 takes: 267.670991ms
2020-01-28 15:13:01.484   CNC 18   INF   Processing takes 518.082218ms
2020-01-28 15:13:01.484   CNC 18   INF   Sleeping for 9.481752578s
2020-01-28 15:13:10.968   CNC 18   INF   Workplace still active
2020-01-28 15:13:11.195   CNC 18   INF   Download and sort of length 0 takes: 226.611884ms
2020-01-28 15:13:11.371   CNC 18   INF   Processing takes 402.95543ms
2020-01-28 15:13:11.371   CNC 18   INF   Sleeping for 9.596918136s
2020-01-28 15:13:20.969   CNC 18   INF   Workplace still active
2020-01-28 15:13:21.178   CNC 18   INF   Download and sort of length 0 takes: 209.707102ms
2020-01-28 15:13:21.377   CNC 18   INF   Processing takes 408.85199ms
2020-01-28 15:13:21.378   CNC 18   INF   Sleeping for 9.590940731s
2020-01-28 15:13:30.969   CNC 18   INF   Workplace still active
2020-01-28 15:13:31.291   CNC 18   INF   Download and sort of length 0 takes: 247.246008ms
2020-01-28 15:13:31.497   CNC 18   INF   Processing takes 452.975009ms
2020-01-28 15:13:31.497   CNC 18   INF   Sleeping for 9.546817804s
2020-01-28 15:13:41.048   CNC 18   INF   Workplace still active
2020-01-28 15:13:41.227   CNC 18   INF   Download and sort of length 0 takes: 179.054651ms
2020-01-28 15:13:41.476   CNC 18   INF   Processing takes 427.652656ms
2020-01-28 15:13:41.476   CNC 18   INF   Sleeping for 9.572186513s
