2020-02-02 08:03:32.787   CNC 10   INF   Workplace started running
2020-02-02 08:03:33.023   CNC 10   INF   Download and sort of length 9 takes: 235.300995ms
2020-02-02 08:03:33.353   CNC 10   INF   Changing state ==> Downtime at 2020-02-02 08:03:09.410221 +0100 CET
2020-02-02 08:03:33.694   CNC 10   INF   Changing state ==> Production at 2020-02-02 08:03:09.410221 +0100 CET
2020-02-02 08:03:33.817   CNC 10   INF   Processing takes 1.029282734s
2020-02-02 08:03:33.817   CNC 10   INF   Sleeping for 8.9705775s
2020-02-02 08:03:42.792   CNC 10   INF   Workplace still active
2020-02-02 08:03:43.276   CNC 10   INF   Download and sort of length 10 takes: 483.757168ms
2020-02-02 08:03:43.460   CNC 10   INF   Processing takes 668.242048ms
2020-02-02 08:03:43.461   CNC 10   INF   Sleeping for 9.33134269s
2020-02-02 08:03:52.792   CNC 10   INF   Workplace still active
2020-02-02 08:03:53.077   CNC 10   INF   Download and sort of length 13 takes: 284.21432ms
2020-02-02 08:03:53.308   CNC 10   INF   Processing takes 515.578902ms
2020-02-02 08:03:53.308   CNC 10   INF   Sleeping for 9.484224159s
2020-02-02 08:04:02.795   CNC 10   INF   Workplace still active
2020-02-02 08:04:02.997   CNC 10   INF   Download and sort of length 16 takes: 201.557044ms
2020-02-02 08:04:03.298   CNC 10   INF   Processing takes 503.37552ms
2020-02-02 08:04:03.299   CNC 10   INF   Sleeping for 9.496482927s
2020-02-02 08:04:12.795   CNC 10   INF   Workplace still active
2020-02-02 08:04:12.971   CNC 10   INF   Download and sort of length 19 takes: 174.997892ms
2020-02-02 08:04:13.187   CNC 10   INF   Processing takes 391.136249ms
2020-02-02 08:04:13.187   CNC 10   INF   Sleeping for 9.608703123s
2020-02-02 08:04:22.800   CNC 10   INF   Workplace still active
2020-02-02 08:04:23.187   CNC 10   INF   Download and sort of length 22 takes: 385.812645ms
2020-02-02 08:04:23.588   CNC 10   INF   Processing takes 786.558325ms
2020-02-02 08:04:23.588   CNC 10   INF   Sleeping for 9.213001472s
2020-02-02 08:04:32.801   CNC 10   INF   Workplace still active
2020-02-02 08:04:33.314   CNC 10   INF   Download and sort of length 25 takes: 512.713196ms
2020-02-02 08:04:33.569   CNC 10   INF   Processing takes 767.261835ms
2020-02-02 08:04:33.569   CNC 10   INF   Sleeping for 9.232491173s
2020-02-02 08:04:42.802   CNC 10   INF   Workplace still active
2020-02-02 08:04:43.026   CNC 10   INF   Download and sort of length 28 takes: 224.180826ms
2020-02-02 08:04:43.529   CNC 10   INF   Processing takes 726.383497ms
2020-02-02 08:04:43.529   CNC 10   INF   Sleeping for 9.272934457s
2020-02-02 08:04:52.810   CNC 10   INF   Workplace still active
2020-02-02 08:04:53.691   CNC 10   INF   Download and sort of length 31 takes: 880.682039ms
2020-02-02 08:04:54.266   CNC 10   INF   Processing takes 1.416310108s
2020-02-02 08:04:54.267   CNC 10   INF   Sleeping for 8.543854198s
2020-02-02 08:05:02.812   CNC 10   INF   Workplace still active
2020-02-02 08:05:03.079   CNC 10   INF   Download and sort of length 34 takes: 266.408605ms
2020-02-02 08:05:03.317   CNC 10   INF   Processing takes 504.344523ms
2020-02-02 08:05:03.317   CNC 10   INF   Sleeping for 9.495510933s
2020-02-02 08:05:12.817   CNC 10   INF   Workplace still active
2020-02-02 08:05:13.116   CNC 10   INF   Download and sort of length 37 takes: 298.58986ms
2020-02-02 08:05:13.398   CNC 10   INF   Processing takes 580.470336ms
2020-02-02 08:05:13.398   CNC 10   INF   Sleeping for 9.418807871s
2020-02-02 08:05:22.821   CNC 10   INF   Workplace still active
2020-02-02 08:05:22.934   CNC 10   INF   Download and sort of length 40 takes: 112.964259ms
2020-02-02 08:05:23.239   CNC 10   INF   Processing takes 417.725332ms
2020-02-02 08:05:23.239   CNC 10   INF   Sleeping for 9.58210005s
2020-02-02 08:05:32.822   CNC 10   INF   Workplace still active
2020-02-02 08:05:33.015   CNC 10   INF   Download and sort of length 43 takes: 193.351263ms
2020-02-02 08:05:33.212   CNC 10   INF   Processing takes 389.989119ms
2020-02-02 08:05:33.212   CNC 10   INF   Sleeping for 9.60990277s
2020-02-02 08:05:42.823   CNC 10   INF   Workplace still active
2020-02-02 08:05:43.347   CNC 10   INF   Download and sort of length 46 takes: 524.083525ms
2020-02-02 08:05:43.567   CNC 10   INF   Processing takes 743.76774ms
2020-02-02 08:05:43.567   CNC 10   INF   Sleeping for 9.25605475s
2020-02-02 08:05:52.824   CNC 10   INF   Workplace still active
2020-02-02 08:05:53.047   CNC 10   INF   Download and sort of length 49 takes: 223.34121ms
2020-02-02 08:05:53.330   CNC 10   INF   Processing takes 506.301439ms
2020-02-02 08:05:53.330   CNC 10   INF   Sleeping for 9.493454213s
2020-02-02 08:06:02.826   CNC 10   INF   Workplace still active
2020-02-02 08:06:02.981   CNC 10   INF   Download and sort of length 52 takes: 154.558944ms
2020-02-02 08:06:03.295   CNC 10   INF   Processing takes 468.737137ms
2020-02-02 08:06:03.295   CNC 10   INF   Sleeping for 9.531033914s
2020-02-02 08:06:12.831   CNC 10   INF   Workplace still active
2020-02-02 08:06:13.135   CNC 10   INF   Download and sort of length 55 takes: 303.178825ms
2020-02-02 08:06:13.289   CNC 10   INF   Processing takes 457.91924ms
2020-02-02 08:06:13.290   CNC 10   INF   Sleeping for 9.541967524s
2020-02-02 08:06:22.835   CNC 10   INF   Workplace still active
2020-02-02 08:06:23.039   CNC 10   INF   Download and sort of length 58 takes: 203.353738ms
2020-02-02 08:06:23.187   CNC 10   INF   Processing takes 351.846019ms
2020-02-02 08:06:23.187   CNC 10   INF   Sleeping for 9.648031059s
2020-02-02 08:06:32.840   CNC 10   INF   Workplace still active
2020-02-02 08:06:33.081   CNC 10   INF   Download and sort of length 61 takes: 240.937923ms
2020-02-02 08:06:33.345   CNC 10   INF   Processing takes 504.86377ms
2020-02-02 08:06:33.345   CNC 10   INF   Sleeping for 9.494947328s
2020-02-02 08:06:42.846   CNC 10   INF   Workplace still active
2020-02-02 08:06:43.065   CNC 10   INF   Download and sort of length 64 takes: 219.040486ms
2020-02-02 08:06:43.396   CNC 10   INF   Processing takes 549.784527ms
2020-02-02 08:06:43.396   CNC 10   INF   Sleeping for 9.450098461s
2020-02-02 08:06:52.850   CNC 10   INF   Workplace still active
2020-02-02 08:06:53.043   CNC 10   INF   Download and sort of length 67 takes: 192.559993ms
2020-02-02 08:06:53.242   CNC 10   INF   Processing takes 391.83106ms
2020-02-02 08:06:53.242   CNC 10   INF   Sleeping for 9.607991795s
2020-02-02 08:07:02.854   CNC 10   INF   Workplace still active
2020-02-02 08:07:03.054   CNC 10   INF   Download and sort of length 70 takes: 198.96643ms
2020-02-02 08:07:03.236   CNC 10   INF   Processing takes 381.607548ms
2020-02-02 08:07:03.236   CNC 10   INF   Sleeping for 9.618273755s
2020-02-02 08:07:12.855   CNC 10   INF   Workplace still active
2020-02-02 08:07:13.104   CNC 10   INF   Download and sort of length 73 takes: 248.202853ms
2020-02-02 08:07:13.381   CNC 10   INF   Processing takes 525.163304ms
2020-02-02 08:07:13.381   CNC 10   INF   Sleeping for 9.474643507s
2020-02-02 08:07:22.858   CNC 10   INF   Workplace still active
2020-02-02 08:07:23.050   CNC 10   INF   Download and sort of length 76 takes: 190.555439ms
2020-02-02 08:07:23.213   CNC 10   INF   Processing takes 353.112373ms
2020-02-02 08:07:23.213   CNC 10   INF   Sleeping for 9.646703608s
2020-02-02 08:07:32.860   CNC 10   INF   Workplace still active
2020-02-02 08:07:33.201   CNC 10   INF   Download and sort of length 79 takes: 340.957908ms
2020-02-02 08:07:33.367   CNC 10   INF   Processing takes 506.42277ms
2020-02-02 08:07:33.367   CNC 10   INF   Sleeping for 9.493352767s
2020-02-02 08:07:42.862   CNC 10   INF   Workplace still active
2020-02-02 08:07:43.149   CNC 10   INF   Download and sort of length 82 takes: 286.944004ms
2020-02-02 08:07:43.389   CNC 10   INF   Processing takes 526.445554ms
2020-02-02 08:07:43.389   CNC 10   INF   Sleeping for 9.473338558s
2020-02-02 08:07:52.866   CNC 10   INF   Workplace still active
2020-02-02 08:07:53.148   CNC 10   INF   Download and sort of length 85 takes: 281.043057ms
2020-02-02 08:07:53.294   CNC 10   INF   Processing takes 426.761797ms
2020-02-02 08:07:53.294   CNC 10   INF   Sleeping for 9.573083381s
2020-02-02 08:08:02.871   CNC 10   INF   Workplace still active
2020-02-02 08:08:03.071   CNC 10   INF   Download and sort of length 88 takes: 200.060341ms
2020-02-02 08:08:03.235   CNC 10   INF   Processing takes 364.327984ms
2020-02-02 08:08:03.235   CNC 10   INF   Sleeping for 9.635427321s
2020-02-02 08:08:12.871   CNC 10   INF   Workplace still active
2020-02-02 08:08:12.989   CNC 10   INF   Download and sort of length 91 takes: 117.127726ms
2020-02-02 08:08:13.148   CNC 10   INF   Processing takes 276.48263ms
2020-02-02 08:08:13.148   CNC 10   INF   Sleeping for 9.723350295s
2020-02-02 08:08:22.876   CNC 10   INF   Workplace still active
2020-02-02 08:08:22.891   CNC 10   ERR   Problem opening zapsi4 database: pq: the database system is shutting down
2020-02-02 08:08:22.891   CNC 10   INF   Download and sort of length 0 takes: 14.413731ms
2020-02-02 08:08:22.915   CNC 10   ERR   Problem opening zapsi4 database: pq: the database system is shutting down
2020-02-02 08:08:22.915   CNC 10   INF   Processing takes 38.432792ms
2020-02-02 08:08:22.915   CNC 10   INF   Sleeping for 9.961504688s
2020-02-02 08:08:32.881   CNC 10   INF   Workplace not active
2020-02-02 08:08:32.881   CNC 10   INF   Workplace not active, stopped running
2020-02-02 08:12:06.325   CNC 10   INF   Workplace started running
2020-02-02 08:12:06.706   CNC 10   INF   Download and sort of length 0 takes: 379.833354ms
2020-02-02 08:12:07.194   CNC 10   INF   Changing state ==> Poweroff at 0001-01-01 00:00:00 +0000 UTC
2020-02-02 08:12:07.300   CNC 10   INF   Processing takes 974.442625ms
2020-02-02 08:12:07.300   CNC 10   INF   Sleeping for 9.025025465s
2020-02-02 08:12:16.327   CNC 10   INF   Workplace still active
2020-02-02 08:12:16.982   CNC 10   INF   Download and sort of length 1 takes: 654.408977ms
2020-02-02 08:12:17.627   CNC 10   INF   Changing state ==> Downtime at 2020-02-02 08:12:09.507097 +0100 CET
2020-02-02 08:12:17.834   CNC 10   INF   Processing takes 1.507450312s
2020-02-02 08:12:17.835   CNC 10   INF   Sleeping for 8.492387885s
2020-02-02 08:12:26.330   CNC 10   INF   Workplace not active
2020-02-02 08:12:26.331   CNC 10   INF   Workplace not active, stopped running
2020-02-02 08:12:26.333   CNC 10   INF   Workplace started running
2020-02-02 08:12:26.765   CNC 10   INF   Download and sort of length 1 takes: 432.062208ms
2020-02-02 08:12:26.943   CNC 10   INF   Processing takes 610.298939ms
2020-02-02 08:12:26.943   CNC 10   INF   Sleeping for 9.389507853s
2020-02-02 08:12:36.333   CNC 10   INF   Workplace not active
2020-02-02 08:12:36.333   CNC 10   INF   Workplace not active, stopped running
2020-02-02 08:12:36.335   CNC 10   INF   Workplace started running
2020-02-02 08:12:36.425   CNC 10   INF   Download and sort of length 2 takes: 90.627518ms
2020-02-02 08:12:36.564   CNC 10   INF   Processing takes 229.431681ms
2020-02-02 08:12:36.564   CNC 10   INF   Sleeping for 9.770388591s
2020-02-02 08:12:46.335   CNC 10   INF   Workplace still active
2020-02-02 08:12:46.527   CNC 10   INF   Download and sort of length 3 takes: 190.920013ms
2020-02-02 08:12:46.830   CNC 10   INF   Processing takes 494.130178ms
2020-02-02 08:12:46.830   CNC 10   INF   Sleeping for 9.505761461s
2020-02-02 08:12:56.337   CNC 10   INF   Workplace not active
2020-02-02 08:12:56.338   CNC 10   INF   Workplace not active, stopped running
2020-02-02 08:12:56.339   CNC 10   INF   Workplace started running
2020-02-02 08:12:56.506   CNC 10   INF   Download and sort of length 4 takes: 166.226065ms
2020-02-02 08:12:56.662   CNC 10   INF   Processing takes 322.065246ms
2020-02-02 08:12:56.662   CNC 10   INF   Sleeping for 9.677656052s
2020-02-02 08:13:06.342   CNC 10   INF   Workplace not active
2020-02-02 08:13:06.346   CNC 10   INF   Workplace not active, stopped running
2020-02-02 08:13:06.347   CNC 10   INF   Workplace started running
2020-02-02 08:13:06.702   CNC 10   INF   Download and sort of length 5 takes: 355.034834ms
2020-02-02 08:13:07.049   CNC 10   INF   Processing takes 701.554356ms
2020-02-02 08:13:07.049   CNC 10   INF   Sleeping for 9.2982248s
2020-02-02 08:13:18.986   CNC 10   INF   Workplace started running
2020-02-02 08:13:19.337   CNC 10   INF   Download and sort of length 6 takes: 350.21674ms
2020-02-02 08:13:19.668   CNC 10   INF   Processing takes 681.482071ms
2020-02-02 08:13:19.669   CNC 10   INF   Sleeping for 9.318349544s
2020-02-02 08:13:55.981   CNC 10   INF   Workplace started running
2020-02-02 08:13:56.320   CNC 10   INF   Download and sort of length 10 takes: 338.182084ms
2020-02-02 08:13:56.527   CNC 10   INF   Processing takes 545.215471ms
2020-02-02 08:13:56.527   CNC 10   INF   Sleeping for 9.45459764s
2020-02-02 08:14:05.982   CNC 10   INF   Workplace still active
2020-02-02 08:14:06.295   CNC 10   INF   Download and sort of length 11 takes: 313.278061ms
2020-02-02 08:14:06.464   CNC 10   INF   Processing takes 481.5873ms
2020-02-02 08:14:06.464   CNC 10   INF   Sleeping for 9.518274977s
2020-02-02 08:14:15.985   CNC 10   INF   Workplace not active
2020-02-02 08:14:15.985   CNC 10   INF   Workplace not active, stopped running
2020-02-02 08:14:15.986   CNC 10   INF   Workplace started running
2020-02-02 08:14:16.280   CNC 10   INF   Download and sort of length 12 takes: 293.780193ms
2020-02-02 08:14:16.362   CNC 10   INF   Processing takes 375.635565ms
2020-02-02 08:14:16.362   CNC 10   INF   Sleeping for 9.62427687s
2020-02-02 08:14:25.987   CNC 10   INF   Workplace still active
2020-02-02 08:14:26.093   CNC 10   INF   Download and sort of length 13 takes: 106.632475ms
2020-02-02 08:14:26.229   CNC 10   INF   Processing takes 242.126853ms
2020-02-02 08:14:26.229   CNC 10   INF   Sleeping for 9.757661308s
2020-02-02 08:14:35.991   CNC 10   INF   Workplace still active
2020-02-02 08:14:36.336   CNC 10   INF   Download and sort of length 14 takes: 344.438979ms
2020-02-02 08:14:36.478   CNC 10   INF   Processing takes 486.137273ms
2020-02-02 08:14:36.478   CNC 10   INF   Sleeping for 9.513773502s
2020-02-02 08:14:45.996   CNC 10   INF   Workplace still active
2020-02-02 08:14:46.486   CNC 10   INF   Download and sort of length 14 takes: 489.351614ms
2020-02-02 08:14:46.623   CNC 10   INF   Processing takes 626.316535ms
2020-02-02 08:14:46.623   CNC 10   INF   Sleeping for 9.373576531s
2020-02-02 08:14:55.999   CNC 10   INF   Workplace still active
2020-02-02 08:14:56.261   CNC 10   INF   Download and sort of length 14 takes: 262.043502ms
2020-02-02 08:14:56.366   CNC 10   INF   Processing takes 366.185126ms
2020-02-02 08:14:56.366   CNC 10   INF   Sleeping for 9.633724592s
2020-02-02 08:15:06.003   CNC 10   INF   Workplace still active
2020-02-02 08:15:06.296   CNC 10   INF   Download and sort of length 14 takes: 293.093859ms
2020-02-02 08:15:06.383   CNC 10   INF   Processing takes 379.725662ms
2020-02-02 08:15:06.383   CNC 10   INF   Sleeping for 9.620184707s
2020-02-02 08:15:16.002   CNC 10   INF   Workplace still active
2020-02-02 08:15:16.245   CNC 10   INF   Download and sort of length 14 takes: 242.996132ms
2020-02-02 08:15:16.600   CNC 10   INF   Processing takes 597.709596ms
2020-02-02 08:15:16.600   CNC 10   INF   Sleeping for 9.402129723s
2020-02-02 08:15:26.005   CNC 10   INF   Workplace still active
2020-02-02 08:15:26.137   CNC 10   INF   Download and sort of length 14 takes: 131.420231ms
2020-02-02 08:15:26.293   CNC 10   INF   Processing takes 287.424614ms
2020-02-02 08:15:26.293   CNC 10   INF   Sleeping for 9.712491314s
2020-02-02 08:15:36.005   CNC 10   INF   Workplace still active
2020-02-02 08:15:36.324   CNC 10   INF   Download and sort of length 14 takes: 318.934008ms
2020-02-02 08:15:36.594   CNC 10   INF   Processing takes 589.331092ms
2020-02-02 08:15:36.595   CNC 10   INF   Sleeping for 9.410495685s
2020-02-02 08:15:46.008   CNC 10   INF   Workplace still active
2020-02-02 08:15:46.125   CNC 10   INF   Download and sort of length 14 takes: 116.528635ms
2020-02-02 08:15:46.232   CNC 10   INF   Processing takes 223.845865ms
2020-02-02 08:15:46.232   CNC 10   INF   Sleeping for 9.776058865s
2020-02-02 08:15:56.013   CNC 10   INF   Workplace still active
2020-02-02 08:15:56.144   CNC 10   INF   Download and sort of length 14 takes: 130.577018ms
2020-02-02 08:15:56.288   CNC 10   INF   Processing takes 275.327636ms
2020-02-02 08:15:56.288   CNC 10   INF   Sleeping for 9.724594408s
2020-02-02 08:16:06.013   CNC 10   INF   Workplace still active
2020-02-02 08:16:06.129   CNC 10   INF   Download and sort of length 14 takes: 115.443419ms
2020-02-02 08:16:06.215   CNC 10   INF   Processing takes 202.210228ms
2020-02-02 08:16:06.216   CNC 10   INF   Sleeping for 9.797651984s
2020-02-02 08:16:16.017   CNC 10   INF   Workplace still active
2020-02-02 08:16:16.269   CNC 10   INF   Download and sort of length 14 takes: 251.983115ms
2020-02-02 08:16:16.452   CNC 10   INF   Processing takes 434.169564ms
2020-02-02 08:16:16.452   CNC 10   INF   Sleeping for 9.565709635s
2020-02-02 08:16:26.022   CNC 10   INF   Workplace still active
2020-02-02 08:16:26.156   CNC 10   INF   Download and sort of length 14 takes: 134.037559ms
2020-02-02 08:16:26.282   CNC 10   INF   Processing takes 260.149329ms
2020-02-02 08:16:26.282   CNC 10   INF   Sleeping for 9.73976262s
