2020-01-28 15:12:50.962   CNC 10   INF   Workplace started running
2020-01-28 15:12:51.357   CNC 10   INF   Download and sort of length 222 takes: 394.547527ms
2020-01-28 15:12:51.654   CNC 10   INF   Processing takes 690.919581ms
2020-01-28 15:12:51.654   CNC 10   INF   Sleeping for 9.308944513s
2020-01-28 15:13:00.966   CNC 10   INF   Workplace still active
2020-01-28 15:13:01.137   CNC 10   INF   Download and sort of length 223 takes: 170.516767ms
2020-01-28 15:13:01.377   CNC 10   INF   Processing takes 410.685153ms
2020-01-28 15:13:01.377   CNC 10   INF   Sleeping for 9.589122439s
2020-01-28 15:13:10.968   CNC 10   INF   Workplace still active
2020-01-28 15:13:11.164   CNC 10   INF   Download and sort of length 224 takes: 195.559427ms
2020-01-28 15:13:11.338   CNC 10   INF   Processing takes 369.955522ms
2020-01-28 15:13:11.338   CNC 10   INF   Sleeping for 9.629919523s
2020-01-28 15:13:20.968   CNC 10   INF   Workplace still active
2020-01-28 15:13:21.210   CNC 10   INF   Download and sort of length 225 takes: 241.183581ms
2020-01-28 15:13:21.470   CNC 10   INF   Processing takes 501.545933ms
2020-01-28 15:13:21.470   CNC 10   INF   Sleeping for 9.498249576s
2020-01-28 15:13:30.970   CNC 10   INF   Workplace still active
2020-01-28 15:13:31.345   CNC 10   INF   Download and sort of length 226 takes: 300.983449ms
2020-01-28 15:13:31.514   CNC 10   INF   Processing takes 469.303183ms
2020-01-28 15:13:31.514   CNC 10   INF   Sleeping for 9.530178763s
2020-01-28 15:13:41.048   CNC 10   INF   Workplace still active
2020-01-28 15:13:41.354   CNC 10   INF   Download and sort of length 227 takes: 306.082157ms
2020-01-28 15:13:41.651   CNC 10   INF   Processing takes 602.630611ms
2020-01-28 15:13:41.651   CNC 10   INF   Sleeping for 9.397159402s
