2020-01-28 15:12:50.963   CNC 3   INF   Workplace started running
2020-01-28 15:12:51.202   CNC 3   INF   Download and sort of length 667 takes: 238.896408ms
2020-01-28 15:12:51.593   CNC 3   INF   Processing takes 629.890682ms
2020-01-28 15:12:51.593   CNC 3   INF   Sleeping for 9.36967683s
2020-01-28 15:13:00.966   CNC 3   INF   Workplace still active
2020-01-28 15:13:01.240   CNC 3   INF   Download and sort of length 670 takes: 274.000068ms
2020-01-28 15:13:01.438   CNC 3   INF   Processing takes 471.75568ms
2020-01-28 15:13:01.439   CNC 3   INF   Sleeping for 9.527246006s
2020-01-28 15:13:10.968   CNC 3   INF   Workplace still active
2020-01-28 15:13:11.205   CNC 3   INF   Download and sort of length 673 takes: 237.036553ms
2020-01-28 15:13:11.376   CNC 3   INF   Processing takes 407.925698ms
2020-01-28 15:13:11.376   CNC 3   INF   Sleeping for 9.591930394s
2020-01-28 15:13:20.968   CNC 3   INF   Workplace still active
2020-01-28 15:13:21.266   CNC 3   INF   Download and sort of length 676 takes: 297.543494ms
2020-01-28 15:13:21.509   CNC 3   INF   Processing takes 540.62041ms
2020-01-28 15:13:21.509   CNC 3   INF   Sleeping for 9.459191139s
2020-01-28 15:13:30.969   CNC 3   INF   Workplace still active
2020-01-28 15:13:31.196   CNC 3   INF   Download and sort of length 679 takes: 151.769413ms
2020-01-28 15:13:31.377   CNC 3   INF   Processing takes 332.021971ms
2020-01-28 15:13:31.378   CNC 3   INF   Sleeping for 9.666592283s
2020-01-28 15:13:41.048   CNC 3   INF   Workplace still active
2020-01-28 15:13:41.614   CNC 3   INF   Download and sort of length 682 takes: 565.981209ms
2020-01-28 15:13:41.679   CNC 3   INF   Processing takes 631.397436ms
2020-01-28 15:13:41.680   CNC 3   INF   Sleeping for 9.368369896s
