2020-01-28 15:12:50.963   CNC 14   INF   Workplace started running
2020-01-28 15:12:51.201   CNC 14   INF   Download and sort of length 217 takes: 237.134726ms
2020-01-28 15:12:51.599   CNC 14   INF   Processing takes 635.447541ms
2020-01-28 15:12:51.599   CNC 14   INF   Sleeping for 9.364053692s
2020-01-28 15:13:00.966   CNC 14   INF   Workplace still active
2020-01-28 15:13:01.152   CNC 14   INF   Download and sort of length 220 takes: 186.280567ms
2020-01-28 15:13:01.471   CNC 14   INF   Processing takes 504.727764ms
2020-01-28 15:13:01.471   CNC 14   INF   Sleeping for 9.49505167s
2020-01-28 15:13:10.967   CNC 14   INF   Workplace still active
2020-01-28 15:13:11.311   CNC 14   INF   Download and sort of length 223 takes: 343.597682ms
2020-01-28 15:13:11.409   CNC 14   INF   Processing takes 442.471793ms
2020-01-28 15:13:11.410   CNC 14   INF   Sleeping for 9.557413054s
2020-01-28 15:13:20.968   CNC 14   INF   Workplace still active
2020-01-28 15:13:21.144   CNC 14   INF   Download and sort of length 226 takes: 176.156059ms
2020-01-28 15:13:21.475   CNC 14   INF   Processing takes 506.332785ms
2020-01-28 15:13:21.475   CNC 14   INF   Sleeping for 9.493441515s
2020-01-28 15:13:30.969   CNC 14   INF   Workplace still active
2020-01-28 15:13:31.181   CNC 14   INF   Download and sort of length 229 takes: 136.951455ms
2020-01-28 15:13:31.329   CNC 14   INF   Processing takes 285.260622ms
2020-01-28 15:13:31.330   CNC 14   INF   Sleeping for 9.714503807s
2020-01-28 15:13:41.048   CNC 14   INF   Workplace still active
2020-01-28 15:13:41.135   CNC 14   INF   Download and sort of length 232 takes: 86.68939ms
2020-01-28 15:13:41.295   CNC 14   INF   Processing takes 247.027081ms
2020-01-28 15:13:41.295   CNC 14   INF   Sleeping for 9.752792162s
