2020-01-28 15:12:50.964   CNC 2   INF   Workplace started running
2020-01-28 15:12:51.301   CNC 2   INF   Download and sort of length 222 takes: 336.962424ms
2020-01-28 15:12:51.511   CNC 2   INF   Processing takes 546.689171ms
2020-01-28 15:12:51.511   CNC 2   INF   Sleeping for 9.453149369s
2020-01-28 15:13:00.966   CNC 2   INF   Workplace still active
2020-01-28 15:13:01.227   CNC 2   INF   Download and sort of length 223 takes: 260.374707ms
2020-01-28 15:13:01.514   CNC 2   INF   Processing takes 547.960307ms
2020-01-28 15:13:01.515   CNC 2   INF   Sleeping for 9.451837097s
2020-01-28 15:13:10.968   CNC 2   INF   Workplace still active
2020-01-28 15:13:11.251   CNC 2   INF   Download and sort of length 224 takes: 283.003702ms
2020-01-28 15:13:11.379   CNC 2   INF   Processing takes 410.752985ms
2020-01-28 15:13:11.379   CNC 2   INF   Sleeping for 9.589133105s
2020-01-28 15:13:20.968   CNC 2   INF   Workplace still active
2020-01-28 15:13:21.173   CNC 2   INF   Download and sort of length 225 takes: 204.144527ms
2020-01-28 15:13:21.386   CNC 2   INF   Processing takes 417.428656ms
2020-01-28 15:13:21.386   CNC 2   INF   Sleeping for 9.582379836s
2020-01-28 15:13:30.969   CNC 2   INF   Workplace still active
2020-01-28 15:13:31.441   CNC 2   INF   Download and sort of length 226 takes: 396.962839ms
2020-01-28 15:13:31.547   CNC 2   INF   Processing takes 502.781435ms
2020-01-28 15:13:31.547   CNC 2   INF   Sleeping for 9.496946966s
2020-01-28 15:13:41.048   CNC 2   INF   Workplace still active
2020-01-28 15:13:41.237   CNC 2   INF   Download and sort of length 227 takes: 188.94042ms
2020-01-28 15:13:41.523   CNC 2   INF   Processing takes 474.867443ms
2020-01-28 15:13:41.523   CNC 2   INF   Sleeping for 9.524705415s
