2020-02-29 10:22:43.521   CNC 3   INF   Workplace started running
2020-02-29 10:22:43.560   CNC 3   INF   Download and sort of length 3 takes: 37.750113ms
2020-02-29 10:22:43.727   CNC 3   INF   Changing state ==> Downtime at 2020-02-29 10:01:05.082384 +0100 CET
2020-02-29 10:22:44.003   CNC 3   INF   Changing state ==> Poweroff at 2020-02-29 10:01:25.213439 +0100 CET
2020-02-29 10:22:44.247   CNC 3   INF   Processing takes 725.395716ms
2020-02-29 10:22:44.247   CNC 3   INF   Sleeping for 9.274450613s
2020-02-29 10:22:53.522   CNC 3   INF   Workplace still active
2020-02-29 10:22:53.522   CNC 3   INF   Workplace not active, stopped running
2020-02-29 10:22:53.529   CNC 3   INF   Workplace started running
2020-02-29 10:22:53.529   CNC 3   INF   Workplace not active, stopped running
2020-02-29 10:23:04.081   CNC 3   INF   Workplace started running
2020-02-29 10:23:04.246   CNC 3   INF   Download and sort of length 6 takes: 163.995768ms
2020-02-29 10:23:04.304   CNC 3   INF   Changing state ==> Downtime at 2020-02-29 10:01:51 +0100 CET
2020-02-29 10:23:04.504   CNC 3   INF   Changing state ==> Production at 2020-02-29 10:01:51 +0100 CET
2020-02-29 10:23:04.759   CNC 3   INF   Changing state ==> Poweroff at 2020-02-29 10:02:02 +0100 CET
2020-02-29 10:23:04.965   CNC 3   INF   Processing takes 882.710006ms
2020-02-29 10:23:04.965   CNC 3   INF   Sleeping for 9.117180753s
2020-02-29 10:23:14.082   CNC 3   INF   Workplace still active
2020-02-29 10:23:14.082   CNC 3   INF   Workplace not active, stopped running
2020-02-29 10:23:14.087   CNC 3   INF   Workplace started running
2020-02-29 10:23:14.087   CNC 3   INF   Workplace not active, stopped running
2020-02-29 10:23:21.930   CNC 3   INF   Workplace started running
2020-02-29 10:23:22.047   CNC 3   INF   Download and sort of length 0 takes: 116.894935ms
2020-02-29 10:23:22.320   CNC 3   INF   Changing state ==> Poweroff at 0001-01-01 00:00:00 +0000 UTC
2020-02-29 10:23:22.499   CNC 3   INF   Processing takes 568.664367ms
2020-02-29 10:23:22.500   CNC 3   INF   Sleeping for 9.430287622s
2020-02-29 10:40:28.072   CNC 3   INF   Workplace started running
2020-02-29 10:40:28.072   CNC 3   INF   Adding data
2020-02-29 10:40:28.113   CNC 3   INF   Downloading poweroff records
2020-02-29 10:40:28.119   CNC 3   INF   Poweroff records downloaded, elapsed: 5.704503ms
2020-02-29 10:40:28.119   CNC 3   INF   Downloading production records
2020-02-29 10:40:28.127   CNC 3   INF   Production records downloaded, elapsed: 7.351268ms
2020-02-29 10:40:28.127   CNC 3   INF   Creating intermediate data
2020-02-29 10:40:28.127   CNC 3   INF   Intermediate data created, elapsed: 1.252µs
2020-02-29 10:40:28.127   CNC 3   INF   Data added, elapsed: 54.879363ms
2020-02-29 10:40:28.127   CNC 3   INF   Processing data
2020-02-29 10:40:28.531   CNC 3   INF   Data processed, elapsed: 403.551135ms
2020-02-29 10:40:28.531   CNC 3   INF   Sleeping for 9.541153546s
2020-02-29 10:40:38.072   CNC 3   INF   Workplace still active
2020-02-29 10:40:38.072   CNC 3   INF   Adding data
2020-02-29 10:40:38.243   CNC 3   INF   Downloading poweroff records
2020-02-29 10:40:38.281   CNC 3   INF   Poweroff records downloaded, elapsed: 37.733064ms
2020-02-29 10:40:38.281   CNC 3   INF   Downloading production records
2020-02-29 10:40:38.309   CNC 3   INF   Production records downloaded, elapsed: 27.840032ms
2020-02-29 10:40:38.309   CNC 3   INF   Creating intermediate data
2020-02-29 10:40:38.310   CNC 3   INF   Intermediate data created, elapsed: 1.133µs
2020-02-29 10:40:38.310   CNC 3   INF   Data added, elapsed: 237.05363ms
2020-02-29 10:40:38.310   CNC 3   INF   Processing data
2020-02-29 10:40:38.712   CNC 3   INF   Data processed, elapsed: 401.978471ms
2020-02-29 10:40:38.712   CNC 3   INF   Sleeping for 9.360482276s
2020-02-29 10:40:48.073   CNC 3   INF   Workplace still active
2020-02-29 10:40:48.073   CNC 3   INF   Adding data
2020-02-29 10:40:48.136   CNC 3   INF   Downloading poweroff records
2020-02-29 10:40:48.157   CNC 3   INF   Poweroff records downloaded, elapsed: 20.716914ms
2020-02-29 10:40:48.157   CNC 3   INF   Downloading production records
2020-02-29 10:40:48.182   CNC 3   INF   Production records downloaded, elapsed: 24.664569ms
2020-02-29 10:40:48.182   CNC 3   INF   Creating intermediate data
2020-02-29 10:40:48.182   CNC 3   INF   Intermediate data created, elapsed: 1.342µs
2020-02-29 10:40:48.182   CNC 3   INF   Data added, elapsed: 109.279513ms
2020-02-29 10:40:48.182   CNC 3   INF   Processing data
2020-02-29 10:40:48.637   CNC 3   INF   Data processed, elapsed: 454.187677ms
2020-02-29 10:40:48.638   CNC 3   INF   Sleeping for 9.435358686s
2020-02-29 10:40:58.074   CNC 3   INF   Workplace still active
2020-02-29 10:40:58.074   CNC 3   INF   Adding data
2020-02-29 10:40:58.139   CNC 3   INF   Downloading poweroff records
2020-02-29 10:40:58.167   CNC 3   INF   Poweroff records downloaded, elapsed: 28.736695ms
2020-02-29 10:40:58.168   CNC 3   INF   Downloading production records
2020-02-29 10:40:58.191   CNC 3   INF   Production records downloaded, elapsed: 23.272342ms
2020-02-29 10:40:58.191   CNC 3   INF   Creating intermediate data
2020-02-29 10:40:58.191   CNC 3   INF   Intermediate data created, elapsed: 1.219µs
2020-02-29 10:40:58.191   CNC 3   INF   Data added, elapsed: 116.737581ms
2020-02-29 10:40:58.191   CNC 3   INF   Processing data
2020-02-29 10:40:58.600   CNC 3   INF   Data processed, elapsed: 408.967805ms
2020-02-29 10:40:58.601   CNC 3   INF   Sleeping for 9.473536339s
2020-02-29 10:41:08.075   CNC 3   INF   Workplace still active
2020-02-29 10:41:08.075   CNC 3   INF   Adding data
2020-02-29 10:41:08.195   CNC 3   INF   Downloading poweroff records
2020-02-29 10:41:08.223   CNC 3   INF   Poweroff records downloaded, elapsed: 28.049455ms
2020-02-29 10:41:08.224   CNC 3   INF   Downloading production records
2020-02-29 10:41:08.251   CNC 3   INF   Production records downloaded, elapsed: 27.377744ms
2020-02-29 10:41:08.251   CNC 3   INF   Creating intermediate data
2020-02-29 10:41:08.251   CNC 3   INF   Intermediate data created, elapsed: 2.089µs
2020-02-29 10:41:08.251   CNC 3   INF   Data added, elapsed: 175.849412ms
2020-02-29 10:41:08.252   CNC 3   INF   Processing data
2020-02-29 10:41:08.648   CNC 3   INF   Data processed, elapsed: 396.114996ms
2020-02-29 10:41:08.648   CNC 3   INF   Sleeping for 9.427151534s
2020-02-29 10:41:18.075   CNC 3   INF   Workplace not active
2020-02-29 10:41:18.075   CNC 3   INF   Workplace not active, stopped running
2020-02-29 10:41:18.078   CNC 3   INF   Workplace started running
2020-02-29 10:41:18.078   CNC 3   INF   Adding data
2020-02-29 10:41:18.221   CNC 3   INF   Downloading poweroff records
2020-02-29 10:41:18.234   CNC 3   INF   Poweroff records downloaded, elapsed: 12.6698ms
2020-02-29 10:41:18.234   CNC 3   INF   Downloading production records
2020-02-29 10:41:18.242   CNC 3   INF   Production records downloaded, elapsed: 7.814516ms
2020-02-29 10:41:18.242   CNC 3   INF   Creating intermediate data
2020-02-29 10:41:18.242   CNC 3   INF   Intermediate data created, elapsed: 3.875µs
2020-02-29 10:41:18.243   CNC 3   INF   Data added, elapsed: 164.046948ms
2020-02-29 10:41:18.243   CNC 3   INF   Processing data
2020-02-29 10:41:18.592   CNC 3   INF   Data processed, elapsed: 348.992523ms
2020-02-29 10:41:18.592   CNC 3   INF   Sleeping for 9.486311309s
2020-02-29 10:41:28.079   CNC 3   INF   Workplace still active
2020-02-29 10:41:28.079   CNC 3   INF   Adding data
2020-02-29 10:41:28.270   CNC 3   INF   Downloading poweroff records
2020-02-29 10:41:28.309   CNC 3   INF   Poweroff records downloaded, elapsed: 39.309318ms
2020-02-29 10:41:28.309   CNC 3   INF   Downloading production records
2020-02-29 10:41:28.342   CNC 3   INF   Production records downloaded, elapsed: 32.252433ms
2020-02-29 10:41:28.342   CNC 3   INF   Creating intermediate data
2020-02-29 10:41:28.342   CNC 3   INF   Intermediate data created, elapsed: 603ns
2020-02-29 10:41:28.342   CNC 3   INF   Data added, elapsed: 262.386709ms
2020-02-29 10:41:28.342   CNC 3   INF   Processing data
2020-02-29 10:41:28.604   CNC 3   INF   Data processed, elapsed: 261.836798ms
2020-02-29 10:41:28.604   CNC 3   INF   Sleeping for 9.475008498s
2020-02-29 10:41:38.080   CNC 3   INF   Workplace still active
2020-02-29 10:41:38.080   CNC 3   INF   Adding data
2020-02-29 10:41:38.411   CNC 3   INF   Downloading poweroff records
2020-02-29 10:41:38.422   CNC 3   INF   Poweroff records downloaded, elapsed: 10.365452ms
2020-02-29 10:41:38.422   CNC 3   INF   Downloading production records
2020-02-29 10:41:38.430   CNC 3   INF   Production records downloaded, elapsed: 7.718704ms
2020-02-29 10:41:38.430   CNC 3   INF   Creating intermediate data
2020-02-29 10:41:38.430   CNC 3   INF   Intermediate data created, elapsed: 1.181µs
2020-02-29 10:41:38.430   CNC 3   INF   Data added, elapsed: 350.242287ms
2020-02-29 10:41:38.430   CNC 3   INF   Processing data
2020-02-29 10:41:38.727   CNC 3   INF   Data processed, elapsed: 296.657154ms
2020-02-29 10:41:38.727   CNC 3   INF   Sleeping for 9.352612693s
2020-02-29 10:41:48.080   CNC 3   INF   Workplace still active
2020-02-29 10:41:48.080   CNC 3   INF   Adding data
2020-02-29 10:41:48.361   CNC 3   INF   Downloading poweroff records
2020-02-29 10:41:48.373   CNC 3   INF   Poweroff records downloaded, elapsed: 11.645144ms
2020-02-29 10:41:48.373   CNC 3   INF   Downloading production records
2020-02-29 10:41:48.387   CNC 3   INF   Production records downloaded, elapsed: 14.295041ms
2020-02-29 10:41:48.388   CNC 3   INF   Creating intermediate data
2020-02-29 10:41:48.388   CNC 3   INF   Intermediate data created, elapsed: 4.347µs
2020-02-29 10:41:48.388   CNC 3   INF   Data added, elapsed: 307.722118ms
2020-02-29 10:41:48.388   CNC 3   INF   Processing data
2020-02-29 10:41:48.740   CNC 3   INF   Data processed, elapsed: 352.202372ms
2020-02-29 10:41:48.741   CNC 3   INF   Sleeping for 9.339458464s
2020-02-29 10:41:58.080   CNC 3   INF   Workplace still active
2020-02-29 10:41:58.081   CNC 3   INF   Adding data
2020-02-29 10:41:58.352   CNC 3   INF   Downloading poweroff records
2020-02-29 10:41:58.413   CNC 3   INF   Poweroff records downloaded, elapsed: 60.55629ms
2020-02-29 10:41:58.414   CNC 3   INF   Downloading production records
2020-02-29 10:41:58.460   CNC 3   INF   Production records downloaded, elapsed: 45.558415ms
2020-02-29 10:41:58.461   CNC 3   INF   Creating intermediate data
2020-02-29 10:41:58.461   CNC 3   INF   Intermediate data created, elapsed: 6.832µs
2020-02-29 10:41:58.461   CNC 3   INF   Data added, elapsed: 380.122157ms
2020-02-29 10:41:58.461   CNC 3   INF   Processing data
2020-02-29 10:41:58.685   CNC 3   INF   Data processed, elapsed: 223.579594ms
2020-02-29 10:41:58.685   CNC 3   INF   Sleeping for 9.395271803s
2020-02-29 10:42:08.081   CNC 3   INF   Workplace still active
2020-02-29 10:42:08.081   CNC 3   INF   Adding data
2020-02-29 10:42:08.316   CNC 3   INF   Downloading poweroff records
2020-02-29 10:42:08.329   CNC 3   INF   Poweroff records downloaded, elapsed: 12.562916ms
2020-02-29 10:42:08.329   CNC 3   INF   Downloading production records
2020-02-29 10:42:08.353   CNC 3   INF   Production records downloaded, elapsed: 23.639974ms
2020-02-29 10:42:08.353   CNC 3   INF   Creating intermediate data
2020-02-29 10:42:08.353   CNC 3   INF   Intermediate data created, elapsed: 2.005µs
2020-02-29 10:42:08.353   CNC 3   INF   Data added, elapsed: 271.847561ms
2020-02-29 10:42:08.353   CNC 3   INF   Processing data
2020-02-29 10:42:08.651   CNC 3   INF   Data processed, elapsed: 297.70392ms
2020-02-29 10:42:08.651   CNC 3   INF   Sleeping for 9.429717956s
2020-02-29 10:42:18.081   CNC 3   INF   Workplace still active
2020-02-29 10:42:18.082   CNC 3   INF   Adding data
2020-02-29 10:42:18.294   CNC 3   INF   Downloading poweroff records
2020-02-29 10:42:18.299   CNC 3   INF   Poweroff records downloaded, elapsed: 5.203332ms
2020-02-29 10:42:18.299   CNC 3   INF   Downloading production records
2020-02-29 10:42:18.337   CNC 3   INF   Production records downloaded, elapsed: 37.062691ms
2020-02-29 10:42:18.337   CNC 3   INF   Creating intermediate data
2020-02-29 10:42:18.337   CNC 3   INF   Intermediate data created, elapsed: 5.341µs
2020-02-29 10:42:18.337   CNC 3   INF   Data added, elapsed: 255.053142ms
2020-02-29 10:42:18.338   CNC 3   INF   Processing data
2020-02-29 10:42:18.792   CNC 3   INF   Data processed, elapsed: 453.772982ms
2020-02-29 10:42:18.792   CNC 3   INF   Sleeping for 9.29007969s
2020-02-29 10:42:28.082   CNC 3   INF   Workplace still active
2020-02-29 10:42:28.082   CNC 3   INF   Adding data
2020-02-29 10:42:28.348   CNC 3   INF   Downloading poweroff records
2020-02-29 10:42:28.450   CNC 3   INF   Poweroff records downloaded, elapsed: 102.100852ms
2020-02-29 10:42:28.450   CNC 3   INF   Downloading production records
2020-02-29 10:42:28.500   CNC 3   INF   Production records downloaded, elapsed: 49.556616ms
2020-02-29 10:42:28.500   CNC 3   INF   Creating intermediate data
2020-02-29 10:42:28.500   CNC 3   INF   Intermediate data created, elapsed: 2.645µs
2020-02-29 10:42:28.500   CNC 3   INF   Data added, elapsed: 418.04708ms
2020-02-29 10:42:28.501   CNC 3   INF   Processing data
2020-02-29 10:42:28.941   CNC 3   INF   Data processed, elapsed: 440.654384ms
2020-02-29 10:42:28.942   CNC 3   INF   Sleeping for 9.140623937s
2020-02-29 10:42:38.083   CNC 3   INF   Workplace still active
2020-02-29 10:42:38.083   CNC 3   INF   Workplace not active, stopped running
2020-02-29 10:42:38.107   CNC 3   INF   Workplace started running
2020-02-29 10:42:38.108   CNC 3   INF   Workplace not active, stopped running
2020-02-29 10:42:47.148   CNC 3   INF   Workplace started running
2020-02-29 10:42:47.148   CNC 3   INF   Starting workplace loop
2020-02-29 10:42:47.149   CNC 3   INF   Adding data
2020-02-29 10:42:47.267   CNC 3   INF   Downloading poweroff records
2020-02-29 10:42:47.292   CNC 3   INF   Poweroff records downloaded, elapsed: 24.880251ms
2020-02-29 10:42:47.292   CNC 3   INF   Downloading production records
2020-02-29 10:42:47.330   CNC 3   INF   Production records downloaded, elapsed: 37.492493ms
2020-02-29 10:42:47.330   CNC 3   INF   Creating intermediate data
2020-02-29 10:42:47.330   CNC 3   INF   Intermediate data created, elapsed: 3.495µs
2020-02-29 10:42:47.330   CNC 3   INF   Data added, elapsed: 181.69888ms
2020-02-29 10:42:47.331   CNC 3   INF   Processing data
2020-02-29 10:42:47.727   CNC 3   INF   Data processed, elapsed: 396.162231ms
2020-02-29 10:42:47.727   CNC 3   INF   Sleeping for 9.421567464s
2020-02-29 10:42:57.149   CNC 3   INF   Workplace still active
2020-02-29 10:42:57.150   CNC 3   INF   Loop ended, elapsed: 10.000665367s
2020-02-29 10:42:57.151   CNC 3   INF   Starting workplace loop
2020-02-29 10:42:57.151   CNC 3   INF   Adding data
2020-02-29 10:42:57.223   CNC 3   INF   Downloading poweroff records
2020-02-29 10:42:57.233   CNC 3   INF   Poweroff records downloaded, elapsed: 9.515958ms
2020-02-29 10:42:57.233   CNC 3   INF   Downloading production records
2020-02-29 10:42:57.254   CNC 3   INF   Production records downloaded, elapsed: 20.590352ms
2020-02-29 10:42:57.254   CNC 3   INF   Creating intermediate data
2020-02-29 10:42:57.254   CNC 3   INF   Intermediate data created, elapsed: 4.317µs
2020-02-29 10:42:57.255   CNC 3   INF   Data added, elapsed: 103.616388ms
2020-02-29 10:42:57.255   CNC 3   INF   Processing data
2020-02-29 10:42:57.602   CNC 3   INF   Data processed, elapsed: 346.48292ms
2020-02-29 10:42:57.602   CNC 3   INF   Sleeping for 9.549218932s
2020-02-29 10:43:07.151   CNC 3   INF   Workplace still active
2020-02-29 10:43:07.151   CNC 3   INF   Loop ended, elapsed: 10.000197925s
2020-02-29 10:43:07.151   CNC 3   INF   Starting workplace loop
2020-02-29 10:43:07.151   CNC 3   INF   Adding data
2020-02-29 10:43:07.271   CNC 3   INF   Downloading poweroff records
2020-02-29 10:43:07.283   CNC 3   INF   Poweroff records downloaded, elapsed: 11.894677ms
2020-02-29 10:43:07.283   CNC 3   INF   Downloading production records
2020-02-29 10:43:07.289   CNC 3   INF   Production records downloaded, elapsed: 5.638539ms
2020-02-29 10:43:07.289   CNC 3   INF   Creating intermediate data
2020-02-29 10:43:07.289   CNC 3   INF   Intermediate data created, elapsed: 1.613µs
2020-02-29 10:43:07.289   CNC 3   INF   Data added, elapsed: 138.043102ms
2020-02-29 10:43:07.290   CNC 3   INF   Processing data
2020-02-29 10:43:07.680   CNC 3   INF   Data processed, elapsed: 390.260341ms
2020-02-29 10:43:07.680   CNC 3   INF   Sleeping for 9.471067985s
2020-02-29 10:43:17.152   CNC 3   INF   Workplace still active
2020-02-29 10:43:17.152   CNC 3   INF   Loop ended, elapsed: 10.000460571s
2020-02-29 10:43:17.152   CNC 3   INF   Starting workplace loop
2020-02-29 10:43:17.152   CNC 3   INF   Adding data
2020-02-29 10:43:17.274   CNC 3   INF   Downloading poweroff records
2020-02-29 10:43:17.282   CNC 3   INF   Poweroff records downloaded, elapsed: 8.384664ms
2020-02-29 10:43:17.282   CNC 3   INF   Downloading production records
2020-02-29 10:43:17.290   CNC 3   INF   Production records downloaded, elapsed: 7.013922ms
2020-02-29 10:43:17.290   CNC 3   INF   Creating intermediate data
2020-02-29 10:43:17.290   CNC 3   INF   Intermediate data created, elapsed: 1.415µs
2020-02-29 10:43:17.290   CNC 3   INF   Data added, elapsed: 137.759092ms
2020-02-29 10:43:17.290   CNC 3   INF   Processing data
2020-02-29 10:43:17.685   CNC 3   INF   Data processed, elapsed: 394.99321ms
2020-02-29 10:43:17.685   CNC 3   INF   Sleeping for 9.466773955s
2020-02-29 10:43:27.153   CNC 3   INF   Workplace still active
2020-02-29 10:43:27.153   CNC 3   INF   Loop ended, elapsed: 10.000942716s
2020-02-29 10:43:27.153   CNC 3   INF   Starting workplace loop
2020-02-29 10:43:27.153   CNC 3   INF   Adding data
2020-02-29 10:43:27.334   CNC 3   INF   Downloading poweroff records
2020-02-29 10:43:27.368   CNC 3   INF   Poweroff records downloaded, elapsed: 34.384671ms
2020-02-29 10:43:27.368   CNC 3   INF   Downloading production records
2020-02-29 10:43:27.391   CNC 3   INF   Production records downloaded, elapsed: 22.776397ms
2020-02-29 10:43:27.391   CNC 3   INF   Creating intermediate data
2020-02-29 10:43:27.391   CNC 3   INF   Intermediate data created, elapsed: 2.809µs
2020-02-29 10:43:27.392   CNC 3   INF   Data added, elapsed: 237.984913ms
2020-02-29 10:43:27.392   CNC 3   INF   Processing data
2020-02-29 10:43:27.794   CNC 3   INF   Data processed, elapsed: 401.818669ms
2020-02-29 10:43:27.795   CNC 3   INF   Sleeping for 9.358734648s
2020-02-29 10:43:37.154   CNC 3   INF   Workplace still active
2020-02-29 10:43:37.154   CNC 3   INF   Loop ended, elapsed: 10.000749s
2020-02-29 10:43:37.154   CNC 3   INF   Workplace not active, stopped running
2020-02-29 10:43:37.169   CNC 3   INF   Workplace started running
2020-02-29 10:43:37.169   CNC 3   INF   Workplace not active, stopped running
2020-02-29 10:43:50.645   CNC 3   INF   Workplace started running
2020-02-29 10:43:50.645   CNC 3   INF   Starting workplace loop
2020-02-29 10:43:50.645   CNC 3   INF   Adding data
2020-02-29 10:43:50.781   CNC 3   INF   Downloading poweroff records
2020-02-29 10:43:50.842   CNC 3   INF   Poweroff records downloaded, elapsed: 61.045816ms
2020-02-29 10:43:50.843   CNC 3   INF   Downloading production records
2020-02-29 10:43:50.887   CNC 3   INF   Production records downloaded, elapsed: 44.183811ms
2020-02-29 10:43:50.888   CNC 3   INF   Creating intermediate data
2020-02-29 10:43:50.888   CNC 3   INF   Intermediate data created, elapsed: 8.505µs
2020-02-29 10:43:50.888   CNC 3   INF   Data added, elapsed: 242.407802ms
2020-02-29 10:43:50.888   CNC 3   INF   Processing data
2020-02-29 10:43:51.231   CNC 3   INF   Data processed, elapsed: 342.583852ms
2020-02-29 10:43:51.232   CNC 3   INF   Loop ended, elapsed: 586.060644ms
2020-02-29 10:43:51.232   CNC 3   INF   Sleeping for 9.413759113s
2020-02-29 10:44:00.646   CNC 3   INF   Workplace still active
2020-02-29 10:44:00.646   CNC 3   INF   Starting workplace loop
2020-02-29 10:44:00.646   CNC 3   INF   Adding data
2020-02-29 10:44:00.790   CNC 3   INF   Downloading poweroff records
2020-02-29 10:44:00.809   CNC 3   INF   Poweroff records downloaded, elapsed: 18.728496ms
2020-02-29 10:44:00.810   CNC 3   INF   Downloading production records
2020-02-29 10:44:00.849   CNC 3   INF   Production records downloaded, elapsed: 38.987176ms
2020-02-29 10:44:00.849   CNC 3   INF   Creating intermediate data
2020-02-29 10:44:00.849   CNC 3   INF   Intermediate data created, elapsed: 1.219µs
2020-02-29 10:44:00.849   CNC 3   INF   Data added, elapsed: 202.814498ms
2020-02-29 10:44:00.849   CNC 3   INF   Processing data
2020-02-29 10:44:01.142   CNC 3   INF   Data processed, elapsed: 292.38347ms
2020-02-29 10:44:01.142   CNC 3   INF   Loop ended, elapsed: 495.712911ms
2020-02-29 10:44:01.142   CNC 3   INF   Sleeping for 9.504176579s
2020-02-29 10:44:10.646   CNC 3   INF   Workplace still active
2020-02-29 10:44:10.646   CNC 3   INF   Starting workplace loop
2020-02-29 10:44:10.647   CNC 3   INF   Adding data
2020-02-29 10:44:10.801   CNC 3   INF   Downloading poweroff records
2020-02-29 10:44:10.831   CNC 3   INF   Poweroff records downloaded, elapsed: 29.440244ms
2020-02-29 10:44:10.831   CNC 3   INF   Downloading production records
2020-02-29 10:44:10.848   CNC 3   INF   Production records downloaded, elapsed: 17.016496ms
2020-02-29 10:44:10.848   CNC 3   INF   Creating intermediate data
2020-02-29 10:44:10.849   CNC 3   INF   Intermediate data created, elapsed: 1.172µs
2020-02-29 10:44:10.849   CNC 3   INF   Data added, elapsed: 201.904845ms
2020-02-29 10:44:10.849   CNC 3   INF   Processing data
2020-02-29 10:44:11.185   CNC 3   INF   Data processed, elapsed: 336.141455ms
2020-02-29 10:44:11.185   CNC 3   INF   Loop ended, elapsed: 538.634005ms
2020-02-29 10:44:11.185   CNC 3   INF   Sleeping for 9.461284911s
2020-02-29 10:44:20.647   CNC 3   INF   Workplace still active
2020-02-29 10:44:20.647   CNC 3   INF   Starting workplace loop
2020-02-29 10:44:20.648   CNC 3   INF   Adding data
2020-02-29 10:44:20.743   CNC 3   INF   Downloading poweroff records
2020-02-29 10:44:20.754   CNC 3   INF   Poweroff records downloaded, elapsed: 11.096784ms
2020-02-29 10:44:20.754   CNC 3   INF   Downloading production records
2020-02-29 10:44:20.766   CNC 3   INF   Production records downloaded, elapsed: 11.973992ms
2020-02-29 10:44:20.767   CNC 3   INF   Creating intermediate data
2020-02-29 10:44:20.767   CNC 3   INF   Intermediate data created, elapsed: 981ns
2020-02-29 10:44:20.767   CNC 3   INF   Data added, elapsed: 118.903282ms
2020-02-29 10:44:20.767   CNC 3   INF   Processing data
2020-02-29 10:44:21.107   CNC 3   INF   Data processed, elapsed: 339.711463ms
2020-02-29 10:44:21.107   CNC 3   INF   Loop ended, elapsed: 459.441905ms
2020-02-29 10:44:21.107   CNC 3   INF   Sleeping for 9.540475343s
2020-02-29 10:44:30.648   CNC 3   INF   Workplace still active
2020-02-29 10:44:30.648   CNC 3   INF   Workplace not active, stopped running
2020-02-29 10:44:30.670   CNC 3   INF   Workplace started running
2020-02-29 10:44:30.670   CNC 3   INF   Workplace not active, stopped running
2020-02-29 10:45:25.318   CNC 3   INF   Workplace started running
2020-02-29 10:45:25.319   CNC 3   INF   Starting workplace loop
2020-02-29 10:45:25.319   CNC 3   INF   Adding data
2020-02-29 10:45:25.420   CNC 3   INF   Downloading poweroff records
2020-02-29 10:45:25.533   CNC 3   INF   Poweroff records downloaded, elapsed: 113.057395ms
2020-02-29 10:45:25.533   CNC 3   INF   Downloading production records
2020-02-29 10:45:25.609   CNC 3   INF   Production records downloaded, elapsed: 75.992308ms
2020-02-29 10:45:25.610   CNC 3   INF   Creating intermediate data
2020-02-29 10:45:25.610   CNC 3   INF   Intermediate data created, elapsed: 5.458µs
2020-02-29 10:45:25.610   CNC 3   INF   Data added, elapsed: 290.9328ms
2020-02-29 10:45:25.610   CNC 3   INF   Processing data
2020-02-29 10:45:25.800   CNC 3   INF   Data processed, elapsed: 189.803619ms
2020-02-29 10:45:25.801   CNC 3   INF   Loop ended, elapsed: 482.043789ms
2020-02-29 10:45:25.801   CNC 3   INF   Sleeping for 9.517719997s
2020-02-29 10:45:35.319   CNC 3   INF   Workplace still active
2020-02-29 10:45:35.319   CNC 3   INF   Starting workplace loop
2020-02-29 10:45:35.319   CNC 3   INF   Adding data
2020-02-29 10:45:35.473   CNC 3   INF   Downloading poweroff records
2020-02-29 10:45:35.590   CNC 3   INF   Poweroff records downloaded, elapsed: 117.350238ms
2020-02-29 10:45:35.590   CNC 3   INF   Downloading production records
2020-02-29 10:45:35.668   CNC 3   INF   Production records downloaded, elapsed: 77.325958ms
2020-02-29 10:45:35.668   CNC 3   INF   Creating intermediate data
2020-02-29 10:45:35.668   CNC 3   INF   Intermediate data created, elapsed: 686ns
2020-02-29 10:45:35.668   CNC 3   INF   Data added, elapsed: 348.139183ms
2020-02-29 10:45:35.668   CNC 3   INF   Processing data
2020-02-29 10:45:35.927   CNC 3   INF   Data processed, elapsed: 258.741255ms
2020-02-29 10:45:35.927   CNC 3   INF   Loop ended, elapsed: 607.905016ms
2020-02-29 10:45:35.928   CNC 3   INF   Sleeping for 9.391977966s
2020-02-29 10:45:45.321   CNC 3   INF   Workplace still active
2020-02-29 10:45:45.321   CNC 3   INF   Starting workplace loop
2020-02-29 10:45:45.321   CNC 3   INF   Adding data
2020-02-29 10:45:45.477   CNC 3   INF   Downloading poweroff records
2020-02-29 10:45:45.558   CNC 3   INF   Poweroff records downloaded, elapsed: 80.2451ms
2020-02-29 10:45:45.558   CNC 3   INF   Downloading production records
2020-02-29 10:45:45.600   CNC 3   INF   Production records downloaded, elapsed: 42.399493ms
2020-02-29 10:45:45.600   CNC 3   INF   Creating intermediate data
2020-02-29 10:45:45.601   CNC 3   INF   Intermediate data created, elapsed: 568ns
2020-02-29 10:45:45.601   CNC 3   INF   Data added, elapsed: 279.018096ms
2020-02-29 10:45:45.601   CNC 3   INF   Processing data
2020-02-29 10:45:45.783   CNC 3   INF   Data processed, elapsed: 182.510644ms
2020-02-29 10:45:45.784   CNC 3   INF   Loop ended, elapsed: 462.170511ms
2020-02-29 10:45:45.784   CNC 3   INF   Sleeping for 9.537737314s
2020-02-29 10:45:55.322   CNC 3   INF   Workplace still active
2020-02-29 10:45:55.322   CNC 3   INF   Starting workplace loop
2020-02-29 10:45:55.322   CNC 3   INF   Adding data
2020-02-29 10:45:55.511   CNC 3   INF   Downloading poweroff records
2020-02-29 10:45:55.585   CNC 3   INF   Poweroff records downloaded, elapsed: 73.853759ms
2020-02-29 10:45:55.586   CNC 3   INF   Downloading production records
2020-02-29 10:45:55.677   CNC 3   INF   Production records downloaded, elapsed: 91.550255ms
2020-02-29 10:45:55.677   CNC 3   INF   Creating intermediate data
2020-02-29 10:45:55.678   CNC 3   INF   Intermediate data created, elapsed: 1.174µs
2020-02-29 10:45:55.678   CNC 3   INF   Data added, elapsed: 355.353691ms
2020-02-29 10:45:55.678   CNC 3   INF   Processing data
2020-02-29 10:45:55.866   CNC 3   INF   Data processed, elapsed: 188.280125ms
2020-02-29 10:45:55.866   CNC 3   INF   Loop ended, elapsed: 544.172386ms
2020-02-29 10:45:55.866   CNC 3   INF   Sleeping for 9.455730353s
2020-02-29 10:46:05.322   CNC 3   INF   Workplace still active
2020-02-29 10:46:05.324   CNC 3   INF   Starting workplace loop
2020-02-29 10:46:05.324   CNC 3   INF   Adding data
2020-02-29 10:46:05.371   CNC 3   INF   Downloading poweroff records
2020-02-29 10:46:05.403   CNC 3   INF   Poweroff records downloaded, elapsed: 31.870835ms
2020-02-29 10:46:05.403   CNC 3   INF   Downloading production records
2020-02-29 10:46:05.433   CNC 3   INF   Production records downloaded, elapsed: 29.917998ms
2020-02-29 10:46:05.434   CNC 3   INF   Creating intermediate data
2020-02-29 10:46:05.434   CNC 3   INF   Intermediate data created, elapsed: 2.399µs
2020-02-29 10:46:05.434   CNC 3   INF   Data added, elapsed: 109.377175ms
2020-02-29 10:46:05.434   CNC 3   INF   Processing data
2020-02-29 10:46:05.558   CNC 3   INF   Data processed, elapsed: 124.214251ms
2020-02-29 10:46:05.558   CNC 3   INF   Loop ended, elapsed: 234.252762ms
2020-02-29 10:46:05.558   CNC 3   INF   Sleeping for 9.765644766s
2020-02-29 10:46:15.324   CNC 3   INF   Workplace still active
2020-02-29 10:46:15.324   CNC 3   INF   Workplace not active, stopped running
2020-02-29 10:46:15.335   CNC 3   INF   Workplace started running
2020-02-29 10:46:15.335   CNC 3   INF   Workplace not active, stopped running
2020-02-29 10:56:49.949   CNC 3   INF   Workplace started running
2020-02-29 10:56:49.950   CNC 3   INF   Starting workplace loop
2020-02-29 10:56:49.950   CNC 3   INF   Adding data
2020-02-29 10:56:49.971   CNC 3   INF   Downloading poweroff records
2020-02-29 10:56:50.007   CNC 3   INF   Poweroff records downloaded, elapsed: 36.580569ms
2020-02-29 10:56:50.007   CNC 3   INF   Downloading production records
2020-02-29 10:56:50.045   CNC 3   INF   Production records downloaded, elapsed: 37.309786ms
2020-02-29 10:56:50.045   CNC 3   INF   Creating intermediate data
2020-02-29 10:56:50.045   CNC 3   INF   Intermediate data created, elapsed: 942ns
2020-02-29 10:56:50.045   CNC 3   INF   Data added, elapsed: 95.058799ms
2020-02-29 10:56:50.045   CNC 3   INF   Processing data
2020-02-29 10:56:50.086   CNC 3   INF   Data processed, elapsed: 40.899326ms
2020-02-29 10:56:50.087   CNC 3   INF   Loop ended, elapsed: 136.81793ms
2020-02-29 10:56:50.087   CNC 3   INF   Sleeping for 9.863066616s
2020-02-29 10:56:59.950   CNC 3   INF   Workplace still active
2020-02-29 10:56:59.950   CNC 3   INF   Starting workplace loop
2020-02-29 10:56:59.952   CNC 3   INF   Adding data
2020-02-29 10:57:00.033   CNC 3   INF   Downloading poweroff records
2020-02-29 10:57:00.146   CNC 3   INF   Poweroff records downloaded, elapsed: 112.432434ms
2020-02-29 10:57:00.146   CNC 3   INF   Downloading production records
2020-02-29 10:57:00.200   CNC 3   INF   Production records downloaded, elapsed: 53.719523ms
2020-02-29 10:57:00.200   CNC 3   INF   Creating intermediate data
2020-02-29 10:57:00.200   CNC 3   INF   Intermediate data created, elapsed: 1.389µs
2020-02-29 10:57:00.200   CNC 3   INF   Data added, elapsed: 248.33002ms
2020-02-29 10:57:00.200   CNC 3   INF   Processing data
2020-02-29 10:57:00.299   CNC 3   INF   Data processed, elapsed: 98.545998ms
2020-02-29 10:57:00.299   CNC 3   INF   Loop ended, elapsed: 348.712649ms
2020-02-29 10:57:00.299   CNC 3   INF   Sleeping for 9.651161812s
2020-02-29 10:57:09.951   CNC 3   INF   Workplace still active
2020-02-29 10:57:09.951   CNC 3   INF   Workplace not active, stopped running
2020-02-29 10:57:09.956   CNC 3   INF   Workplace started running
2020-02-29 10:57:09.956   CNC 3   INF   Workplace not active, stopped running
