2020-02-29 10:22:43.523   CNC 18   INF   Workplace started running
2020-02-29 10:22:43.801   CNC 18   INF   Download and sort of length 7 takes: 277.508377ms
2020-02-29 10:22:44.118   CNC 18   INF   Changing state ==> Downtime at 2020-02-29 10:01:05.166344 +0100 CET
2020-02-29 10:22:44.459   CNC 18   INF   Changing state ==> Production at 2020-02-29 10:01:05.166344 +0100 CET
2020-02-29 10:22:44.656   CNC 18   INF   Changing state ==> Poweroff at 2020-02-29 10:01:25.132895 +0100 CET
2020-02-29 10:22:44.764   CNC 18   INF   Processing takes 1.240751016s
2020-02-29 10:22:44.764   CNC 18   INF   Sleeping for 8.759112469s
2020-02-29 10:22:53.524   CNC 18   INF   Workplace still active
2020-02-29 10:22:53.524   CNC 18   INF   Workplace not active, stopped running
2020-02-29 10:22:53.529   CNC 18   INF   Workplace started running
2020-02-29 10:22:53.529   CNC 18   INF   Workplace not active, stopped running
2020-02-29 10:23:04.081   CNC 18   INF   Workplace started running
2020-02-29 10:23:04.270   CNC 18   INF   Download and sort of length 0 takes: 187.11899ms
2020-02-29 10:23:04.359   CNC 18   INF   Changing state ==> Poweroff at 0001-01-01 00:00:00 +0000 UTC
2020-02-29 10:23:04.825   CNC 18   INF   Processing takes 742.429848ms
2020-02-29 10:23:04.825   CNC 18   INF   Sleeping for 9.257178632s
2020-02-29 10:23:14.083   CNC 18   INF   Workplace still active
2020-02-29 10:23:14.083   CNC 18   INF   Workplace not active, stopped running
2020-02-29 10:23:14.087   CNC 18   INF   Workplace started running
2020-02-29 10:23:14.087   CNC 18   INF   Workplace not active, stopped running
2020-02-29 10:23:21.931   CNC 18   INF   Workplace started running
2020-02-29 10:23:22.270   CNC 18   INF   Download and sort of length 6 takes: 338.596889ms
2020-02-29 10:23:22.749   CNC 18   INF   Changing state ==> Downtime at 2020-02-29 10:10:03.570533 +0100 +0100
2020-02-29 10:23:22.906   CNC 18   INF   Changing state ==> Production at 2020-02-29 10:10:03.570533 +0100 +0100
2020-02-29 10:23:22.997   CNC 18   INF   Changing state ==> Poweroff at 2020-02-29 10:10:14.498185 +0100 +0100
2020-02-29 10:23:23.084   CNC 18   INF   Processing takes 1.152558279s
2020-02-29 10:23:23.084   CNC 18   INF   Sleeping for 8.846671599s
2020-02-29 10:40:28.072   CNC 18   INF   Workplace started running
2020-02-29 10:40:28.073   CNC 18   INF   Adding data
2020-02-29 10:40:28.114   CNC 18   INF   Downloading poweroff records
2020-02-29 10:40:28.120   CNC 18   INF   Poweroff records downloaded, elapsed: 6.470917ms
2020-02-29 10:40:28.120   CNC 18   INF   Downloading production records
2020-02-29 10:40:28.127   CNC 18   INF   Production records downloaded, elapsed: 6.812534ms
2020-02-29 10:40:28.127   CNC 18   INF   Creating intermediate data
2020-02-29 10:40:28.127   CNC 18   INF   Intermediate data created, elapsed: 485ns
2020-02-29 10:40:28.128   CNC 18   INF   Data added, elapsed: 54.747942ms
2020-02-29 10:40:28.128   CNC 18   INF   Processing data
2020-02-29 10:40:28.526   CNC 18   INF   Data processed, elapsed: 397.884345ms
2020-02-29 10:40:28.526   CNC 18   INF   Sleeping for 9.546822015s
2020-02-29 10:40:38.073   CNC 18   INF   Workplace still active
2020-02-29 10:40:38.073   CNC 18   INF   Adding data
2020-02-29 10:40:38.517   CNC 18   INF   Downloading poweroff records
2020-02-29 10:40:38.550   CNC 18   INF   Poweroff records downloaded, elapsed: 33.258211ms
2020-02-29 10:40:38.550   CNC 18   INF   Downloading production records
2020-02-29 10:40:38.591   CNC 18   INF   Production records downloaded, elapsed: 40.131557ms
2020-02-29 10:40:38.591   CNC 18   INF   Creating intermediate data
2020-02-29 10:40:38.591   CNC 18   INF   Intermediate data created, elapsed: 1.306µs
2020-02-29 10:40:38.591   CNC 18   INF   Data added, elapsed: 517.633905ms
2020-02-29 10:40:38.591   CNC 18   INF   Processing data
2020-02-29 10:40:38.873   CNC 18   INF   Data processed, elapsed: 282.39748ms
2020-02-29 10:40:38.874   CNC 18   INF   Sleeping for 9.199403358s
2020-02-29 10:40:48.073   CNC 18   INF   Workplace still active
2020-02-29 10:40:48.073   CNC 18   INF   Adding data
2020-02-29 10:40:48.338   CNC 18   INF   Downloading poweroff records
2020-02-29 10:40:48.368   CNC 18   INF   Poweroff records downloaded, elapsed: 30.226742ms
2020-02-29 10:40:48.368   CNC 18   INF   Downloading production records
2020-02-29 10:40:48.378   CNC 18   INF   Production records downloaded, elapsed: 9.841868ms
2020-02-29 10:40:48.378   CNC 18   INF   Creating intermediate data
2020-02-29 10:40:48.378   CNC 18   INF   Intermediate data created, elapsed: 1.438µs
2020-02-29 10:40:48.378   CNC 18   INF   Data added, elapsed: 304.766346ms
2020-02-29 10:40:48.379   CNC 18   INF   Processing data
2020-02-29 10:40:48.802   CNC 18   INF   Data processed, elapsed: 423.290176ms
2020-02-29 10:40:48.802   CNC 18   INF   Sleeping for 9.271095047s
2020-02-29 10:40:58.074   CNC 18   INF   Workplace still active
2020-02-29 10:40:58.074   CNC 18   INF   Adding data
2020-02-29 10:40:58.341   CNC 18   INF   Downloading poweroff records
2020-02-29 10:40:58.377   CNC 18   INF   Poweroff records downloaded, elapsed: 36.572452ms
2020-02-29 10:40:58.377   CNC 18   INF   Downloading production records
2020-02-29 10:40:58.407   CNC 18   INF   Production records downloaded, elapsed: 29.312777ms
2020-02-29 10:40:58.407   CNC 18   INF   Creating intermediate data
2020-02-29 10:40:58.407   CNC 18   INF   Intermediate data created, elapsed: 1.305µs
2020-02-29 10:40:58.407   CNC 18   INF   Data added, elapsed: 332.448495ms
2020-02-29 10:40:58.407   CNC 18   INF   Processing data
2020-02-29 10:40:58.738   CNC 18   INF   Data processed, elapsed: 329.939255ms
2020-02-29 10:40:58.739   CNC 18   INF   Sleeping for 9.335628176s
2020-02-29 10:41:08.076   CNC 18   INF   Workplace still active
2020-02-29 10:41:08.076   CNC 18   INF   Adding data
2020-02-29 10:41:08.152   CNC 18   INF   Downloading poweroff records
2020-02-29 10:41:08.165   CNC 18   INF   Poweroff records downloaded, elapsed: 13.155242ms
2020-02-29 10:41:08.165   CNC 18   INF   Downloading production records
2020-02-29 10:41:08.192   CNC 18   INF   Production records downloaded, elapsed: 26.440953ms
2020-02-29 10:41:08.192   CNC 18   INF   Creating intermediate data
2020-02-29 10:41:08.192   CNC 18   INF   Intermediate data created, elapsed: 1.871µs
2020-02-29 10:41:08.192   CNC 18   INF   Data added, elapsed: 115.883724ms
2020-02-29 10:41:08.192   CNC 18   INF   Processing data
2020-02-29 10:41:08.548   CNC 18   INF   Data processed, elapsed: 355.155656ms
2020-02-29 10:41:08.549   CNC 18   INF   Sleeping for 9.527590812s
2020-02-29 10:41:18.076   CNC 18   INF   Workplace not active
2020-02-29 10:41:18.077   CNC 18   INF   Workplace not active, stopped running
2020-02-29 10:41:18.078   CNC 18   INF   Workplace started running
2020-02-29 10:41:18.078   CNC 18   INF   Adding data
2020-02-29 10:41:18.375   CNC 18   INF   Downloading poweroff records
2020-02-29 10:41:18.403   CNC 18   INF   Poweroff records downloaded, elapsed: 27.628227ms
2020-02-29 10:41:18.403   CNC 18   INF   Downloading production records
2020-02-29 10:41:18.415   CNC 18   INF   Production records downloaded, elapsed: 12.124546ms
2020-02-29 10:41:18.415   CNC 18   INF   Creating intermediate data
2020-02-29 10:41:18.415   CNC 18   INF   Intermediate data created, elapsed: 1.243µs
2020-02-29 10:41:18.415   CNC 18   INF   Data added, elapsed: 336.685193ms
2020-02-29 10:41:18.416   CNC 18   INF   Processing data
2020-02-29 10:41:18.759   CNC 18   INF   Data processed, elapsed: 343.114016ms
2020-02-29 10:41:18.759   CNC 18   INF   Sleeping for 9.319237877s
2020-02-29 10:41:28.079   CNC 18   INF   Workplace still active
2020-02-29 10:41:28.079   CNC 18   INF   Adding data
2020-02-29 10:41:28.407   CNC 18   INF   Downloading poweroff records
2020-02-29 10:41:28.431   CNC 18   INF   Poweroff records downloaded, elapsed: 23.387388ms
2020-02-29 10:41:28.431   CNC 18   INF   Downloading production records
2020-02-29 10:41:28.471   CNC 18   INF   Production records downloaded, elapsed: 39.660792ms
2020-02-29 10:41:28.471   CNC 18   INF   Creating intermediate data
2020-02-29 10:41:28.471   CNC 18   INF   Intermediate data created, elapsed: 1.607µs
2020-02-29 10:41:28.471   CNC 18   INF   Data added, elapsed: 391.701951ms
2020-02-29 10:41:28.471   CNC 18   INF   Processing data
2020-02-29 10:41:28.686   CNC 18   INF   Data processed, elapsed: 214.128998ms
2020-02-29 10:41:28.686   CNC 18   INF   Sleeping for 9.393433577s
2020-02-29 10:41:38.081   CNC 18   INF   Workplace still active
2020-02-29 10:41:38.082   CNC 18   INF   Adding data
2020-02-29 10:41:38.231   CNC 18   INF   Downloading poweroff records
2020-02-29 10:41:38.274   CNC 18   INF   Poweroff records downloaded, elapsed: 42.710292ms
2020-02-29 10:41:38.274   CNC 18   INF   Downloading production records
2020-02-29 10:41:38.301   CNC 18   INF   Production records downloaded, elapsed: 26.970858ms
2020-02-29 10:41:38.301   CNC 18   INF   Creating intermediate data
2020-02-29 10:41:38.302   CNC 18   INF   Intermediate data created, elapsed: 654ns
2020-02-29 10:41:38.302   CNC 18   INF   Data added, elapsed: 219.559868ms
2020-02-29 10:41:38.302   CNC 18   INF   Processing data
2020-02-29 10:41:38.584   CNC 18   INF   Data processed, elapsed: 282.374585ms
2020-02-29 10:41:38.585   CNC 18   INF   Sleeping for 9.49687645s
2020-02-29 10:41:48.082   CNC 18   INF   Workplace still active
2020-02-29 10:41:48.082   CNC 18   INF   Adding data
2020-02-29 10:41:48.471   CNC 18   INF   Downloading poweroff records
2020-02-29 10:41:48.511   CNC 18   INF   Poweroff records downloaded, elapsed: 39.853822ms
2020-02-29 10:41:48.512   CNC 18   INF   Downloading production records
2020-02-29 10:41:48.550   CNC 18   INF   Production records downloaded, elapsed: 37.954159ms
2020-02-29 10:41:48.550   CNC 18   INF   Creating intermediate data
2020-02-29 10:41:48.550   CNC 18   INF   Intermediate data created, elapsed: 1.11µs
2020-02-29 10:41:48.550   CNC 18   INF   Data added, elapsed: 467.343235ms
2020-02-29 10:41:48.550   CNC 18   INF   Processing data
2020-02-29 10:41:48.802   CNC 18   INF   Data processed, elapsed: 251.372851ms
2020-02-29 10:41:48.802   CNC 18   INF   Sleeping for 9.280468315s
2020-02-29 10:41:58.082   CNC 18   INF   Workplace still active
2020-02-29 10:41:58.083   CNC 18   INF   Adding data
2020-02-29 10:41:58.364   CNC 18   INF   Downloading poweroff records
2020-02-29 10:41:58.434   CNC 18   INF   Poweroff records downloaded, elapsed: 69.513903ms
2020-02-29 10:41:58.434   CNC 18   INF   Downloading production records
2020-02-29 10:41:58.472   CNC 18   INF   Production records downloaded, elapsed: 38.140087ms
2020-02-29 10:41:58.473   CNC 18   INF   Creating intermediate data
2020-02-29 10:41:58.473   CNC 18   INF   Intermediate data created, elapsed: 3.379µs
2020-02-29 10:41:58.473   CNC 18   INF   Data added, elapsed: 389.438432ms
2020-02-29 10:41:58.473   CNC 18   INF   Processing data
2020-02-29 10:41:58.728   CNC 18   INF   Data processed, elapsed: 254.574156ms
2020-02-29 10:41:58.728   CNC 18   INF   Sleeping for 9.354807228s
2020-02-29 10:42:08.083   CNC 18   INF   Workplace still active
2020-02-29 10:42:08.085   CNC 18   INF   Adding data
2020-02-29 10:42:08.429   CNC 18   INF   Downloading poweroff records
2020-02-29 10:42:08.447   CNC 18   INF   Poweroff records downloaded, elapsed: 17.715398ms
2020-02-29 10:42:08.448   CNC 18   INF   Downloading production records
2020-02-29 10:42:08.464   CNC 18   INF   Production records downloaded, elapsed: 16.581012ms
2020-02-29 10:42:08.464   CNC 18   INF   Creating intermediate data
2020-02-29 10:42:08.464   CNC 18   INF   Intermediate data created, elapsed: 1.143µs
2020-02-29 10:42:08.464   CNC 18   INF   Data added, elapsed: 379.675067ms
2020-02-29 10:42:08.465   CNC 18   INF   Processing data
2020-02-29 10:42:08.750   CNC 18   INF   Data processed, elapsed: 284.820499ms
2020-02-29 10:42:08.750   CNC 18   INF   Sleeping for 9.333524023s
2020-02-29 10:42:18.084   CNC 18   INF   Workplace still active
2020-02-29 10:42:18.084   CNC 18   INF   Adding data
2020-02-29 10:42:18.522   CNC 18   INF   Downloading poweroff records
2020-02-29 10:42:18.540   CNC 18   INF   Poweroff records downloaded, elapsed: 17.763754ms
2020-02-29 10:42:18.541   CNC 18   INF   Downloading production records
2020-02-29 10:42:18.557   CNC 18   INF   Production records downloaded, elapsed: 15.943564ms
2020-02-29 10:42:18.557   CNC 18   INF   Creating intermediate data
2020-02-29 10:42:18.557   CNC 18   INF   Intermediate data created, elapsed: 1.333µs
2020-02-29 10:42:18.557   CNC 18   INF   Data added, elapsed: 473.092418ms
2020-02-29 10:42:18.557   CNC 18   INF   Processing data
2020-02-29 10:42:18.936   CNC 18   INF   Data processed, elapsed: 378.711545ms
2020-02-29 10:42:18.936   CNC 18   INF   Sleeping for 9.147657296s
2020-02-29 10:42:28.084   CNC 18   INF   Workplace still active
2020-02-29 10:42:28.084   CNC 18   INF   Adding data
2020-02-29 10:42:28.631   CNC 18   INF   Downloading poweroff records
2020-02-29 10:42:28.667   CNC 18   INF   Poweroff records downloaded, elapsed: 36.142975ms
2020-02-29 10:42:28.668   CNC 18   INF   Downloading production records
2020-02-29 10:42:28.704   CNC 18   INF   Production records downloaded, elapsed: 35.629421ms
2020-02-29 10:42:28.704   CNC 18   INF   Creating intermediate data
2020-02-29 10:42:28.704   CNC 18   INF   Intermediate data created, elapsed: 1.546µs
2020-02-29 10:42:28.704   CNC 18   INF   Data added, elapsed: 619.526485ms
2020-02-29 10:42:28.704   CNC 18   INF   Processing data
2020-02-29 10:42:29.124   CNC 18   INF   Data processed, elapsed: 420.169795ms
2020-02-29 10:42:29.125   CNC 18   INF   Sleeping for 8.959771336s
2020-02-29 10:42:38.084   CNC 18   INF   Workplace still active
2020-02-29 10:42:38.085   CNC 18   INF   Workplace not active, stopped running
2020-02-29 10:42:38.108   CNC 18   INF   Workplace started running
2020-02-29 10:42:38.108   CNC 18   INF   Workplace not active, stopped running
2020-02-29 10:42:47.149   CNC 18   INF   Workplace started running
2020-02-29 10:42:47.150   CNC 18   INF   Starting workplace loop
2020-02-29 10:42:47.151   CNC 18   INF   Adding data
2020-02-29 10:42:47.417   CNC 18   INF   Downloading poweroff records
2020-02-29 10:42:47.433   CNC 18   INF   Poweroff records downloaded, elapsed: 15.765529ms
2020-02-29 10:42:47.433   CNC 18   INF   Downloading production records
2020-02-29 10:42:47.468   CNC 18   INF   Production records downloaded, elapsed: 34.89265ms
2020-02-29 10:42:47.469   CNC 18   INF   Creating intermediate data
2020-02-29 10:42:47.469   CNC 18   INF   Intermediate data created, elapsed: 3.205µs
2020-02-29 10:42:47.469   CNC 18   INF   Data added, elapsed: 318.113235ms
2020-02-29 10:42:47.469   CNC 18   INF   Processing data
2020-02-29 10:42:47.889   CNC 18   INF   Data processed, elapsed: 420.388082ms
2020-02-29 10:42:47.890   CNC 18   INF   Sleeping for 9.260452995s
2020-02-29 10:42:57.151   CNC 18   INF   Workplace still active
2020-02-29 10:42:57.151   CNC 18   INF   Loop ended, elapsed: 10.000838616s
2020-02-29 10:42:57.151   CNC 18   INF   Starting workplace loop
2020-02-29 10:42:57.151   CNC 18   INF   Adding data
2020-02-29 10:42:57.331   CNC 18   INF   Downloading poweroff records
2020-02-29 10:42:57.371   CNC 18   INF   Poweroff records downloaded, elapsed: 39.97434ms
2020-02-29 10:42:57.371   CNC 18   INF   Downloading production records
2020-02-29 10:42:57.414   CNC 18   INF   Production records downloaded, elapsed: 42.571232ms
2020-02-29 10:42:57.414   CNC 18   INF   Creating intermediate data
2020-02-29 10:42:57.414   CNC 18   INF   Intermediate data created, elapsed: 1.004µs
2020-02-29 10:42:57.414   CNC 18   INF   Data added, elapsed: 262.591404ms
2020-02-29 10:42:57.414   CNC 18   INF   Processing data
2020-02-29 10:42:57.650   CNC 18   INF   Data processed, elapsed: 236.249877ms
2020-02-29 10:42:57.651   CNC 18   INF   Sleeping for 9.500658378s
2020-02-29 10:43:07.152   CNC 18   INF   Workplace still active
2020-02-29 10:43:07.152   CNC 18   INF   Loop ended, elapsed: 10.000464707s
2020-02-29 10:43:07.152   CNC 18   INF   Starting workplace loop
2020-02-29 10:43:07.152   CNC 18   INF   Adding data
2020-02-29 10:43:07.222   CNC 18   INF   Downloading poweroff records
2020-02-29 10:43:07.243   CNC 18   INF   Poweroff records downloaded, elapsed: 21.716311ms
2020-02-29 10:43:07.244   CNC 18   INF   Downloading production records
2020-02-29 10:43:07.271   CNC 18   INF   Production records downloaded, elapsed: 26.748761ms
2020-02-29 10:43:07.271   CNC 18   INF   Creating intermediate data
2020-02-29 10:43:07.271   CNC 18   INF   Intermediate data created, elapsed: 1.382µs
2020-02-29 10:43:07.271   CNC 18   INF   Data added, elapsed: 118.518827ms
2020-02-29 10:43:07.271   CNC 18   INF   Processing data
2020-02-29 10:43:07.590   CNC 18   INF   Data processed, elapsed: 318.798993ms
2020-02-29 10:43:07.590   CNC 18   INF   Sleeping for 9.562124763s
2020-02-29 10:43:17.152   CNC 18   INF   Workplace still active
2020-02-29 10:43:17.153   CNC 18   INF   Loop ended, elapsed: 10.000415324s
2020-02-29 10:43:17.154   CNC 18   INF   Starting workplace loop
2020-02-29 10:43:17.154   CNC 18   INF   Adding data
2020-02-29 10:43:17.427   CNC 18   INF   Downloading poweroff records
2020-02-29 10:43:17.483   CNC 18   INF   Poweroff records downloaded, elapsed: 54.900347ms
2020-02-29 10:43:17.483   CNC 18   INF   Downloading production records
2020-02-29 10:43:17.509   CNC 18   INF   Production records downloaded, elapsed: 25.0967ms
2020-02-29 10:43:17.509   CNC 18   INF   Creating intermediate data
2020-02-29 10:43:17.509   CNC 18   INF   Intermediate data created, elapsed: 3.505µs
2020-02-29 10:43:17.509   CNC 18   INF   Data added, elapsed: 355.07762ms
2020-02-29 10:43:17.509   CNC 18   INF   Processing data
2020-02-29 10:43:17.853   CNC 18   INF   Data processed, elapsed: 343.927501ms
2020-02-29 10:43:17.853   CNC 18   INF   Sleeping for 9.300355074s
2020-02-29 10:43:27.154   CNC 18   INF   Workplace still active
2020-02-29 10:43:27.154   CNC 18   INF   Loop ended, elapsed: 10.000309178s
2020-02-29 10:43:27.154   CNC 18   INF   Starting workplace loop
2020-02-29 10:43:27.154   CNC 18   INF   Adding data
2020-02-29 10:43:27.433   CNC 18   INF   Downloading poweroff records
2020-02-29 10:43:27.445   CNC 18   INF   Poweroff records downloaded, elapsed: 11.890654ms
2020-02-29 10:43:27.445   CNC 18   INF   Downloading production records
2020-02-29 10:43:27.484   CNC 18   INF   Production records downloaded, elapsed: 37.916529ms
2020-02-29 10:43:27.484   CNC 18   INF   Creating intermediate data
2020-02-29 10:43:27.484   CNC 18   INF   Intermediate data created, elapsed: 4.422µs
2020-02-29 10:43:27.484   CNC 18   INF   Data added, elapsed: 329.763166ms
2020-02-29 10:43:27.484   CNC 18   INF   Processing data
2020-02-29 10:43:27.894   CNC 18   INF   Data processed, elapsed: 409.160868ms
2020-02-29 10:43:27.894   CNC 18   INF   Sleeping for 9.260485925s
2020-02-29 10:43:37.154   CNC 18   INF   Workplace still active
2020-02-29 10:43:37.154   CNC 18   INF   Loop ended, elapsed: 10.00019864s
2020-02-29 10:43:37.155   CNC 18   INF   Workplace not active, stopped running
2020-02-29 10:43:37.169   CNC 18   INF   Workplace started running
2020-02-29 10:43:37.170   CNC 18   INF   Workplace not active, stopped running
2020-02-29 10:43:50.646   CNC 18   INF   Workplace started running
2020-02-29 10:43:50.646   CNC 18   INF   Starting workplace loop
2020-02-29 10:43:50.647   CNC 18   INF   Adding data
2020-02-29 10:43:50.906   CNC 18   INF   Downloading poweroff records
2020-02-29 10:43:50.934   CNC 18   INF   Poweroff records downloaded, elapsed: 27.167853ms
2020-02-29 10:43:50.934   CNC 18   INF   Downloading production records
2020-02-29 10:43:50.940   CNC 18   INF   Production records downloaded, elapsed: 5.979957ms
2020-02-29 10:43:50.940   CNC 18   INF   Creating intermediate data
2020-02-29 10:43:50.940   CNC 18   INF   Intermediate data created, elapsed: 1.156µs
2020-02-29 10:43:50.940   CNC 18   INF   Data added, elapsed: 293.212371ms
2020-02-29 10:43:50.940   CNC 18   INF   Processing data
2020-02-29 10:43:51.287   CNC 18   INF   Data processed, elapsed: 346.79954ms
2020-02-29 10:43:51.288   CNC 18   INF   Loop ended, elapsed: 641.695303ms
2020-02-29 10:43:51.289   CNC 18   INF   Sleeping for 9.357910914s
2020-02-29 10:44:00.647   CNC 18   INF   Workplace still active
2020-02-29 10:44:00.647   CNC 18   INF   Starting workplace loop
2020-02-29 10:44:00.647   CNC 18   INF   Adding data
2020-02-29 10:44:00.944   CNC 18   INF   Downloading poweroff records
2020-02-29 10:44:00.963   CNC 18   INF   Poweroff records downloaded, elapsed: 18.471974ms
2020-02-29 10:44:00.963   CNC 18   INF   Downloading production records
2020-02-29 10:44:00.989   CNC 18   INF   Production records downloaded, elapsed: 25.797984ms
2020-02-29 10:44:00.990   CNC 18   INF   Creating intermediate data
2020-02-29 10:44:00.990   CNC 18   INF   Intermediate data created, elapsed: 1.453µs
2020-02-29 10:44:00.990   CNC 18   INF   Data added, elapsed: 342.588936ms
2020-02-29 10:44:00.990   CNC 18   INF   Processing data
2020-02-29 10:44:01.267   CNC 18   INF   Data processed, elapsed: 277.262316ms
2020-02-29 10:44:01.267   CNC 18   INF   Loop ended, elapsed: 620.470577ms
2020-02-29 10:44:01.268   CNC 18   INF   Sleeping for 9.379444859s
2020-02-29 10:44:10.647   CNC 18   INF   Workplace still active
2020-02-29 10:44:10.647   CNC 18   INF   Starting workplace loop
2020-02-29 10:44:10.647   CNC 18   INF   Adding data
2020-02-29 10:44:10.848   CNC 18   INF   Downloading poweroff records
2020-02-29 10:44:10.865   CNC 18   INF   Poweroff records downloaded, elapsed: 17.270094ms
2020-02-29 10:44:10.865   CNC 18   INF   Downloading production records
2020-02-29 10:44:10.886   CNC 18   INF   Production records downloaded, elapsed: 20.218742ms
2020-02-29 10:44:10.886   CNC 18   INF   Creating intermediate data
2020-02-29 10:44:10.886   CNC 18   INF   Intermediate data created, elapsed: 1.046µs
2020-02-29 10:44:10.886   CNC 18   INF   Data added, elapsed: 238.37576ms
2020-02-29 10:44:10.886   CNC 18   INF   Processing data
2020-02-29 10:44:11.239   CNC 18   INF   Data processed, elapsed: 352.542926ms
2020-02-29 10:44:11.239   CNC 18   INF   Loop ended, elapsed: 591.552689ms
2020-02-29 10:44:11.239   CNC 18   INF   Sleeping for 9.408370729s
2020-02-29 10:44:20.649   CNC 18   INF   Workplace still active
2020-02-29 10:44:20.649   CNC 18   INF   Starting workplace loop
2020-02-29 10:44:20.649   CNC 18   INF   Adding data
2020-02-29 10:44:20.693   CNC 18   INF   Downloading poweroff records
2020-02-29 10:44:20.704   CNC 18   INF   Poweroff records downloaded, elapsed: 10.800527ms
2020-02-29 10:44:20.704   CNC 18   INF   Downloading production records
2020-02-29 10:44:20.713   CNC 18   INF   Production records downloaded, elapsed: 8.905002ms
2020-02-29 10:44:20.714   CNC 18   INF   Creating intermediate data
2020-02-29 10:44:20.714   CNC 18   INF   Intermediate data created, elapsed: 1.372µs
2020-02-29 10:44:20.714   CNC 18   INF   Data added, elapsed: 64.586864ms
2020-02-29 10:44:20.714   CNC 18   INF   Processing data
2020-02-29 10:44:21.019   CNC 18   INF   Data processed, elapsed: 305.45843ms
2020-02-29 10:44:21.020   CNC 18   INF   Loop ended, elapsed: 370.63637ms
2020-02-29 10:44:21.020   CNC 18   INF   Sleeping for 9.629261248s
2020-02-29 10:44:30.649   CNC 18   INF   Workplace still active
2020-02-29 10:44:30.649   CNC 18   INF   Workplace not active, stopped running
2020-02-29 10:44:30.670   CNC 18   INF   Workplace started running
2020-02-29 10:44:30.670   CNC 18   INF   Workplace not active, stopped running
2020-02-29 10:45:25.317   CNC 18   INF   Workplace started running
2020-02-29 10:45:25.318   CNC 18   INF   Starting workplace loop
2020-02-29 10:45:25.318   CNC 18   INF   Adding data
2020-02-29 10:45:25.393   CNC 18   INF   Downloading poweroff records
2020-02-29 10:45:25.494   CNC 18   INF   Poweroff records downloaded, elapsed: 101.093072ms
2020-02-29 10:45:25.494   CNC 18   INF   Downloading production records
2020-02-29 10:45:25.553   CNC 18   INF   Production records downloaded, elapsed: 58.718313ms
2020-02-29 10:45:25.554   CNC 18   INF   Creating intermediate data
2020-02-29 10:45:25.554   CNC 18   INF   Intermediate data created, elapsed: 1.595µs
2020-02-29 10:45:25.554   CNC 18   INF   Data added, elapsed: 235.332604ms
2020-02-29 10:45:25.554   CNC 18   INF   Processing data
2020-02-29 10:45:25.848   CNC 18   INF   Data processed, elapsed: 294.221241ms
2020-02-29 10:45:25.849   CNC 18   INF   Loop ended, elapsed: 530.160177ms
2020-02-29 10:45:25.849   CNC 18   INF   Sleeping for 9.46968069s
2020-02-29 10:45:35.319   CNC 18   INF   Workplace still active
2020-02-29 10:45:35.319   CNC 18   INF   Starting workplace loop
2020-02-29 10:45:35.319   CNC 18   INF   Adding data
2020-02-29 10:45:35.393   CNC 18   INF   Downloading poweroff records
2020-02-29 10:45:35.454   CNC 18   INF   Poweroff records downloaded, elapsed: 60.136339ms
2020-02-29 10:45:35.454   CNC 18   INF   Downloading production records
2020-02-29 10:45:35.501   CNC 18   INF   Production records downloaded, elapsed: 46.908097ms
2020-02-29 10:45:35.501   CNC 18   INF   Creating intermediate data
2020-02-29 10:45:35.501   CNC 18   INF   Intermediate data created, elapsed: 1.44µs
2020-02-29 10:45:35.501   CNC 18   INF   Data added, elapsed: 181.789302ms
2020-02-29 10:45:35.501   CNC 18   INF   Processing data
2020-02-29 10:45:35.765   CNC 18   INF   Data processed, elapsed: 263.937253ms
2020-02-29 10:45:35.765   CNC 18   INF   Loop ended, elapsed: 446.345259ms
2020-02-29 10:45:35.765   CNC 18   INF   Sleeping for 9.553550185s
2020-02-29 10:45:45.319   CNC 18   INF   Workplace still active
2020-02-29 10:45:45.319   CNC 18   INF   Starting workplace loop
2020-02-29 10:45:45.319   CNC 18   INF   Adding data
2020-02-29 10:45:45.427   CNC 18   INF   Downloading poweroff records
2020-02-29 10:45:45.476   CNC 18   INF   Poweroff records downloaded, elapsed: 48.718345ms
2020-02-29 10:45:45.476   CNC 18   INF   Downloading production records
2020-02-29 10:45:45.546   CNC 18   INF   Production records downloaded, elapsed: 69.685147ms
2020-02-29 10:45:45.546   CNC 18   INF   Creating intermediate data
2020-02-29 10:45:45.546   CNC 18   INF   Intermediate data created, elapsed: 1.828µs
2020-02-29 10:45:45.546   CNC 18   INF   Data added, elapsed: 226.266477ms
2020-02-29 10:45:45.546   CNC 18   INF   Processing data
2020-02-29 10:45:45.822   CNC 18   INF   Data processed, elapsed: 275.770528ms
2020-02-29 10:45:45.822   CNC 18   INF   Loop ended, elapsed: 502.597662ms
2020-02-29 10:45:45.822   CNC 18   INF   Sleeping for 9.497310221s
2020-02-29 10:45:55.320   CNC 18   INF   Workplace still active
2020-02-29 10:45:55.321   CNC 18   INF   Starting workplace loop
2020-02-29 10:45:55.321   CNC 18   INF   Adding data
2020-02-29 10:45:55.476   CNC 18   INF   Downloading poweroff records
2020-02-29 10:45:55.556   CNC 18   INF   Poweroff records downloaded, elapsed: 79.803943ms
2020-02-29 10:45:55.556   CNC 18   INF   Downloading production records
2020-02-29 10:45:55.645   CNC 18   INF   Production records downloaded, elapsed: 88.735415ms
2020-02-29 10:45:55.645   CNC 18   INF   Creating intermediate data
2020-02-29 10:45:55.645   CNC 18   INF   Intermediate data created, elapsed: 1.221µs
2020-02-29 10:45:55.645   CNC 18   INF   Data added, elapsed: 323.715122ms
2020-02-29 10:45:55.645   CNC 18   INF   Processing data
2020-02-29 10:45:55.857   CNC 18   INF   Data processed, elapsed: 211.511948ms
2020-02-29 10:45:55.857   CNC 18   INF   Loop ended, elapsed: 535.883475ms
2020-02-29 10:45:55.857   CNC 18   INF   Sleeping for 9.464020862s
2020-02-29 10:46:05.322   CNC 18   INF   Workplace still active
2020-02-29 10:46:05.323   CNC 18   INF   Starting workplace loop
2020-02-29 10:46:05.324   CNC 18   INF   Adding data
2020-02-29 10:46:05.488   CNC 18   INF   Downloading poweroff records
2020-02-29 10:46:05.599   CNC 18   INF   Poweroff records downloaded, elapsed: 110.737912ms
2020-02-29 10:46:05.599   CNC 18   INF   Downloading production records
2020-02-29 10:46:05.722   CNC 18   INF   Production records downloaded, elapsed: 123.186149ms
2020-02-29 10:46:05.722   CNC 18   INF   Creating intermediate data
2020-02-29 10:46:05.722   CNC 18   INF   Intermediate data created, elapsed: 1.231µs
2020-02-29 10:46:05.722   CNC 18   INF   Data added, elapsed: 398.365381ms
2020-02-29 10:46:05.723   CNC 18   INF   Processing data
2020-02-29 10:46:05.915   CNC 18   INF   Data processed, elapsed: 191.915829ms
2020-02-29 10:46:05.915   CNC 18   INF   Loop ended, elapsed: 591.510051ms
2020-02-29 10:46:05.915   CNC 18   INF   Sleeping for 9.408379993s
2020-02-29 10:46:15.323   CNC 18   INF   Workplace still active
2020-02-29 10:46:15.324   CNC 18   INF   Workplace not active, stopped running
2020-02-29 10:46:15.335   CNC 18   INF   Workplace started running
2020-02-29 10:46:15.335   CNC 18   INF   Workplace not active, stopped running
2020-02-29 10:56:49.949   CNC 18   INF   Workplace started running
2020-02-29 10:56:49.950   CNC 18   INF   Starting workplace loop
2020-02-29 10:56:49.950   CNC 18   INF   Adding data
2020-02-29 10:56:50.007   CNC 18   INF   Downloading poweroff records
2020-02-29 10:56:50.076   CNC 18   INF   Poweroff records downloaded, elapsed: 68.532991ms
2020-02-29 10:56:50.076   CNC 18   INF   Downloading production records
2020-02-29 10:56:50.222   CNC 18   INF   Production records downloaded, elapsed: 145.494384ms
2020-02-29 10:56:50.222   CNC 18   INF   Creating intermediate data
2020-02-29 10:56:50.222   CNC 18   INF   Intermediate data created, elapsed: 5.799µs
2020-02-29 10:56:50.222   CNC 18   INF   Data added, elapsed: 272.091985ms
2020-02-29 10:56:50.223   CNC 18   INF   Processing data
2020-02-29 10:56:50.250   CNC 18   INF   Data processed, elapsed: 27.391452ms
2020-02-29 10:56:50.251   CNC 18   INF   Loop ended, elapsed: 300.284789ms
2020-02-29 10:56:50.251   CNC 18   INF   Sleeping for 9.699219013s
2020-02-29 10:56:59.951   CNC 18   INF   Workplace still active
2020-02-29 10:56:59.951   CNC 18   INF   Starting workplace loop
2020-02-29 10:56:59.951   CNC 18   INF   Adding data
2020-02-29 10:57:00.033   CNC 18   INF   Downloading poweroff records
2020-02-29 10:57:00.129   CNC 18   INF   Poweroff records downloaded, elapsed: 95.424343ms
2020-02-29 10:57:00.129   CNC 18   INF   Downloading production records
2020-02-29 10:57:00.210   CNC 18   INF   Production records downloaded, elapsed: 80.940989ms
2020-02-29 10:57:00.211   CNC 18   INF   Creating intermediate data
2020-02-29 10:57:00.211   CNC 18   INF   Intermediate data created, elapsed: 9.712µs
2020-02-29 10:57:00.212   CNC 18   INF   Data added, elapsed: 260.043814ms
2020-02-29 10:57:00.212   CNC 18   INF   Processing data
2020-02-29 10:57:00.289   CNC 18   INF   Data processed, elapsed: 76.316526ms
2020-02-29 10:57:00.289   CNC 18   INF   Loop ended, elapsed: 337.505055ms
2020-02-29 10:57:00.289   CNC 18   INF   Sleeping for 9.662367543s
2020-02-29 10:57:09.952   CNC 18   INF   Workplace still active
2020-02-29 10:57:09.952   CNC 18   INF   Workplace not active, stopped running
2020-02-29 10:57:09.956   CNC 18   INF   Workplace started running
2020-02-29 10:57:09.957   CNC 18   INF   Workplace not active, stopped running
