2020-01-28 15:12:50.963   CNC 7   INF   Workplace started running
2020-01-28 15:12:51.401   CNC 7   INF   Download and sort of length 1567 takes: 437.361006ms
2020-01-28 15:12:51.582   CNC 7   INF   Processing takes 618.697099ms
2020-01-28 15:12:51.582   CNC 7   INF   Sleeping for 9.381188597s
2020-01-28 15:13:00.966   CNC 7   INF   Workplace still active
2020-01-28 15:13:01.337   CNC 7   INF   Download and sort of length 1570 takes: 371.012029ms
2020-01-28 15:13:01.546   CNC 7   INF   Processing takes 579.451923ms
2020-01-28 15:13:01.546   CNC 7   INF   Sleeping for 9.420100351s
2020-01-28 15:13:10.968   CNC 7   INF   Workplace still active
2020-01-28 15:13:11.303   CNC 7   INF   Download and sort of length 1573 takes: 334.668344ms
2020-01-28 15:13:11.403   CNC 7   INF   Processing takes 434.714996ms
2020-01-28 15:13:11.403   CNC 7   INF   Sleeping for 9.565189548s
2020-01-28 15:13:20.968   CNC 7   INF   Workplace still active
2020-01-28 15:13:21.229   CNC 7   INF   Download and sort of length 1576 takes: 260.330643ms
2020-01-28 15:13:21.488   CNC 7   INF   Processing takes 519.15427ms
2020-01-28 15:13:21.488   CNC 7   INF   Sleeping for 9.480702106s
2020-01-28 15:13:30.969   CNC 7   INF   Workplace still active
2020-01-28 15:13:31.226   CNC 7   INF   Download and sort of length 1579 takes: 182.217591ms
2020-01-28 15:13:31.410   CNC 7   INF   Processing takes 366.177601ms
2020-01-28 15:13:31.410   CNC 7   INF   Sleeping for 9.633650348s
2020-01-28 15:13:41.048   CNC 7   INF   Workplace still active
2020-01-28 15:13:41.387   CNC 7   INF   Download and sort of length 1582 takes: 338.651252ms
2020-01-28 15:13:41.585   CNC 7   INF   Processing takes 536.606368ms
2020-01-28 15:13:41.585   CNC 7   INF   Sleeping for 9.463219325s
