2020-02-01 07:33:41.336   CNC 15   INF   Workplace started running
2020-02-01 07:33:41.603   CNC 15   INF   Download and sort of length 382 takes: 266.007935ms
2020-02-01 07:33:41.817   CNC 15   INF   Processing takes 480.484517ms
2020-02-01 07:33:41.817   CNC 15   INF   Sleeping for 9.519325262s
2020-02-01 07:41:45.556   CNC 15   INF   Workplace started running
2020-02-01 07:41:45.806   CNC 15   INF   Download and sort of length 529 takes: 248.98856ms
2020-02-01 07:41:46.064   CNC 15   INF   Processing takes 507.170943ms
2020-02-01 07:41:46.064   CNC 15   INF   Sleeping for 9.492656689s
2020-02-01 07:42:24.380   CNC 15   INF   Workplace started running
2020-02-01 07:42:24.731   CNC 15   INF   Download and sort of length 538 takes: 350.600146ms
2020-02-01 07:42:25.024   CNC 15   INF   Processing takes 643.808146ms
2020-02-01 07:42:25.024   CNC 15   INF   Sleeping for 9.356073504s
2020-02-01 18:40:40.708   CNC 15   INF   Workplace started running
2020-02-01 18:40:40.982   CNC 15   INF   Download and sort of length 0 takes: 272.539161ms
2020-02-01 19:21:13.437   CNC 15   INF   Workplace started running
2020-02-01 19:21:13.812   CNC 15   INF   Download and sort of length 0 takes: 375.363139ms
2020-02-01 19:21:13.950   CNC 15   INF   Processing takes 513.39801ms
2020-02-01 19:21:13.951   CNC 15   INF   Sleeping for 9.486423557s
2020-02-01 19:21:23.440   CNC 15   INF   Workplace still active
2020-02-01 19:21:23.617   CNC 15   INF   Download and sort of length 0 takes: 175.987124ms
2020-02-01 19:21:23.788   CNC 15   INF   Processing takes 347.396008ms
2020-02-01 19:21:23.788   CNC 15   INF   Sleeping for 9.652428729s
2020-02-01 19:21:33.444   CNC 15   INF   Workplace still active
2020-02-01 19:21:33.647   CNC 15   INF   Download and sort of length 0 takes: 202.987861ms
2020-02-01 19:21:33.829   CNC 15   INF   Processing takes 384.664827ms
2020-02-01 19:21:33.829   CNC 15   INF   Sleeping for 9.614915028s
2020-02-01 19:21:43.445   CNC 15   INF   Workplace still active
2020-02-01 19:21:43.612   CNC 15   INF   Download and sort of length 0 takes: 167.717561ms
2020-02-01 19:21:43.884   CNC 15   INF   Processing takes 439.750967ms
2020-02-01 19:21:43.885   CNC 15   INF   Sleeping for 9.56015187s
2020-02-01 19:21:53.445   CNC 15   INF   Workplace still active
2020-02-01 19:21:53.736   CNC 15   INF   Download and sort of length 0 takes: 290.635729ms
2020-02-01 19:21:53.925   CNC 15   INF   Processing takes 480.216848ms
2020-02-01 19:21:53.926   CNC 15   INF   Sleeping for 9.519649066s
2020-02-01 21:41:49.778   CNC 15   INF   Workplace started running
2020-02-01 21:41:49.967   CNC 15   INF   Download and sort of length 0 takes: 188.646937ms
2020-02-01 21:41:50.238   CNC 15   INF   Changing state ==> Poweroff at 0001-01-01 00:00:00 +0000 UTC
2020-02-01 21:41:50.465   CNC 15   INF   Processing takes 685.971156ms
2020-02-01 21:41:50.465   CNC 15   INF   Sleeping for 9.313697835s
2020-02-01 21:41:59.783   CNC 15   INF   Workplace still active
2020-02-01 21:42:00.070   CNC 15   INF   Download and sort of length 0 takes: 286.855608ms
2020-02-01 21:42:00.309   CNC 15   INF   Processing takes 525.417778ms
2020-02-01 21:42:00.309   CNC 15   INF   Sleeping for 9.474180142s
2020-02-01 22:36:18.098   CNC 15   INF   Workplace started running
2020-02-01 22:36:18.439   CNC 15   INF   Download and sort of length 24 takes: 339.637937ms
2020-02-01 22:36:18.754   CNC 15   INF   Changing state ==> Production at 2020-02-01 22:35:03.526675 +0100 CET
2020-02-01 22:36:19.118   CNC 15   INF   Changing state ==> Downtime at 2020-02-01 22:35:04.526675 +0100 CET
2020-02-01 22:36:19.288   CNC 15   INF   Changing state ==> Production at 2020-02-01 22:35:13.540669 +0100 CET
2020-02-01 22:36:19.469   CNC 15   INF   Changing state ==> Downtime at 2020-02-01 22:35:14.540669 +0100 CET
2020-02-01 22:36:19.656   CNC 15   INF   Changing state ==> Production at 2020-02-01 22:35:23.582172 +0100 CET
2020-02-01 22:36:19.821   CNC 15   INF   Changing state ==> Downtime at 2020-02-01 22:36:04.558045 +0100 CET
2020-02-01 22:36:19.956   CNC 15   INF   Changing state ==> Production at 2020-02-01 22:36:13.594013 +0100 CET
2020-02-01 22:36:20.016   CNC 15   INF   Changing state ==> Poweroff at 2020-02-01 22:36:14.594013 +0100 CET
2020-02-01 22:36:20.077   CNC 15   INF   Processing takes 1.977890788s
2020-02-01 22:36:20.077   CNC 15   INF   Sleeping for 8.02167559s
2020-02-01 22:36:28.102   CNC 15   INF   Workplace not active
2020-02-01 22:36:28.102   CNC 15   INF   Workplace not active, stopped running
2020-02-01 22:36:28.104   CNC 15   INF   Workplace started running
2020-02-01 22:36:28.325   CNC 15   INF   Download and sort of length 3 takes: 221.643405ms
2020-02-01 22:36:28.473   CNC 15   INF   Changing state ==> Downtime at 2020-02-01 22:36:23.599585 +0100 CET
2020-02-01 22:36:28.561   CNC 15   INF   Changing state ==> Production at 2020-02-01 22:36:23.599585 +0100 CET
2020-02-01 22:36:28.615   CNC 15   INF   Changing state ==> Poweroff at 2020-02-01 22:36:24.599585 +0100 CET
2020-02-01 22:36:28.653   CNC 15   INF   Processing takes 549.684452ms
2020-02-01 22:36:28.653   CNC 15   INF   Sleeping for 9.450187836s
2020-02-01 22:36:38.105   CNC 15   INF   Workplace not active
2020-02-01 22:36:38.105   CNC 15   INF   Workplace not active, stopped running
2020-02-01 22:36:38.109   CNC 15   INF   Workplace started running
2020-02-01 22:36:38.298   CNC 15   INF   Download and sort of length 0 takes: 189.439103ms
2020-02-01 22:36:38.496   CNC 15   INF   Processing takes 386.615796ms
2020-02-01 22:36:38.496   CNC 15   INF   Sleeping for 9.613198074s
2020-02-01 22:36:48.114   CNC 15   INF   Workplace still active
2020-02-01 22:36:48.421   CNC 15   INF   Download and sort of length 0 takes: 306.715736ms
2020-02-01 22:36:48.761   CNC 15   INF   Processing takes 646.883538ms
2020-02-01 22:36:48.761   CNC 15   INF   Sleeping for 9.352703865s
2020-02-01 22:36:58.116   CNC 15   INF   Workplace still active
2020-02-01 22:36:58.322   CNC 15   INF   Download and sort of length 0 takes: 206.419983ms
2020-02-01 22:36:58.613   CNC 15   INF   Processing takes 496.758495ms
2020-02-01 22:36:58.613   CNC 15   INF   Sleeping for 9.503055197s
2020-02-01 22:37:08.122   CNC 15   INF   Workplace still active
2020-02-01 22:37:08.563   CNC 15   INF   Download and sort of length 0 takes: 441.062602ms
2020-02-01 22:37:08.788   CNC 15   INF   Processing takes 665.543067ms
2020-02-01 22:37:08.788   CNC 15   INF   Sleeping for 9.334339187s
2020-02-01 22:37:21.519   CNC 15   INF   Workplace started running
2020-02-01 22:37:21.778   CNC 15   INF   Download and sort of length 27 takes: 259.142451ms
2020-02-01 22:37:21.969   CNC 15   INF   Changing state ==> Production at 2020-02-01 22:35:03.526675 +0100 CET
2020-02-01 22:37:22.151   CNC 15   INF   Changing state ==> Downtime at 2020-02-01 22:35:04.526675 +0100 CET
2020-02-01 22:37:22.327   CNC 15   INF   Changing state ==> Production at 2020-02-01 22:35:13.540669 +0100 CET
2020-02-01 22:37:22.646   CNC 15   INF   Changing state ==> Downtime at 2020-02-01 22:35:14.540669 +0100 CET
2020-02-01 22:38:13.308   CNC 15   INF   Workplace started running
2020-02-01 22:38:13.540   CNC 15   INF   Download and sort of length 0 takes: 231.629143ms
2020-02-01 22:38:13.711   CNC 15   INF   Changing state ==> Poweroff at 0001-01-01 00:00:00 +0000 UTC
2020-02-01 22:38:13.885   CNC 15   INF   Processing takes 575.986201ms
2020-02-01 22:38:13.885   CNC 15   INF   Sleeping for 9.423563291s
2020-02-01 22:38:23.313   CNC 15   INF   Workplace still active
2020-02-01 22:38:23.701   CNC 15   INF   Download and sort of length 0 takes: 387.591002ms
2020-02-01 22:38:23.938   CNC 15   INF   Processing takes 624.390651ms
2020-02-01 22:38:23.938   CNC 15   INF   Sleeping for 9.375422065s
2020-02-01 22:38:33.314   CNC 15   INF   Workplace still active
2020-02-01 22:38:33.527   CNC 15   INF   Download and sort of length 3 takes: 212.446988ms
2020-02-01 22:38:33.702   CNC 15   INF   Changing state ==> Downtime at 2020-02-01 22:38:26.421359 +0100 CET
2020-02-01 22:38:33.899   CNC 15   INF   Changing state ==> Production at 2020-02-01 22:38:26.421359 +0100 CET
2020-02-01 22:38:34.066   CNC 15   INF   Changing state ==> Poweroff at 2020-02-01 22:38:27.421359 +0100 CET
2020-02-01 22:38:34.204   CNC 15   INF   Processing takes 890.133672ms
2020-02-01 22:38:34.204   CNC 15   INF   Sleeping for 9.109682412s
