2020-02-01 07:33:41.337   CNC 18   INF   Workplace started running
2020-02-01 07:33:41.636   CNC 18   INF   Download and sort of length 832 takes: 299.594194ms
2020-02-01 07:33:41.931   CNC 18   INF   Processing takes 593.815677ms
2020-02-01 07:33:41.932   CNC 18   INF   Sleeping for 9.405323753s
2020-02-01 07:41:45.558   CNC 18   INF   Workplace started running
2020-02-01 07:41:45.965   CNC 18   INF   Download and sort of length 898 takes: 407.436844ms
2020-02-01 07:41:46.092   CNC 18   INF   Processing takes 534.637341ms
2020-02-01 07:41:46.093   CNC 18   INF   Sleeping for 9.465097715s
2020-02-01 07:42:24.380   CNC 18   INF   Workplace started running
2020-02-01 07:42:24.739   CNC 18   INF   Download and sort of length 0 takes: 358.80552ms
2020-02-01 07:42:25.015   CNC 18   INF   Processing takes 635.193937ms
2020-02-01 07:42:25.015   CNC 18   INF   Sleeping for 9.364690066s
2020-02-01 18:40:40.707   CNC 18   INF   Workplace started running
2020-02-01 18:40:40.804   CNC 18   INF   Download and sort of length 0 takes: 96.166014ms
2020-02-01 18:40:41.095   CNC 18   INF   Processing takes 386.825366ms
2020-02-01 18:40:41.095   CNC 18   INF   Sleeping for 9.613002672s
2020-02-01 19:21:13.436   CNC 18   INF   Workplace started running
2020-02-01 19:21:13.892   CNC 18   INF   Download and sort of length 0 takes: 455.659138ms
2020-02-01 19:21:14.034   CNC 18   INF   Processing takes 597.683552ms
2020-02-01 19:21:14.034   CNC 18   INF   Sleeping for 9.402143801s
2020-02-01 19:21:23.440   CNC 18   INF   Workplace still active
2020-02-01 19:21:23.734   CNC 18   INF   Download and sort of length 0 takes: 293.167719ms
2020-02-01 19:21:23.887   CNC 18   INF   Processing takes 446.028143ms
2020-02-01 19:21:23.887   CNC 18   INF   Sleeping for 9.553815882s
2020-02-01 19:21:33.444   CNC 18   INF   Workplace still active
2020-02-01 19:21:33.618   CNC 18   INF   Download and sort of length 0 takes: 174.186163ms
2020-02-01 19:21:33.802   CNC 18   INF   Processing takes 358.524473ms
2020-02-01 19:21:33.802   CNC 18   INF   Sleeping for 9.641356088s
2020-02-01 19:21:43.448   CNC 18   INF   Workplace still active
2020-02-01 19:21:43.656   CNC 18   INF   Download and sort of length 0 takes: 207.26176ms
2020-02-01 19:21:43.909   CNC 18   INF   Processing takes 460.362172ms
2020-02-01 19:21:43.909   CNC 18   INF   Sleeping for 9.539273832s
2020-02-01 19:21:53.449   CNC 18   INF   Workplace still active
2020-02-01 19:21:53.837   CNC 18   INF   Download and sort of length 0 takes: 388.394133ms
2020-02-01 19:21:53.972   CNC 18   INF   Processing takes 522.397485ms
2020-02-01 19:21:53.972   CNC 18   INF   Sleeping for 9.477370966s
2020-02-01 21:41:49.778   CNC 18   INF   Workplace started running
2020-02-01 21:41:50.209   CNC 18   INF   Download and sort of length 18 takes: 430.101823ms
2020-02-01 21:41:50.533   CNC 18   INF   Changing state ==> Production at 2020-02-01 21:40:57.852596 +0100 CET
2020-02-01 21:41:50.606   CNC 18   INF   Processing takes 827.882197ms
2020-02-01 21:41:50.606   CNC 18   INF   Sleeping for 9.171970545s
2020-02-01 21:41:59.780   CNC 18   INF   Workplace still active
2020-02-01 21:41:59.999   CNC 18   INF   Download and sort of length 19 takes: 218.949852ms
2020-02-01 21:42:00.312   CNC 18   INF   Processing takes 531.515555ms
2020-02-01 21:42:00.312   CNC 18   INF   Sleeping for 9.468286888s
2020-02-01 22:36:18.099   CNC 18   INF   Workplace started running
2020-02-01 22:36:18.529   CNC 18   INF   Download and sort of length 24 takes: 429.508683ms
2020-02-01 22:36:18.885   CNC 18   INF   Changing state ==> Production at 2020-02-01 22:35:03.557461 +0100 CET
2020-02-01 22:36:19.120   CNC 18   INF   Changing state ==> Downtime at 2020-02-01 22:35:04.557461 +0100 CET
2020-02-01 22:36:19.279   CNC 18   INF   Changing state ==> Production at 2020-02-01 22:35:13.523978 +0100 CET
2020-02-01 22:36:19.403   CNC 18   INF   Changing state ==> Downtime at 2020-02-01 22:35:14.523978 +0100 CET
2020-02-01 22:36:19.528   CNC 18   INF   Changing state ==> Production at 2020-02-01 22:35:23.545295 +0100 CET
2020-02-01 22:36:19.618   CNC 18   INF   Changing state ==> Downtime at 2020-02-01 22:36:04.663033 +0100 CET
2020-02-01 22:36:19.732   CNC 18   INF   Changing state ==> Production at 2020-02-01 22:36:13.566221 +0100 CET
2020-02-01 22:36:19.851   CNC 18   INF   Changing state ==> Poweroff at 2020-02-01 22:36:14.566221 +0100 CET
2020-02-01 22:36:19.969   CNC 18   INF   Processing takes 1.870190667s
2020-02-01 22:36:19.969   CNC 18   INF   Sleeping for 8.129696457s
2020-02-01 22:36:28.103   CNC 18   INF   Workplace not active
2020-02-01 22:36:28.103   CNC 18   INF   Workplace not active, stopped running
2020-02-01 22:36:28.104   CNC 18   INF   Workplace started running
2020-02-01 22:36:28.419   CNC 18   INF   Download and sort of length 3 takes: 314.956735ms
2020-02-01 22:36:28.566   CNC 18   INF   Changing state ==> Downtime at 2020-02-01 22:36:23.565433 +0100 CET
2020-02-01 22:36:28.636   CNC 18   INF   Changing state ==> Production at 2020-02-01 22:36:23.565433 +0100 CET
2020-02-01 22:36:28.670   CNC 18   INF   Changing state ==> Poweroff at 2020-02-01 22:36:24.565433 +0100 CET
2020-02-01 22:36:28.707   CNC 18   INF   Processing takes 602.663384ms
2020-02-01 22:36:28.707   CNC 18   INF   Sleeping for 9.397218438s
2020-02-01 22:36:38.105   CNC 18   INF   Workplace not active
2020-02-01 22:36:38.105   CNC 18   INF   Workplace not active, stopped running
2020-02-01 22:36:38.109   CNC 18   INF   Workplace started running
2020-02-01 22:36:38.367   CNC 18   INF   Download and sort of length 0 takes: 257.294587ms
2020-02-01 22:36:38.625   CNC 18   INF   Processing takes 515.883413ms
2020-02-01 22:36:38.626   CNC 18   INF   Sleeping for 9.483887797s
2020-02-01 22:36:48.114   CNC 18   INF   Workplace still active
2020-02-01 22:36:48.478   CNC 18   INF   Download and sort of length 0 takes: 364.060072ms
2020-02-01 22:36:48.780   CNC 18   INF   Processing takes 666.554593ms
2020-02-01 22:36:48.781   CNC 18   INF   Sleeping for 9.333132611s
2020-02-01 22:36:58.116   CNC 18   INF   Workplace still active
2020-02-01 22:36:58.471   CNC 18   INF   Download and sort of length 0 takes: 354.720381ms
2020-02-01 22:36:58.690   CNC 18   INF   Processing takes 573.670786ms
2020-02-01 22:36:58.690   CNC 18   INF   Sleeping for 9.425941211s
2020-02-01 22:37:08.122   CNC 18   INF   Workplace still active
2020-02-01 22:37:08.721   CNC 18   INF   Download and sort of length 0 takes: 598.083261ms
2020-02-01 22:37:08.942   CNC 18   INF   Processing takes 819.711619ms
2020-02-01 22:37:08.943   CNC 18   INF   Sleeping for 9.18005159s
2020-02-01 22:37:21.519   CNC 18   INF   Workplace started running
2020-02-01 22:37:21.670   CNC 18   INF   Download and sort of length 27 takes: 151.047611ms
2020-02-01 22:37:21.942   CNC 18   INF   Changing state ==> Production at 2020-02-01 22:35:03.557461 +0100 CET
2020-02-01 22:37:22.237   CNC 18   INF   Changing state ==> Downtime at 2020-02-01 22:35:04.557461 +0100 CET
2020-02-01 22:37:22.433   CNC 18   INF   Changing state ==> Production at 2020-02-01 22:35:13.523978 +0100 CET
2020-02-01 22:37:22.595   CNC 18   INF   Changing state ==> Downtime at 2020-02-01 22:35:14.523978 +0100 CET
2020-02-01 22:38:13.309   CNC 18   INF   Workplace started running
2020-02-01 22:38:13.504   CNC 18   INF   Download and sort of length 0 takes: 195.218239ms
2020-02-01 22:38:13.770   CNC 18   INF   Changing state ==> Poweroff at 0001-01-01 00:00:00 +0000 UTC
2020-02-01 22:38:13.977   CNC 18   INF   Processing takes 668.480953ms
2020-02-01 22:38:13.977   CNC 18   INF   Sleeping for 9.331353429s
2020-02-01 22:38:23.313   CNC 18   INF   Workplace still active
2020-02-01 22:38:23.581   CNC 18   INF   Download and sort of length 0 takes: 267.813228ms
2020-02-01 22:38:23.919   CNC 18   INF   Processing takes 605.658683ms
2020-02-01 22:38:23.920   CNC 18   INF   Sleeping for 9.393984723s
2020-02-01 22:38:33.314   CNC 18   INF   Workplace still active
2020-02-01 22:38:33.615   CNC 18   INF   Download and sort of length 3 takes: 301.145915ms
2020-02-01 22:38:33.825   CNC 18   INF   Changing state ==> Downtime at 2020-02-01 22:38:26.392953 +0100 CET
2020-02-01 22:38:34.033   CNC 18   INF   Changing state ==> Production at 2020-02-01 22:38:26.392953 +0100 CET
2020-02-01 22:38:34.182   CNC 18   INF   Changing state ==> Poweroff at 2020-02-01 22:38:27.392953 +0100 CET
2020-02-01 22:38:34.277   CNC 18   INF   Processing takes 962.723554ms
2020-02-01 22:38:34.277   CNC 18   INF   Sleeping for 9.037120675s
