2020-02-29 10:22:43.523   CNC 12   INF   Workplace started running
2020-02-29 10:22:43.723   CNC 12   INF   Download and sort of length 9 takes: 199.432291ms
2020-02-29 10:22:43.925   CNC 12   INF   Changing state ==> Downtime at 2020-02-29 10:01:05.155366 +0100 CET
2020-02-29 10:22:44.143   CNC 12   INF   Changing state ==> Production at 2020-02-29 10:01:05.155366 +0100 CET
2020-02-29 10:22:44.322   CNC 12   INF   Changing state ==> Poweroff at 2020-02-29 10:01:26.096844 +0100 CET
2020-02-29 10:22:44.539   CNC 12   INF   Processing takes 1.015229332s
2020-02-29 10:22:44.539   CNC 12   INF   Sleeping for 8.984107783s
2020-02-29 10:22:53.524   CNC 12   INF   Workplace still active
2020-02-29 10:22:53.524   CNC 12   INF   Workplace not active, stopped running
2020-02-29 10:22:53.529   CNC 12   INF   Workplace started running
2020-02-29 10:22:53.529   CNC 12   INF   Workplace not active, stopped running
2020-02-29 10:23:04.082   CNC 12   INF   Workplace started running
2020-02-29 10:23:04.157   CNC 12   INF   Download and sort of length 2 takes: 74.403744ms
2020-02-29 10:23:04.538   CNC 12   INF   Changing state ==> Downtime at 2020-02-29 10:01:51 +0100 CET
2020-02-29 10:23:04.791   CNC 12   INF   Changing state ==> Poweroff at 2020-02-29 10:02:01 +0100 CET
2020-02-29 10:23:05.020   CNC 12   INF   Processing takes 936.918891ms
2020-02-29 10:23:05.020   CNC 12   INF   Sleeping for 9.062920169s
2020-02-29 10:23:14.083   CNC 12   INF   Workplace still active
2020-02-29 10:23:14.083   CNC 12   INF   Workplace not active, stopped running
2020-02-29 10:23:14.087   CNC 12   INF   Workplace started running
2020-02-29 10:23:14.087   CNC 12   INF   Workplace not active, stopped running
2020-02-29 10:23:21.930   CNC 12   INF   Workplace started running
2020-02-29 10:23:22.103   CNC 12   INF   Download and sort of length 0 takes: 172.227746ms
2020-02-29 10:23:22.433   CNC 12   INF   Changing state ==> Poweroff at 0001-01-01 00:00:00 +0000 UTC
2020-02-29 10:23:22.637   CNC 12   INF   Processing takes 706.24274ms
2020-02-29 10:23:22.637   CNC 12   INF   Sleeping for 9.293055769s
2020-02-29 10:40:28.073   CNC 12   INF   Workplace started running
2020-02-29 10:40:28.073   CNC 12   INF   Adding data
2020-02-29 10:40:28.445   CNC 12   INF   Downloading poweroff records
2020-02-29 10:40:28.458   CNC 12   INF   Poweroff records downloaded, elapsed: 12.853406ms
2020-02-29 10:40:28.458   CNC 12   INF   Downloading production records
2020-02-29 10:40:28.486   CNC 12   INF   Production records downloaded, elapsed: 27.441565ms
2020-02-29 10:40:28.486   CNC 12   INF   Creating intermediate data
2020-02-29 10:40:28.486   CNC 12   INF   Intermediate data created, elapsed: 1.394µs
2020-02-29 10:40:28.486   CNC 12   INF   Data added, elapsed: 412.74737ms
2020-02-29 10:40:28.486   CNC 12   INF   Processing data
2020-02-29 10:40:28.804   CNC 12   INF   Data processed, elapsed: 317.413617ms
2020-02-29 10:40:28.804   CNC 12   INF   Sleeping for 9.269103492s
2020-02-29 10:40:38.073   CNC 12   INF   Workplace still active
2020-02-29 10:40:38.074   CNC 12   INF   Adding data
2020-02-29 10:40:38.236   CNC 12   INF   Downloading poweroff records
2020-02-29 10:40:38.267   CNC 12   INF   Poweroff records downloaded, elapsed: 31.119132ms
2020-02-29 10:40:38.267   CNC 12   INF   Downloading production records
2020-02-29 10:40:38.303   CNC 12   INF   Production records downloaded, elapsed: 36.02761ms
2020-02-29 10:40:38.303   CNC 12   INF   Creating intermediate data
2020-02-29 10:40:38.303   CNC 12   INF   Intermediate data created, elapsed: 1.375µs
2020-02-29 10:40:38.304   CNC 12   INF   Data added, elapsed: 229.894343ms
2020-02-29 10:40:38.304   CNC 12   INF   Processing data
2020-02-29 10:40:38.705   CNC 12   INF   Data processed, elapsed: 401.521415ms
2020-02-29 10:40:38.705   CNC 12   INF   Sleeping for 9.368044261s
2020-02-29 10:40:48.074   CNC 12   INF   Workplace still active
2020-02-29 10:40:48.074   CNC 12   INF   Adding data
2020-02-29 10:40:48.412   CNC 12   INF   Downloading poweroff records
2020-02-29 10:40:48.463   CNC 12   INF   Poweroff records downloaded, elapsed: 50.418421ms
2020-02-29 10:40:48.464   CNC 12   INF   Downloading production records
2020-02-29 10:40:48.486   CNC 12   INF   Production records downloaded, elapsed: 20.842855ms
2020-02-29 10:40:48.486   CNC 12   INF   Creating intermediate data
2020-02-29 10:40:48.486   CNC 12   INF   Intermediate data created, elapsed: 1.235µs
2020-02-29 10:40:48.486   CNC 12   INF   Data added, elapsed: 412.111338ms
2020-02-29 10:40:48.486   CNC 12   INF   Processing data
2020-02-29 10:40:48.885   CNC 12   INF   Data processed, elapsed: 398.288129ms
2020-02-29 10:40:48.885   CNC 12   INF   Sleeping for 9.189048369s
2020-02-29 10:40:58.074   CNC 12   INF   Workplace still active
2020-02-29 10:40:58.074   CNC 12   INF   Adding data
2020-02-29 10:40:58.218   CNC 12   INF   Downloading poweroff records
2020-02-29 10:40:58.276   CNC 12   INF   Poweroff records downloaded, elapsed: 58.268369ms
2020-02-29 10:40:58.276   CNC 12   INF   Downloading production records
2020-02-29 10:40:58.346   CNC 12   INF   Production records downloaded, elapsed: 69.745991ms
2020-02-29 10:40:58.346   CNC 12   INF   Creating intermediate data
2020-02-29 10:40:58.347   CNC 12   INF   Intermediate data created, elapsed: 1.195µs
2020-02-29 10:40:58.347   CNC 12   INF   Data added, elapsed: 272.08903ms
2020-02-29 10:40:58.347   CNC 12   INF   Processing data
2020-02-29 10:40:58.671   CNC 12   INF   Data processed, elapsed: 324.19379ms
2020-02-29 10:40:58.671   CNC 12   INF   Sleeping for 9.403178537s
2020-02-29 10:41:08.075   CNC 12   INF   Workplace still active
2020-02-29 10:41:08.075   CNC 12   INF   Adding data
2020-02-29 10:41:08.513   CNC 12   INF   Downloading poweroff records
2020-02-29 10:41:08.554   CNC 12   INF   Poweroff records downloaded, elapsed: 40.678096ms
2020-02-29 10:41:08.554   CNC 12   INF   Downloading production records
2020-02-29 10:41:08.589   CNC 12   INF   Production records downloaded, elapsed: 34.76998ms
2020-02-29 10:41:08.589   CNC 12   INF   Creating intermediate data
2020-02-29 10:41:08.589   CNC 12   INF   Intermediate data created, elapsed: 1.978µs
2020-02-29 10:41:08.589   CNC 12   INF   Data added, elapsed: 514.078643ms
2020-02-29 10:41:08.589   CNC 12   INF   Processing data
2020-02-29 10:41:08.821   CNC 12   INF   Data processed, elapsed: 232.021148ms
2020-02-29 10:41:08.822   CNC 12   INF   Sleeping for 9.253337429s
2020-02-29 10:41:18.075   CNC 12   INF   Workplace still active
2020-02-29 10:41:18.075   CNC 12   INF   Adding data
2020-02-29 10:41:18.116   CNC 12   INF   Downloading poweroff records
2020-02-29 10:41:18.120   CNC 12   INF   Poweroff records downloaded, elapsed: 3.955332ms
2020-02-29 10:41:18.120   CNC 12   INF   Downloading production records
2020-02-29 10:41:18.125   CNC 12   INF   Production records downloaded, elapsed: 4.724105ms
2020-02-29 10:41:18.125   CNC 12   INF   Creating intermediate data
2020-02-29 10:41:18.125   CNC 12   INF   Intermediate data created, elapsed: 640ns
2020-02-29 10:41:18.125   CNC 12   INF   Data added, elapsed: 49.578692ms
2020-02-29 10:41:18.125   CNC 12   INF   Processing data
2020-02-29 10:41:18.496   CNC 12   INF   Data processed, elapsed: 370.768887ms
2020-02-29 10:41:18.496   CNC 12   INF   Sleeping for 9.579209268s
2020-02-29 10:41:28.076   CNC 12   INF   Workplace still active
2020-02-29 10:41:28.076   CNC 12   INF   Adding data
2020-02-29 10:41:28.127   CNC 12   INF   Downloading poweroff records
2020-02-29 10:41:28.140   CNC 12   INF   Poweroff records downloaded, elapsed: 12.844895ms
2020-02-29 10:41:28.140   CNC 12   INF   Downloading production records
2020-02-29 10:41:28.149   CNC 12   INF   Production records downloaded, elapsed: 9.759396ms
2020-02-29 10:41:28.150   CNC 12   INF   Creating intermediate data
2020-02-29 10:41:28.150   CNC 12   INF   Intermediate data created, elapsed: 525ns
2020-02-29 10:41:28.150   CNC 12   INF   Data added, elapsed: 73.840825ms
2020-02-29 10:41:28.150   CNC 12   INF   Processing data
2020-02-29 10:41:28.363   CNC 12   INF   Data processed, elapsed: 212.66895ms
2020-02-29 10:41:28.364   CNC 12   INF   Sleeping for 9.712163239s
2020-02-29 10:41:38.076   CNC 12   INF   Workplace still active
2020-02-29 10:41:38.076   CNC 12   INF   Adding data
2020-02-29 10:41:38.134   CNC 12   INF   Downloading poweroff records
2020-02-29 10:41:38.165   CNC 12   INF   Poweroff records downloaded, elapsed: 31.529612ms
2020-02-29 10:41:38.165   CNC 12   INF   Downloading production records
2020-02-29 10:41:38.194   CNC 12   INF   Production records downloaded, elapsed: 28.00414ms
2020-02-29 10:41:38.194   CNC 12   INF   Creating intermediate data
2020-02-29 10:41:38.194   CNC 12   INF   Intermediate data created, elapsed: 2.155µs
2020-02-29 10:41:38.194   CNC 12   INF   Data added, elapsed: 117.246689ms
2020-02-29 10:41:38.194   CNC 12   INF   Processing data
2020-02-29 10:41:38.453   CNC 12   INF   Data processed, elapsed: 258.99673ms
2020-02-29 10:41:38.453   CNC 12   INF   Sleeping for 9.623235161s
2020-02-29 10:41:48.077   CNC 12   INF   Workplace still active
2020-02-29 10:41:48.077   CNC 12   INF   Adding data
2020-02-29 10:41:48.137   CNC 12   INF   Downloading poweroff records
2020-02-29 10:41:48.152   CNC 12   INF   Poweroff records downloaded, elapsed: 15.20736ms
2020-02-29 10:41:48.153   CNC 12   INF   Downloading production records
2020-02-29 10:41:48.167   CNC 12   INF   Production records downloaded, elapsed: 14.148717ms
2020-02-29 10:41:48.167   CNC 12   INF   Creating intermediate data
2020-02-29 10:41:48.167   CNC 12   INF   Intermediate data created, elapsed: 2.231µs
2020-02-29 10:41:48.167   CNC 12   INF   Data added, elapsed: 90.521164ms
2020-02-29 10:41:48.168   CNC 12   INF   Processing data
2020-02-29 10:41:48.583   CNC 12   INF   Data processed, elapsed: 415.731388ms
2020-02-29 10:41:48.584   CNC 12   INF   Sleeping for 9.493134027s
2020-02-29 10:41:58.077   CNC 12   INF   Workplace still active
2020-02-29 10:41:58.077   CNC 12   INF   Adding data
2020-02-29 10:41:58.123   CNC 12   INF   Downloading poweroff records
2020-02-29 10:41:58.128   CNC 12   INF   Poweroff records downloaded, elapsed: 4.286264ms
2020-02-29 10:41:58.128   CNC 12   INF   Downloading production records
2020-02-29 10:41:58.136   CNC 12   INF   Production records downloaded, elapsed: 8.229808ms
2020-02-29 10:41:58.136   CNC 12   INF   Creating intermediate data
2020-02-29 10:41:58.136   CNC 12   INF   Intermediate data created, elapsed: 457ns
2020-02-29 10:41:58.136   CNC 12   INF   Data added, elapsed: 58.850642ms
2020-02-29 10:41:58.136   CNC 12   INF   Processing data
2020-02-29 10:41:58.424   CNC 12   INF   Data processed, elapsed: 287.373387ms
2020-02-29 10:41:58.424   CNC 12   INF   Sleeping for 9.65303646s
2020-02-29 10:42:08.078   CNC 12   INF   Workplace still active
2020-02-29 10:42:08.078   CNC 12   INF   Adding data
2020-02-29 10:42:08.128   CNC 12   INF   Downloading poweroff records
2020-02-29 10:42:08.140   CNC 12   INF   Poweroff records downloaded, elapsed: 12.048538ms
2020-02-29 10:42:08.141   CNC 12   INF   Downloading production records
2020-02-29 10:42:08.158   CNC 12   INF   Production records downloaded, elapsed: 17.271665ms
2020-02-29 10:42:08.158   CNC 12   INF   Creating intermediate data
2020-02-29 10:42:08.158   CNC 12   INF   Intermediate data created, elapsed: 1.269µs
2020-02-29 10:42:08.158   CNC 12   INF   Data added, elapsed: 80.675506ms
2020-02-29 10:42:08.159   CNC 12   INF   Processing data
2020-02-29 10:42:08.488   CNC 12   INF   Data processed, elapsed: 329.062814ms
2020-02-29 10:42:08.488   CNC 12   INF   Sleeping for 9.589711968s
2020-02-29 10:42:18.079   CNC 12   INF   Workplace still active
2020-02-29 10:42:18.079   CNC 12   INF   Adding data
2020-02-29 10:42:18.159   CNC 12   INF   Downloading poweroff records
2020-02-29 10:42:18.187   CNC 12   INF   Poweroff records downloaded, elapsed: 27.068559ms
2020-02-29 10:42:18.187   CNC 12   INF   Downloading production records
2020-02-29 10:42:18.221   CNC 12   INF   Production records downloaded, elapsed: 34.336203ms
2020-02-29 10:42:18.222   CNC 12   INF   Creating intermediate data
2020-02-29 10:42:18.222   CNC 12   INF   Intermediate data created, elapsed: 1.382µs
2020-02-29 10:42:18.222   CNC 12   INF   Data added, elapsed: 142.28484ms
2020-02-29 10:42:18.222   CNC 12   INF   Processing data
2020-02-29 10:42:18.637   CNC 12   INF   Data processed, elapsed: 414.953554ms
2020-02-29 10:42:18.638   CNC 12   INF   Sleeping for 9.441078759s
2020-02-29 10:42:28.080   CNC 12   INF   Workplace still active
2020-02-29 10:42:28.080   CNC 12   INF   Adding data
2020-02-29 10:42:28.131   CNC 12   INF   Downloading poweroff records
2020-02-29 10:42:28.147   CNC 12   INF   Poweroff records downloaded, elapsed: 15.827439ms
2020-02-29 10:42:28.147   CNC 12   INF   Downloading production records
2020-02-29 10:42:28.199   CNC 12   INF   Production records downloaded, elapsed: 52.04341ms
2020-02-29 10:42:28.199   CNC 12   INF   Creating intermediate data
2020-02-29 10:42:28.199   CNC 12   INF   Intermediate data created, elapsed: 1.18µs
2020-02-29 10:42:28.200   CNC 12   INF   Data added, elapsed: 119.444965ms
2020-02-29 10:42:28.200   CNC 12   INF   Processing data
2020-02-29 10:42:28.711   CNC 12   INF   Data processed, elapsed: 511.035209ms
2020-02-29 10:42:28.712   CNC 12   INF   Sleeping for 9.368530042s
2020-02-29 10:42:38.083   CNC 12   INF   Workplace still active
2020-02-29 10:42:38.083   CNC 12   INF   Workplace not active, stopped running
2020-02-29 10:42:38.107   CNC 12   INF   Workplace started running
2020-02-29 10:42:38.107   CNC 12   INF   Workplace not active, stopped running
2020-02-29 10:42:47.148   CNC 12   INF   Workplace started running
2020-02-29 10:42:47.148   CNC 12   INF   Starting workplace loop
2020-02-29 10:42:47.148   CNC 12   INF   Adding data
2020-02-29 10:42:47.264   CNC 12   INF   Downloading poweroff records
2020-02-29 10:42:47.282   CNC 12   INF   Poweroff records downloaded, elapsed: 17.229626ms
2020-02-29 10:42:47.282   CNC 12   INF   Downloading production records
2020-02-29 10:42:47.321   CNC 12   INF   Production records downloaded, elapsed: 39.093579ms
2020-02-29 10:42:47.321   CNC 12   INF   Creating intermediate data
2020-02-29 10:42:47.321   CNC 12   INF   Intermediate data created, elapsed: 1.151µs
2020-02-29 10:42:47.321   CNC 12   INF   Data added, elapsed: 172.691509ms
2020-02-29 10:42:47.321   CNC 12   INF   Processing data
2020-02-29 10:42:47.702   CNC 12   INF   Data processed, elapsed: 379.985257ms
2020-02-29 10:42:47.703   CNC 12   INF   Sleeping for 9.445746212s
2020-02-29 10:42:57.151   CNC 12   INF   Workplace still active
2020-02-29 10:42:57.151   CNC 12   INF   Loop ended, elapsed: 10.002460545s
2020-02-29 10:42:57.151   CNC 12   INF   Starting workplace loop
2020-02-29 10:42:57.151   CNC 12   INF   Adding data
2020-02-29 10:42:57.243   CNC 12   INF   Downloading poweroff records
2020-02-29 10:42:57.260   CNC 12   INF   Poweroff records downloaded, elapsed: 16.628622ms
2020-02-29 10:42:57.260   CNC 12   INF   Downloading production records
2020-02-29 10:42:57.268   CNC 12   INF   Production records downloaded, elapsed: 7.80107ms
2020-02-29 10:42:57.268   CNC 12   INF   Creating intermediate data
2020-02-29 10:42:57.268   CNC 12   INF   Intermediate data created, elapsed: 1.226µs
2020-02-29 10:42:57.268   CNC 12   INF   Data added, elapsed: 116.780915ms
2020-02-29 10:42:57.268   CNC 12   INF   Processing data
2020-02-29 10:42:57.688   CNC 12   INF   Data processed, elapsed: 419.331175ms
2020-02-29 10:42:57.688   CNC 12   INF   Sleeping for 9.463283858s
2020-02-29 10:43:07.151   CNC 12   INF   Workplace still active
2020-02-29 10:43:07.151   CNC 12   INF   Loop ended, elapsed: 10.00021764s
2020-02-29 10:43:07.152   CNC 12   INF   Starting workplace loop
2020-02-29 10:43:07.152   CNC 12   INF   Adding data
2020-02-29 10:43:07.315   CNC 12   INF   Downloading poweroff records
2020-02-29 10:43:07.322   CNC 12   INF   Poweroff records downloaded, elapsed: 6.747453ms
2020-02-29 10:43:07.322   CNC 12   INF   Downloading production records
2020-02-29 10:43:07.330   CNC 12   INF   Production records downloaded, elapsed: 7.621413ms
2020-02-29 10:43:07.330   CNC 12   INF   Creating intermediate data
2020-02-29 10:43:07.330   CNC 12   INF   Intermediate data created, elapsed: 1.232µs
2020-02-29 10:43:07.330   CNC 12   INF   Data added, elapsed: 177.98938ms
2020-02-29 10:43:07.330   CNC 12   INF   Processing data
2020-02-29 10:43:07.698   CNC 12   INF   Data processed, elapsed: 367.945427ms
2020-02-29 10:43:07.698   CNC 12   INF   Sleeping for 9.453442816s
2020-02-29 10:43:17.152   CNC 12   INF   Workplace still active
2020-02-29 10:43:17.152   CNC 12   INF   Loop ended, elapsed: 10.000223608s
2020-02-29 10:43:17.152   CNC 12   INF   Starting workplace loop
2020-02-29 10:43:17.152   CNC 12   INF   Adding data
2020-02-29 10:43:17.253   CNC 12   INF   Downloading poweroff records
2020-02-29 10:43:17.268   CNC 12   INF   Poweroff records downloaded, elapsed: 14.464584ms
2020-02-29 10:43:17.268   CNC 12   INF   Downloading production records
2020-02-29 10:43:17.277   CNC 12   INF   Production records downloaded, elapsed: 8.755278ms
2020-02-29 10:43:17.277   CNC 12   INF   Creating intermediate data
2020-02-29 10:43:17.277   CNC 12   INF   Intermediate data created, elapsed: 1.107µs
2020-02-29 10:43:17.277   CNC 12   INF   Data added, elapsed: 125.172453ms
2020-02-29 10:43:17.277   CNC 12   INF   Processing data
2020-02-29 10:43:17.691   CNC 12   INF   Data processed, elapsed: 413.507724ms
2020-02-29 10:43:17.691   CNC 12   INF   Sleeping for 9.460920135s
2020-02-29 10:43:27.153   CNC 12   INF   Workplace still active
2020-02-29 10:43:27.153   CNC 12   INF   Loop ended, elapsed: 10.000943342s
2020-02-29 10:43:27.153   CNC 12   INF   Starting workplace loop
2020-02-29 10:43:27.153   CNC 12   INF   Adding data
2020-02-29 10:43:27.231   CNC 12   INF   Downloading poweroff records
2020-02-29 10:43:27.245   CNC 12   INF   Poweroff records downloaded, elapsed: 13.734819ms
2020-02-29 10:43:27.245   CNC 12   INF   Downloading production records
2020-02-29 10:43:27.276   CNC 12   INF   Production records downloaded, elapsed: 30.370565ms
2020-02-29 10:43:27.276   CNC 12   INF   Creating intermediate data
2020-02-29 10:43:27.276   CNC 12   INF   Intermediate data created, elapsed: 1.099µs
2020-02-29 10:43:27.276   CNC 12   INF   Data added, elapsed: 122.629615ms
2020-02-29 10:43:27.276   CNC 12   INF   Processing data
2020-02-29 10:43:27.604   CNC 12   INF   Data processed, elapsed: 328.119163ms
2020-02-29 10:43:27.605   CNC 12   INF   Sleeping for 9.548758285s
2020-02-29 10:43:37.154   CNC 12   INF   Workplace still active
2020-02-29 10:43:37.154   CNC 12   INF   Loop ended, elapsed: 10.000396803s
2020-02-29 10:43:37.154   CNC 12   INF   Workplace not active, stopped running
2020-02-29 10:43:37.169   CNC 12   INF   Workplace started running
2020-02-29 10:43:37.169   CNC 12   INF   Workplace not active, stopped running
2020-02-29 10:43:50.645   CNC 12   INF   Workplace started running
2020-02-29 10:43:50.645   CNC 12   INF   Starting workplace loop
2020-02-29 10:43:50.646   CNC 12   INF   Adding data
2020-02-29 10:43:50.814   CNC 12   INF   Downloading poweroff records
2020-02-29 10:43:50.882   CNC 12   INF   Poweroff records downloaded, elapsed: 68.201997ms
2020-02-29 10:43:50.882   CNC 12   INF   Downloading production records
2020-02-29 10:43:50.908   CNC 12   INF   Production records downloaded, elapsed: 25.332666ms
2020-02-29 10:43:50.908   CNC 12   INF   Creating intermediate data
2020-02-29 10:43:50.908   CNC 12   INF   Intermediate data created, elapsed: 1.216µs
2020-02-29 10:43:50.908   CNC 12   INF   Data added, elapsed: 262.532838ms
2020-02-29 10:43:50.908   CNC 12   INF   Processing data
2020-02-29 10:43:51.289   CNC 12   INF   Data processed, elapsed: 380.675701ms
2020-02-29 10:43:51.289   CNC 12   INF   Loop ended, elapsed: 643.722808ms
2020-02-29 10:43:51.289   CNC 12   INF   Sleeping for 9.356174347s
2020-02-29 10:44:00.646   CNC 12   INF   Workplace still active
2020-02-29 10:44:00.646   CNC 12   INF   Starting workplace loop
2020-02-29 10:44:00.646   CNC 12   INF   Adding data
2020-02-29 10:44:00.673   CNC 12   INF   Downloading poweroff records
2020-02-29 10:44:00.680   CNC 12   INF   Poweroff records downloaded, elapsed: 7.433094ms
2020-02-29 10:44:00.680   CNC 12   INF   Downloading production records
2020-02-29 10:44:00.687   CNC 12   INF   Production records downloaded, elapsed: 6.638796ms
2020-02-29 10:44:00.687   CNC 12   INF   Creating intermediate data
2020-02-29 10:44:00.687   CNC 12   INF   Intermediate data created, elapsed: 1.087µs
2020-02-29 10:44:00.687   CNC 12   INF   Data added, elapsed: 40.958032ms
2020-02-29 10:44:00.687   CNC 12   INF   Processing data
2020-02-29 10:44:01.009   CNC 12   INF   Data processed, elapsed: 321.258525ms
2020-02-29 10:44:01.009   CNC 12   INF   Loop ended, elapsed: 363.001039ms
2020-02-29 10:44:01.010   CNC 12   INF   Sleeping for 9.636698673s
2020-02-29 10:44:10.647   CNC 12   INF   Workplace still active
2020-02-29 10:44:10.647   CNC 12   INF   Starting workplace loop
2020-02-29 10:44:10.647   CNC 12   INF   Adding data
2020-02-29 10:44:10.721   CNC 12   INF   Downloading poweroff records
2020-02-29 10:44:10.726   CNC 12   INF   Poweroff records downloaded, elapsed: 4.391067ms
2020-02-29 10:44:10.726   CNC 12   INF   Downloading production records
2020-02-29 10:44:10.734   CNC 12   INF   Production records downloaded, elapsed: 7.707426ms
2020-02-29 10:44:10.734   CNC 12   INF   Creating intermediate data
2020-02-29 10:44:10.734   CNC 12   INF   Intermediate data created, elapsed: 1.365µs
2020-02-29 10:44:10.734   CNC 12   INF   Data added, elapsed: 87.248421ms
2020-02-29 10:44:10.734   CNC 12   INF   Processing data
2020-02-29 10:44:11.109   CNC 12   INF   Data processed, elapsed: 374.583657ms
2020-02-29 10:44:11.109   CNC 12   INF   Loop ended, elapsed: 462.358319ms
2020-02-29 10:44:11.109   CNC 12   INF   Sleeping for 9.537564672s
2020-02-29 10:44:20.647   CNC 12   INF   Workplace still active
2020-02-29 10:44:20.648   CNC 12   INF   Starting workplace loop
2020-02-29 10:44:20.648   CNC 12   INF   Adding data
2020-02-29 10:44:20.751   CNC 12   INF   Downloading poweroff records
2020-02-29 10:44:20.769   CNC 12   INF   Poweroff records downloaded, elapsed: 18.093023ms
2020-02-29 10:44:20.769   CNC 12   INF   Downloading production records
2020-02-29 10:44:20.789   CNC 12   INF   Production records downloaded, elapsed: 20.147425ms
2020-02-29 10:44:20.790   CNC 12   INF   Creating intermediate data
2020-02-29 10:44:20.790   CNC 12   INF   Intermediate data created, elapsed: 4.411µs
2020-02-29 10:44:20.790   CNC 12   INF   Data added, elapsed: 142.156279ms
2020-02-29 10:44:20.790   CNC 12   INF   Processing data
2020-02-29 10:44:21.137   CNC 12   INF   Data processed, elapsed: 346.769239ms
2020-02-29 10:44:21.137   CNC 12   INF   Loop ended, elapsed: 489.5766ms
2020-02-29 10:44:21.138   CNC 12   INF   Sleeping for 9.510325053s
2020-02-29 10:44:30.648   CNC 12   INF   Workplace still active
2020-02-29 10:44:30.648   CNC 12   INF   Workplace not active, stopped running
2020-02-29 10:44:30.670   CNC 12   INF   Workplace started running
2020-02-29 10:44:30.670   CNC 12   INF   Workplace not active, stopped running
2020-02-29 10:45:25.317   CNC 12   INF   Workplace started running
2020-02-29 10:45:25.318   CNC 12   INF   Starting workplace loop
2020-02-29 10:45:25.318   CNC 12   INF   Adding data
2020-02-29 10:45:25.405   CNC 12   INF   Downloading poweroff records
2020-02-29 10:45:25.505   CNC 12   INF   Poweroff records downloaded, elapsed: 99.164701ms
2020-02-29 10:45:25.505   CNC 12   INF   Downloading production records
2020-02-29 10:45:25.573   CNC 12   INF   Production records downloaded, elapsed: 68.022935ms
2020-02-29 10:45:25.573   CNC 12   INF   Creating intermediate data
2020-02-29 10:45:25.573   CNC 12   INF   Intermediate data created, elapsed: 1.13µs
2020-02-29 10:45:25.573   CNC 12   INF   Data added, elapsed: 255.215626ms
2020-02-29 10:45:25.573   CNC 12   INF   Processing data
2020-02-29 10:45:25.741   CNC 12   INF   Data processed, elapsed: 167.322563ms
2020-02-29 10:45:25.741   CNC 12   INF   Loop ended, elapsed: 423.150547ms
2020-02-29 10:45:25.741   CNC 12   INF   Sleeping for 9.576747972s
2020-02-29 10:45:35.318   CNC 12   INF   Workplace still active
2020-02-29 10:45:35.318   CNC 12   INF   Starting workplace loop
2020-02-29 10:45:35.319   CNC 12   INF   Adding data
2020-02-29 10:45:35.523   CNC 12   INF   Downloading poweroff records
2020-02-29 10:45:35.591   CNC 12   INF   Poweroff records downloaded, elapsed: 67.814274ms
2020-02-29 10:45:35.591   CNC 12   INF   Downloading production records
2020-02-29 10:45:35.668   CNC 12   INF   Production records downloaded, elapsed: 76.741182ms
2020-02-29 10:45:35.668   CNC 12   INF   Creating intermediate data
2020-02-29 10:45:35.668   CNC 12   INF   Intermediate data created, elapsed: 899ns
2020-02-29 10:45:35.668   CNC 12   INF   Data added, elapsed: 349.435396ms
2020-02-29 10:45:35.668   CNC 12   INF   Processing data
2020-02-29 10:45:35.880   CNC 12   INF   Data processed, elapsed: 211.97813ms
2020-02-29 10:45:35.881   CNC 12   INF   Loop ended, elapsed: 562.148799ms
2020-02-29 10:45:35.881   CNC 12   INF   Sleeping for 9.437724586s
2020-02-29 10:45:45.319   CNC 12   INF   Workplace still active
2020-02-29 10:45:45.319   CNC 12   INF   Starting workplace loop
2020-02-29 10:45:45.319   CNC 12   INF   Adding data
2020-02-29 10:45:45.433   CNC 12   INF   Downloading poweroff records
2020-02-29 10:45:45.498   CNC 12   INF   Poweroff records downloaded, elapsed: 64.661326ms
2020-02-29 10:45:45.499   CNC 12   INF   Downloading production records
2020-02-29 10:45:45.660   CNC 12   INF   Production records downloaded, elapsed: 160.994463ms
2020-02-29 10:45:45.660   CNC 12   INF   Creating intermediate data
2020-02-29 10:45:45.660   CNC 12   INF   Intermediate data created, elapsed: 1.337µs
2020-02-29 10:45:45.660   CNC 12   INF   Data added, elapsed: 340.82908ms
2020-02-29 10:45:45.660   CNC 12   INF   Processing data
2020-02-29 10:45:45.855   CNC 12   INF   Data processed, elapsed: 194.702252ms
2020-02-29 10:45:45.855   CNC 12   INF   Loop ended, elapsed: 536.167972ms
2020-02-29 10:45:45.855   CNC 12   INF   Sleeping for 9.463732741s
2020-02-29 10:45:55.319   CNC 12   INF   Workplace still active
2020-02-29 10:45:55.320   CNC 12   INF   Starting workplace loop
2020-02-29 10:45:55.320   CNC 12   INF   Adding data
2020-02-29 10:45:55.420   CNC 12   INF   Downloading poweroff records
2020-02-29 10:45:55.504   CNC 12   INF   Poweroff records downloaded, elapsed: 83.343175ms
2020-02-29 10:45:55.504   CNC 12   INF   Downloading production records
2020-02-29 10:45:55.581   CNC 12   INF   Production records downloaded, elapsed: 77.337426ms
2020-02-29 10:45:55.581   CNC 12   INF   Creating intermediate data
2020-02-29 10:45:55.582   CNC 12   INF   Intermediate data created, elapsed: 1.215µs
2020-02-29 10:45:55.582   CNC 12   INF   Data added, elapsed: 261.759637ms
2020-02-29 10:45:55.582   CNC 12   INF   Processing data
2020-02-29 10:45:55.840   CNC 12   INF   Data processed, elapsed: 257.759241ms
2020-02-29 10:45:55.840   CNC 12   INF   Loop ended, elapsed: 520.114702ms
2020-02-29 10:45:55.840   CNC 12   INF   Sleeping for 9.479787346s
2020-02-29 10:46:05.322   CNC 12   INF   Workplace still active
2020-02-29 10:46:05.324   CNC 12   INF   Starting workplace loop
2020-02-29 10:46:05.324   CNC 12   INF   Adding data
2020-02-29 10:46:05.407   CNC 12   INF   Downloading poweroff records
2020-02-29 10:46:05.440   CNC 12   INF   Poweroff records downloaded, elapsed: 33.056347ms
2020-02-29 10:46:05.440   CNC 12   INF   Downloading production records
2020-02-29 10:46:05.470   CNC 12   INF   Production records downloaded, elapsed: 30.00466ms
2020-02-29 10:46:05.471   CNC 12   INF   Creating intermediate data
2020-02-29 10:46:05.471   CNC 12   INF   Intermediate data created, elapsed: 1.763µs
2020-02-29 10:46:05.471   CNC 12   INF   Data added, elapsed: 145.965377ms
2020-02-29 10:46:05.471   CNC 12   INF   Processing data
2020-02-29 10:46:05.658   CNC 12   INF   Data processed, elapsed: 186.684933ms
2020-02-29 10:46:05.658   CNC 12   INF   Loop ended, elapsed: 334.039401ms
2020-02-29 10:46:05.658   CNC 12   INF   Sleeping for 9.66586222s
2020-02-29 10:46:15.324   CNC 12   INF   Workplace still active
2020-02-29 10:46:15.324   CNC 12   INF   Workplace not active, stopped running
2020-02-29 10:46:15.334   CNC 12   INF   Workplace started running
2020-02-29 10:46:15.335   CNC 12   INF   Workplace not active, stopped running
2020-02-29 10:56:49.949   CNC 12   INF   Workplace started running
2020-02-29 10:56:49.950   CNC 12   INF   Starting workplace loop
2020-02-29 10:56:49.950   CNC 12   INF   Adding data
2020-02-29 10:56:50.058   CNC 12   INF   Downloading poweroff records
2020-02-29 10:56:50.077   CNC 12   INF   Poweroff records downloaded, elapsed: 18.588504ms
2020-02-29 10:56:50.077   CNC 12   INF   Downloading production records
2020-02-29 10:56:50.149   CNC 12   INF   Production records downloaded, elapsed: 71.364004ms
2020-02-29 10:56:50.151   CNC 12   INF   Creating intermediate data
2020-02-29 10:56:50.151   CNC 12   INF   Intermediate data created, elapsed: 6.215µs
2020-02-29 10:56:50.151   CNC 12   INF   Data added, elapsed: 200.982268ms
2020-02-29 10:56:50.152   CNC 12   INF   Processing data
2020-02-29 10:56:50.175   CNC 12   INF   Data processed, elapsed: 22.771107ms
2020-02-29 10:56:50.175   CNC 12   INF   Loop ended, elapsed: 224.701558ms
2020-02-29 10:56:50.175   CNC 12   INF   Sleeping for 9.775211262s
2020-02-29 10:56:59.951   CNC 12   INF   Workplace still active
2020-02-29 10:56:59.952   CNC 12   INF   Starting workplace loop
2020-02-29 10:56:59.952   CNC 12   INF   Adding data
2020-02-29 10:57:00.030   CNC 12   INF   Downloading poweroff records
2020-02-29 10:57:00.191   CNC 12   INF   Poweroff records downloaded, elapsed: 160.329973ms
2020-02-29 10:57:00.191   CNC 12   INF   Downloading production records
2020-02-29 10:57:00.252   CNC 12   INF   Production records downloaded, elapsed: 60.693295ms
2020-02-29 10:57:00.252   CNC 12   INF   Creating intermediate data
2020-02-29 10:57:00.252   CNC 12   INF   Intermediate data created, elapsed: 1.565µs
2020-02-29 10:57:00.252   CNC 12   INF   Data added, elapsed: 299.835178ms
2020-02-29 10:57:00.252   CNC 12   INF   Processing data
2020-02-29 10:57:00.315   CNC 12   INF   Data processed, elapsed: 62.488379ms
2020-02-29 10:57:00.315   CNC 12   INF   Loop ended, elapsed: 363.13757ms
2020-02-29 10:57:00.315   CNC 12   INF   Sleeping for 9.636763567s
2020-02-29 10:57:09.952   CNC 12   INF   Workplace still active
2020-02-29 10:57:09.952   CNC 12   INF   Workplace not active, stopped running
2020-02-29 10:57:09.956   CNC 12   INF   Workplace started running
2020-02-29 10:57:09.956   CNC 12   INF   Workplace not active, stopped running
