2020-02-02 08:03:32.788   CNC 17   INF   Workplace started running
2020-02-02 08:03:33.141   CNC 17   INF   Download and sort of length 9 takes: 352.488025ms
2020-02-02 08:03:33.355   CNC 17   INF   Changing state ==> Downtime at 2020-02-02 08:03:09.442778 +0100 CET
2020-02-02 08:03:33.509   CNC 17   INF   Changing state ==> Production at 2020-02-02 08:03:09.442778 +0100 CET
2020-02-02 08:03:33.640   CNC 17   INF   Processing takes 851.550308ms
2020-02-02 08:03:33.640   CNC 17   INF   Sleeping for 9.148332679s
2020-02-02 08:03:42.792   CNC 17   INF   Workplace still active
2020-02-02 08:03:43.226   CNC 17   INF   Download and sort of length 10 takes: 433.683647ms
2020-02-02 08:03:43.459   CNC 17   INF   Processing takes 667.334764ms
2020-02-02 08:03:43.460   CNC 17   INF   Sleeping for 9.332347127s
2020-02-02 08:03:52.792   CNC 17   INF   Workplace still active
2020-02-02 08:03:53.101   CNC 17   INF   Download and sort of length 13 takes: 309.095873ms
2020-02-02 08:03:53.321   CNC 17   INF   Processing takes 528.817223ms
2020-02-02 08:03:53.322   CNC 17   INF   Sleeping for 9.470452587s
2020-02-02 08:04:02.795   CNC 17   INF   Workplace still active
2020-02-02 08:04:03.064   CNC 17   INF   Download and sort of length 16 takes: 268.35561ms
2020-02-02 08:04:03.310   CNC 17   INF   Processing takes 514.63691ms
2020-02-02 08:04:03.311   CNC 17   INF   Sleeping for 9.484593254s
2020-02-02 08:04:12.796   CNC 17   INF   Workplace still active
2020-02-02 08:04:13.168   CNC 17   INF   Download and sort of length 19 takes: 371.271675ms
2020-02-02 08:04:13.237   CNC 17   INF   Processing takes 440.351405ms
2020-02-02 08:04:13.237   CNC 17   INF   Sleeping for 9.559345987s
2020-02-02 08:04:22.797   CNC 17   INF   Workplace still active
2020-02-02 08:04:23.127   CNC 17   INF   Download and sort of length 22 takes: 329.534383ms
2020-02-02 08:04:23.559   CNC 17   INF   Processing takes 760.851198ms
2020-02-02 08:04:23.559   CNC 17   INF   Sleeping for 9.238593153s
2020-02-02 08:04:32.798   CNC 17   INF   Workplace still active
2020-02-02 08:04:32.931   CNC 17   INF   Download and sort of length 25 takes: 131.785068ms
2020-02-02 08:04:33.259   CNC 17   INF   Processing takes 460.667274ms
2020-02-02 08:04:33.259   CNC 17   INF   Sleeping for 9.539157009s
2020-02-02 08:04:42.802   CNC 17   INF   Workplace still active
2020-02-02 08:04:43.134   CNC 17   INF   Download and sort of length 28 takes: 331.758349ms
2020-02-02 08:04:43.520   CNC 17   INF   Processing takes 717.600774ms
2020-02-02 08:04:43.521   CNC 17   INF   Sleeping for 9.281745266s
2020-02-02 08:04:52.814   CNC 17   INF   Workplace still active
2020-02-02 08:04:53.454   CNC 17   INF   Download and sort of length 31 takes: 639.571529ms
2020-02-02 08:04:54.216   CNC 17   INF   Processing takes 1.401993625s
2020-02-02 08:04:54.216   CNC 17   INF   Sleeping for 8.597899878s
2020-02-02 08:05:02.815   CNC 17   INF   Workplace still active
2020-02-02 08:05:03.184   CNC 17   INF   Download and sort of length 34 takes: 369.349996ms
2020-02-02 08:05:03.325   CNC 17   INF   Processing takes 510.337983ms
2020-02-02 08:05:03.325   CNC 17   INF   Sleeping for 9.489533855s
2020-02-02 08:05:12.816   CNC 17   INF   Workplace still active
2020-02-02 08:05:13.099   CNC 17   INF   Download and sort of length 37 takes: 282.5583ms
2020-02-02 08:05:13.343   CNC 17   INF   Processing takes 526.607898ms
2020-02-02 08:05:13.343   CNC 17   INF   Sleeping for 9.473184272s
2020-02-02 08:05:22.821   CNC 17   INF   Workplace still active
2020-02-02 08:05:22.961   CNC 17   INF   Download and sort of length 40 takes: 140.534491ms
2020-02-02 08:05:23.310   CNC 17   INF   Processing takes 489.012039ms
2020-02-02 08:05:23.310   CNC 17   INF   Sleeping for 9.510824682s
2020-02-02 08:05:32.821   CNC 17   INF   Workplace still active
2020-02-02 08:05:32.910   CNC 17   INF   Download and sort of length 43 takes: 89.26524ms
2020-02-02 08:05:33.112   CNC 17   INF   Processing takes 290.899841ms
2020-02-02 08:05:33.113   CNC 17   INF   Sleeping for 9.708448833s
2020-02-02 08:05:42.823   CNC 17   INF   Workplace still active
2020-02-02 08:05:43.315   CNC 17   INF   Download and sort of length 46 takes: 491.412486ms
2020-02-02 08:05:43.662   CNC 17   INF   Processing takes 838.299198ms
2020-02-02 08:05:43.662   CNC 17   INF   Sleeping for 9.161525442s
2020-02-02 08:05:52.824   CNC 17   INF   Workplace still active
2020-02-02 08:05:53.152   CNC 17   INF   Download and sort of length 49 takes: 327.760775ms
2020-02-02 08:05:53.305   CNC 17   INF   Processing takes 481.548071ms
2020-02-02 08:05:53.306   CNC 17   INF   Sleeping for 9.518345409s
2020-02-02 08:06:02.826   CNC 17   INF   Workplace still active
2020-02-02 08:06:03.111   CNC 17   INF   Download and sort of length 52 takes: 284.482713ms
2020-02-02 08:06:03.546   CNC 17   INF   Processing takes 719.233207ms
2020-02-02 08:06:03.546   CNC 17   INF   Sleeping for 9.280636201s
2020-02-02 08:06:12.831   CNC 17   INF   Workplace still active
2020-02-02 08:06:12.945   CNC 17   INF   Download and sort of length 55 takes: 113.3307ms
2020-02-02 08:06:13.127   CNC 17   INF   Processing takes 295.434994ms
2020-02-02 08:06:13.127   CNC 17   INF   Sleeping for 9.704463453s
2020-02-02 08:06:22.835   CNC 17   INF   Workplace still active
2020-02-02 08:06:23.034   CNC 17   INF   Download and sort of length 58 takes: 198.822481ms
2020-02-02 08:06:23.185   CNC 17   INF   Processing takes 349.656513ms
2020-02-02 08:06:23.185   CNC 17   INF   Sleeping for 9.650161017s
2020-02-02 08:06:32.840   CNC 17   INF   Workplace still active
2020-02-02 08:06:33.052   CNC 17   INF   Download and sort of length 61 takes: 211.277084ms
2020-02-02 08:06:33.356   CNC 17   INF   Processing takes 515.075059ms
2020-02-02 08:06:33.356   CNC 17   INF   Sleeping for 9.484728576s
2020-02-02 08:06:42.845   CNC 17   INF   Workplace still active
2020-02-02 08:06:43.167   CNC 17   INF   Download and sort of length 64 takes: 321.646541ms
2020-02-02 08:06:43.400   CNC 17   INF   Processing takes 555.067483ms
2020-02-02 08:06:43.400   CNC 17   INF   Sleeping for 9.44479401s
2020-02-02 08:06:52.849   CNC 17   INF   Workplace still active
2020-02-02 08:06:53.137   CNC 17   INF   Download and sort of length 67 takes: 287.576314ms
2020-02-02 08:06:53.334   CNC 17   INF   Processing takes 484.919581ms
2020-02-02 08:06:53.334   CNC 17   INF   Sleeping for 9.514945056s
2020-02-02 08:07:02.854   CNC 17   INF   Workplace still active
2020-02-02 08:07:03.007   CNC 17   INF   Download and sort of length 70 takes: 152.611445ms
2020-02-02 08:07:03.178   CNC 17   INF   Processing takes 323.433348ms
2020-02-02 08:07:03.178   CNC 17   INF   Sleeping for 9.676405282s
2020-02-02 08:07:12.855   CNC 17   INF   Workplace still active
2020-02-02 08:07:13.094   CNC 17   INF   Download and sort of length 73 takes: 237.814856ms
2020-02-02 08:07:13.374   CNC 17   INF   Processing takes 518.447626ms
2020-02-02 08:07:13.374   CNC 17   INF   Sleeping for 9.481326008s
2020-02-02 08:07:22.858   CNC 17   INF   Workplace still active
2020-02-02 08:07:23.031   CNC 17   INF   Download and sort of length 76 takes: 171.321587ms
2020-02-02 08:07:23.199   CNC 17   INF   Processing takes 340.105093ms
2020-02-02 08:07:23.199   CNC 17   INF   Sleeping for 9.659766185s
2020-02-02 08:07:32.860   CNC 17   INF   Workplace still active
2020-02-02 08:07:33.053   CNC 17   INF   Download and sort of length 79 takes: 193.365583ms
2020-02-02 08:07:33.325   CNC 17   INF   Processing takes 465.08916ms
2020-02-02 08:07:33.325   CNC 17   INF   Sleeping for 9.534728096s
2020-02-02 08:07:42.863   CNC 17   INF   Workplace still active
2020-02-02 08:07:43.196   CNC 17   INF   Download and sort of length 82 takes: 333.054772ms
2020-02-02 08:07:43.398   CNC 17   INF   Processing takes 535.254503ms
2020-02-02 08:07:43.398   CNC 17   INF   Sleeping for 9.464576567s
2020-02-02 08:07:52.866   CNC 17   INF   Workplace still active
2020-02-02 08:07:53.142   CNC 17   INF   Download and sort of length 85 takes: 275.234162ms
2020-02-02 08:07:53.303   CNC 17   INF   Processing takes 435.770246ms
2020-02-02 08:07:53.303   CNC 17   INF   Sleeping for 9.564074837s
2020-02-02 08:08:02.871   CNC 17   INF   Workplace still active
2020-02-02 08:08:03.164   CNC 17   INF   Download and sort of length 88 takes: 292.484184ms
2020-02-02 08:08:03.338   CNC 17   INF   Processing takes 467.092726ms
2020-02-02 08:08:03.339   CNC 17   INF   Sleeping for 9.53277703s
2020-02-02 08:08:12.872   CNC 17   INF   Workplace still active
2020-02-02 08:08:13.011   CNC 17   INF   Download and sort of length 91 takes: 139.390606ms
2020-02-02 08:08:13.174   CNC 17   INF   Processing takes 301.858197ms
2020-02-02 08:08:13.174   CNC 17   INF   Sleeping for 9.698011694s
2020-02-02 08:08:22.876   CNC 17   INF   Workplace still active
2020-02-02 08:08:22.897   CNC 17   ERR   Problem opening zapsi4 database: pq: the database system is shutting down
2020-02-02 08:08:22.897   CNC 17   INF   Download and sort of length 0 takes: 20.754083ms
2020-02-02 08:08:22.921   CNC 17   ERR   Problem opening zapsi4 database: pq: the database system is shutting down
2020-02-02 08:08:22.921   CNC 17   INF   Processing takes 44.413931ms
2020-02-02 08:08:22.921   CNC 17   INF   Sleeping for 9.955504401s
2020-02-02 08:08:32.881   CNC 17   INF   Workplace not active
2020-02-02 08:08:32.881   CNC 17   INF   Workplace not active, stopped running
2020-02-02 08:12:06.324   CNC 17   INF   Workplace started running
2020-02-02 08:12:06.399   CNC 17   INF   Download and sort of length 0 takes: 75.220018ms
2020-02-02 08:12:06.797   CNC 17   INF   Changing state ==> Poweroff at 0001-01-01 00:00:00 +0000 UTC
2020-02-02 08:12:06.949   CNC 17   INF   Processing takes 624.521013ms
2020-02-02 08:12:06.949   CNC 17   INF   Sleeping for 9.37523634s
2020-02-02 08:12:16.327   CNC 17   INF   Workplace still active
2020-02-02 08:12:16.693   CNC 17   INF   Download and sort of length 0 takes: 365.620234ms
2020-02-02 08:12:17.531   CNC 17   INF   Processing takes 1.202794275s
2020-02-02 08:12:17.531   CNC 17   INF   Sleeping for 8.796396475s
2020-02-02 08:12:26.331   CNC 17   INF   Workplace not active
2020-02-02 08:12:26.331   CNC 17   INF   Workplace not active, stopped running
2020-02-02 08:12:26.332   CNC 17   INF   Workplace started running
2020-02-02 08:12:26.810   CNC 17   INF   Download and sort of length 0 takes: 477.579718ms
2020-02-02 08:12:26.983   CNC 17   INF   Processing takes 650.311169ms
2020-02-02 08:12:26.983   CNC 17   INF   Sleeping for 9.349496578s
2020-02-02 08:12:36.336   CNC 17   INF   Workplace still active
2020-02-02 08:12:36.653   CNC 17   INF   Download and sort of length 0 takes: 317.592172ms
2020-02-02 08:12:36.818   CNC 17   INF   Processing takes 481.921304ms
2020-02-02 08:12:36.818   CNC 17   INF   Sleeping for 9.517946709s
2020-02-02 08:12:46.336   CNC 17   INF   Workplace still active
2020-02-02 08:12:46.589   CNC 17   INF   Download and sort of length 0 takes: 253.321008ms
2020-02-02 08:12:46.815   CNC 17   INF   Processing takes 478.439617ms
2020-02-02 08:12:46.815   CNC 17   INF   Sleeping for 9.521363896s
2020-02-02 08:12:56.338   CNC 17   INF   Workplace not active
2020-02-02 08:12:56.338   CNC 17   INF   Workplace not active, stopped running
2020-02-02 08:12:56.339   CNC 17   INF   Workplace started running
2020-02-02 08:12:56.615   CNC 17   INF   Download and sort of length 0 takes: 275.353331ms
2020-02-02 08:12:56.772   CNC 17   INF   Processing takes 432.426453ms
2020-02-02 08:12:56.772   CNC 17   INF   Sleeping for 9.567415681s
2020-02-02 08:13:06.341   CNC 17   INF   Workplace not active
2020-02-02 08:13:06.347   CNC 17   INF   Workplace not active, stopped running
2020-02-02 08:13:06.347   CNC 17   INF   Workplace started running
2020-02-02 08:13:06.671   CNC 17   INF   Download and sort of length 0 takes: 323.828537ms
2020-02-02 08:13:06.988   CNC 17   INF   Processing takes 641.111442ms
2020-02-02 08:13:06.989   CNC 17   INF   Sleeping for 9.358703933s
2020-02-02 08:13:18.986   CNC 17   INF   Workplace started running
2020-02-02 08:13:19.489   CNC 17   INF   Download and sort of length 0 takes: 502.088238ms
2020-02-02 08:13:19.817   CNC 17   INF   Processing takes 830.347557ms
2020-02-02 08:13:19.817   CNC 17   INF   Sleeping for 9.169499166s
2020-02-02 08:13:55.980   CNC 17   INF   Workplace started running
2020-02-02 08:13:56.152   CNC 17   INF   Download and sort of length 0 takes: 172.017152ms
2020-02-02 08:13:56.450   CNC 17   INF   Processing takes 470.154074ms
2020-02-02 08:13:56.450   CNC 17   INF   Sleeping for 9.529686459s
2020-02-02 08:14:05.982   CNC 17   INF   Workplace still active
2020-02-02 08:14:06.343   CNC 17   INF   Download and sort of length 0 takes: 360.676076ms
2020-02-02 08:14:06.604   CNC 17   INF   Processing takes 622.258247ms
2020-02-02 08:14:06.605   CNC 17   INF   Sleeping for 9.377554322s
2020-02-02 08:14:15.985   CNC 17   INF   Workplace not active
2020-02-02 08:14:15.986   CNC 17   INF   Workplace not active, stopped running
2020-02-02 08:14:15.986   CNC 17   INF   Workplace started running
2020-02-02 08:14:16.162   CNC 17   INF   Download and sort of length 0 takes: 175.643366ms
2020-02-02 08:14:16.317   CNC 17   INF   Processing takes 330.441763ms
2020-02-02 08:14:16.317   CNC 17   INF   Sleeping for 9.669463965s
2020-02-02 08:14:25.987   CNC 17   INF   Workplace still active
2020-02-02 08:14:26.171   CNC 17   INF   Download and sort of length 0 takes: 184.085689ms
2020-02-02 08:14:26.281   CNC 17   INF   Processing takes 294.06261ms
2020-02-02 08:14:26.281   CNC 17   INF   Sleeping for 9.705815122s
2020-02-02 08:14:35.992   CNC 17   INF   Workplace still active
2020-02-02 08:14:36.324   CNC 17   INF   Download and sort of length 0 takes: 332.59169ms
2020-02-02 08:14:36.483   CNC 17   INF   Processing takes 491.394256ms
2020-02-02 08:14:36.483   CNC 17   INF   Sleeping for 9.508476337s
2020-02-02 08:14:45.993   CNC 17   INF   Workplace not active
2020-02-02 08:14:45.993   CNC 17   INF   Workplace not active, stopped running
2020-02-02 08:14:45.997   CNC 17   INF   Workplace started running
2020-02-02 08:14:46.285   CNC 17   INF   Download and sort of length 0 takes: 287.880069ms
2020-02-02 08:14:46.617   CNC 17   INF   Processing takes 620.120727ms
2020-02-02 08:14:46.617   CNC 17   INF   Sleeping for 9.379771483s
2020-02-02 08:14:55.999   CNC 17   INF   Workplace still active
2020-02-02 08:14:56.201   CNC 17   INF   Download and sort of length 0 takes: 200.921401ms
2020-02-02 08:14:56.363   CNC 17   INF   Processing takes 363.147848ms
2020-02-02 08:14:56.363   CNC 17   INF   Sleeping for 9.636749449s
2020-02-02 08:15:06.004   CNC 17   INF   Workplace still active
2020-02-02 08:15:06.215   CNC 17   INF   Download and sort of length 0 takes: 211.742166ms
2020-02-02 08:15:06.377   CNC 17   INF   Processing takes 373.754712ms
2020-02-02 08:15:06.377   CNC 17   INF   Sleeping for 9.626146429s
2020-02-02 08:15:16.006   CNC 17   INF   Workplace not active
2020-02-02 08:15:16.007   CNC 17   INF   Workplace not active, stopped running
2020-02-02 08:15:16.014   CNC 17   INF   Workplace started running
2020-02-02 08:15:16.361   CNC 17   INF   Download and sort of length 0 takes: 346.619088ms
2020-02-02 08:15:16.595   CNC 17   INF   Processing takes 580.410543ms
2020-02-02 08:15:16.595   CNC 17   INF   Sleeping for 9.419389072s
2020-02-02 08:15:26.014   CNC 17   INF   Workplace still active
2020-02-02 08:15:26.210   CNC 17   INF   Download and sort of length 0 takes: 196.58409ms
2020-02-02 08:15:26.334   CNC 17   INF   Processing takes 320.431227ms
2020-02-02 08:15:26.334   CNC 17   INF   Sleeping for 9.679485035s
2020-02-02 08:15:36.014   CNC 17   INF   Workplace still active
2020-02-02 08:15:36.468   CNC 17   INF   Download and sort of length 0 takes: 454.536093ms
2020-02-02 08:15:36.644   CNC 17   INF   Processing takes 629.691443ms
2020-02-02 08:15:36.644   CNC 17   INF   Sleeping for 9.369885622s
2020-02-02 08:15:46.014   CNC 17   INF   Workplace not active
2020-02-02 08:15:46.014   CNC 17   INF   Workplace not active, stopped running
2020-02-02 08:15:46.015   CNC 17   INF   Workplace started running
2020-02-02 08:15:46.178   CNC 17   INF   Download and sort of length 0 takes: 162.504992ms
2020-02-02 08:15:46.292   CNC 17   INF   Processing takes 276.270199ms
2020-02-02 08:15:46.292   CNC 17   INF   Sleeping for 9.723518389s
2020-02-02 08:15:56.015   CNC 17   INF   Workplace still active
2020-02-02 08:15:56.193   CNC 17   INF   Download and sort of length 0 takes: 177.334447ms
2020-02-02 08:15:56.365   CNC 17   INF   Processing takes 349.07736ms
2020-02-02 08:15:56.365   CNC 17   INF   Sleeping for 9.650821366s
2020-02-02 08:16:06.016   CNC 17   INF   Workplace not active
2020-02-02 08:16:06.016   CNC 17   INF   Workplace not active, stopped running
2020-02-02 08:16:06.020   CNC 17   INF   Workplace started running
2020-02-02 08:16:06.119   CNC 17   INF   Download and sort of length 0 takes: 98.554266ms
2020-02-02 08:16:06.204   CNC 17   INF   Processing takes 183.055645ms
2020-02-02 08:16:06.204   CNC 17   INF   Sleeping for 9.816847253s
2020-02-02 08:16:16.021   CNC 17   INF   Workplace still active
2020-02-02 08:16:16.253   CNC 17   INF   Download and sort of length 0 takes: 231.499948ms
2020-02-02 08:16:16.450   CNC 17   INF   Processing takes 428.812195ms
2020-02-02 08:16:16.450   CNC 17   INF   Sleeping for 9.571076894s
