2020-02-01 07:33:41.338   CNC 2   INF   Workplace started running
2020-02-01 07:33:41.571   CNC 2   INF   Download and sort of length 128 takes: 233.443182ms
2020-02-01 07:33:41.888   CNC 2   INF   Processing takes 550.037683ms
2020-02-01 07:33:41.889   CNC 2   INF   Sleeping for 9.449335137s
2020-02-01 07:41:45.557   CNC 2   INF   Workplace started running
2020-02-01 07:41:45.773   CNC 2   INF   Download and sort of length 177 takes: 215.387975ms
2020-02-01 07:41:46.006   CNC 2   INF   Processing takes 448.294043ms
2020-02-01 07:41:46.007   CNC 2   INF   Sleeping for 9.550545248s
2020-02-01 07:42:24.381   CNC 2   INF   Workplace started running
2020-02-01 07:42:24.571   CNC 2   INF   Download and sort of length 180 takes: 190.470035ms
2020-02-01 07:42:24.925   CNC 2   INF   Processing takes 544.558265ms
2020-02-01 07:42:24.925   CNC 2   INF   Sleeping for 9.455310491s
2020-02-01 18:40:40.709   CNC 2   INF   Workplace started running
2020-02-01 18:40:40.816   CNC 2   INF   Download and sort of length 0 takes: 106.39152ms
2020-02-01 18:40:41.021   CNC 2   INF   Processing takes 311.715758ms
2020-02-01 18:40:41.022   CNC 2   INF   Sleeping for 9.688022701s
2020-02-01 19:21:13.436   CNC 2   INF   Workplace started running
2020-02-01 19:21:13.621   CNC 2   INF   Download and sort of length 0 takes: 185.054454ms
2020-02-01 19:21:13.776   CNC 2   INF   Processing takes 339.796279ms
2020-02-01 19:21:13.776   CNC 2   INF   Sleeping for 9.660039405s
2020-02-01 19:21:23.440   CNC 2   INF   Workplace still active
2020-02-01 19:21:23.646   CNC 2   INF   Download and sort of length 0 takes: 206.005828ms
2020-02-01 19:21:23.832   CNC 2   INF   Processing takes 391.776556ms
2020-02-01 19:21:23.832   CNC 2   INF   Sleeping for 9.608050382s
2020-02-01 19:21:33.444   CNC 2   INF   Workplace still active
2020-02-01 19:21:33.659   CNC 2   INF   Download and sort of length 0 takes: 214.76347ms
2020-02-01 19:21:33.842   CNC 2   INF   Processing takes 398.038285ms
2020-02-01 19:21:33.842   CNC 2   INF   Sleeping for 9.601863863s
2020-02-01 19:21:43.448   CNC 2   INF   Workplace still active
2020-02-01 19:21:43.721   CNC 2   INF   Download and sort of length 0 takes: 272.703779ms
2020-02-01 19:21:43.941   CNC 2   INF   Processing takes 492.291663ms
2020-02-01 19:21:43.941   CNC 2   INF   Sleeping for 9.507605093s
2020-02-01 19:21:53.449   CNC 2   INF   Workplace still active
2020-02-01 19:21:53.634   CNC 2   INF   Download and sort of length 0 takes: 185.301759ms
2020-02-01 19:21:53.847   CNC 2   INF   Processing takes 398.082089ms
2020-02-01 19:21:53.847   CNC 2   INF   Sleeping for 9.601795757s
2020-02-01 21:41:49.777   CNC 2   INF   Workplace started running
2020-02-01 21:41:50.025   CNC 2   INF   Download and sort of length 0 takes: 246.1793ms
2020-02-01 21:41:50.296   CNC 2   INF   Changing state ==> Poweroff at 0001-01-01 00:00:00 +0000 UTC
2020-02-01 21:41:50.473   CNC 2   INF   Processing takes 694.246235ms
2020-02-01 21:41:50.473   CNC 2   INF   Sleeping for 9.305579254s
2020-02-01 21:41:59.780   CNC 2   INF   Workplace still active
2020-02-01 21:42:00.248   CNC 2   INF   Download and sort of length 0 takes: 467.337373ms
2020-02-01 21:42:00.431   CNC 2   INF   Processing takes 650.248188ms
2020-02-01 21:42:00.431   CNC 2   INF   Sleeping for 9.348963068s
2020-02-01 22:36:18.098   CNC 2   INF   Workplace started running
2020-02-01 22:36:18.574   CNC 2   INF   Download and sort of length 24 takes: 474.384295ms
2020-02-01 22:36:18.981   CNC 2   INF   Changing state ==> Production at 2020-02-01 22:35:03.493743 +0100 CET
2020-02-01 22:36:19.162   CNC 2   INF   Changing state ==> Downtime at 2020-02-01 22:35:04.493743 +0100 CET
2020-02-01 22:36:19.288   CNC 2   INF   Changing state ==> Production at 2020-02-01 22:35:13.55538 +0100 CET
2020-02-01 22:36:19.423   CNC 2   INF   Changing state ==> Downtime at 2020-02-01 22:35:14.55538 +0100 CET
2020-02-01 22:36:19.588   CNC 2   INF   Changing state ==> Production at 2020-02-01 22:35:23.564024 +0100 CET
2020-02-01 22:36:19.755   CNC 2   INF   Changing state ==> Downtime at 2020-02-01 22:36:04.663628 +0100 CET
2020-02-01 22:36:19.883   CNC 2   INF   Changing state ==> Production at 2020-02-01 22:36:13.628614 +0100 CET
2020-02-01 22:36:19.971   CNC 2   INF   Changing state ==> Poweroff at 2020-02-01 22:36:14.628614 +0100 CET
2020-02-01 22:36:20.037   CNC 2   INF   Processing takes 1.937155642s
2020-02-01 22:36:20.037   CNC 2   INF   Sleeping for 8.062696797s
2020-02-01 22:36:28.102   CNC 2   INF   Workplace not active
2020-02-01 22:36:28.102   CNC 2   INF   Workplace not active, stopped running
2020-02-01 22:36:28.104   CNC 2   INF   Workplace started running
2020-02-01 22:36:28.178   CNC 2   INF   Download and sort of length 3 takes: 74.335045ms
2020-02-01 22:36:28.380   CNC 2   INF   Changing state ==> Downtime at 2020-02-01 22:36:23.567721 +0100 CET
2020-02-01 22:36:28.475   CNC 2   INF   Changing state ==> Production at 2020-02-01 22:36:23.567721 +0100 CET
2020-02-01 22:36:28.551   CNC 2   INF   Changing state ==> Poweroff at 2020-02-01 22:36:24.567721 +0100 CET
2020-02-01 22:36:28.613   CNC 2   INF   Processing takes 508.629204ms
2020-02-01 22:36:28.613   CNC 2   INF   Sleeping for 9.49123876s
2020-02-01 22:36:38.106   CNC 2   INF   Workplace not active
2020-02-01 22:36:38.106   CNC 2   INF   Workplace not active, stopped running
2020-02-01 22:36:38.109   CNC 2   INF   Workplace started running
2020-02-01 22:36:38.296   CNC 2   INF   Download and sort of length 0 takes: 186.9929ms
2020-02-01 22:36:38.528   CNC 2   INF   Processing takes 418.5625ms
2020-02-01 22:36:38.528   CNC 2   INF   Sleeping for 9.581308119s
2020-02-01 22:36:48.114   CNC 2   INF   Workplace still active
2020-02-01 22:36:48.468   CNC 2   INF   Download and sort of length 0 takes: 354.21277ms
2020-02-01 22:36:48.644   CNC 2   INF   Processing takes 529.744607ms
2020-02-01 22:36:48.644   CNC 2   INF   Sleeping for 9.470111923s
2020-02-01 22:36:58.116   CNC 2   INF   Workplace still active
2020-02-01 22:36:58.583   CNC 2   INF   Download and sort of length 0 takes: 467.539329ms
2020-02-01 22:36:58.701   CNC 2   INF   Processing takes 585.47452ms
2020-02-01 22:36:58.702   CNC 2   INF   Sleeping for 9.414388703s
2020-02-01 22:37:08.122   CNC 2   INF   Workplace still active
2020-02-01 22:37:08.528   CNC 2   INF   Download and sort of length 0 takes: 405.682004ms
2020-02-01 22:37:08.850   CNC 2   INF   Processing takes 727.215585ms
2020-02-01 22:37:08.851   CNC 2   INF   Sleeping for 9.271728472s
2020-02-01 22:37:21.520   CNC 2   INF   Workplace started running
2020-02-01 22:37:21.758   CNC 2   INF   Download and sort of length 27 takes: 237.963964ms
2020-02-01 22:37:21.924   CNC 2   INF   Changing state ==> Production at 2020-02-01 22:35:03.493743 +0100 CET
2020-02-01 22:37:22.115   CNC 2   INF   Changing state ==> Downtime at 2020-02-01 22:35:04.493743 +0100 CET
2020-02-01 22:37:22.233   CNC 2   INF   Changing state ==> Production at 2020-02-01 22:35:13.55538 +0100 CET
2020-02-01 22:37:22.461   CNC 2   INF   Changing state ==> Downtime at 2020-02-01 22:35:14.55538 +0100 CET
2020-02-01 22:37:22.641   CNC 2   INF   Changing state ==> Production at 2020-02-01 22:35:23.564024 +0100 CET
2020-02-01 22:38:13.309   CNC 2   INF   Workplace started running
2020-02-01 22:38:13.577   CNC 2   INF   Download and sort of length 0 takes: 268.396358ms
2020-02-01 22:38:13.898   CNC 2   INF   Changing state ==> Poweroff at 0001-01-01 00:00:00 +0000 UTC
2020-02-01 22:38:14.034   CNC 2   INF   Processing takes 724.719066ms
2020-02-01 22:38:14.034   CNC 2   INF   Sleeping for 9.275124496s
2020-02-01 22:38:23.309   CNC 2   INF   Workplace still active
2020-02-01 22:38:23.513   CNC 2   INF   Download and sort of length 0 takes: 202.963345ms
2020-02-01 22:38:23.775   CNC 2   INF   Processing takes 466.014953ms
2020-02-01 22:38:23.776   CNC 2   INF   Sleeping for 9.533634764s
2020-02-01 22:38:33.310   CNC 2   INF   Workplace still active
2020-02-01 22:38:33.381   CNC 2   INF   Download and sort of length 1 takes: 70.742228ms
2020-02-01 22:38:33.575   CNC 2   INF   Changing state ==> Downtime at 2020-02-01 22:38:26.388189 +0100 CET
2020-02-01 22:38:33.797   CNC 2   INF   Changing state ==> Poweroff at 2020-02-01 22:38:26.388189 +0100 CET
2020-02-01 22:38:33.954   CNC 2   INF   Processing takes 643.865306ms
2020-02-01 22:38:33.954   CNC 2   INF   Sleeping for 9.355650443s
2020-02-01 23:05:27.456   CNC 2   INF   Workplace started running
2020-02-01 23:05:27.755   CNC 2   INF   Download and sort of length 0 takes: 298.55233ms
2020-02-01 23:05:46.628   CNC 2   INF   Workplace started running
2020-02-01 23:05:47.250   CNC 2   INF   Download and sort of length 0 takes: 621.177081ms
2020-02-01 23:05:47.805   CNC 2   INF   Changing state ==> Poweroff at 0001-01-01 00:00:00 +0000 UTC
2020-02-01 23:05:48.148   CNC 2   INF   Processing takes 1.519837365s
2020-02-01 23:05:48.148   CNC 2   INF   Sleeping for 8.479989211s
2020-02-01 23:05:56.628   CNC 2   INF   Workplace still active
2020-02-01 23:05:56.865   CNC 2   INF   Download and sort of length 0 takes: 236.853108ms
2020-02-01 23:05:57.042   CNC 2   INF   Processing takes 413.153978ms
2020-02-01 23:05:57.042   CNC 2   INF   Sleeping for 9.586334451s
2020-02-01 23:06:06.629   CNC 2   INF   Workplace still active
2020-02-01 23:06:06.837   CNC 2   INF   Download and sort of length 0 takes: 208.271733ms
2020-02-01 23:06:07.203   CNC 2   INF   Processing takes 573.98414ms
2020-02-01 23:06:07.204   CNC 2   INF   Sleeping for 9.425067818s
2020-02-01 23:06:16.630   CNC 2   INF   Workplace still active
2020-02-01 23:06:16.865   CNC 2   INF   Download and sort of length 0 takes: 235.506811ms
2020-02-01 23:06:17.085   CNC 2   INF   Processing takes 454.840545ms
2020-02-01 23:06:17.085   CNC 2   INF   Sleeping for 9.54497311s
2020-02-01 23:07:48.028   CNC 2   INF   Workplace started running
2020-02-01 23:07:48.279   CNC 2   INF   Download and sort of length 0 takes: 250.443425ms
2020-02-01 23:07:48.473   CNC 2   INF   Changing state ==> Poweroff at 0001-01-01 00:00:00 +0000 UTC
2020-02-01 23:07:48.664   CNC 2   INF   Processing takes 635.74311ms
2020-02-01 23:07:48.664   CNC 2   INF   Sleeping for 9.364113706s
2020-02-01 23:09:14.552   CNC 2   INF   Workplace started running
2020-02-01 23:09:14.775   CNC 2   INF   Download and sort of length 0 takes: 223.007752ms
2020-02-01 23:09:15.045   CNC 2   INF   Changing state ==> Poweroff at 0001-01-01 00:00:00 +0000 UTC
2020-02-01 23:09:15.222   CNC 2   INF   Processing takes 669.772259ms
2020-02-01 23:09:15.222   CNC 2   INF   Sleeping for 9.330059985s
2020-02-01 23:10:33.484   CNC 2   INF   Workplace started running
2020-02-01 23:10:33.676   CNC 2   INF   Download and sort of length 0 takes: 191.327968ms
2020-02-01 23:10:33.928   CNC 2   INF   Changing state ==> Poweroff at 0001-01-01 00:00:00 +0000 UTC
2020-02-01 23:10:34.122   CNC 2   INF   Processing takes 637.851009ms
2020-02-01 23:10:34.122   CNC 2   INF   Sleeping for 9.361972893s
2020-02-01 23:11:16.872   CNC 2   INF   Workplace started running
2020-02-01 23:11:17.116   CNC 2   INF   Download and sort of length 0 takes: 242.006087ms
2020-02-01 23:11:17.423   CNC 2   INF   Processing takes 549.195916ms
2020-02-01 23:11:17.423   CNC 2   INF   Sleeping for 9.450630311s
2020-02-01 23:12:47.710   CNC 2   INF   Workplace started running
2020-02-01 23:12:47.794   CNC 2   INF   Download and sort of length 0 takes: 83.64592ms
2020-02-01 23:12:47.931   CNC 2   INF   Changing state ==> Poweroff at 0001-01-01 00:00:00 +0000 UTC
2020-02-01 23:12:48.036   CNC 2   INF   Processing takes 325.148087ms
2020-02-01 23:12:48.037   CNC 2   INF   Sleeping for 9.674025515s
2020-02-01 23:12:57.711   CNC 2   INF   Workplace still active
2020-02-01 23:12:57.859   CNC 2   INF   Download and sort of length 0 takes: 147.241083ms
2020-02-01 23:12:58.189   CNC 2   INF   Processing takes 477.379015ms
2020-02-01 23:12:58.189   CNC 2   INF   Sleeping for 9.522444413s
2020-02-01 23:13:07.712   CNC 2   INF   Workplace still active
2020-02-01 23:13:52.781   CNC 2   INF   Workplace started running
2020-02-01 23:13:53.064   CNC 2   INF   Download and sort of length 0 takes: 282.407203ms
2020-02-01 23:13:53.291   CNC 2   INF   Processing takes 509.160071ms
2020-02-01 23:13:53.291   CNC 2   INF   Sleeping for 9.490380435s
2020-02-01 23:14:02.786   CNC 2   INF   Workplace still active
2020-02-01 23:14:03.047   CNC 2   INF   Download and sort of length 0 takes: 260.184706ms
2020-02-01 23:14:03.221   CNC 2   INF   Processing takes 434.031214ms
2020-02-01 23:14:03.221   CNC 2   INF   Sleeping for 9.565805865s
2020-02-01 23:14:12.787   CNC 2   INF   Workplace still active
2020-02-01 23:14:12.940   CNC 2   INF   Download and sort of length 0 takes: 152.466391ms
2020-02-01 23:14:13.125   CNC 2   INF   Processing takes 337.27622ms
2020-02-01 23:14:13.125   CNC 2   INF   Sleeping for 9.662595497s
2020-02-01 23:14:22.792   CNC 2   INF   Workplace still active
2020-02-01 23:14:22.944   CNC 2   INF   Download and sort of length 0 takes: 151.760072ms
2020-02-01 23:14:23.188   CNC 2   INF   Processing takes 395.874262ms
2020-02-01 23:14:23.189   CNC 2   INF   Sleeping for 9.603645626s
2020-02-01 23:14:32.793   CNC 2   INF   Workplace still active
2020-02-01 23:14:33.018   CNC 2   INF   Download and sort of length 0 takes: 225.639342ms
2020-02-01 23:14:33.399   CNC 2   INF   Processing takes 605.678989ms
2020-02-01 23:14:33.399   CNC 2   INF   Sleeping for 9.393691461s
2020-02-01 23:14:42.796   CNC 2   INF   Workplace still active
2020-02-01 23:14:43.048   CNC 2   INF   Download and sort of length 0 takes: 251.327675ms
2020-02-01 23:14:43.167   CNC 2   INF   Processing takes 370.523083ms
2020-02-01 23:14:43.168   CNC 2   INF   Sleeping for 9.62893578s
2020-02-01 23:14:52.797   CNC 2   INF   Workplace still active
2020-02-01 23:14:53.047   CNC 2   INF   Download and sort of length 0 takes: 249.786429ms
2020-02-01 23:14:53.408   CNC 2   INF   Processing takes 610.921696ms
2020-02-01 23:14:53.408   CNC 2   INF   Sleeping for 9.388876181s
2020-02-01 23:15:02.798   CNC 2   INF   Workplace still active
2020-02-01 23:15:02.979   CNC 2   INF   Download and sort of length 0 takes: 180.28079ms
2020-02-01 23:15:03.177   CNC 2   INF   Processing takes 379.173455ms
2020-02-01 23:15:03.178   CNC 2   INF   Sleeping for 9.620652035s
2020-02-01 23:15:12.802   CNC 2   INF   Workplace still active
2020-02-01 23:15:13.033   CNC 2   INF   Download and sort of length 0 takes: 231.124316ms
2020-02-01 23:15:13.212   CNC 2   INF   Processing takes 409.472506ms
2020-02-01 23:15:13.212   CNC 2   INF   Sleeping for 9.590359857s
2020-02-01 23:15:22.806   CNC 2   INF   Workplace still active
2020-02-01 23:15:23.015   CNC 2   INF   Download and sort of length 0 takes: 209.14497ms
2020-02-01 23:15:23.273   CNC 2   INF   Processing takes 466.333163ms
2020-02-01 23:15:23.273   CNC 2   INF   Sleeping for 9.533523375s
2020-02-01 23:15:32.807   CNC 2   INF   Workplace still active
2020-02-01 23:15:32.920   CNC 2   INF   Download and sort of length 0 takes: 112.911945ms
2020-02-01 23:15:33.195   CNC 2   INF   Processing takes 387.318405ms
2020-02-01 23:15:33.195   CNC 2   INF   Sleeping for 9.612528963s
2020-02-01 23:15:42.809   CNC 2   INF   Workplace not active
2020-02-01 23:15:42.809   CNC 2   INF   Workplace not active, stopped running
2020-02-01 23:15:42.811   CNC 2   INF   Workplace started running
2020-02-01 23:15:43.061   CNC 2   INF   Download and sort of length 0 takes: 249.437439ms
2020-02-01 23:15:43.311   CNC 2   INF   Processing takes 499.538203ms
2020-02-01 23:15:43.311   CNC 2   INF   Sleeping for 9.499986197s
2020-02-01 23:17:29.830   CNC 2   INF   Workplace started running
2020-02-01 23:17:30.108   CNC 2   INF   Download and sort of length 0 takes: 277.830359ms
2020-02-01 23:17:30.284   CNC 2   INF   Processing takes 454.046477ms
2020-02-01 23:17:30.284   CNC 2   INF   Sleeping for 9.545832006s
2020-02-01 23:17:39.830   CNC 2   INF   Workplace still active
2020-02-01 23:17:39.964   CNC 2   INF   Download and sort of length 0 takes: 133.559642ms
2020-02-01 23:17:40.276   CNC 2   INF   Processing takes 445.793922ms
2020-02-01 23:17:40.276   CNC 2   INF   Sleeping for 9.554018842s
2020-02-01 23:17:49.831   CNC 2   INF   Workplace still active
2020-02-01 23:17:50.108   CNC 2   INF   Download and sort of length 0 takes: 276.054362ms
2020-02-01 23:17:50.398   CNC 2   INF   Processing takes 566.698363ms
2020-02-01 23:17:50.398   CNC 2   INF   Sleeping for 9.433076449s
2020-02-01 23:17:59.832   CNC 2   INF   Workplace still active
2020-02-01 23:18:00.010   CNC 2   INF   Download and sort of length 0 takes: 177.544473ms
2020-02-01 23:18:00.196   CNC 2   INF   Processing takes 363.826373ms
2020-02-01 23:18:00.196   CNC 2   INF   Sleeping for 9.636037655s
2020-02-01 23:18:09.833   CNC 2   INF   Workplace still active
2020-02-01 23:18:10.107   CNC 2   INF   Download and sort of length 0 takes: 273.597957ms
2020-02-01 23:18:10.324   CNC 2   INF   Processing takes 490.536224ms
2020-02-01 23:18:10.324   CNC 2   INF   Sleeping for 9.509316566s
2020-02-01 23:18:19.834   CNC 2   INF   Workplace still active
2020-02-01 23:18:20.081   CNC 2   INF   Download and sort of length 0 takes: 247.025753ms
2020-02-01 23:18:20.329   CNC 2   INF   Processing takes 494.086006ms
2020-02-01 23:18:20.329   CNC 2   INF   Sleeping for 9.505246334s
2020-02-01 23:18:29.838   CNC 2   INF   Workplace still active
2020-02-01 23:18:30.040   CNC 2   INF   Download and sort of length 0 takes: 202.185364ms
2020-02-01 23:18:30.265   CNC 2   INF   Processing takes 426.502165ms
2020-02-01 23:18:30.265   CNC 2   INF   Sleeping for 9.573369764s
2020-02-01 23:18:39.842   CNC 2   INF   Workplace still active
2020-02-01 23:18:40.054   CNC 2   INF   Download and sort of length 0 takes: 211.693593ms
2020-02-01 23:18:40.267   CNC 2   INF   Processing takes 425.197151ms
2020-02-01 23:18:40.267   CNC 2   INF   Sleeping for 9.574659535s
2020-02-01 23:18:49.843   CNC 2   INF   Workplace still active
2020-02-01 23:18:49.972   CNC 2   INF   Download and sort of length 0 takes: 128.779586ms
2020-02-01 23:18:50.104   CNC 2   INF   Processing takes 261.66633ms
2020-02-01 23:18:50.105   CNC 2   INF   Sleeping for 9.738073076s
2020-02-01 23:18:59.843   CNC 2   INF   Workplace still active
2020-02-01 23:19:00.089   CNC 2   INF   Download and sort of length 0 takes: 245.705402ms
2020-02-01 23:19:00.177   CNC 2   INF   Processing takes 333.211357ms
2020-02-01 23:19:00.177   CNC 2   INF   Sleeping for 9.666639643s
2020-02-01 23:19:09.845   CNC 2   INF   Workplace still active
2020-02-01 23:19:10.261   CNC 2   INF   Download and sort of length 0 takes: 416.062439ms
2020-02-01 23:19:10.559   CNC 2   INF   Processing takes 714.020667ms
2020-02-01 23:19:10.559   CNC 2   INF   Sleeping for 9.285810796s
2020-02-01 23:19:19.846   CNC 2   INF   Workplace still active
2020-02-01 23:19:19.911   CNC 2   INF   Download and sort of length 0 takes: 64.826522ms
2020-02-01 23:19:20.072   CNC 2   INF   Processing takes 226.33336ms
2020-02-01 23:19:20.072   CNC 2   INF   Sleeping for 9.773373964s
2020-02-01 23:19:29.846   CNC 2   INF   Workplace still active
2020-02-01 23:19:30.007   CNC 2   INF   Download and sort of length 0 takes: 160.71119ms
2020-02-01 23:19:30.441   CNC 2   INF   Processing takes 594.707895ms
2020-02-01 23:19:30.442   CNC 2   INF   Sleeping for 9.404550799s
2020-02-01 23:19:39.847   CNC 2   INF   Workplace still active
2020-02-01 23:19:39.978   CNC 2   INF   Download and sort of length 0 takes: 130.213483ms
2020-02-01 23:19:40.124   CNC 2   INF   Processing takes 276.258249ms
2020-02-01 23:19:40.124   CNC 2   INF   Sleeping for 9.723589867s
2020-02-01 23:19:49.852   CNC 2   INF   Workplace still active
2020-02-01 23:19:50.023   CNC 2   INF   Download and sort of length 0 takes: 171.128361ms
2020-02-01 23:19:50.205   CNC 2   INF   Processing takes 353.29971ms
2020-02-01 23:19:50.206   CNC 2   INF   Sleeping for 9.646527735s
2020-02-01 23:19:59.855   CNC 2   INF   Workplace still active
2020-02-01 23:20:00.302   CNC 2   INF   Download and sort of length 0 takes: 446.373415ms
2020-02-01 23:20:00.439   CNC 2   INF   Processing takes 582.739194ms
2020-02-01 23:20:00.439   CNC 2   INF   Sleeping for 9.41704632s
2020-02-01 23:20:09.857   CNC 2   INF   Workplace still active
2020-02-01 23:20:09.973   CNC 2   INF   Download and sort of length 0 takes: 115.170702ms
2020-02-01 23:20:10.128   CNC 2   INF   Processing takes 270.023537ms
2020-02-01 23:20:10.128   CNC 2   INF   Sleeping for 9.729741043s
2020-02-01 23:20:19.863   CNC 2   INF   Workplace still active
2020-02-01 23:20:20.262   CNC 2   INF   Download and sort of length 0 takes: 398.743921ms
2020-02-01 23:20:20.359   CNC 2   INF   Processing takes 496.481818ms
2020-02-01 23:20:20.360   CNC 2   INF   Sleeping for 9.503354585s
2020-02-01 23:20:29.864   CNC 2   INF   Workplace still active
2020-02-01 23:20:30.247   CNC 2   INF   Download and sort of length 0 takes: 383.021619ms
2020-02-01 23:20:30.299   CNC 2   INF   Processing takes 435.381293ms
2020-02-01 23:20:30.299   CNC 2   INF   Sleeping for 9.564506445s
2020-02-01 23:20:39.868   CNC 2   INF   Workplace still active
2020-02-01 23:20:40.022   CNC 2   INF   Download and sort of length 0 takes: 153.907009ms
2020-02-01 23:20:40.230   CNC 2   INF   Processing takes 361.480136ms
2020-02-01 23:20:40.230   CNC 2   INF   Sleeping for 9.638301237s
2020-02-01 23:20:49.870   CNC 2   INF   Workplace still active
2020-02-01 23:20:50.332   CNC 2   INF   Download and sort of length 0 takes: 461.002875ms
2020-02-01 23:20:50.689   CNC 2   INF   Processing takes 817.865247ms
2020-02-01 23:20:50.689   CNC 2   INF   Sleeping for 9.18193751s
2020-02-01 23:20:59.871   CNC 2   INF   Workplace still active
2020-02-01 23:21:00.326   CNC 2   INF   Download and sort of length 0 takes: 454.446302ms
2020-02-01 23:21:00.516   CNC 2   INF   Processing takes 644.627374ms
2020-02-01 23:21:00.516   CNC 2   INF   Sleeping for 9.354872365s
2020-02-01 23:21:09.873   CNC 2   INF   Workplace still active
2020-02-01 23:21:10.371   CNC 2   INF   Download and sort of length 0 takes: 497.767495ms
2020-02-01 23:21:10.619   CNC 2   INF   Processing takes 745.534701ms
2020-02-01 23:21:10.619   CNC 2   INF   Sleeping for 9.254269128s
2020-02-01 23:21:19.878   CNC 2   INF   Workplace still active
2020-02-01 23:21:20.151   CNC 2   INF   Download and sort of length 0 takes: 272.549419ms
2020-02-01 23:21:20.376   CNC 2   INF   Processing takes 497.651261ms
2020-02-01 23:21:20.376   CNC 2   INF   Sleeping for 9.502180014s
2020-02-01 23:21:29.883   CNC 2   INF   Workplace still active
2020-02-01 23:21:30.141   CNC 2   INF   Download and sort of length 1 takes: 257.131324ms
2020-02-01 23:21:30.413   CNC 2   INF   Changing state ==> Downtime at 2020-02-01 23:21:26.741486 +0100 CET
2020-02-01 23:21:30.644   CNC 2   INF   Processing takes 760.375019ms
2020-02-01 23:21:30.644   CNC 2   INF   Sleeping for 9.239496059s
2020-02-01 23:21:39.886   CNC 2   INF   Workplace still active
2020-02-01 23:21:40.281   CNC 2   INF   Download and sort of length 1 takes: 395.65508ms
2020-02-01 23:21:40.367   CNC 2   INF   Processing takes 480.960855ms
2020-02-01 23:21:40.367   CNC 2   INF   Sleeping for 9.518858511s
2020-02-01 23:21:49.890   CNC 2   INF   Workplace still active
2020-02-01 23:21:50.155   CNC 2   INF   Download and sort of length 2 takes: 264.593252ms
2020-02-01 23:21:50.388   CNC 2   INF   Processing takes 497.765569ms
2020-02-01 23:21:50.388   CNC 2   INF   Sleeping for 9.502006945s
