2020-02-01 07:33:41.336   CNC 6   INF   Workplace started running
2020-02-01 07:33:41.463   CNC 6   INF   Download and sort of length 1567 takes: 126.453575ms
2020-02-01 07:33:41.780   CNC 6   INF   Processing takes 443.698119ms
2020-02-01 07:33:41.780   CNC 6   INF   Sleeping for 9.556121639s
2020-02-01 07:41:45.557   CNC 6   INF   Workplace started running
2020-02-01 07:41:45.993   CNC 6   INF   Download and sort of length 1660 takes: 435.338638ms
2020-02-01 07:41:46.138   CNC 6   INF   Processing takes 580.918317ms
2020-02-01 07:41:46.138   CNC 6   INF   Sleeping for 9.418899604s
2020-02-01 07:42:24.380   CNC 6   INF   Workplace started running
2020-02-01 07:42:25.006   CNC 6   INF   Download and sort of length 1663 takes: 625.967239ms
2020-02-01 18:40:40.707   CNC 6   INF   Workplace started running
2020-02-01 18:40:41.107   CNC 6   INF   Download and sort of length 0 takes: 399.309414ms
2020-02-01 19:21:13.436   CNC 6   INF   Workplace started running
2020-02-01 19:21:13.926   CNC 6   INF   Download and sort of length 0 takes: 489.108579ms
2020-02-01 19:21:14.066   CNC 6   INF   Processing takes 628.990032ms
2020-02-01 19:21:14.066   CNC 6   INF   Sleeping for 9.370840388s
2020-02-01 19:21:23.440   CNC 6   INF   Workplace still active
2020-02-01 19:21:23.676   CNC 6   INF   Download and sort of length 0 takes: 235.494576ms
2020-02-01 19:21:23.862   CNC 6   INF   Processing takes 421.316643ms
2020-02-01 19:21:23.862   CNC 6   INF   Sleeping for 9.578559343s
2020-02-01 19:21:33.444   CNC 6   INF   Workplace still active
2020-02-01 19:21:33.703   CNC 6   INF   Download and sort of length 0 takes: 259.40307ms
2020-02-01 19:21:33.861   CNC 6   INF   Processing takes 417.610328ms
2020-02-01 19:21:33.861   CNC 6   INF   Sleeping for 9.582260831s
2020-02-01 19:21:43.448   CNC 6   INF   Workplace still active
2020-02-01 19:21:43.706   CNC 6   INF   Download and sort of length 0 takes: 257.60673ms
2020-02-01 19:21:43.850   CNC 6   INF   Processing takes 400.904323ms
2020-02-01 19:21:43.850   CNC 6   INF   Sleeping for 9.598463849s
2020-02-01 19:21:53.449   CNC 6   INF   Workplace still active
2020-02-01 19:21:53.845   CNC 6   INF   Download and sort of length 0 takes: 395.220921ms
2020-02-01 19:21:53.959   CNC 6   INF   Processing takes 509.205548ms
2020-02-01 19:21:53.960   CNC 6   INF   Sleeping for 9.489785781s
2020-02-01 21:41:49.777   CNC 6   INF   Workplace started running
2020-02-01 21:41:50.358   CNC 6   INF   Download and sort of length 18 takes: 578.970924ms
2020-02-01 21:41:50.579   CNC 6   INF   Changing state ==> Production at 2020-02-01 21:40:57.816267 +0100 CET
2020-02-01 21:41:50.632   CNC 6   INF   Processing takes 853.638473ms
2020-02-01 21:41:50.633   CNC 6   INF   Sleeping for 9.146181898s
2020-02-01 21:41:59.780   CNC 6   INF   Workplace still active
2020-02-01 21:42:00.041   CNC 6   INF   Download and sort of length 19 takes: 260.699901ms
2020-02-01 21:42:00.293   CNC 6   INF   Processing takes 512.313433ms
2020-02-01 21:42:00.293   CNC 6   INF   Sleeping for 9.487472494s
2020-02-01 22:36:18.098   CNC 6   INF   Workplace started running
2020-02-01 22:36:18.250   CNC 6   INF   Download and sort of length 0 takes: 150.537762ms
2020-02-01 22:36:18.600   CNC 6   INF   Changing state ==> Poweroff at 0001-01-01 00:00:00 +0000 UTC
2020-02-01 22:36:18.879   CNC 6   INF   Processing takes 780.311081ms
2020-02-01 22:36:18.880   CNC 6   INF   Sleeping for 9.219493865s
2020-02-01 22:36:28.102   CNC 6   INF   Workplace not active
2020-02-01 22:36:28.102   CNC 6   INF   Workplace not active, stopped running
2020-02-01 22:36:28.104   CNC 6   INF   Workplace started running
2020-02-01 22:36:28.187   CNC 6   INF   Download and sort of length 0 takes: 83.548174ms
2020-02-01 22:36:28.411   CNC 6   INF   Processing takes 307.709753ms
2020-02-01 22:36:28.412   CNC 6   INF   Sleeping for 9.69213014s
2020-02-01 22:36:38.105   CNC 6   INF   Workplace not active
2020-02-01 22:36:38.106   CNC 6   INF   Workplace not active, stopped running
2020-02-01 22:36:38.109   CNC 6   INF   Workplace started running
2020-02-01 22:36:38.287   CNC 6   INF   Download and sort of length 0 takes: 177.078907ms
2020-02-01 22:36:38.561   CNC 6   INF   Processing takes 451.151315ms
2020-02-01 22:36:38.561   CNC 6   INF   Sleeping for 9.548705866s
2020-02-01 22:36:48.113   CNC 6   INF   Workplace still active
2020-02-01 22:36:48.438   CNC 6   INF   Download and sort of length 0 takes: 324.362547ms
2020-02-01 22:36:48.586   CNC 6   INF   Processing takes 471.847071ms
2020-02-01 22:36:48.586   CNC 6   INF   Sleeping for 9.527311457s
2020-02-01 22:36:58.116   CNC 6   INF   Workplace still active
2020-02-01 22:36:58.361   CNC 6   INF   Download and sort of length 0 takes: 244.923593ms
2020-02-01 22:36:58.652   CNC 6   INF   Processing takes 536.342131ms
2020-02-01 22:36:58.652   CNC 6   INF   Sleeping for 9.463478874s
2020-02-01 22:37:08.124   CNC 6   INF   Workplace still active
2020-02-01 22:37:08.470   CNC 6   INF   Download and sort of length 0 takes: 345.59404ms
2020-02-01 22:37:08.880   CNC 6   INF   Processing takes 756.24841ms
2020-02-01 22:37:08.880   CNC 6   INF   Sleeping for 9.243286319s
2020-02-01 22:37:21.519   CNC 6   INF   Workplace started running
2020-02-01 22:37:21.653   CNC 6   INF   Download and sort of length 0 takes: 133.292176ms
2020-02-01 22:37:21.940   CNC 6   INF   Changing state ==> Poweroff at 0001-01-01 00:00:00 +0000 UTC
2020-02-01 22:37:22.155   CNC 6   INF   Processing takes 635.97087ms
2020-02-01 22:37:22.155   CNC 6   INF   Sleeping for 9.363887724s
2020-02-01 22:38:13.309   CNC 6   INF   Workplace started running
2020-02-01 22:38:13.571   CNC 6   INF   Download and sort of length 0 takes: 261.669038ms
2020-02-01 22:38:13.856   CNC 6   INF   Changing state ==> Poweroff at 0001-01-01 00:00:00 +0000 UTC
2020-02-01 22:38:14.059   CNC 6   INF   Processing takes 750.376262ms
2020-02-01 22:38:14.060   CNC 6   INF   Sleeping for 9.249171995s
2020-02-01 22:38:23.313   CNC 6   INF   Workplace still active
2020-02-01 22:38:23.617   CNC 6   INF   Download and sort of length 0 takes: 303.478133ms
2020-02-01 22:38:23.895   CNC 6   INF   Processing takes 581.51689ms
2020-02-01 22:38:23.895   CNC 6   INF   Sleeping for 9.418191208s
2020-02-01 22:38:33.314   CNC 6   INF   Workplace still active
2020-02-01 22:38:33.657   CNC 6   INF   Download and sort of length 3 takes: 343.215024ms
2020-02-01 22:38:33.870   CNC 6   INF   Changing state ==> Downtime at 2020-02-01 22:38:26.451998 +0100 CET
2020-02-01 22:38:34.102   CNC 6   INF   Changing state ==> Production at 2020-02-01 22:38:26.451998 +0100 CET
2020-02-01 22:38:34.226   CNC 6   INF   Changing state ==> Poweroff at 2020-02-01 22:38:27.451998 +0100 CET
2020-02-01 22:38:34.305   CNC 6   INF   Processing takes 990.866719ms
2020-02-01 22:38:34.305   CNC 6   INF   Sleeping for 9.00874418s
2020-02-01 23:05:27.456   CNC 6   INF   Workplace started running
2020-02-01 23:05:27.683   CNC 6   INF   Download and sort of length 0 takes: 226.617705ms
2020-02-01 23:05:27.933   CNC 6   INF   Changing state ==> Poweroff at 0001-01-01 00:00:00 +0000 UTC
2020-02-01 23:05:46.627   CNC 6   INF   Workplace started running
2020-02-01 23:05:47.390   CNC 6   INF   Download and sort of length 0 takes: 762.083819ms
2020-02-01 23:05:47.781   CNC 6   INF   Changing state ==> Poweroff at 0001-01-01 00:00:00 +0000 UTC
2020-02-01 23:05:48.107   CNC 6   INF   Processing takes 1.479497707s
2020-02-01 23:05:48.107   CNC 6   INF   Sleeping for 8.520306311s
2020-02-01 23:05:56.628   CNC 6   INF   Workplace still active
2020-02-01 23:05:56.887   CNC 6   INF   Download and sort of length 0 takes: 259.18832ms
2020-02-01 23:05:57.038   CNC 6   INF   Processing takes 409.379034ms
2020-02-01 23:05:57.038   CNC 6   INF   Sleeping for 9.590043291s
2020-02-01 23:06:06.628   CNC 6   INF   Workplace still active
2020-02-01 23:06:06.824   CNC 6   INF   Download and sort of length 0 takes: 195.139437ms
2020-02-01 23:06:07.080   CNC 6   INF   Processing takes 451.045708ms
2020-02-01 23:06:07.080   CNC 6   INF   Sleeping for 9.548832563s
2020-02-01 23:06:16.630   CNC 6   INF   Workplace still active
2020-02-01 23:06:17.028   CNC 6   INF   Download and sort of length 0 takes: 397.399604ms
2020-02-01 23:06:17.210   CNC 6   INF   Processing takes 579.556077ms
2020-02-01 23:06:17.210   CNC 6   INF   Sleeping for 9.419501621s
2020-02-01 23:07:48.027   CNC 6   INF   Workplace started running
2020-02-01 23:07:48.293   CNC 6   INF   Download and sort of length 0 takes: 265.14208ms
2020-02-01 23:07:48.545   CNC 6   INF   Changing state ==> Poweroff at 0001-01-01 00:00:00 +0000 UTC
2020-02-01 23:07:48.776   CNC 6   INF   Processing takes 748.204761ms
2020-02-01 23:07:48.776   CNC 6   INF   Sleeping for 9.251653667s
2020-02-01 23:09:14.552   CNC 6   INF   Workplace started running
2020-02-01 23:09:14.751   CNC 6   INF   Download and sort of length 0 takes: 198.782819ms
2020-02-01 23:09:15.028   CNC 6   INF   Changing state ==> Poweroff at 0001-01-01 00:00:00 +0000 UTC
2020-02-01 23:09:15.270   CNC 6   INF   Processing takes 718.114533ms
2020-02-01 23:09:15.270   CNC 6   INF   Sleeping for 9.281722188s
2020-02-01 23:10:33.484   CNC 6   INF   Workplace started running
2020-02-01 23:10:33.746   CNC 6   INF   Download and sort of length 0 takes: 261.71744ms
2020-02-01 23:10:34.035   CNC 6   INF   Changing state ==> Poweroff at 0001-01-01 00:00:00 +0000 UTC
2020-02-01 23:10:34.263   CNC 6   INF   Processing takes 778.427587ms
2020-02-01 23:10:34.263   CNC 6   INF   Sleeping for 9.221405366s
2020-02-01 23:11:16.872   CNC 6   INF   Workplace started running
2020-02-01 23:11:17.069   CNC 6   INF   Download and sort of length 0 takes: 195.734886ms
2020-02-01 23:11:17.424   CNC 6   INF   Processing takes 550.519946ms
2020-02-01 23:11:17.424   CNC 6   INF   Sleeping for 9.449346512s
2020-02-01 23:12:47.710   CNC 6   INF   Workplace started running
2020-02-01 23:12:47.993   CNC 6   INF   Download and sort of length 0 takes: 282.886479ms
2020-02-01 23:12:48.187   CNC 6   INF   Changing state ==> Poweroff at 0001-01-01 00:00:00 +0000 UTC
2020-02-01 23:12:48.283   CNC 6   INF   Processing takes 572.818499ms
2020-02-01 23:12:48.283   CNC 6   INF   Sleeping for 9.426918443s
2020-02-01 23:12:57.714   CNC 6   INF   Workplace not active
2020-02-01 23:12:57.714   CNC 6   INF   Workplace not active, stopped running
2020-02-01 23:12:57.726   CNC 6   INF   Workplace started running
2020-02-01 23:12:58.015   CNC 6   INF   Download and sort of length 0 takes: 288.781353ms
2020-02-01 23:12:58.256   CNC 6   INF   Processing takes 529.786005ms
2020-02-01 23:12:58.257   CNC 6   INF   Sleeping for 9.469395787s
2020-02-01 23:13:07.730   CNC 6   INF   Workplace not active
2020-02-01 23:13:07.730   CNC 6   INF   Workplace not active, stopped running
2020-02-01 23:13:52.782   CNC 6   INF   Workplace started running
2020-02-01 23:13:53.025   CNC 6   INF   Download and sort of length 0 takes: 243.047658ms
2020-02-01 23:13:53.258   CNC 6   INF   Processing takes 476.318882ms
2020-02-01 23:13:53.259   CNC 6   INF   Sleeping for 9.523462977s
2020-02-01 23:14:02.787   CNC 6   INF   Workplace still active
2020-02-01 23:14:02.987   CNC 6   INF   Download and sort of length 0 takes: 199.646057ms
2020-02-01 23:14:03.304   CNC 6   INF   Processing takes 516.948758ms
2020-02-01 23:14:03.304   CNC 6   INF   Sleeping for 9.482929354s
2020-02-01 23:14:12.788   CNC 6   INF   Workplace still active
2020-02-01 23:14:13.061   CNC 6   INF   Download and sort of length 0 takes: 273.432812ms
2020-02-01 23:14:13.274   CNC 6   INF   Processing takes 486.13403ms
2020-02-01 23:14:13.274   CNC 6   INF   Sleeping for 9.513493339s
2020-02-01 23:14:22.791   CNC 6   INF   Workplace still active
2020-02-01 23:14:23.010   CNC 6   INF   Download and sort of length 0 takes: 218.060451ms
2020-02-01 23:14:23.200   CNC 6   INF   Processing takes 409.029869ms
2020-02-01 23:14:23.201   CNC 6   INF   Sleeping for 9.59085695s
2020-02-01 23:14:32.792   CNC 6   INF   Workplace still active
2020-02-01 23:14:33.002   CNC 6   INF   Download and sort of length 0 takes: 210.234137ms
2020-02-01 23:14:33.378   CNC 6   INF   Processing takes 586.068155ms
2020-02-01 23:14:33.378   CNC 6   INF   Sleeping for 9.41370023s
2020-02-01 23:14:42.797   CNC 6   INF   Workplace still active
2020-02-01 23:14:43.020   CNC 6   INF   Download and sort of length 0 takes: 223.678287ms
2020-02-01 23:14:43.232   CNC 6   INF   Processing takes 435.18663ms
2020-02-01 23:14:43.232   CNC 6   INF   Sleeping for 9.564689449s
2020-02-01 23:14:52.797   CNC 6   INF   Workplace still active
2020-02-01 23:14:52.996   CNC 6   INF   Download and sort of length 0 takes: 197.777221ms
2020-02-01 23:14:53.310   CNC 6   INF   Processing takes 512.036588ms
2020-02-01 23:14:53.310   CNC 6   INF   Sleeping for 9.487095725s
2020-02-01 23:15:02.798   CNC 6   INF   Workplace still active
2020-02-01 23:15:03.078   CNC 6   INF   Download and sort of length 0 takes: 279.683644ms
2020-02-01 23:15:03.303   CNC 6   INF   Processing takes 504.703947ms
2020-02-01 23:15:03.303   CNC 6   INF   Sleeping for 9.495127597s
2020-02-01 23:15:12.803   CNC 6   INF   Workplace still active
2020-02-01 23:15:13.051   CNC 6   INF   Download and sort of length 0 takes: 248.301856ms
2020-02-01 23:15:13.357   CNC 6   INF   Processing takes 554.235445ms
2020-02-01 23:15:13.357   CNC 6   INF   Sleeping for 9.445633433s
2020-02-01 23:15:22.803   CNC 6   INF   Workplace still active
2020-02-01 23:15:23.057   CNC 6   INF   Download and sort of length 0 takes: 254.274039ms
2020-02-01 23:15:23.267   CNC 6   INF   Processing takes 464.312824ms
2020-02-01 23:15:23.268   CNC 6   INF   Sleeping for 9.535493652s
2020-02-01 23:15:32.807   CNC 6   INF   Workplace still active
2020-02-01 23:15:33.191   CNC 6   INF   Download and sort of length 0 takes: 383.502998ms
2020-02-01 23:15:33.367   CNC 6   INF   Processing takes 559.276587ms
2020-02-01 23:15:33.367   CNC 6   INF   Sleeping for 9.439962636s
2020-02-01 23:15:42.808   CNC 6   INF   Workplace not active
2020-02-01 23:15:42.808   CNC 6   INF   Workplace not active, stopped running
2020-02-01 23:15:42.812   CNC 6   INF   Workplace started running
2020-02-01 23:15:43.092   CNC 6   INF   Download and sort of length 0 takes: 280.467598ms
2020-02-01 23:15:43.326   CNC 6   INF   Processing takes 514.285941ms
2020-02-01 23:15:43.326   CNC 6   INF   Sleeping for 9.485538214s
2020-02-01 23:15:52.815   CNC 6   INF   Workplace not active
2020-02-01 23:17:29.830   CNC 6   INF   Workplace started running
2020-02-01 23:17:30.127   CNC 6   INF   Download and sort of length 0 takes: 296.464269ms
2020-02-01 23:17:30.300   CNC 6   INF   Processing takes 469.685764ms
2020-02-01 23:17:30.300   CNC 6   INF   Sleeping for 9.529944215s
2020-02-01 23:17:39.830   CNC 6   INF   Workplace still active
2020-02-01 23:17:40.164   CNC 6   INF   Download and sort of length 0 takes: 333.034255ms
2020-02-01 23:17:40.379   CNC 6   INF   Processing takes 548.802649ms
2020-02-01 23:17:40.380   CNC 6   INF   Sleeping for 9.451050267s
2020-02-01 23:17:49.831   CNC 6   INF   Workplace still active
2020-02-01 23:17:50.167   CNC 6   INF   Download and sort of length 0 takes: 334.664716ms
2020-02-01 23:17:50.461   CNC 6   INF   Processing takes 629.153283ms
2020-02-01 23:17:50.462   CNC 6   INF   Sleeping for 9.369925254s
2020-02-01 23:17:59.832   CNC 6   INF   Workplace still active
2020-02-01 23:18:00.135   CNC 6   INF   Download and sort of length 0 takes: 302.765494ms
2020-02-01 23:18:00.262   CNC 6   INF   Processing takes 428.986009ms
2020-02-01 23:18:00.262   CNC 6   INF   Sleeping for 9.570837349s
2020-02-01 23:18:09.833   CNC 6   INF   Workplace still active
2020-02-01 23:18:10.061   CNC 6   INF   Download and sort of length 0 takes: 227.802204ms
2020-02-01 23:18:10.316   CNC 6   INF   Processing takes 482.762041ms
2020-02-01 23:18:10.316   CNC 6   INF   Sleeping for 9.516780153s
2020-02-01 23:18:19.834   CNC 6   INF   Workplace still active
2020-02-01 23:18:19.987   CNC 6   INF   Download and sort of length 0 takes: 153.005601ms
2020-02-01 23:18:20.195   CNC 6   INF   Processing takes 360.642289ms
2020-02-01 23:18:20.195   CNC 6   INF   Sleeping for 9.639182245s
2020-02-01 23:18:29.837   CNC 6   INF   Workplace still active
2020-02-01 23:18:30.031   CNC 6   INF   Download and sort of length 0 takes: 193.310178ms
2020-02-01 23:18:30.267   CNC 6   INF   Processing takes 429.001022ms
2020-02-01 23:18:30.267   CNC 6   INF   Sleeping for 9.570872194s
2020-02-01 23:18:39.842   CNC 6   INF   Workplace still active
2020-02-01 23:18:40.060   CNC 6   INF   Download and sort of length 0 takes: 218.265295ms
2020-02-01 23:18:40.273   CNC 6   INF   Processing takes 430.956625ms
2020-02-01 23:18:40.273   CNC 6   INF   Sleeping for 9.568870511s
2020-02-01 23:18:49.842   CNC 6   INF   Workplace still active
2020-02-01 23:18:49.958   CNC 6   INF   Download and sort of length 0 takes: 115.236162ms
2020-02-01 23:18:50.113   CNC 6   INF   Processing takes 270.770749ms
2020-02-01 23:18:50.114   CNC 6   INF   Sleeping for 9.729139832s
2020-02-01 23:18:59.843   CNC 6   INF   Workplace still active
2020-02-01 23:19:00.056   CNC 6   INF   Download and sort of length 0 takes: 212.562092ms
2020-02-01 23:19:00.161   CNC 6   INF   Processing takes 317.448067ms
2020-02-01 23:19:00.161   CNC 6   INF   Sleeping for 9.682394032s
2020-02-01 23:19:09.845   CNC 6   INF   Workplace still active
2020-02-01 23:19:10.464   CNC 6   INF   Download and sort of length 0 takes: 619.079153ms
2020-02-01 23:19:10.755   CNC 6   INF   Processing takes 910.227165ms
2020-02-01 23:19:10.755   CNC 6   INF   Sleeping for 9.08958783s
2020-02-01 23:19:19.846   CNC 6   INF   Workplace still active
2020-02-01 23:19:20.029   CNC 6   INF   Download and sort of length 0 takes: 182.810087ms
2020-02-01 23:19:20.200   CNC 6   INF   Processing takes 353.81861ms
2020-02-01 23:19:20.200   CNC 6   INF   Sleeping for 9.645942546s
2020-02-01 23:19:29.848   CNC 6   INF   Workplace still active
2020-02-01 23:19:30.397   CNC 6   INF   Download and sort of length 0 takes: 549.320263ms
2020-02-01 23:19:30.668   CNC 6   INF   Processing takes 820.321947ms
2020-02-01 23:19:30.668   CNC 6   INF   Sleeping for 9.17946388s
2020-02-01 23:19:39.848   CNC 6   INF   Workplace still active
2020-02-01 23:19:40.101   CNC 6   INF   Download and sort of length 0 takes: 252.672007ms
2020-02-01 23:19:40.185   CNC 6   INF   Processing takes 336.39557ms
2020-02-01 23:19:40.185   CNC 6   INF   Sleeping for 9.663493692s
2020-02-01 23:19:49.852   CNC 6   INF   Workplace still active
2020-02-01 23:19:49.991   CNC 6   INF   Download and sort of length 0 takes: 138.84202ms
2020-02-01 23:19:50.195   CNC 6   INF   Processing takes 342.388935ms
2020-02-01 23:19:50.195   CNC 6   INF   Sleeping for 9.657444133s
2020-02-01 23:19:59.855   CNC 6   INF   Workplace still active
2020-02-01 23:20:00.330   CNC 6   INF   Download and sort of length 0 takes: 475.6604ms
2020-02-01 23:20:00.449   CNC 6   INF   Processing takes 594.447142ms
2020-02-01 23:20:00.449   CNC 6   INF   Sleeping for 9.40537222s
2020-02-01 23:20:09.858   CNC 6   INF   Workplace still active
2020-02-01 23:20:09.976   CNC 6   INF   Download and sort of length 0 takes: 117.706264ms
2020-02-01 23:20:10.168   CNC 6   INF   Processing takes 309.630511ms
2020-02-01 23:20:10.168   CNC 6   INF   Sleeping for 9.690184477s
2020-02-01 23:20:19.862   CNC 6   INF   Workplace still active
2020-02-01 23:20:20.171   CNC 6   INF   Download and sort of length 0 takes: 308.96142ms
2020-02-01 23:20:20.328   CNC 6   INF   Processing takes 465.239887ms
2020-02-01 23:20:20.328   CNC 6   INF   Sleeping for 9.534640976s
2020-02-01 23:20:29.864   CNC 6   INF   Workplace still active
2020-02-01 23:20:30.006   CNC 6   INF   Download and sort of length 0 takes: 142.668619ms
2020-02-01 23:20:30.155   CNC 6   INF   Processing takes 291.614145ms
2020-02-01 23:20:30.156   CNC 6   INF   Sleeping for 9.708208335s
2020-02-01 23:20:39.867   CNC 6   INF   Workplace still active
2020-02-01 23:20:40.038   CNC 6   INF   Download and sort of length 0 takes: 170.349677ms
2020-02-01 23:20:40.238   CNC 6   INF   Processing takes 369.890689ms
2020-02-01 23:20:40.238   CNC 6   INF   Sleeping for 9.629930155s
2020-02-01 23:20:49.870   CNC 6   INF   Workplace still active
2020-02-01 23:20:50.363   CNC 6   INF   Download and sort of length 0 takes: 492.548949ms
2020-02-01 23:20:50.710   CNC 6   INF   Processing takes 839.426935ms
2020-02-01 23:20:50.710   CNC 6   INF   Sleeping for 9.160367673s
2020-02-01 23:20:59.870   CNC 6   INF   Workplace still active
2020-02-01 23:21:00.196   CNC 6   INF   Download and sort of length 0 takes: 325.068519ms
2020-02-01 23:21:00.499   CNC 6   INF   Processing takes 628.731662ms
2020-02-01 23:21:00.499   CNC 6   INF   Sleeping for 9.371123637s
2020-02-01 23:21:09.873   CNC 6   INF   Workplace still active
2020-02-01 23:21:10.346   CNC 6   INF   Download and sort of length 0 takes: 472.320623ms
2020-02-01 23:21:10.621   CNC 6   INF   Processing takes 747.946719ms
2020-02-01 23:21:10.621   CNC 6   INF   Sleeping for 9.251922448s
2020-02-01 23:21:19.878   CNC 6   INF   Workplace still active
2020-02-01 23:21:20.186   CNC 6   INF   Download and sort of length 0 takes: 307.959873ms
2020-02-01 23:21:20.380   CNC 6   INF   Processing takes 501.329285ms
2020-02-01 23:21:20.380   CNC 6   INF   Sleeping for 9.498522549s
2020-02-01 23:21:29.884   CNC 6   INF   Workplace still active
2020-02-01 23:21:30.140   CNC 6   INF   Download and sort of length 1 takes: 255.307382ms
2020-02-01 23:21:30.423   CNC 6   INF   Changing state ==> Downtime at 2020-02-01 23:21:26.671907 +0100 CET
2020-02-01 23:21:30.639   CNC 6   INF   Processing takes 754.429616ms
2020-02-01 23:21:30.639   CNC 6   INF   Sleeping for 9.245143602s
2020-02-01 23:21:39.887   CNC 6   INF   Workplace still active
2020-02-01 23:21:40.086   CNC 6   INF   Download and sort of length 1 takes: 198.985073ms
2020-02-01 23:21:40.280   CNC 6   INF   Processing takes 393.517235ms
2020-02-01 23:21:40.281   CNC 6   INF   Sleeping for 9.606281076s
2020-02-01 23:21:49.890   CNC 6   INF   Workplace still active
2020-02-01 23:21:50.272   CNC 6   INF   Download and sort of length 2 takes: 381.48248ms
2020-02-01 23:21:50.531   CNC 6   INF   Processing takes 640.46459ms
2020-02-01 23:21:50.531   CNC 6   INF   Sleeping for 9.359338486s
