2020-01-28 15:12:50.964   CNC 1   INF   Workplace started running
2020-01-28 15:12:51.432   CNC 1   INF   Download and sort of length 1117 takes: 467.678745ms
2020-01-28 15:12:51.670   CNC 1   INF   Processing takes 705.205904ms
2020-01-28 15:12:51.670   CNC 1   INF   Sleeping for 9.29463185s
2020-01-28 15:13:00.966   CNC 1   INF   Workplace still active
2020-01-28 15:13:01.256   CNC 1   INF   Download and sort of length 1120 takes: 288.994987ms
2020-01-28 15:13:01.457   CNC 1   INF   Processing takes 490.671971ms
2020-01-28 15:13:01.457   CNC 1   INF   Sleeping for 9.50917602s
2020-01-28 15:13:10.967   CNC 1   INF   Workplace still active
2020-01-28 15:13:11.024   CNC 1   INF   Download and sort of length 1123 takes: 56.276027ms
2020-01-28 15:13:11.199   CNC 1   INF   Processing takes 232.107774ms
2020-01-28 15:13:11.200   CNC 1   INF   Sleeping for 9.767728194s
2020-01-28 15:13:20.968   CNC 1   INF   Workplace still active
2020-01-28 15:13:21.205   CNC 1   INF   Download and sort of length 1126 takes: 236.904953ms
2020-01-28 15:13:21.454   CNC 1   INF   Processing takes 485.678323ms
2020-01-28 15:13:21.454   CNC 1   INF   Sleeping for 9.514137994s
2020-01-28 15:13:30.969   CNC 1   INF   Workplace still active
2020-01-28 15:13:31.383   CNC 1   INF   Download and sort of length 1129 takes: 339.003838ms
2020-01-28 15:13:31.523   CNC 1   INF   Processing takes 479.077365ms
2020-01-28 15:13:31.523   CNC 1   INF   Sleeping for 9.520805822s
2020-01-28 15:13:41.048   CNC 1   INF   Workplace still active
2020-01-28 15:13:41.402   CNC 1   INF   Download and sort of length 1132 takes: 354.413553ms
2020-01-28 15:13:41.647   CNC 1   INF   Processing takes 599.188222ms
2020-01-28 15:13:41.648   CNC 1   INF   Sleeping for 9.400441827s
