2020-02-02 08:03:32.788   CNC 15   INF   Workplace started running
2020-02-02 08:03:33.019   CNC 15   INF   Download and sort of length 3 takes: 230.912166ms
2020-02-02 08:03:33.446   CNC 15   INF   Changing state ==> Downtime at 2020-02-02 08:03:09.415876 +0100 CET
2020-02-02 08:03:33.686   CNC 15   INF   Processing takes 897.456738ms
2020-02-02 08:03:33.686   CNC 15   INF   Sleeping for 9.102363958s
2020-02-02 08:03:42.792   CNC 15   INF   Workplace still active
2020-02-02 08:03:43.121   CNC 15   INF   Download and sort of length 3 takes: 328.904004ms
2020-02-02 08:03:43.403   CNC 15   INF   Processing takes 610.83097ms
2020-02-02 08:03:43.403   CNC 15   INF   Sleeping for 9.388961446s
2020-02-02 08:03:52.793   CNC 15   INF   Workplace still active
2020-02-02 08:03:52.968   CNC 15   INF   Download and sort of length 4 takes: 174.742226ms
2020-02-02 08:03:53.165   CNC 15   INF   Processing takes 371.993287ms
2020-02-02 08:03:53.166   CNC 15   INF   Sleeping for 9.627227421s
2020-02-02 08:04:02.795   CNC 15   INF   Workplace still active
2020-02-02 08:04:03.026   CNC 15   INF   Download and sort of length 5 takes: 230.334798ms
2020-02-02 08:04:03.267   CNC 15   INF   Processing takes 471.747565ms
2020-02-02 08:04:03.268   CNC 15   INF   Sleeping for 9.527655218s
2020-02-02 08:04:12.796   CNC 15   INF   Workplace still active
2020-02-02 08:04:13.122   CNC 15   INF   Download and sort of length 6 takes: 326.557129ms
2020-02-02 08:04:13.198   CNC 15   INF   Processing takes 401.696033ms
2020-02-02 08:04:13.198   CNC 15   INF   Sleeping for 9.598129088s
2020-02-02 08:04:22.797   CNC 15   INF   Workplace still active
2020-02-02 08:04:23.212   CNC 15   INF   Download and sort of length 7 takes: 414.460056ms
2020-02-02 08:04:23.641   CNC 15   INF   Processing takes 843.374277ms
2020-02-02 08:04:23.641   CNC 15   INF   Sleeping for 9.156152426s
2020-02-02 08:04:32.798   CNC 15   INF   Workplace still active
2020-02-02 08:04:33.152   CNC 15   INF   Download and sort of length 8 takes: 353.91904ms
2020-02-02 08:04:33.363   CNC 15   INF   Processing takes 564.682559ms
2020-02-02 08:04:33.363   CNC 15   INF   Sleeping for 9.435150764s
2020-02-02 08:04:42.802   CNC 15   INF   Workplace still active
2020-02-02 08:04:42.999   CNC 15   INF   Download and sort of length 9 takes: 196.97296ms
2020-02-02 08:04:43.439   CNC 15   INF   Processing takes 636.869898ms
2020-02-02 08:04:43.440   CNC 15   INF   Sleeping for 9.362399499s
2020-02-02 08:04:52.810   CNC 15   INF   Workplace still active
2020-02-02 08:04:53.913   CNC 15   INF   Download and sort of length 10 takes: 1.103364288s
2020-02-02 08:04:54.266   CNC 15   INF   Processing takes 1.436456891s
2020-02-02 08:04:54.266   CNC 15   INF   Sleeping for 8.543414078s
2020-02-02 08:05:02.812   CNC 15   INF   Workplace still active
2020-02-02 08:05:03.128   CNC 15   INF   Download and sort of length 11 takes: 315.515115ms
2020-02-02 08:05:03.362   CNC 15   INF   Processing takes 549.772845ms
2020-02-02 08:05:03.362   CNC 15   INF   Sleeping for 9.450113909s
2020-02-02 08:05:12.816   CNC 15   INF   Workplace still active
2020-02-02 08:05:13.216   CNC 15   INF   Download and sort of length 12 takes: 400.174611ms
2020-02-02 08:05:13.440   CNC 15   INF   Processing takes 623.2084ms
2020-02-02 08:05:13.440   CNC 15   INF   Sleeping for 9.376597517s
2020-02-02 08:05:22.821   CNC 15   INF   Workplace still active
2020-02-02 08:05:23.021   CNC 15   INF   Download and sort of length 13 takes: 199.567586ms
2020-02-02 08:05:23.328   CNC 15   INF   Processing takes 507.241328ms
2020-02-02 08:05:23.329   CNC 15   INF   Sleeping for 9.49264376s
2020-02-02 08:05:32.822   CNC 15   INF   Workplace still active
2020-02-02 08:05:33.081   CNC 15   INF   Download and sort of length 14 takes: 258.893109ms
2020-02-02 08:05:33.283   CNC 15   INF   Processing takes 461.083668ms
2020-02-02 08:05:33.283   CNC 15   INF   Sleeping for 9.538787801s
2020-02-02 08:05:42.823   CNC 15   INF   Workplace still active
2020-02-02 08:05:43.226   CNC 15   INF   Download and sort of length 15 takes: 402.418049ms
2020-02-02 08:05:43.575   CNC 15   INF   Processing takes 752.142871ms
2020-02-02 08:05:43.575   CNC 15   INF   Sleeping for 9.24772107s
2020-02-02 08:05:52.823   CNC 15   INF   Workplace still active
2020-02-02 08:05:52.890   CNC 15   INF   Download and sort of length 16 takes: 66.717163ms
2020-02-02 08:05:53.065   CNC 15   INF   Processing takes 241.68425ms
2020-02-02 08:05:53.065   CNC 15   INF   Sleeping for 9.758131691s
2020-02-02 08:06:02.826   CNC 15   INF   Workplace still active
2020-02-02 08:06:02.978   CNC 15   INF   Download and sort of length 17 takes: 151.650258ms
2020-02-02 08:06:03.418   CNC 15   INF   Processing takes 591.544958ms
2020-02-02 08:06:03.418   CNC 15   INF   Sleeping for 9.408247536s
2020-02-02 08:06:12.831   CNC 15   INF   Workplace still active
2020-02-02 08:06:12.930   CNC 15   INF   Download and sort of length 18 takes: 98.264401ms
2020-02-02 08:06:13.098   CNC 15   INF   Processing takes 267.195422ms
2020-02-02 08:06:13.099   CNC 15   INF   Sleeping for 9.732641765s
2020-02-02 08:06:22.835   CNC 15   INF   Workplace still active
2020-02-02 08:06:23.199   CNC 15   INF   Download and sort of length 19 takes: 363.112617ms
2020-02-02 08:06:23.291   CNC 15   INF   Processing takes 455.5698ms
2020-02-02 08:06:23.291   CNC 15   INF   Sleeping for 9.544316294s
2020-02-02 08:06:32.840   CNC 15   INF   Workplace still active
2020-02-02 08:06:33.004   CNC 15   INF   Download and sort of length 20 takes: 163.846112ms
2020-02-02 08:06:33.290   CNC 15   INF   Processing takes 449.977313ms
2020-02-02 08:06:33.291   CNC 15   INF   Sleeping for 9.549696773s
2020-02-02 08:06:42.845   CNC 15   INF   Workplace still active
2020-02-02 08:06:43.123   CNC 15   INF   Download and sort of length 21 takes: 277.966748ms
2020-02-02 08:06:43.372   CNC 15   INF   Processing takes 526.463121ms
2020-02-02 08:06:43.372   CNC 15   INF   Sleeping for 9.47340618s
2020-02-02 08:06:52.850   CNC 15   INF   Workplace still active
2020-02-02 08:06:53.136   CNC 15   INF   Download and sort of length 22 takes: 285.936556ms
2020-02-02 08:06:53.341   CNC 15   INF   Processing takes 491.392058ms
2020-02-02 08:06:53.342   CNC 15   INF   Sleeping for 9.50838518s
2020-02-02 08:07:02.854   CNC 15   INF   Workplace still active
2020-02-02 08:07:03.128   CNC 15   INF   Download and sort of length 23 takes: 273.500507ms
2020-02-02 08:07:03.269   CNC 15   INF   Processing takes 414.613521ms
2020-02-02 08:07:03.269   CNC 15   INF   Sleeping for 9.585248315s
2020-02-02 08:07:12.855   CNC 15   INF   Workplace still active
2020-02-02 08:07:13.075   CNC 15   INF   Download and sort of length 24 takes: 219.171939ms
2020-02-02 08:07:13.371   CNC 15   INF   Processing takes 514.860134ms
2020-02-02 08:07:13.371   CNC 15   INF   Sleeping for 9.484946248s
2020-02-02 08:07:22.858   CNC 15   INF   Workplace still active
2020-02-02 08:07:22.945   CNC 15   INF   Download and sort of length 25 takes: 85.215347ms
2020-02-02 08:07:23.094   CNC 15   INF   Processing takes 234.237813ms
2020-02-02 08:07:23.094   CNC 15   INF   Sleeping for 9.765309462s
2020-02-02 08:07:32.860   CNC 15   INF   Workplace still active
2020-02-02 08:07:32.955   CNC 15   INF   Download and sort of length 26 takes: 94.537741ms
2020-02-02 08:07:33.266   CNC 15   INF   Processing takes 406.177267ms
2020-02-02 08:07:33.266   CNC 15   INF   Sleeping for 9.593648647s
2020-02-02 08:07:42.862   CNC 15   INF   Workplace still active
2020-02-02 08:07:43.178   CNC 15   INF   Download and sort of length 27 takes: 315.803074ms
2020-02-02 08:07:43.368   CNC 15   INF   Processing takes 505.027801ms
2020-02-02 08:07:43.368   CNC 15   INF   Sleeping for 9.494869692s
2020-02-02 08:07:52.867   CNC 15   INF   Workplace still active
2020-02-02 08:07:53.015   CNC 15   INF   Download and sort of length 28 takes: 148.283937ms
2020-02-02 08:07:53.134   CNC 15   INF   Processing takes 267.383042ms
2020-02-02 08:07:53.134   CNC 15   INF   Sleeping for 9.73245434s
2020-02-02 08:08:02.871   CNC 15   INF   Workplace still active
2020-02-02 08:08:02.978   CNC 15   INF   Download and sort of length 29 takes: 106.453459ms
2020-02-02 08:08:03.282   CNC 15   INF   Processing takes 410.820925ms
2020-02-02 08:08:03.282   CNC 15   INF   Sleeping for 9.588963579s
2020-02-02 08:08:12.872   CNC 15   INF   Workplace still active
2020-02-02 08:08:13.070   CNC 15   INF   Download and sort of length 30 takes: 197.631331ms
2020-02-02 08:08:13.225   CNC 15   INF   Processing takes 352.993408ms
2020-02-02 08:08:13.225   CNC 15   INF   Sleeping for 9.64681818s
2020-02-02 08:08:22.876   CNC 15   INF   Workplace still active
2020-02-02 08:08:22.892   CNC 15   ERR   Problem opening zapsi4 database: pq: the database system is shutting down
2020-02-02 08:08:22.893   CNC 15   INF   Download and sort of length 0 takes: 16.056564ms
2020-02-02 08:08:22.909   CNC 15   ERR   Problem opening zapsi4 database: pq: the database system is shutting down
2020-02-02 08:08:22.909   CNC 15   INF   Processing takes 32.665031ms
2020-02-02 08:08:22.909   CNC 15   INF   Sleeping for 9.967269912s
2020-02-02 08:08:32.881   CNC 15   INF   Workplace not active
2020-02-02 08:08:32.881   CNC 15   INF   Workplace not active, stopped running
2020-02-02 08:12:06.325   CNC 15   INF   Workplace started running
2020-02-02 08:12:06.801   CNC 15   INF   Download and sort of length 0 takes: 476.015236ms
2020-02-02 08:12:07.106   CNC 15   INF   Changing state ==> Poweroff at 0001-01-01 00:00:00 +0000 UTC
2020-02-02 08:12:07.171   CNC 15   INF   Processing takes 845.823072ms
2020-02-02 08:12:07.171   CNC 15   INF   Sleeping for 9.154012322s
2020-02-02 08:12:16.327   CNC 15   INF   Workplace still active
2020-02-02 08:12:16.718   CNC 15   INF   Download and sort of length 3 takes: 390.221821ms
2020-02-02 08:12:17.117   CNC 15   INF   Changing state ==> Downtime at 2020-02-02 08:12:09.533501 +0100 CET
2020-02-02 08:12:17.720   CNC 15   INF   Changing state ==> Production at 2020-02-02 08:12:09.533501 +0100 CET
2020-02-02 08:12:17.816   CNC 15   INF   Processing takes 1.488681749s
2020-02-02 08:12:17.816   CNC 15   INF   Sleeping for 8.511139928s
2020-02-02 08:12:26.330   CNC 15   INF   Workplace not active
2020-02-02 08:12:26.330   CNC 15   INF   Workplace not active, stopped running
2020-02-02 08:12:26.332   CNC 15   INF   Workplace started running
2020-02-02 08:12:26.627   CNC 15   INF   Download and sort of length 4 takes: 293.959012ms
2020-02-02 08:12:26.900   CNC 15   INF   Processing takes 567.308051ms
2020-02-02 08:12:26.900   CNC 15   INF   Sleeping for 9.432515443s
2020-02-02 08:12:36.335   CNC 15   INF   Workplace still active
2020-02-02 08:12:36.444   CNC 15   INF   Download and sort of length 7 takes: 108.607733ms
2020-02-02 08:12:36.667   CNC 15   INF   Processing takes 331.441013ms
2020-02-02 08:12:36.667   CNC 15   INF   Sleeping for 9.668327848s
2020-02-02 08:12:46.336   CNC 15   INF   Workplace still active
2020-02-02 08:12:46.522   CNC 15   INF   Download and sort of length 10 takes: 186.507853ms
2020-02-02 08:12:46.734   CNC 15   INF   Processing takes 398.409401ms
2020-02-02 08:12:46.734   CNC 15   INF   Sleeping for 9.601440729s
2020-02-02 08:12:56.337   CNC 15   INF   Workplace not active
2020-02-02 08:12:56.338   CNC 15   INF   Workplace not active, stopped running
2020-02-02 08:12:56.339   CNC 15   INF   Workplace started running
2020-02-02 08:12:56.565   CNC 15   INF   Download and sort of length 13 takes: 225.099296ms
2020-02-02 08:12:56.747   CNC 15   INF   Processing takes 407.576083ms
2020-02-02 08:12:56.747   CNC 15   INF   Sleeping for 9.592154234s
2020-02-02 08:13:06.341   CNC 15   INF   Workplace not active
2020-02-02 08:13:06.342   CNC 15   INF   Workplace not active, stopped running
2020-02-02 08:13:06.347   CNC 15   INF   Workplace started running
2020-02-02 08:13:06.955   CNC 15   INF   Download and sort of length 16 takes: 608.027019ms
2020-02-02 08:13:07.118   CNC 15   INF   Processing takes 770.416749ms
2020-02-02 08:13:07.118   CNC 15   INF   Sleeping for 9.229404907s
2020-02-02 08:13:18.986   CNC 15   INF   Workplace started running
2020-02-02 08:13:19.200   CNC 15   INF   Download and sort of length 19 takes: 212.875743ms
2020-02-02 08:13:19.551   CNC 15   INF   Processing takes 563.553945ms
2020-02-02 08:13:19.551   CNC 15   INF   Sleeping for 9.435826757s
2020-02-02 08:13:55.980   CNC 15   INF   Workplace started running
2020-02-02 08:13:56.368   CNC 15   INF   Download and sort of length 31 takes: 387.262956ms
2020-02-02 08:13:56.537   CNC 15   INF   Processing takes 556.113258ms
2020-02-02 08:13:56.537   CNC 15   INF   Sleeping for 9.443021296s
2020-02-02 08:14:05.982   CNC 15   INF   Workplace still active
2020-02-02 08:14:06.279   CNC 15   INF   Download and sort of length 34 takes: 295.882928ms
2020-02-02 08:14:06.500   CNC 15   INF   Processing takes 517.071171ms
2020-02-02 08:14:06.500   CNC 15   INF   Sleeping for 9.482762586s
2020-02-02 08:14:15.985   CNC 15   INF   Workplace not active
2020-02-02 08:14:15.985   CNC 15   INF   Workplace not active, stopped running
2020-02-02 08:14:15.987   CNC 15   INF   Workplace started running
2020-02-02 08:14:16.248   CNC 15   INF   Download and sort of length 37 takes: 260.659389ms
2020-02-02 08:14:16.341   CNC 15   INF   Processing takes 353.603568ms
2020-02-02 08:14:16.341   CNC 15   INF   Sleeping for 9.646309449s
2020-02-02 08:14:25.987   CNC 15   INF   Workplace still active
2020-02-02 08:14:26.197   CNC 15   INF   Download and sort of length 40 takes: 209.407966ms
2020-02-02 08:14:26.308   CNC 15   INF   Processing takes 321.136001ms
2020-02-02 08:14:26.309   CNC 15   INF   Sleeping for 9.678736593s
2020-02-02 08:14:35.992   CNC 15   INF   Workplace still active
2020-02-02 08:14:36.386   CNC 15   INF   Download and sort of length 43 takes: 393.684715ms
2020-02-02 08:14:36.523   CNC 15   INF   Processing takes 531.220465ms
2020-02-02 08:14:36.523   CNC 15   INF   Sleeping for 9.468679097s
2020-02-02 08:14:45.996   CNC 15   INF   Workplace still active
2020-02-02 08:14:46.378   CNC 15   INF   Download and sort of length 43 takes: 381.092462ms
2020-02-02 08:14:46.575   CNC 15   INF   Processing takes 578.880005ms
2020-02-02 08:14:46.576   CNC 15   INF   Sleeping for 9.420064026s
2020-02-02 08:14:55.999   CNC 15   INF   Workplace still active
2020-02-02 08:14:56.187   CNC 15   INF   Download and sort of length 43 takes: 187.289551ms
2020-02-02 08:14:56.334   CNC 15   INF   Processing takes 335.039566ms
2020-02-02 08:14:56.335   CNC 15   INF   Sleeping for 9.664684914s
2020-02-02 08:15:06.003   CNC 15   INF   Workplace still active
2020-02-02 08:15:06.224   CNC 15   INF   Download and sort of length 43 takes: 220.562224ms
2020-02-02 08:15:06.307   CNC 15   INF   Processing takes 304.092211ms
2020-02-02 08:15:06.307   CNC 15   INF   Sleeping for 9.695787272s
2020-02-02 08:15:16.006   CNC 15   INF   Workplace not active
2020-02-02 08:15:16.007   CNC 15   INF   Workplace not active, stopped running
2020-02-02 08:15:16.014   CNC 15   INF   Workplace started running
2020-02-02 08:15:16.566   CNC 15   INF   Download and sort of length 43 takes: 551.20394ms
2020-02-02 08:15:16.881   CNC 15   INF   Processing takes 866.912892ms
2020-02-02 08:15:16.881   CNC 15   INF   Sleeping for 9.13288466s
2020-02-02 08:15:26.015   CNC 15   INF   Workplace still active
2020-02-02 08:15:26.189   CNC 15   INF   Download and sort of length 43 takes: 173.824578ms
2020-02-02 08:15:26.320   CNC 15   INF   Processing takes 305.013403ms
2020-02-02 08:15:26.320   CNC 15   INF   Sleeping for 9.694904858s
2020-02-02 08:15:36.015   CNC 15   INF   Workplace still active
2020-02-02 08:15:36.328   CNC 15   INF   Download and sort of length 43 takes: 312.665426ms
2020-02-02 08:15:36.526   CNC 15   INF   Processing takes 510.487609ms
2020-02-02 08:15:36.526   CNC 15   INF   Sleeping for 9.489365259s
2020-02-02 08:15:46.015   CNC 15   INF   Workplace still active
2020-02-02 08:15:46.218   CNC 15   INF   Download and sort of length 43 takes: 202.405107ms
2020-02-02 08:15:46.315   CNC 15   INF   Processing takes 299.324568ms
2020-02-02 08:15:46.315   CNC 15   INF   Sleeping for 9.700589329s
2020-02-02 08:15:56.020   CNC 15   INF   Workplace still active
2020-02-02 08:15:56.219   CNC 15   INF   Download and sort of length 43 takes: 199.482912ms
2020-02-02 08:15:56.353   CNC 15   INF   Processing takes 333.54224ms
2020-02-02 08:15:56.353   CNC 15   INF   Sleeping for 9.666346674s
2020-02-02 08:16:06.021   CNC 15   INF   Workplace still active
2020-02-02 08:16:06.242   CNC 15   INF   Download and sort of length 43 takes: 221.558385ms
2020-02-02 08:16:06.272   CNC 15   INF   Processing takes 250.990558ms
2020-02-02 08:16:06.272   CNC 15   INF   Sleeping for 9.748889657s
2020-02-02 08:16:16.021   CNC 15   INF   Workplace still active
2020-02-02 08:16:16.183   CNC 15   INF   Download and sort of length 43 takes: 161.694765ms
2020-02-02 08:16:16.360   CNC 15   INF   Processing takes 339.071565ms
2020-02-02 08:16:16.361   CNC 15   INF   Sleeping for 9.660803202s
2020-02-02 08:16:26.022   CNC 15   INF   Workplace still active
2020-02-02 08:16:26.303   CNC 15   INF   Download and sort of length 43 takes: 280.690785ms
2020-02-02 08:16:26.371   CNC 15   INF   Processing takes 349.107716ms
2020-02-02 08:16:26.371   CNC 15   INF   Sleeping for 9.650794407s
