2020-02-01 07:33:41.338   CNC 9   INF   Workplace started running
2020-02-01 07:33:41.542   CNC 9   INF   Download and sort of length 0 takes: 203.330219ms
2020-02-01 07:33:41.918   CNC 9   INF   Processing takes 579.243188ms
2020-02-01 07:33:41.918   CNC 9   INF   Sleeping for 9.42061639s
2020-02-01 07:41:45.556   CNC 9   INF   Workplace started running
2020-02-01 07:41:45.768   CNC 9   INF   Download and sort of length 79 takes: 211.580647ms
2020-02-01 07:41:45.974   CNC 9   INF   Processing takes 417.150072ms
2020-02-01 07:41:45.974   CNC 9   INF   Sleeping for 9.582679943s
2020-02-01 07:42:24.379   CNC 9   INF   Workplace started running
2020-02-01 07:42:24.546   CNC 9   INF   Download and sort of length 88 takes: 165.97959ms
2020-02-01 07:42:24.912   CNC 9   INF   Processing takes 532.010306ms
2020-02-01 07:42:24.912   CNC 9   INF   Sleeping for 9.467566949s
2020-02-01 18:40:40.709   CNC 9   INF   Workplace started running
2020-02-01 18:40:40.955   CNC 9   INF   Download and sort of length 0 takes: 245.589782ms
2020-02-01 19:21:13.436   CNC 9   INF   Workplace started running
2020-02-01 19:21:13.572   CNC 9   INF   Download and sort of length 0 takes: 135.529665ms
2020-02-01 19:21:13.972   CNC 9   INF   Processing takes 535.173867ms
2020-02-01 19:21:13.972   CNC 9   INF   Sleeping for 9.464137446s
2020-02-01 19:21:23.440   CNC 9   INF   Workplace still active
2020-02-01 19:21:23.631   CNC 9   INF   Download and sort of length 0 takes: 190.377565ms
2020-02-01 19:21:23.810   CNC 9   INF   Processing takes 369.362046ms
2020-02-01 19:21:23.811   CNC 9   INF   Sleeping for 9.630021216s
2020-02-01 19:21:33.444   CNC 9   INF   Workplace still active
2020-02-01 19:21:33.683   CNC 9   INF   Download and sort of length 0 takes: 239.155446ms
2020-02-01 19:21:33.848   CNC 9   INF   Processing takes 404.571989ms
2020-02-01 19:21:33.848   CNC 9   INF   Sleeping for 9.595333044s
2020-02-01 19:21:43.448   CNC 9   INF   Workplace still active
2020-02-01 19:21:43.640   CNC 9   INF   Download and sort of length 0 takes: 191.776492ms
2020-02-01 19:21:43.892   CNC 9   INF   Processing takes 443.449532ms
2020-02-01 19:21:43.892   CNC 9   INF   Sleeping for 9.55644268s
2020-02-01 19:21:53.449   CNC 9   INF   Workplace still active
2020-02-01 19:21:53.657   CNC 9   INF   Download and sort of length 0 takes: 207.791373ms
2020-02-01 19:21:53.837   CNC 9   INF   Processing takes 388.466573ms
2020-02-01 19:21:53.838   CNC 9   INF   Sleeping for 9.611401568s
2020-02-01 21:41:49.778   CNC 9   INF   Workplace started running
2020-02-01 21:41:49.970   CNC 9   INF   Download and sort of length 6 takes: 191.629864ms
2020-02-01 21:41:50.220   CNC 9   INF   Changing state ==> Downtime at 2020-02-01 21:40:57.804186 +0100 CET
2020-02-01 21:41:50.462   CNC 9   INF   Processing takes 683.921366ms
2020-02-01 21:41:50.463   CNC 9   INF   Sleeping for 9.315759862s
2020-02-01 21:41:59.783   CNC 9   INF   Workplace still active
2020-02-01 21:42:00.109   CNC 9   INF   Download and sort of length 6 takes: 325.149187ms
2020-02-01 21:42:00.335   CNC 9   INF   Processing takes 551.074084ms
2020-02-01 21:42:00.335   CNC 9   INF   Sleeping for 9.448758877s
2020-02-01 22:36:18.098   CNC 9   INF   Workplace started running
2020-02-01 22:36:18.466   CNC 9   INF   Download and sort of length 8 takes: 366.291598ms
2020-02-01 22:36:18.790   CNC 9   INF   Changing state ==> Downtime at 2020-02-01 22:35:03.553541 +0100 CET
2020-02-01 22:36:19.102   CNC 9   INF   Changing state ==> Poweroff at 2020-02-01 22:36:13.612919 +0100 CET
2020-02-01 22:36:19.257   CNC 9   INF   Processing takes 1.156663206s
2020-02-01 22:36:19.257   CNC 9   INF   Sleeping for 8.843190683s
2020-02-01 22:36:28.102   CNC 9   INF   Workplace not active
2020-02-01 22:36:28.103   CNC 9   INF   Workplace not active, stopped running
2020-02-01 22:36:28.104   CNC 9   INF   Workplace started running
2020-02-01 22:36:28.348   CNC 9   INF   Download and sort of length 1 takes: 243.891883ms
2020-02-01 22:36:28.589   CNC 9   INF   Changing state ==> Downtime at 2020-02-01 22:36:23.565914 +0100 CET
2020-02-01 22:36:28.737   CNC 9   INF   Changing state ==> Poweroff at 2020-02-01 22:36:23.565914 +0100 CET
2020-02-01 22:36:28.800   CNC 9   INF   Processing takes 695.980508ms
2020-02-01 22:36:28.800   CNC 9   INF   Sleeping for 9.303913168s
2020-02-01 22:36:38.105   CNC 9   INF   Workplace not active
2020-02-01 22:36:38.106   CNC 9   INF   Workplace not active, stopped running
2020-02-01 22:36:38.109   CNC 9   INF   Workplace started running
2020-02-01 22:36:38.406   CNC 9   INF   Download and sort of length 0 takes: 296.553049ms
2020-02-01 22:36:38.595   CNC 9   INF   Processing takes 485.335969ms
2020-02-01 22:36:38.595   CNC 9   INF   Sleeping for 9.514473507s
2020-02-01 22:36:48.113   CNC 9   INF   Workplace still active
2020-02-01 22:36:48.484   CNC 9   INF   Download and sort of length 0 takes: 370.721733ms
2020-02-01 22:36:48.715   CNC 9   INF   Processing takes 601.341126ms
2020-02-01 22:36:48.715   CNC 9   INF   Sleeping for 9.398497903s
2020-02-01 22:36:58.116   CNC 9   INF   Workplace still active
2020-02-01 22:36:58.701   CNC 9   INF   Download and sort of length 0 takes: 585.509734ms
2020-02-01 22:36:58.753   CNC 9   INF   Processing takes 637.110991ms
2020-02-01 22:36:58.753   CNC 9   INF   Sleeping for 9.362670425s
2020-02-01 22:37:08.122   CNC 9   INF   Workplace still active
2020-02-01 22:37:08.779   CNC 9   INF   Download and sort of length 0 takes: 656.005682ms
2020-02-01 22:37:08.969   CNC 9   INF   Processing takes 846.34996ms
2020-02-01 22:37:08.970   CNC 9   INF   Sleeping for 9.152587808s
2020-02-01 22:37:21.519   CNC 9   INF   Workplace started running
2020-02-01 22:37:21.774   CNC 9   INF   Download and sort of length 9 takes: 254.342205ms
2020-02-01 22:37:22.006   CNC 9   INF   Changing state ==> Downtime at 2020-02-01 22:35:03.553541 +0100 CET
2020-02-01 22:37:22.156   CNC 9   INF   Changing state ==> Poweroff at 2020-02-01 22:36:23.565914 +0100 CET
2020-02-01 22:37:22.260   CNC 9   INF   Processing takes 740.390012ms
2020-02-01 22:37:22.260   CNC 9   INF   Sleeping for 9.259438233s
2020-02-01 22:38:13.309   CNC 9   INF   Workplace started running
2020-02-01 22:38:13.649   CNC 9   INF   Download and sort of length 0 takes: 340.484611ms
2020-02-01 22:38:13.897   CNC 9   INF   Changing state ==> Poweroff at 0001-01-01 00:00:00 +0000 UTC
2020-02-01 22:38:14.043   CNC 9   INF   Processing takes 733.652652ms
2020-02-01 22:38:14.043   CNC 9   INF   Sleeping for 9.265583547s
2020-02-01 22:38:23.309   CNC 9   INF   Workplace still active
2020-02-01 22:38:23.599   CNC 9   INF   Download and sort of length 0 takes: 289.385736ms
2020-02-01 22:38:23.908   CNC 9   INF   Processing takes 598.545485ms
2020-02-01 22:38:23.908   CNC 9   INF   Sleeping for 9.401306978s
2020-02-01 22:38:33.313   CNC 9   INF   Workplace still active
2020-02-01 22:38:33.597   CNC 9   INF   Download and sort of length 3 takes: 284.140771ms
2020-02-01 22:38:33.923   CNC 9   INF   Changing state ==> Downtime at 2020-02-01 22:38:26.448345 +0100 CET
2020-02-01 22:38:34.221   CNC 9   INF   Changing state ==> Production at 2020-02-01 22:38:26.448345 +0100 CET
2020-02-01 22:38:34.373   CNC 9   INF   Changing state ==> Poweroff at 2020-02-01 22:38:27.448345 +0100 CET
2020-02-01 22:38:34.426   CNC 9   INF   Processing takes 1.112658689s
2020-02-01 22:38:34.426   CNC 9   INF   Sleeping for 8.887196139s
2020-02-01 23:05:27.456   CNC 9   INF   Workplace started running
2020-02-01 23:05:27.653   CNC 9   INF   Download and sort of length 0 takes: 196.816371ms
2020-02-01 23:05:27.885   CNC 9   INF   Changing state ==> Poweroff at 0001-01-01 00:00:00 +0000 UTC
2020-02-01 23:05:46.628   CNC 9   INF   Workplace started running
2020-02-01 23:05:47.442   CNC 9   INF   Download and sort of length 6 takes: 813.713186ms
2020-02-01 23:05:47.868   CNC 9   INF   Changing state ==> Downtime at 2020-02-01 23:05:32.335425 +0100 CET
2020-02-01 23:05:48.179   CNC 9   INF   Changing state ==> Production at 2020-02-01 23:05:32.335425 +0100 CET
2020-02-01 23:05:48.378   CNC 9   INF   Processing takes 1.750192378s
2020-02-01 23:05:48.379   CNC 9   INF   Sleeping for 8.249327382s
2020-02-01 23:05:56.628   CNC 9   INF   Workplace still active
2020-02-01 23:05:56.799   CNC 9   INF   Download and sort of length 7 takes: 170.523252ms
2020-02-01 23:05:57.159   CNC 9   INF   Processing takes 530.583938ms
2020-02-01 23:05:57.159   CNC 9   INF   Sleeping for 9.469282197s
2020-02-01 23:06:06.629   CNC 9   INF   Workplace still active
2020-02-01 23:06:06.854   CNC 9   INF   Download and sort of length 10 takes: 225.577186ms
2020-02-01 23:06:07.083   CNC 9   INF   Processing takes 454.006188ms
2020-02-01 23:06:07.083   CNC 9   INF   Sleeping for 9.545869918s
2020-02-01 23:06:16.630   CNC 9   INF   Workplace still active
2020-02-01 23:06:17.015   CNC 9   INF   Download and sort of length 13 takes: 385.38203ms
2020-02-01 23:06:17.242   CNC 9   INF   Processing takes 612.155992ms
2020-02-01 23:06:17.242   CNC 9   INF   Sleeping for 9.387654583s
2020-02-01 23:07:48.027   CNC 9   INF   Workplace started running
2020-02-01 23:07:48.256   CNC 9   INF   Download and sort of length 42 takes: 228.409211ms
2020-02-01 23:07:48.489   CNC 9   INF   Changing state ==> Downtime at 2020-02-01 23:05:32.335425 +0100 CET
2020-02-01 23:07:48.705   CNC 9   INF   Changing state ==> Production at 2020-02-01 23:05:32.335425 +0100 CET
2020-02-01 23:07:48.828   CNC 9   INF   Processing takes 800.36935ms
2020-02-01 23:07:48.828   CNC 9   INF   Sleeping for 9.199481954s
2020-02-01 23:09:14.551   CNC 9   INF   Workplace started running
2020-02-01 23:09:14.761   CNC 9   INF   Download and sort of length 69 takes: 209.447258ms
2020-02-01 23:09:15.053   CNC 9   INF   Changing state ==> Downtime at 2020-02-01 23:05:32.335425 +0100 CET
2020-02-01 23:09:15.292   CNC 9   INF   Changing state ==> Production at 2020-02-01 23:05:32.335425 +0100 CET
2020-02-01 23:09:15.464   CNC 9   INF   Processing takes 912.569897ms
2020-02-01 23:09:15.464   CNC 9   INF   Sleeping for 9.08690879s
2020-02-01 23:10:33.484   CNC 9   INF   Workplace started running
2020-02-01 23:10:33.739   CNC 9   INF   Download and sort of length 93 takes: 254.865323ms
2020-02-01 23:10:34.021   CNC 9   INF   Changing state ==> Downtime at 2020-02-01 23:05:32.335425 +0100 CET
2020-02-01 23:10:34.305   CNC 9   INF   Changing state ==> Production at 2020-02-01 23:05:32.335425 +0100 CET
2020-02-01 23:10:34.451   CNC 9   INF   Processing takes 966.786342ms
2020-02-01 23:10:34.451   CNC 9   INF   Sleeping for 9.033065263s
2020-02-01 23:11:16.872   CNC 9   INF   Workplace started running
2020-02-01 23:11:17.216   CNC 9   INF   Download and sort of length 103 takes: 341.63285ms
2020-02-01 23:11:17.476   CNC 9   INF   Processing takes 601.949855ms
2020-02-01 23:11:17.476   CNC 9   INF   Sleeping for 9.397143312s
2020-02-01 23:12:47.710   CNC 9   INF   Workplace started running
2020-02-01 23:12:47.866   CNC 9   INF   Download and sort of length 132 takes: 155.568046ms
2020-02-01 23:12:48.052   CNC 9   INF   Changing state ==> Downtime at 2020-02-01 23:05:32.335425 +0100 CET
2020-02-01 23:12:48.183   CNC 9   INF   Changing state ==> Production at 2020-02-01 23:05:32.335425 +0100 CET
2020-02-01 23:12:48.269   CNC 9   INF   Processing takes 558.378475ms
2020-02-01 23:12:48.269   CNC 9   INF   Sleeping for 9.441429188s
2020-02-01 23:12:57.713   CNC 9   INF   Workplace not active
2020-02-01 23:12:57.714   CNC 9   INF   Workplace not active, stopped running
2020-02-01 23:12:57.726   CNC 9   INF   Workplace started running
2020-02-01 23:12:57.935   CNC 9   INF   Download and sort of length 133 takes: 208.770802ms
2020-02-01 23:12:58.193   CNC 9   INF   Processing takes 466.35363ms
2020-02-01 23:12:58.193   CNC 9   INF   Sleeping for 9.533493349s
2020-02-01 23:13:07.728   CNC 9   INF   Workplace not active
2020-02-01 23:13:07.728   CNC 9   INF   Workplace not active, stopped running
2020-02-01 23:13:52.783   CNC 9   INF   Workplace started running
2020-02-01 23:13:52.999   CNC 9   INF   Download and sort of length 151 takes: 215.901753ms
2020-02-01 23:13:53.240   CNC 9   INF   Processing takes 457.088388ms
2020-02-01 23:13:53.241   CNC 9   INF   Sleeping for 9.541919098s
2020-02-01 23:14:02.786   CNC 9   INF   Workplace still active
2020-02-01 23:14:03.133   CNC 9   INF   Download and sort of length 154 takes: 346.131468ms
2020-02-01 23:14:03.364   CNC 9   INF   Processing takes 576.837926ms
2020-02-01 23:14:03.364   CNC 9   INF   Sleeping for 9.422963437s
2020-02-01 23:14:12.787   CNC 9   INF   Workplace still active
2020-02-01 23:14:13.009   CNC 9   INF   Download and sort of length 157 takes: 221.300119ms
2020-02-01 23:14:13.250   CNC 9   INF   Processing takes 462.367317ms
2020-02-01 23:14:13.250   CNC 9   INF   Sleeping for 9.537481848s
2020-02-01 23:14:22.791   CNC 9   INF   Workplace still active
2020-02-01 23:14:23.108   CNC 9   INF   Download and sort of length 160 takes: 317.435224ms
2020-02-01 23:14:23.303   CNC 9   INF   Processing takes 511.438831ms
2020-02-01 23:14:23.304   CNC 9   INF   Sleeping for 9.487299494s
2020-02-01 23:14:32.795   CNC 9   INF   Workplace still active
2020-02-01 23:14:33.005   CNC 9   INF   Download and sort of length 163 takes: 209.34375ms
2020-02-01 23:14:33.337   CNC 9   INF   Processing takes 541.83896ms
2020-02-01 23:14:33.337   CNC 9   INF   Sleeping for 9.457736443s
2020-02-01 23:14:42.797   CNC 9   INF   Workplace still active
2020-02-01 23:14:43.069   CNC 9   INF   Download and sort of length 166 takes: 271.929197ms
2020-02-01 23:14:43.185   CNC 9   INF   Processing takes 388.060748ms
2020-02-01 23:14:43.185   CNC 9   INF   Sleeping for 9.611825671s
2020-02-01 23:14:52.800   CNC 9   INF   Workplace still active
2020-02-01 23:14:53.071   CNC 9   INF   Download and sort of length 169 takes: 270.105551ms
2020-02-01 23:14:53.387   CNC 9   INF   Processing takes 585.981051ms
2020-02-01 23:14:53.387   CNC 9   INF   Sleeping for 9.413819625s
2020-02-01 23:15:02.801   CNC 9   INF   Workplace still active
2020-02-01 23:15:03.131   CNC 9   INF   Download and sort of length 172 takes: 329.447778ms
2020-02-01 23:15:03.342   CNC 9   INF   Processing takes 540.957652ms
2020-02-01 23:15:03.342   CNC 9   INF   Sleeping for 9.458901233s
2020-02-01 23:15:12.802   CNC 9   INF   Workplace still active
2020-02-01 23:15:13.101   CNC 9   INF   Download and sort of length 175 takes: 298.998581ms
2020-02-01 23:15:13.319   CNC 9   INF   Processing takes 516.57151ms
2020-02-01 23:15:13.319   CNC 9   INF   Sleeping for 9.483132502s
2020-02-01 23:15:22.806   CNC 9   INF   Workplace still active
2020-02-01 23:15:23.011   CNC 9   INF   Download and sort of length 178 takes: 204.83128ms
2020-02-01 23:15:23.237   CNC 9   INF   Processing takes 430.378818ms
2020-02-01 23:15:23.237   CNC 9   INF   Sleeping for 9.569454332s
2020-02-01 23:15:32.808   CNC 9   INF   Workplace still active
2020-02-01 23:15:33.097   CNC 9   INF   Download and sort of length 181 takes: 289.379894ms
2020-02-01 23:15:33.337   CNC 9   INF   Processing takes 529.436761ms
2020-02-01 23:15:33.337   CNC 9   INF   Sleeping for 9.470422894s
2020-02-01 23:15:42.808   CNC 9   INF   Workplace not active
2020-02-01 23:15:42.809   CNC 9   INF   Workplace not active, stopped running
2020-02-01 23:15:42.812   CNC 9   INF   Workplace started running
2020-02-01 23:15:43.253   CNC 9   INF   Download and sort of length 184 takes: 441.152343ms
2020-02-01 23:15:43.424   CNC 9   INF   Processing takes 612.604091ms
2020-02-01 23:15:43.425   CNC 9   INF   Sleeping for 9.386993284s
2020-02-01 23:15:52.812   CNC 9   INF   Workplace still active
2020-02-01 23:17:29.831   CNC 9   INF   Workplace started running
2020-02-01 23:17:29.999   CNC 9   INF   Download and sort of length 184 takes: 168.238088ms
2020-02-01 23:17:30.229   CNC 9   INF   Processing takes 397.861416ms
2020-02-01 23:17:30.229   CNC 9   INF   Sleeping for 9.601983353s
2020-02-01 23:17:39.831   CNC 9   INF   Workplace still active
2020-02-01 23:17:40.190   CNC 9   INF   Download and sort of length 184 takes: 358.42148ms
2020-02-01 23:17:40.378   CNC 9   INF   Processing takes 546.173994ms
2020-02-01 23:17:40.378   CNC 9   INF   Sleeping for 9.453543689s
2020-02-01 23:17:49.833   CNC 9   INF   Workplace still active
2020-02-01 23:17:50.116   CNC 9   INF   Download and sort of length 184 takes: 282.824253ms
2020-02-01 23:17:50.402   CNC 9   INF   Processing takes 568.290061ms
2020-02-01 23:17:50.402   CNC 9   INF   Sleeping for 9.4315505s
2020-02-01 23:17:59.834   CNC 9   INF   Workplace still active
2020-02-01 23:17:59.975   CNC 9   INF   Download and sort of length 184 takes: 141.016343ms
2020-02-01 23:18:00.130   CNC 9   INF   Processing takes 296.077649ms
2020-02-01 23:18:00.130   CNC 9   INF   Sleeping for 9.703794099s
2020-02-01 23:18:09.835   CNC 9   INF   Workplace still active
2020-02-01 23:18:10.300   CNC 9   INF   Download and sort of length 184 takes: 464.571722ms
2020-02-01 23:18:10.410   CNC 9   INF   Processing takes 574.238902ms
2020-02-01 23:18:10.410   CNC 9   INF   Sleeping for 9.425580039s
2020-02-01 23:18:19.838   CNC 9   INF   Workplace still active
2020-02-01 23:18:20.199   CNC 9   INF   Download and sort of length 184 takes: 361.51586ms
2020-02-01 23:18:20.380   CNC 9   INF   Processing takes 541.833914ms
2020-02-01 23:18:20.380   CNC 9   INF   Sleeping for 9.457975447s
2020-02-01 23:18:29.839   CNC 9   INF   Workplace still active
2020-02-01 23:18:30.113   CNC 9   INF   Download and sort of length 184 takes: 273.925566ms
2020-02-01 23:18:30.319   CNC 9   INF   Processing takes 480.224387ms
2020-02-01 23:18:30.319   CNC 9   INF   Sleeping for 9.519668714s
2020-02-01 23:18:39.842   CNC 9   INF   Workplace still active
2020-02-01 23:18:40.141   CNC 9   INF   Download and sort of length 184 takes: 298.832951ms
2020-02-01 23:18:40.354   CNC 9   INF   Processing takes 511.295045ms
2020-02-01 23:18:40.354   CNC 9   INF   Sleeping for 9.488571681s
2020-02-01 23:18:49.843   CNC 9   INF   Workplace still active
2020-02-01 23:18:50.140   CNC 9   INF   Download and sort of length 184 takes: 296.879633ms
2020-02-01 23:18:50.203   CNC 9   INF   Processing takes 359.587127ms
2020-02-01 23:18:50.203   CNC 9   INF   Sleeping for 9.640322154s
2020-02-01 23:18:59.844   CNC 9   INF   Workplace still active
2020-02-01 23:18:59.970   CNC 9   INF   Download and sort of length 184 takes: 125.717304ms
2020-02-01 23:19:00.100   CNC 9   INF   Processing takes 254.932556ms
2020-02-01 23:19:00.100   CNC 9   INF   Sleeping for 9.744944865s
2020-02-01 23:19:09.845   CNC 9   INF   Workplace still active
2020-02-01 23:19:10.477   CNC 9   INF   Download and sort of length 184 takes: 631.850483ms
2020-02-01 23:19:10.641   CNC 9   INF   Processing takes 795.976714ms
2020-02-01 23:19:10.641   CNC 9   INF   Sleeping for 9.203898939s
2020-02-01 23:19:19.846   CNC 9   INF   Workplace still active
2020-02-01 23:19:20.018   CNC 9   INF   Download and sort of length 184 takes: 171.713632ms
2020-02-01 23:19:20.128   CNC 9   INF   Processing takes 282.434038ms
2020-02-01 23:19:20.129   CNC 9   INF   Sleeping for 9.717400698s
2020-02-01 23:19:29.846   CNC 9   INF   Workplace still active
2020-02-01 23:19:30.077   CNC 9   INF   Download and sort of length 184 takes: 229.887508ms
2020-02-01 23:19:30.435   CNC 9   INF   Processing takes 588.038377ms
2020-02-01 23:19:30.435   CNC 9   INF   Sleeping for 9.411786617s
2020-02-01 23:19:39.847   CNC 9   INF   Workplace still active
2020-02-01 23:19:40.013   CNC 9   INF   Download and sort of length 184 takes: 165.384369ms
2020-02-01 23:19:40.137   CNC 9   INF   Processing takes 289.297506ms
2020-02-01 23:19:40.137   CNC 9   INF   Sleeping for 9.710432579s
2020-02-01 23:19:49.853   CNC 9   INF   Workplace still active
2020-02-01 23:19:50.217   CNC 9   INF   Download and sort of length 184 takes: 363.158465ms
2020-02-01 23:19:50.270   CNC 9   INF   Processing takes 416.45533ms
2020-02-01 23:19:50.270   CNC 9   INF   Sleeping for 9.583392344s
2020-02-01 23:19:59.855   CNC 9   INF   Workplace still active
2020-02-01 23:20:00.341   CNC 9   INF   Download and sort of length 184 takes: 484.591058ms
2020-02-01 23:20:00.452   CNC 9   INF   Processing takes 596.419444ms
2020-02-01 23:20:00.452   CNC 9   INF   Sleeping for 9.403368422s
2020-02-01 23:20:09.857   CNC 9   INF   Workplace still active
2020-02-01 23:20:10.037   CNC 9   INF   Download and sort of length 184 takes: 179.546371ms
2020-02-01 23:20:10.204   CNC 9   INF   Processing takes 346.913195ms
2020-02-01 23:20:10.204   CNC 9   INF   Sleeping for 9.652897862s
2020-02-01 23:20:19.862   CNC 9   INF   Workplace still active
2020-02-01 23:20:20.033   CNC 9   INF   Download and sort of length 184 takes: 170.560213ms
2020-02-01 23:20:20.372   CNC 9   INF   Processing takes 509.23306ms
2020-02-01 23:20:20.372   CNC 9   INF   Sleeping for 9.490513434s
2020-02-01 23:20:29.863   CNC 9   INF   Workplace still active
2020-02-01 23:20:30.030   CNC 9   INF   Download and sort of length 184 takes: 166.302713ms
2020-02-01 23:20:30.180   CNC 9   INF   Processing takes 316.215131ms
2020-02-01 23:20:30.180   CNC 9   INF   Sleeping for 9.683677786s
2020-02-01 23:20:39.868   CNC 9   INF   Workplace still active
2020-02-01 23:20:40.127   CNC 9   INF   Download and sort of length 184 takes: 259.116019ms
2020-02-01 23:20:40.330   CNC 9   INF   Processing takes 462.43516ms
2020-02-01 23:20:40.330   CNC 9   INF   Sleeping for 9.537422214s
2020-02-01 23:20:49.870   CNC 9   INF   Workplace still active
2020-02-01 23:20:50.028   CNC 9   INF   Download and sort of length 184 takes: 157.751744ms
2020-02-01 23:20:50.289   CNC 9   INF   Changing state ==> Poweroff at 2020-02-01 23:15:43.502331 +0100 CET
2020-02-01 23:20:50.657   CNC 9   INF   Processing takes 786.789237ms
2020-02-01 23:20:50.657   CNC 9   INF   Sleeping for 9.213050488s
2020-02-01 23:20:59.871   CNC 9   INF   Workplace still active
2020-02-01 23:21:00.083   CNC 9   INF   Download and sort of length 0 takes: 211.482014ms
2020-02-01 23:21:00.436   CNC 9   INF   Processing takes 564.821119ms
2020-02-01 23:21:00.437   CNC 9   INF   Sleeping for 9.434311176s
2020-02-01 23:21:09.873   CNC 9   INF   Workplace still active
2020-02-01 23:21:10.237   CNC 9   INF   Download and sort of length 0 takes: 362.906594ms
2020-02-01 23:21:10.565   CNC 9   INF   Processing takes 691.277502ms
2020-02-01 23:21:10.565   CNC 9   INF   Sleeping for 9.308496591s
2020-02-01 23:21:19.878   CNC 9   INF   Workplace still active
2020-02-01 23:21:20.008   CNC 9   INF   Download and sort of length 0 takes: 129.19068ms
2020-02-01 23:21:20.158   CNC 9   INF   Processing takes 279.224218ms
2020-02-01 23:21:20.158   CNC 9   INF   Sleeping for 9.720548032s
2020-02-01 23:21:29.884   CNC 9   INF   Workplace still active
2020-02-01 23:21:30.052   CNC 9   INF   Download and sort of length 0 takes: 167.620345ms
2020-02-01 23:21:30.311   CNC 9   INF   Processing takes 426.615109ms
2020-02-01 23:21:30.311   CNC 9   INF   Sleeping for 9.573106754s
2020-02-01 23:21:39.886   CNC 9   INF   Workplace still active
2020-02-01 23:21:40.299   CNC 9   INF   Download and sort of length 0 takes: 412.337461ms
2020-02-01 23:21:40.409   CNC 9   INF   Processing takes 522.479852ms
2020-02-01 23:21:40.409   CNC 9   INF   Sleeping for 9.477333277s
2020-02-01 23:21:49.891   CNC 9   INF   Workplace still active
2020-02-01 23:21:50.298   CNC 9   INF   Download and sort of length 0 takes: 407.341183ms
2020-02-01 23:21:50.528   CNC 9   INF   Processing takes 636.919246ms
2020-02-01 23:21:50.528   CNC 9   INF   Sleeping for 9.362608736s
