2020-02-02 08:03:32.787   CNC 4   INF   Workplace started running
2020-02-02 08:03:33.022   CNC 4   INF   Download and sort of length 3 takes: 234.127943ms
2020-02-02 08:03:33.292   CNC 4   INF   Changing state ==> Downtime at 2020-02-02 08:03:09.439842 +0100 CET
2020-02-02 08:03:33.459   CNC 4   INF   Processing takes 671.771303ms
2020-02-02 08:03:33.459   CNC 4   INF   Sleeping for 9.328066611s
2020-02-02 08:03:42.792   CNC 4   INF   Workplace still active
2020-02-02 08:03:43.026   CNC 4   INF   Download and sort of length 3 takes: 233.314303ms
2020-02-02 08:03:43.428   CNC 4   INF   Processing takes 635.805599ms
2020-02-02 08:03:43.428   CNC 4   INF   Sleeping for 9.36398896s
2020-02-02 08:03:52.793   CNC 4   INF   Workplace still active
2020-02-02 08:03:53.005   CNC 4   INF   Download and sort of length 4 takes: 212.352391ms
2020-02-02 08:03:53.239   CNC 4   INF   Processing takes 446.421341ms
2020-02-02 08:03:53.240   CNC 4   INF   Sleeping for 9.553157263s
2020-02-02 08:04:02.795   CNC 4   INF   Workplace still active
2020-02-02 08:04:03.072   CNC 4   INF   Download and sort of length 5 takes: 276.922475ms
2020-02-02 08:04:03.334   CNC 4   INF   Processing takes 539.392693ms
2020-02-02 08:04:03.334   CNC 4   INF   Sleeping for 9.460355786s
2020-02-02 08:04:12.795   CNC 4   INF   Workplace still active
2020-02-02 08:04:13.031   CNC 4   INF   Download and sort of length 6 takes: 235.602332ms
2020-02-02 08:04:13.219   CNC 4   INF   Processing takes 423.504418ms
2020-02-02 08:04:13.219   CNC 4   INF   Sleeping for 9.576361256s
2020-02-02 08:04:22.800   CNC 4   INF   Workplace still active
2020-02-02 08:04:23.185   CNC 4   INF   Download and sort of length 7 takes: 383.812071ms
2020-02-02 08:04:23.518   CNC 4   INF   Processing takes 716.966473ms
2020-02-02 08:04:23.518   CNC 4   INF   Sleeping for 9.282849392s
2020-02-02 08:04:32.801   CNC 4   INF   Workplace still active
2020-02-02 08:04:33.152   CNC 4   INF   Download and sort of length 8 takes: 350.518082ms
2020-02-02 08:04:33.399   CNC 4   INF   Processing takes 597.831192ms
2020-02-02 08:04:33.400   CNC 4   INF   Sleeping for 9.401974691s
2020-02-02 08:04:42.805   CNC 4   INF   Workplace still active
2020-02-02 08:04:43.256   CNC 4   INF   Download and sort of length 9 takes: 450.52615ms
2020-02-02 08:04:43.626   CNC 4   INF   Processing takes 821.313694ms
2020-02-02 08:04:43.626   CNC 4   INF   Sleeping for 9.17847494s
2020-02-02 08:04:52.810   CNC 4   INF   Workplace still active
2020-02-02 08:04:53.735   CNC 4   INF   Download and sort of length 10 takes: 924.994291ms
2020-02-02 08:04:54.199   CNC 4   INF   Processing takes 1.388531538s
2020-02-02 08:04:54.199   CNC 4   INF   Sleeping for 8.611370342s
2020-02-02 08:05:02.812   CNC 4   INF   Workplace still active
2020-02-02 08:05:03.025   CNC 4   INF   Download and sort of length 11 takes: 213.215059ms
2020-02-02 08:05:03.208   CNC 4   INF   Processing takes 395.69006ms
2020-02-02 08:05:03.208   CNC 4   INF   Sleeping for 9.604189537s
2020-02-02 08:05:12.817   CNC 4   INF   Workplace still active
2020-02-02 08:05:13.125   CNC 4   INF   Download and sort of length 12 takes: 308.181783ms
2020-02-02 08:05:13.407   CNC 4   INF   Processing takes 590.143686ms
2020-02-02 08:05:13.407   CNC 4   INF   Sleeping for 9.409764114s
2020-02-02 08:05:22.821   CNC 4   INF   Workplace still active
2020-02-02 08:05:23.328   CNC 4   INF   Download and sort of length 13 takes: 506.414652ms
2020-02-02 08:05:23.392   CNC 4   INF   Processing takes 570.42579ms
2020-02-02 08:05:23.392   CNC 4   INF   Sleeping for 9.429385606s
2020-02-02 08:05:32.863   CNC 4   INF   Workplace still active
2020-02-02 08:05:33.188   CNC 4   INF   Download and sort of length 14 takes: 324.333442ms
2020-02-02 08:05:33.307   CNC 4   INF   Processing takes 443.874933ms
2020-02-02 08:05:33.308   CNC 4   INF   Sleeping for 9.55593525s
2020-02-02 08:05:42.868   CNC 4   INF   Workplace still active
2020-02-02 08:05:43.431   CNC 4   INF   Download and sort of length 15 takes: 563.290335ms
2020-02-02 08:05:43.660   CNC 4   INF   Processing takes 791.984162ms
2020-02-02 08:05:43.660   CNC 4   INF   Sleeping for 9.207627331s
2020-02-02 08:05:52.871   CNC 4   INF   Workplace still active
2020-02-02 08:05:53.196   CNC 4   INF   Download and sort of length 16 takes: 324.299488ms
2020-02-02 08:05:53.366   CNC 4   INF   Processing takes 493.827668ms
2020-02-02 08:05:53.366   CNC 4   INF   Sleeping for 9.505971666s
2020-02-02 08:06:02.876   CNC 4   INF   Workplace still active
2020-02-02 08:06:03.229   CNC 4   INF   Download and sort of length 17 takes: 353.034732ms
2020-02-02 08:06:03.648   CNC 4   INF   Processing takes 771.748256ms
2020-02-02 08:06:03.648   CNC 4   INF   Sleeping for 9.228037729s
2020-02-02 08:06:12.879   CNC 4   INF   Workplace still active
2020-02-02 08:06:13.086   CNC 4   INF   Download and sort of length 18 takes: 206.296312ms
2020-02-02 08:06:13.246   CNC 4   INF   Processing takes 366.236071ms
2020-02-02 08:06:13.247   CNC 4   INF   Sleeping for 9.632912665s
2020-02-02 08:06:22.886   CNC 4   INF   Workplace still active
2020-02-02 08:06:23.433   CNC 4   INF   Download and sort of length 19 takes: 546.968053ms
2020-02-02 08:06:23.501   CNC 4   INF   Processing takes 614.897181ms
2020-02-02 08:06:23.501   CNC 4   INF   Sleeping for 9.384914911s
2020-02-02 08:06:32.889   CNC 4   INF   Workplace not active
2020-02-02 08:06:32.889   CNC 4   INF   Workplace not active, stopped running
2020-02-02 08:06:32.916   CNC 4   INF   Workplace started running
2020-02-02 08:06:33.307   CNC 4   INF   Download and sort of length 20 takes: 390.333594ms
2020-02-02 08:06:33.534   CNC 4   INF   Processing takes 617.648547ms
2020-02-02 08:06:33.534   CNC 4   INF   Sleeping for 9.382153542s
2020-02-02 08:06:42.917   CNC 4   INF   Workplace still active
2020-02-02 08:06:43.248   CNC 4   INF   Download and sort of length 21 takes: 330.618631ms
2020-02-02 08:06:43.486   CNC 4   INF   Processing takes 569.260738ms
2020-02-02 08:06:43.487   CNC 4   INF   Sleeping for 9.430422703s
2020-02-02 08:06:52.918   CNC 4   INF   Workplace not active
2020-02-02 08:06:52.919   CNC 4   INF   Workplace not active, stopped running
2020-02-02 08:06:52.940   CNC 4   INF   Workplace started running
2020-02-02 08:06:53.380   CNC 4   INF   Download and sort of length 22 takes: 439.75815ms
2020-02-02 08:06:53.438   CNC 4   INF   Processing takes 497.225587ms
2020-02-02 08:06:53.438   CNC 4   INF   Sleeping for 9.502601519s
2020-02-02 08:07:02.945   CNC 4   INF   Workplace still active
2020-02-02 08:07:03.198   CNC 4   INF   Download and sort of length 23 takes: 252.655047ms
2020-02-02 08:07:03.282   CNC 4   INF   Processing takes 337.358656ms
2020-02-02 08:07:03.283   CNC 4   INF   Sleeping for 9.662461596s
2020-02-02 08:07:12.945   CNC 4   INF   Workplace still active
2020-02-02 08:07:13.281   CNC 4   INF   Download and sort of length 24 takes: 335.350649ms
2020-02-02 08:07:13.415   CNC 4   INF   Processing takes 469.099907ms
2020-02-02 08:07:13.415   CNC 4   INF   Sleeping for 9.530495954s
2020-02-02 08:07:22.947   CNC 4   INF   Workplace still active
2020-02-02 08:07:23.172   CNC 4   INF   Download and sort of length 25 takes: 224.984158ms
2020-02-02 08:07:23.260   CNC 4   INF   Processing takes 312.488934ms
2020-02-02 08:07:23.261   CNC 4   INF   Sleeping for 9.686718907s
2020-02-02 08:07:32.949   CNC 4   INF   Workplace still active
2020-02-02 08:07:33.312   CNC 4   INF   Download and sort of length 26 takes: 362.410745ms
2020-02-02 08:07:33.416   CNC 4   INF   Processing takes 466.717514ms
2020-02-02 08:07:33.417   CNC 4   INF   Sleeping for 9.533103396s
2020-02-02 08:07:42.950   CNC 4   INF   Workplace still active
2020-02-02 08:07:43.377   CNC 4   INF   Download and sort of length 27 takes: 426.62235ms
2020-02-02 08:07:43.484   CNC 4   INF   Processing takes 533.878075ms
2020-02-02 08:07:43.484   CNC 4   INF   Sleeping for 9.465994697s
2020-02-02 08:07:52.952   CNC 4   INF   Workplace still active
2020-02-02 08:07:53.107   CNC 4   INF   Download and sort of length 28 takes: 154.643512ms
2020-02-02 08:07:53.239   CNC 4   INF   Processing takes 286.800406ms
2020-02-02 08:07:53.239   CNC 4   INF   Sleeping for 9.712966739s
2020-02-02 08:08:02.952   CNC 4   INF   Workplace still active
2020-02-02 08:08:03.304   CNC 4   INF   Download and sort of length 29 takes: 351.570069ms
2020-02-02 08:08:03.398   CNC 4   INF   Processing takes 445.60273ms
2020-02-02 08:08:03.398   CNC 4   INF   Sleeping for 9.554181638s
2020-02-02 08:08:12.957   CNC 4   INF   Workplace still active
2020-02-02 08:08:13.196   CNC 4   INF   Download and sort of length 30 takes: 238.342119ms
2020-02-02 08:08:13.287   CNC 4   INF   Processing takes 329.86908ms
2020-02-02 08:08:13.287   CNC 4   INF   Sleeping for 9.670050118s
2020-02-02 08:08:22.961   CNC 4   INF   Workplace not active
2020-02-02 08:08:22.961   CNC 4   INF   Workplace not active, stopped running
2020-02-02 08:12:06.325   CNC 4   INF   Workplace started running
2020-02-02 08:12:06.613   CNC 4   INF   Download and sort of length 0 takes: 287.368082ms
2020-02-02 08:12:07.026   CNC 4   INF   Changing state ==> Poweroff at 0001-01-01 00:00:00 +0000 UTC
2020-02-02 08:12:07.222   CNC 4   INF   Processing takes 896.298923ms
2020-02-02 08:12:07.222   CNC 4   INF   Sleeping for 9.103559954s
2020-02-02 08:12:16.327   CNC 4   INF   Workplace still active
2020-02-02 08:12:16.799   CNC 4   INF   Download and sort of length 0 takes: 471.806897ms
2020-02-02 08:12:17.338   CNC 4   INF   Processing takes 1.010814834s
2020-02-02 08:12:17.338   CNC 4   INF   Sleeping for 8.988945893s
2020-02-02 08:12:26.331   CNC 4   INF   Workplace not active
2020-02-02 08:12:26.331   CNC 4   INF   Workplace not active, stopped running
2020-02-02 08:12:26.332   CNC 4   INF   Workplace started running
2020-02-02 08:12:26.592   CNC 4   INF   Download and sort of length 0 takes: 259.111294ms
2020-02-02 08:12:26.908   CNC 4   INF   Processing takes 575.655051ms
2020-02-02 08:12:26.908   CNC 4   INF   Sleeping for 9.42424239s
2020-02-02 08:12:36.335   CNC 4   INF   Workplace still active
2020-02-02 08:12:36.778   CNC 4   INF   Download and sort of length 0 takes: 442.612408ms
2020-02-02 08:12:36.883   CNC 4   INF   Processing takes 547.887492ms
2020-02-02 08:12:36.883   CNC 4   INF   Sleeping for 9.451944208s
2020-02-02 08:12:46.336   CNC 4   INF   Workplace still active
2020-02-02 08:12:46.478   CNC 4   INF   Download and sort of length 0 takes: 142.284408ms
2020-02-02 08:12:46.783   CNC 4   INF   Processing takes 446.895276ms
2020-02-02 08:12:46.783   CNC 4   INF   Sleeping for 9.553009216s
2020-02-02 08:12:56.338   CNC 4   INF   Workplace not active
2020-02-02 08:12:56.338   CNC 4   INF   Workplace not active, stopped running
2020-02-02 08:12:56.339   CNC 4   INF   Workplace started running
2020-02-02 08:12:56.494   CNC 4   INF   Download and sort of length 0 takes: 154.827605ms
2020-02-02 08:12:56.673   CNC 4   INF   Processing takes 334.179137ms
2020-02-02 08:12:56.673   CNC 4   INF   Sleeping for 9.665712345s
2020-02-02 08:13:06.342   CNC 4   INF   Workplace not active
2020-02-02 08:13:06.342   CNC 4   INF   Workplace not active, stopped running
2020-02-02 08:13:06.347   CNC 4   INF   Workplace started running
2020-02-02 08:13:06.592   CNC 4   INF   Download and sort of length 0 takes: 245.02835ms
2020-02-02 08:13:06.879   CNC 4   INF   Processing takes 532.153918ms
2020-02-02 08:13:06.880   CNC 4   INF   Sleeping for 9.467635125s
2020-02-02 08:13:18.986   CNC 4   INF   Workplace started running
2020-02-02 08:13:19.133   CNC 4   INF   Download and sort of length 0 takes: 146.674178ms
2020-02-02 08:13:19.374   CNC 4   INF   Processing takes 387.448844ms
2020-02-02 08:13:19.374   CNC 4   INF   Sleeping for 9.611800798s
2020-02-02 08:13:55.980   CNC 4   INF   Workplace started running
2020-02-02 08:13:56.305   CNC 4   INF   Download and sort of length 0 takes: 325.569234ms
2020-02-02 08:13:56.515   CNC 4   INF   Processing takes 534.889224ms
2020-02-02 08:13:56.516   CNC 4   INF   Sleeping for 9.464335276s
2020-02-02 08:14:05.982   CNC 4   INF   Workplace still active
2020-02-02 08:14:06.328   CNC 4   INF   Download and sort of length 0 takes: 345.722194ms
2020-02-02 08:14:06.495   CNC 4   INF   Processing takes 512.71602ms
2020-02-02 08:14:06.495   CNC 4   INF   Sleeping for 9.487190937s
2020-02-02 08:14:15.985   CNC 4   INF   Workplace not active
2020-02-02 08:14:15.985   CNC 4   INF   Workplace not active, stopped running
2020-02-02 08:14:15.986   CNC 4   INF   Workplace started running
2020-02-02 08:14:16.198   CNC 4   INF   Download and sort of length 0 takes: 211.642471ms
2020-02-02 08:14:16.348   CNC 4   INF   Processing takes 361.964013ms
2020-02-02 08:14:16.348   CNC 4   INF   Sleeping for 9.637907523s
2020-02-02 08:14:25.987   CNC 4   INF   Workplace still active
2020-02-02 08:14:26.086   CNC 4   INF   Download and sort of length 0 takes: 99.565816ms
2020-02-02 08:14:26.231   CNC 4   INF   Processing takes 244.467739ms
2020-02-02 08:14:26.231   CNC 4   INF   Sleeping for 9.755453436s
2020-02-02 08:14:35.991   CNC 4   INF   Workplace still active
2020-02-02 08:14:36.388   CNC 4   INF   Download and sort of length 0 takes: 396.838219ms
2020-02-02 08:14:36.499   CNC 4   INF   Processing takes 507.304791ms
2020-02-02 08:14:36.499   CNC 4   INF   Sleeping for 9.492565036s
2020-02-02 08:14:45.993   CNC 4   INF   Workplace not active
2020-02-02 08:14:45.993   CNC 4   INF   Workplace not active, stopped running
2020-02-02 08:14:45.997   CNC 4   INF   Workplace started running
2020-02-02 08:14:46.462   CNC 4   INF   Download and sort of length 0 takes: 465.49432ms
2020-02-02 08:14:46.617   CNC 4   INF   Processing takes 620.435966ms
2020-02-02 08:14:46.617   CNC 4   INF   Sleeping for 9.379471985s
2020-02-02 08:14:55.999   CNC 4   INF   Workplace still active
2020-02-02 08:14:56.132   CNC 4   INF   Download and sort of length 0 takes: 132.744106ms
2020-02-02 08:14:56.313   CNC 4   INF   Processing takes 314.281191ms
2020-02-02 08:14:56.313   CNC 4   INF   Sleeping for 9.685631644s
2020-02-02 08:15:06.003   CNC 4   INF   Workplace still active
2020-02-02 08:15:06.259   CNC 4   INF   Download and sort of length 0 takes: 255.746856ms
2020-02-02 08:15:06.397   CNC 4   INF   Processing takes 393.760668ms
2020-02-02 08:15:06.397   CNC 4   INF   Sleeping for 9.606134202s
2020-02-02 08:15:16.006   CNC 4   INF   Workplace not active
2020-02-02 08:15:16.007   CNC 4   INF   Workplace not active, stopped running
2020-02-02 08:15:16.014   CNC 4   INF   Workplace started running
2020-02-02 08:15:16.471   CNC 4   INF   Download and sort of length 0 takes: 456.618256ms
2020-02-02 08:15:16.851   CNC 4   INF   Processing takes 836.7026ms
2020-02-02 08:15:16.851   CNC 4   INF   Sleeping for 9.163157573s
2020-02-02 08:15:26.015   CNC 4   INF   Workplace still active
2020-02-02 08:15:26.192   CNC 4   INF   Download and sort of length 0 takes: 176.385865ms
2020-02-02 08:15:26.320   CNC 4   INF   Processing takes 304.198604ms
2020-02-02 08:15:26.320   CNC 4   INF   Sleeping for 9.695709486s
2020-02-02 08:15:36.015   CNC 4   INF   Workplace still active
2020-02-02 08:15:36.366   CNC 4   INF   Download and sort of length 0 takes: 351.149022ms
2020-02-02 08:15:36.594   CNC 4   INF   Processing takes 579.137057ms
2020-02-02 08:15:36.595   CNC 4   INF   Sleeping for 9.420649016s
2020-02-02 08:15:46.015   CNC 4   INF   Workplace still active
2020-02-02 08:15:46.172   CNC 4   INF   Download and sort of length 0 takes: 156.577737ms
2020-02-02 08:15:46.279   CNC 4   INF   Processing takes 263.718937ms
2020-02-02 08:15:46.279   CNC 4   INF   Sleeping for 9.736204495s
2020-02-02 08:15:56.015   CNC 4   INF   Workplace still active
2020-02-02 08:15:56.172   CNC 4   INF   Download and sort of length 0 takes: 156.675534ms
2020-02-02 08:15:56.302   CNC 4   INF   Processing takes 286.058459ms
2020-02-02 08:15:56.302   CNC 4   INF   Sleeping for 9.713819867s
2020-02-02 08:16:06.016   CNC 4   INF   Workplace not active
2020-02-02 08:16:06.016   CNC 4   INF   Workplace not active, stopped running
2020-02-02 08:16:06.020   CNC 4   INF   Workplace started running
2020-02-02 08:16:06.134   CNC 4   INF   Download and sort of length 0 takes: 113.129211ms
2020-02-02 08:16:06.222   CNC 4   INF   Processing takes 201.337526ms
2020-02-02 08:16:06.222   CNC 4   INF   Sleeping for 9.798573468s
2020-02-02 08:16:16.021   CNC 4   INF   Workplace still active
2020-02-02 08:16:16.206   CNC 4   INF   Download and sort of length 0 takes: 185.441009ms
2020-02-02 08:16:16.448   CNC 4   INF   Processing takes 426.964171ms
2020-02-02 08:16:16.448   CNC 4   INF   Sleeping for 9.572957154s
