2020-01-28 15:12:50.963   CNC 16   INF   Workplace started running
2020-01-28 15:12:51.314   CNC 16   INF   Download and sort of length 0 takes: 350.177421ms
2020-01-28 15:12:51.519   CNC 16   INF   Processing takes 555.84915ms
2020-01-28 15:12:51.519   CNC 16   INF   Sleeping for 9.443989899s
2020-01-28 15:13:00.965   CNC 16   INF   Workplace still active
2020-01-28 15:13:01.216   CNC 16   INF   Download and sort of length 0 takes: 250.103238ms
2020-01-28 15:13:01.407   CNC 16   INF   Processing takes 441.341193ms
2020-01-28 15:13:01.407   CNC 16   INF   Sleeping for 9.558478625s
2020-01-28 15:13:10.968   CNC 16   INF   Workplace still active
2020-01-28 15:13:11.252   CNC 16   INF   Download and sort of length 0 takes: 283.097427ms
2020-01-28 15:13:11.394   CNC 16   INF   Processing takes 425.690873ms
2020-01-28 15:13:11.394   CNC 16   INF   Sleeping for 9.574184559s
2020-01-28 15:13:20.969   CNC 16   INF   Workplace still active
2020-01-28 15:13:21.256   CNC 16   INF   Download and sort of length 0 takes: 286.53879ms
2020-01-28 15:13:21.485   CNC 16   INF   Processing takes 515.725061ms
2020-01-28 15:13:21.485   CNC 16   INF   Sleeping for 9.484087507s
2020-01-28 15:13:30.969   CNC 16   INF   Workplace still active
2020-01-28 15:13:31.174   CNC 16   INF   Download and sort of length 0 takes: 129.367602ms
2020-01-28 15:13:31.309   CNC 16   INF   Processing takes 264.834407ms
2020-01-28 15:13:31.309   CNC 16   INF   Sleeping for 9.734989908s
2020-01-28 15:13:41.048   CNC 16   INF   Workplace still active
2020-01-28 15:13:41.186   CNC 16   INF   Download and sort of length 0 takes: 137.764777ms
2020-01-28 15:13:41.471   CNC 16   INF   Processing takes 423.084991ms
2020-01-28 15:13:41.471   CNC 16   INF   Sleeping for 9.576773566s
