2020-02-02 08:03:32.787   CNC 16   INF   Workplace started running
2020-02-02 08:03:33.081   CNC 16   INF   Download and sort of length 9 takes: 293.518621ms
2020-02-02 08:03:33.520   CNC 16   INF   Changing state ==> Downtime at 2020-02-02 08:03:09.434339 +0100 CET
2020-02-02 08:03:33.715   CNC 16   INF   Changing state ==> Production at 2020-02-02 08:03:09.434339 +0100 CET
2020-02-02 08:03:33.789   CNC 16   INF   Processing takes 1.001528188s
2020-02-02 08:03:33.790   CNC 16   INF   Sleeping for 8.998330833s
2020-02-02 08:03:42.792   CNC 16   INF   Workplace still active
2020-02-02 08:03:43.239   CNC 16   INF   Download and sort of length 10 takes: 447.00397ms
2020-02-02 08:03:43.486   CNC 16   INF   Processing takes 693.46743ms
2020-02-02 08:03:43.486   CNC 16   INF   Sleeping for 9.30622415s
2020-02-02 08:03:52.793   CNC 16   INF   Workplace still active
2020-02-02 08:03:53.044   CNC 16   INF   Download and sort of length 13 takes: 251.791175ms
2020-02-02 08:03:53.274   CNC 16   INF   Processing takes 481.663534ms
2020-02-02 08:03:53.275   CNC 16   INF   Sleeping for 9.518021718s
2020-02-02 08:04:02.795   CNC 16   INF   Workplace still active
2020-02-02 08:04:03.114   CNC 16   INF   Download and sort of length 16 takes: 318.593102ms
2020-02-02 08:04:03.361   CNC 16   INF   Processing takes 565.649906ms
2020-02-02 08:04:03.361   CNC 16   INF   Sleeping for 9.433807435s
2020-02-02 08:04:12.796   CNC 16   INF   Workplace still active
2020-02-02 08:04:13.079   CNC 16   INF   Download and sort of length 19 takes: 283.106665ms
2020-02-02 08:04:13.269   CNC 16   INF   Processing takes 473.097809ms
2020-02-02 08:04:13.270   CNC 16   INF   Sleeping for 9.526383404s
2020-02-02 08:04:22.801   CNC 16   INF   Workplace still active
2020-02-02 08:04:23.328   CNC 16   INF   Download and sort of length 22 takes: 526.837777ms
2020-02-02 08:04:23.744   CNC 16   INF   Processing takes 943.352147ms
2020-02-02 08:04:23.744   CNC 16   INF   Sleeping for 9.056453755s
2020-02-02 08:04:32.804   CNC 16   INF   Workplace still active
2020-02-02 08:04:33.278   CNC 16   INF   Download and sort of length 25 takes: 471.846487ms
2020-02-02 08:04:33.534   CNC 16   INF   Processing takes 728.284662ms
2020-02-02 08:04:33.534   CNC 16   INF   Sleeping for 9.271482927s
2020-02-02 08:04:42.806   CNC 16   INF   Workplace still active
2020-02-02 08:04:43.253   CNC 16   INF   Download and sort of length 28 takes: 446.927093ms
2020-02-02 08:04:43.653   CNC 16   INF   Processing takes 846.657227ms
2020-02-02 08:04:43.653   CNC 16   INF   Sleeping for 9.153149135s
2020-02-02 08:04:52.814   CNC 16   INF   Workplace still active
2020-02-02 08:04:53.676   CNC 16   INF   Download and sort of length 31 takes: 862.568873ms
2020-02-02 08:04:54.104   CNC 16   INF   Processing takes 1.290035775s
2020-02-02 08:04:54.105   CNC 16   INF   Sleeping for 8.708791451s
2020-02-02 08:05:02.815   CNC 16   INF   Workplace still active
2020-02-02 08:05:03.238   CNC 16   INF   Download and sort of length 34 takes: 423.350368ms
2020-02-02 08:05:03.363   CNC 16   INF   Processing takes 547.769672ms
2020-02-02 08:05:03.363   CNC 16   INF   Sleeping for 9.452102547s
2020-02-02 08:05:12.817   CNC 16   INF   Workplace still active
2020-02-02 08:05:13.001   CNC 16   INF   Download and sort of length 37 takes: 183.60003ms
2020-02-02 08:05:13.247   CNC 16   INF   Processing takes 430.543853ms
2020-02-02 08:05:13.247   CNC 16   INF   Sleeping for 9.56929188s
2020-02-02 08:05:22.822   CNC 16   INF   Workplace still active
2020-02-02 08:05:23.079   CNC 16   INF   Download and sort of length 40 takes: 256.776012ms
2020-02-02 08:05:23.361   CNC 16   INF   Processing takes 539.249525ms
2020-02-02 08:05:23.361   CNC 16   INF   Sleeping for 9.460540682s
2020-02-02 08:05:32.863   CNC 16   INF   Workplace still active
2020-02-02 08:05:33.212   CNC 16   INF   Download and sort of length 43 takes: 348.069119ms
2020-02-02 08:05:33.327   CNC 16   INF   Processing takes 463.309312ms
2020-02-02 08:05:33.327   CNC 16   INF   Sleeping for 9.536557636s
2020-02-02 08:05:42.868   CNC 16   INF   Workplace still active
2020-02-02 08:05:43.439   CNC 16   INF   Download and sort of length 46 takes: 570.429721ms
2020-02-02 08:05:43.673   CNC 16   INF   Processing takes 805.279085ms
2020-02-02 08:05:43.673   CNC 16   INF   Sleeping for 9.19451168s
2020-02-02 08:05:52.871   CNC 16   INF   Workplace still active
2020-02-02 08:05:53.220   CNC 16   INF   Download and sort of length 49 takes: 347.98071ms
2020-02-02 08:05:53.394   CNC 16   INF   Processing takes 521.807436ms
2020-02-02 08:05:53.394   CNC 16   INF   Sleeping for 9.477983444s
2020-02-02 08:06:02.876   CNC 16   INF   Workplace still active
2020-02-02 08:06:03.179   CNC 16   INF   Download and sort of length 52 takes: 303.17452ms
2020-02-02 08:06:03.561   CNC 16   INF   Processing takes 685.437913ms
2020-02-02 08:06:03.561   CNC 16   INF   Sleeping for 9.31437402s
2020-02-02 08:06:12.879   CNC 16   INF   Workplace still active
2020-02-02 08:06:13.087   CNC 16   INF   Download and sort of length 55 takes: 207.486349ms
2020-02-02 08:06:13.295   CNC 16   INF   Processing takes 415.707233ms
2020-02-02 08:06:13.295   CNC 16   INF   Sleeping for 9.584135793s
2020-02-02 08:06:22.886   CNC 16   INF   Workplace still active
2020-02-02 08:06:23.155   CNC 16   INF   Download and sort of length 58 takes: 268.622547ms
2020-02-02 08:06:23.272   CNC 16   INF   Processing takes 386.00826ms
2020-02-02 08:06:23.272   CNC 16   INF   Sleeping for 9.613868117s
2020-02-02 08:06:32.889   CNC 16   INF   Workplace not active
2020-02-02 08:06:32.889   CNC 16   INF   Workplace not active, stopped running
2020-02-02 08:06:32.916   CNC 16   INF   Workplace started running
2020-02-02 08:06:33.361   CNC 16   INF   Download and sort of length 61 takes: 444.827965ms
2020-02-02 08:06:33.593   CNC 16   INF   Processing takes 676.972231ms
2020-02-02 08:06:33.594   CNC 16   INF   Sleeping for 9.322693108s
2020-02-02 08:06:42.917   CNC 16   INF   Workplace still active
2020-02-02 08:06:43.370   CNC 16   INF   Download and sort of length 64 takes: 452.324212ms
2020-02-02 08:06:43.528   CNC 16   INF   Processing takes 610.310852ms
2020-02-02 08:06:43.528   CNC 16   INF   Sleeping for 9.389409653s
2020-02-02 08:06:52.918   CNC 16   INF   Workplace not active
2020-02-02 08:06:52.919   CNC 16   INF   Workplace not active, stopped running
2020-02-02 08:06:52.941   CNC 16   INF   Workplace started running
2020-02-02 08:06:53.358   CNC 16   INF   Download and sort of length 67 takes: 417.484521ms
2020-02-02 08:06:53.461   CNC 16   INF   Processing takes 520.126151ms
2020-02-02 08:06:53.461   CNC 16   INF   Sleeping for 9.479635351s
2020-02-02 08:07:02.945   CNC 16   INF   Workplace still active
2020-02-02 08:07:03.234   CNC 16   INF   Download and sort of length 70 takes: 289.275638ms
2020-02-02 08:07:03.312   CNC 16   INF   Processing takes 367.028094ms
2020-02-02 08:07:03.312   CNC 16   INF   Sleeping for 9.632797341s
2020-02-02 08:07:12.946   CNC 16   INF   Workplace still active
2020-02-02 08:07:13.175   CNC 16   INF   Download and sort of length 73 takes: 228.580765ms
2020-02-02 08:07:13.330   CNC 16   INF   Processing takes 383.723427ms
2020-02-02 08:07:13.330   CNC 16   INF   Sleeping for 9.61609043s
2020-02-02 08:07:22.947   CNC 16   INF   Workplace still active
2020-02-02 08:07:23.167   CNC 16   INF   Download and sort of length 76 takes: 219.444757ms
2020-02-02 08:07:23.272   CNC 16   INF   Processing takes 324.011953ms
2020-02-02 08:07:23.272   CNC 16   INF   Sleeping for 9.675803716s
2020-02-02 08:07:32.949   CNC 16   INF   Workplace still active
2020-02-02 08:07:33.345   CNC 16   INF   Download and sort of length 79 takes: 395.289432ms
2020-02-02 08:07:33.430   CNC 16   INF   Processing takes 480.525451ms
2020-02-02 08:07:33.430   CNC 16   INF   Sleeping for 9.519268987s
2020-02-02 08:07:42.950   CNC 16   INF   Workplace still active
2020-02-02 08:07:43.282   CNC 16   INF   Download and sort of length 82 takes: 331.896925ms
2020-02-02 08:07:43.451   CNC 16   INF   Processing takes 501.169501ms
2020-02-02 08:07:43.452   CNC 16   INF   Sleeping for 9.498684954s
2020-02-02 08:07:52.952   CNC 16   INF   Workplace still active
2020-02-02 08:07:53.247   CNC 16   INF   Download and sort of length 85 takes: 295.079023ms
2020-02-02 08:07:53.307   CNC 16   INF   Processing takes 354.531706ms
2020-02-02 08:07:53.307   CNC 16   INF   Sleeping for 9.645306914s
2020-02-02 08:08:02.952   CNC 16   INF   Workplace still active
2020-02-02 08:08:03.177   CNC 16   INF   Download and sort of length 88 takes: 224.402202ms
2020-02-02 08:08:03.399   CNC 16   INF   Processing takes 446.481242ms
2020-02-02 08:08:03.399   CNC 16   INF   Sleeping for 9.553375997s
2020-02-02 08:08:12.957   CNC 16   INF   Workplace still active
2020-02-02 08:08:13.222   CNC 16   INF   Download and sort of length 91 takes: 264.17115ms
2020-02-02 08:08:13.286   CNC 16   INF   Processing takes 328.45849ms
2020-02-02 08:08:13.286   CNC 16   INF   Sleeping for 9.671358844s
2020-02-02 08:08:22.958   CNC 16   INF   Workplace not active
2020-02-02 08:08:22.958   CNC 16   INF   Workplace not active, stopped running
