2020-02-01 07:33:41.337   CNC 8   INF   Workplace started running
2020-02-01 07:33:41.527   CNC 8   INF   Download and sort of length 274 takes: 189.712256ms
2020-02-01 07:33:41.808   CNC 8   INF   Processing takes 470.96544ms
2020-02-01 07:33:41.808   CNC 8   INF   Sleeping for 9.528859125s
2020-02-01 07:41:45.560   CNC 8   INF   Workplace started running
2020-02-01 07:41:45.898   CNC 8   INF   Download and sort of length 421 takes: 338.413306ms
2020-02-01 07:41:46.072   CNC 8   INF   Processing takes 512.007922ms
2020-02-01 07:41:46.072   CNC 8   INF   Sleeping for 9.487818012s
2020-02-01 07:42:24.380   CNC 8   INF   Workplace started running
2020-02-01 07:42:24.609   CNC 8   INF   Download and sort of length 430 takes: 228.367386ms
2020-02-01 07:42:24.924   CNC 8   INF   Processing takes 543.413987ms
2020-02-01 07:42:24.924   CNC 8   INF   Sleeping for 9.456402874s
2020-02-01 18:40:40.708   CNC 8   INF   Workplace started running
2020-02-01 18:40:40.939   CNC 8   INF   Download and sort of length 0 takes: 230.076627ms
2020-02-01 18:40:41.118   CNC 8   INF   Processing takes 409.381648ms
2020-02-01 18:40:41.119   CNC 8   INF   Sleeping for 9.590477415s
2020-02-01 19:21:13.436   CNC 8   INF   Workplace started running
2020-02-01 19:21:13.841   CNC 8   INF   Download and sort of length 0 takes: 404.997604ms
2020-02-01 19:21:13.982   CNC 8   INF   Processing takes 545.526466ms
2020-02-01 19:21:13.982   CNC 8   INF   Sleeping for 9.454297441s
2020-02-01 19:21:23.441   CNC 8   INF   Workplace still active
2020-02-01 19:21:23.731   CNC 8   INF   Download and sort of length 0 takes: 290.186207ms
2020-02-01 19:21:23.891   CNC 8   INF   Processing takes 450.07183ms
2020-02-01 19:21:23.891   CNC 8   INF   Sleeping for 9.54979854s
2020-02-01 19:21:33.444   CNC 8   INF   Workplace still active
2020-02-01 19:21:33.658   CNC 8   INF   Download and sort of length 0 takes: 214.008301ms
2020-02-01 19:21:33.831   CNC 8   INF   Processing takes 386.98938ms
2020-02-01 19:21:33.832   CNC 8   INF   Sleeping for 9.612793525s
2020-02-01 19:21:43.448   CNC 8   INF   Workplace still active
2020-02-01 19:21:43.731   CNC 8   INF   Download and sort of length 0 takes: 282.975745ms
2020-02-01 19:21:43.882   CNC 8   INF   Processing takes 433.039318ms
2020-02-01 19:21:43.882   CNC 8   INF   Sleeping for 9.566775687s
2020-02-01 19:21:53.449   CNC 8   INF   Workplace still active
2020-02-01 19:21:53.762   CNC 8   INF   Download and sort of length 0 takes: 313.024136ms
2020-02-01 19:21:53.938   CNC 8   INF   Processing takes 488.697196ms
2020-02-01 19:21:53.938   CNC 8   INF   Sleeping for 9.511153282s
2020-02-01 21:41:49.778   CNC 8   INF   Workplace started running
2020-02-01 21:41:49.971   CNC 8   INF   Download and sort of length 6 takes: 192.508131ms
2020-02-01 21:41:50.249   CNC 8   INF   Changing state ==> Downtime at 2020-02-01 21:40:57.80657 +0100 CET
2020-02-01 21:41:50.465   CNC 8   INF   Processing takes 686.060628ms
2020-02-01 21:41:50.465   CNC 8   INF   Sleeping for 9.313602571s
2020-02-01 21:41:59.780   CNC 8   INF   Workplace still active
2020-02-01 21:42:00.148   CNC 8   INF   Download and sort of length 6 takes: 367.177767ms
2020-02-01 21:42:00.406   CNC 8   INF   Processing takes 625.743308ms
2020-02-01 21:42:00.406   CNC 8   INF   Sleeping for 9.374154525s
2020-02-01 22:36:18.098   CNC 8   INF   Workplace started running
2020-02-01 22:36:18.434   CNC 8   INF   Download and sort of length 24 takes: 334.677755ms
2020-02-01 22:36:18.794   CNC 8   INF   Changing state ==> Production at 2020-02-01 22:35:03.629817 +0100 CET
2020-02-01 22:36:19.126   CNC 8   INF   Changing state ==> Downtime at 2020-02-01 22:35:04.629817 +0100 CET
2020-02-01 22:36:19.221   CNC 8   INF   Changing state ==> Production at 2020-02-01 22:35:13.542704 +0100 CET
2020-02-01 22:36:19.390   CNC 8   INF   Changing state ==> Downtime at 2020-02-01 22:35:14.542704 +0100 CET
2020-02-01 22:36:19.525   CNC 8   INF   Changing state ==> Production at 2020-02-01 22:35:23.542118 +0100 CET
2020-02-01 22:36:19.605   CNC 8   INF   Changing state ==> Downtime at 2020-02-01 22:36:04.587531 +0100 CET
2020-02-01 22:36:19.743   CNC 8   INF   Changing state ==> Production at 2020-02-01 22:36:13.555266 +0100 CET
2020-02-01 22:36:19.869   CNC 8   INF   Changing state ==> Poweroff at 2020-02-01 22:36:14.555266 +0100 CET
2020-02-01 22:36:19.958   CNC 8   INF   Processing takes 1.858706589s
2020-02-01 22:36:19.958   CNC 8   INF   Sleeping for 8.14116532s
2020-02-01 22:36:28.103   CNC 8   INF   Workplace not active
2020-02-01 22:36:28.103   CNC 8   INF   Workplace not active, stopped running
2020-02-01 22:36:28.104   CNC 8   INF   Workplace started running
2020-02-01 22:36:28.234   CNC 8   INF   Download and sort of length 3 takes: 129.759852ms
2020-02-01 22:36:28.468   CNC 8   INF   Changing state ==> Downtime at 2020-02-01 22:36:23.631507 +0100 CET
2020-02-01 22:36:28.656   CNC 8   INF   Changing state ==> Production at 2020-02-01 22:36:23.631507 +0100 CET
2020-02-01 22:36:28.761   CNC 8   INF   Changing state ==> Poweroff at 2020-02-01 22:36:24.631507 +0100 CET
2020-02-01 22:36:28.822   CNC 8   INF   Processing takes 718.017245ms
2020-02-01 22:36:28.822   CNC 8   INF   Sleeping for 9.281862737s
2020-02-01 22:36:38.105   CNC 8   INF   Workplace not active
2020-02-01 22:36:38.106   CNC 8   INF   Workplace not active, stopped running
2020-02-01 22:36:38.109   CNC 8   INF   Workplace started running
2020-02-01 22:36:38.294   CNC 8   INF   Download and sort of length 0 takes: 184.670645ms
2020-02-01 22:36:38.562   CNC 8   INF   Processing takes 452.883466ms
2020-02-01 22:36:38.562   CNC 8   INF   Sleeping for 9.546965186s
2020-02-01 22:36:48.113   CNC 8   INF   Workplace still active
2020-02-01 22:36:48.391   CNC 8   INF   Download and sort of length 0 takes: 277.604637ms
2020-02-01 22:36:48.750   CNC 8   INF   Processing takes 636.081963ms
2020-02-01 22:36:48.750   CNC 8   INF   Sleeping for 9.363774402s
2020-02-01 22:36:58.115   CNC 8   INF   Workplace still active
2020-02-01 22:36:58.528   CNC 8   INF   Download and sort of length 0 takes: 411.922878ms
2020-02-01 22:36:58.673   CNC 8   INF   Processing takes 557.428588ms
2020-02-01 22:36:58.673   CNC 8   INF   Sleeping for 9.442406325s
2020-02-01 22:37:08.122   CNC 8   INF   Workplace still active
2020-02-01 22:37:08.565   CNC 8   INF   Download and sort of length 0 takes: 442.330739ms
2020-02-01 22:37:08.841   CNC 8   INF   Processing takes 718.464525ms
2020-02-01 22:37:08.841   CNC 8   INF   Sleeping for 9.281094672s
2020-02-01 22:37:21.519   CNC 8   INF   Workplace started running
2020-02-01 22:37:21.783   CNC 8   INF   Download and sort of length 27 takes: 263.123882ms
2020-02-01 22:37:22.132   CNC 8   INF   Changing state ==> Production at 2020-02-01 22:35:03.629817 +0100 CET
2020-02-01 22:37:22.364   CNC 8   INF   Changing state ==> Downtime at 2020-02-01 22:35:04.629817 +0100 CET
2020-02-01 22:37:22.596   CNC 8   INF   Changing state ==> Production at 2020-02-01 22:35:13.542704 +0100 CET
2020-02-01 22:38:13.309   CNC 8   INF   Workplace started running
2020-02-01 22:38:13.588   CNC 8   INF   Download and sort of length 0 takes: 278.734035ms
2020-02-01 22:38:13.887   CNC 8   INF   Changing state ==> Poweroff at 0001-01-01 00:00:00 +0000 UTC
2020-02-01 22:38:14.064   CNC 8   INF   Processing takes 754.690432ms
2020-02-01 22:38:14.064   CNC 8   INF   Sleeping for 9.244848306s
2020-02-01 22:38:23.313   CNC 8   INF   Workplace still active
2020-02-01 22:38:23.536   CNC 8   INF   Download and sort of length 0 takes: 221.897758ms
2020-02-01 22:38:23.837   CNC 8   INF   Processing takes 523.307708ms
2020-02-01 22:38:23.837   CNC 8   INF   Sleeping for 9.476508322s
2020-02-01 22:38:33.314   CNC 8   INF   Workplace still active
2020-02-01 22:38:33.596   CNC 8   INF   Download and sort of length 1 takes: 281.497987ms
2020-02-01 22:38:33.838   CNC 8   INF   Changing state ==> Downtime at 2020-02-01 22:38:26.381163 +0100 CET
2020-02-01 22:38:34.081   CNC 8   INF   Changing state ==> Poweroff at 2020-02-01 22:38:26.381163 +0100 CET
2020-02-01 22:38:34.219   CNC 8   INF   Processing takes 904.7295ms
2020-02-01 22:38:34.219   CNC 8   INF   Sleeping for 9.095026272s
