2019-12-31 08:26:14.987   CNC 18   INF   Workplace started running
2019-12-31 08:26:15.149   CNC 18   INF   Download and sort takes: 161.739769ms
2019-12-31 08:26:15.215   CNC 18   INF   Changing state ==> Poweroff at 0001-01-01 00:00:00 +0000 UTC
2019-12-31 08:26:15.257   CNC 18   INF   Processing takes 269.606724ms
2019-12-31 08:26:15.258   CNC 18   INF   Sleeping for 9.729385539s
2019-12-31 08:26:24.989   CNC 18   INF   Workplace still active
2019-12-31 08:26:25.146   CNC 18   INF   Download and sort takes: 157.041119ms
2019-12-31 08:26:25.204   CNC 18   INF   Changing state ==> Poweroff at 0001-01-01 00:00:00 +0000 UTC
2019-12-31 08:26:25.234   CNC 18   INF   Processing takes 244.901994ms
2019-12-31 08:26:25.234   CNC 18   INF   Sleeping for 9.754956651s
2019-12-31 08:26:34.990   CNC 18   INF   Workplace still active
2019-12-31 08:26:35.019   CNC 18   INF   Download and sort takes: 29.115671ms
2019-12-31 08:26:35.050   CNC 18   INF   Changing state ==> Poweroff at 0001-01-01 00:00:00 +0000 UTC
2019-12-31 08:26:35.065   CNC 18   INF   Processing takes 74.988183ms
2019-12-31 08:26:35.065   CNC 18   INF   Sleeping for 9.924855836s
2019-12-31 08:28:53.050   CNC 18   INF   Workplace started running
2019-12-31 08:28:53.091   CNC 18   INF   Download and sort takes: 41.38889ms
2019-12-31 08:28:53.185   CNC 18   INF   Changing state ==> Poweroff at 0001-01-01 00:00:00 +0000 UTC
2019-12-31 08:28:53.254   CNC 18   INF   Processing takes 204.314163ms
2019-12-31 08:28:53.255   CNC 18   INF   Sleeping for 9.79535587s
2019-12-31 08:29:03.050   CNC 18   INF   Workplace still active
2019-12-31 08:29:48.217   CNC 18   INF   Workplace started running
2019-12-31 08:29:48.291   CNC 18   INF   Download and sort takes: 73.80556ms
2019-12-31 08:29:48.369   CNC 18   INF   Changing state ==> Poweroff at 0001-01-01 00:00:00 +0000 UTC
2019-12-31 08:29:48.411   CNC 18   INF   Processing takes 194.297301ms
2019-12-31 08:29:48.412   CNC 18   INF   Sleeping for 9.80551385s
2019-12-31 08:29:58.218   CNC 18   INF   Workplace still active
2019-12-31 08:29:58.289   CNC 18   INF   Download and sort takes: 71.079692ms
2019-12-31 08:29:58.351   CNC 18   INF   Changing state ==> Poweroff at 0001-01-01 00:00:00 +0000 UTC
2019-12-31 08:29:58.413   CNC 18   INF   Processing takes 195.002047ms
2019-12-31 08:29:58.413   CNC 18   INF   Sleeping for 9.804589896s
2019-12-31 08:49:04.426   CNC 18   INF   Workplace started running
2019-12-31 08:49:04.518   CNC 18   INF   Download and sort takes: 91.968978ms
2019-12-31 08:49:04.591   CNC 18   INF   Changing state ==> Poweroff at 0001-01-01 00:00:00 +0000 UTC
2019-12-31 08:49:04.665   CNC 18   INF   Processing takes 239.087238ms
2019-12-31 08:49:04.665   CNC 18   INF   Sleeping for 9.760765494s
2019-12-31 08:49:14.427   CNC 18   INF   Workplace still active
2019-12-31 08:49:14.532   CNC 18   INF   Download and sort takes: 104.765389ms
2019-12-31 08:49:14.618   CNC 18   INF   Changing state ==> Poweroff at 0001-01-01 00:00:00 +0000 UTC
2019-12-31 08:49:14.671   CNC 18   INF   Processing takes 243.455007ms
2019-12-31 08:49:14.671   CNC 18   INF   Sleeping for 9.756415442s
2019-12-31 08:49:24.428   CNC 18   INF   Workplace still active
2019-12-31 08:49:24.481   CNC 18   INF   Download and sort takes: 52.944646ms
2019-12-31 08:49:24.504   CNC 18   INF   Changing state ==> Poweroff at 0001-01-01 00:00:00 +0000 UTC
2019-12-31 08:49:24.556   CNC 18   INF   Processing takes 127.865012ms
2019-12-31 08:49:24.556   CNC 18   INF   Sleeping for 9.87200645s
2019-12-31 08:49:34.432   CNC 18   INF   Workplace still active
2019-12-31 08:49:34.501   CNC 18   INF   Download and sort takes: 68.993565ms
2019-12-31 08:49:34.551   CNC 18   INF   Changing state ==> Poweroff at 0001-01-01 00:00:00 +0000 UTC
2019-12-31 08:49:34.612   CNC 18   INF   Processing takes 180.061584ms
2019-12-31 08:49:34.612   CNC 18   INF   Sleeping for 9.819632775s
2019-12-31 08:49:44.436   CNC 18   INF   Workplace still active
2019-12-31 08:49:44.474   CNC 18   INF   Download and sort takes: 37.889321ms
2019-12-31 08:49:44.531   CNC 18   INF   Changing state ==> Poweroff at 0001-01-01 00:00:00 +0000 UTC
2019-12-31 08:49:44.585   CNC 18   INF   Processing takes 148.946361ms
2019-12-31 08:49:44.585   CNC 18   INF   Sleeping for 9.850890202s
2019-12-31 08:49:48.194   CNC 18   INF   Workplace started running
2019-12-31 08:49:48.346   CNC 18   INF   Download and sort takes: 152.083786ms
2019-12-31 08:49:48.388   CNC 18   INF   Changing state ==> Poweroff at 0001-01-01 00:57:44 +0057 LMT
2019-12-31 08:49:48.432   CNC 18   INF   Processing takes 237.48988ms
2019-12-31 08:49:48.432   CNC 18   INF   Sleeping for 9.762300386s
2019-12-31 08:49:58.199   CNC 18   INF   Workplace still active
2019-12-31 08:49:58.256   CNC 18   INF   Download and sort takes: 56.148779ms
2019-12-31 08:49:58.317   CNC 18   INF   Changing state ==> Poweroff at 0001-01-01 00:57:44 +0057 LMT
2019-12-31 08:49:58.360   CNC 18   INF   Processing takes 160.86988ms
2019-12-31 08:49:58.361   CNC 18   INF   Sleeping for 9.838876718s
2019-12-31 09:17:01.402   CNC 18   INF   Workplace started running
2019-12-31 09:17:01.523   CNC 18   INF   Download and sort takes: 120.639277ms
2019-12-31 09:17:01.747   CNC 18   INF   Changing state ==> Poweroff at 0001-01-01 00:57:44 +0057 LMT
2019-12-31 09:17:01.856   CNC 18   INF   Processing takes 453.604296ms
2019-12-31 09:17:01.856   CNC 18   INF   Sleeping for 9.546123083s
2019-12-31 09:19:11.655   CNC 18   INF   Workplace started running
2019-12-31 09:19:11.853   CNC 18   INF   Download and sort takes: 196.628238ms
2019-12-31 09:19:11.882   CNC 18   INF   Changing state ==> Poweroff at 0001-01-01 00:57:44 +0057 LMT
2019-12-31 09:19:11.920   CNC 18   INF   Processing takes 264.538607ms
2019-12-31 09:19:11.920   CNC 18   INF   Sleeping for 9.735264806s
2019-12-31 09:19:21.659   CNC 18   INF   Workplace still active
2019-12-31 09:19:21.740   CNC 18   INF   Download and sort takes: 80.653797ms
2019-12-31 09:19:21.865   CNC 18   INF   Processing takes 205.469419ms
2019-12-31 09:19:21.866   CNC 18   INF   Sleeping for 9.793894948s
2019-12-31 09:19:31.660   CNC 18   INF   Workplace still active
2019-12-31 09:19:31.839   CNC 18   INF   Download and sort takes: 178.957872ms
2019-12-31 09:19:31.926   CNC 18   INF   Processing takes 265.752127ms
2019-12-31 09:19:31.926   CNC 18   INF   Sleeping for 9.734065536s
2019-12-31 09:19:41.662   CNC 18   INF   Workplace still active
2019-12-31 09:19:41.774   CNC 18   INF   Download and sort takes: 111.819214ms
2019-12-31 09:19:41.908   CNC 18   INF   Processing takes 245.523626ms
2019-12-31 09:19:41.908   CNC 18   INF   Sleeping for 9.753814691s
2019-12-31 09:19:51.663   CNC 18   INF   Workplace still active
2019-12-31 09:19:51.823   CNC 18   INF   Download and sort takes: 159.918036ms
2019-12-31 09:19:51.909   CNC 18   INF   Processing takes 246.036913ms
2019-12-31 09:19:51.910   CNC 18   INF   Sleeping for 9.753804576s
2019-12-31 09:20:01.665   CNC 18   INF   Workplace still active
2019-12-31 09:20:01.827   CNC 18   INF   Download and sort takes: 161.771237ms
2019-12-31 09:20:01.892   CNC 18   INF   Processing takes 226.674892ms
2019-12-31 09:20:01.892   CNC 18   INF   Sleeping for 9.773162541s
2019-12-31 09:20:11.666   CNC 18   INF   Workplace still active
2019-12-31 09:20:11.872   CNC 18   INF   Download and sort takes: 204.224815ms
2019-12-31 09:20:11.995   CNC 18   INF   Processing takes 327.180644ms
2019-12-31 09:20:11.996   CNC 18   INF   Sleeping for 9.671974049s
2019-12-31 09:20:21.668   CNC 18   INF   Workplace still active
2019-12-31 09:20:21.753   CNC 18   INF   Download and sort takes: 84.362204ms
2019-12-31 09:20:21.873   CNC 18   INF   Processing takes 204.388754ms
2019-12-31 09:20:21.873   CNC 18   INF   Sleeping for 9.795470452s
2019-12-31 09:20:31.672   CNC 18   INF   Workplace still active
2019-12-31 09:20:31.807   CNC 18   INF   Download and sort takes: 132.86547ms
2019-12-31 09:20:31.927   CNC 18   INF   Processing takes 253.11988ms
2019-12-31 09:20:31.927   CNC 18   INF   Sleeping for 9.746568566s
2019-12-31 09:20:37.356   CNC 18   INF   Workplace started running
2019-12-31 09:20:37.414   CNC 18   INF   Download and sort takes: 57.076659ms
2019-12-31 09:20:37.470   CNC 18   INF   Processing takes 112.592762ms
2019-12-31 09:20:37.470   CNC 18   INF   Sleeping for 9.886977236s
2019-12-31 09:20:47.358   CNC 18   INF   Workplace still active
2019-12-31 09:20:47.475   CNC 18   INF   Download and sort takes: 116.838146ms
2019-12-31 09:20:47.592   CNC 18   INF   Processing takes 234.443934ms
2019-12-31 09:20:47.593   CNC 18   INF   Sleeping for 9.7654107s
2019-12-31 09:20:57.359   CNC 18   INF   Workplace still active
2019-12-31 09:20:57.426   CNC 18   INF   Download and sort takes: 66.476768ms
2019-12-31 09:20:57.518   CNC 18   INF   Processing takes 158.622741ms
2019-12-31 09:20:57.518   CNC 18   INF   Sleeping for 9.841213624s
2019-12-31 09:21:07.363   CNC 18   INF   Workplace still active
2019-12-31 09:21:07.449   CNC 18   INF   Download and sort takes: 85.917815ms
2019-12-31 09:21:07.533   CNC 18   INF   Processing takes 170.051426ms
2019-12-31 09:21:07.533   CNC 18   INF   Sleeping for 9.829812407s
2019-12-31 09:21:17.368   CNC 18   INF   Workplace still active
2019-12-31 09:21:17.404   CNC 18   INF   Download and sort takes: 35.716457ms
2019-12-31 09:21:17.459   CNC 18   INF   Processing takes 90.260559ms
2019-12-31 09:21:17.459   CNC 18   INF   Sleeping for 9.909562508s
2019-12-31 09:21:27.369   CNC 18   INF   Workplace still active
2019-12-31 09:21:27.589   CNC 18   INF   Download and sort takes: 219.24475ms
2019-12-31 09:21:27.776   CNC 18   INF   Processing takes 407.016608ms
2019-12-31 09:21:27.777   CNC 18   INF   Sleeping for 9.59257223s
2019-12-31 09:21:37.375   CNC 18   INF   Workplace still active
2019-12-31 09:21:37.477   CNC 18   INF   Download and sort takes: 102.490378ms
2019-12-31 09:21:37.542   CNC 18   INF   Processing takes 166.935732ms
2019-12-31 09:21:37.542   CNC 18   INF   Sleeping for 9.832914114s
2019-12-31 09:21:47.375   CNC 18   INF   Workplace still active
2019-12-31 09:21:47.501   CNC 18   INF   Download and sort takes: 125.638877ms
2019-12-31 09:21:47.606   CNC 18   INF   Processing takes 230.18386ms
2019-12-31 09:21:47.606   CNC 18   INF   Sleeping for 9.769684519s
2019-12-31 09:21:57.376   CNC 18   INF   Workplace still active
2019-12-31 09:21:57.473   CNC 18   INF   Download and sort takes: 96.602134ms
2019-12-31 09:21:57.554   CNC 18   INF   Processing takes 177.941918ms
2019-12-31 09:21:57.554   CNC 18   INF   Sleeping for 9.821941058s
2019-12-31 09:22:07.377   CNC 18   INF   Workplace still active
2019-12-31 09:22:07.441   CNC 18   INF   Download and sort takes: 63.272122ms
2019-12-31 09:22:07.525   CNC 18   INF   Processing takes 147.633304ms
2019-12-31 09:22:07.525   CNC 18   INF   Sleeping for 9.852242606s
2019-12-31 09:22:17.379   CNC 18   INF   Workplace still active
2019-12-31 09:22:17.423   CNC 18   INF   Download and sort takes: 44.378075ms
2019-12-31 09:22:17.500   CNC 18   INF   Processing takes 120.521737ms
2019-12-31 09:22:17.500   CNC 18   INF   Sleeping for 9.879370947s
2019-12-31 09:22:27.381   CNC 18   INF   Workplace still active
2019-12-31 09:22:27.418   CNC 18   INF   Download and sort takes: 37.137497ms
2019-12-31 09:22:27.482   CNC 18   INF   Processing takes 101.503575ms
2019-12-31 09:22:27.482   CNC 18   INF   Sleeping for 9.898381592s
2019-12-31 09:22:37.385   CNC 18   INF   Workplace not active
2019-12-31 09:22:37.385   CNC 18   INF   Workplace not active, stopped running
2019-12-31 09:22:37.387   CNC 18   INF   Workplace started running
2019-12-31 09:22:37.429   CNC 18   INF   Download and sort takes: 42.514095ms
2019-12-31 09:22:37.517   CNC 18   INF   Processing takes 130.302244ms
2019-12-31 09:22:37.517   CNC 18   INF   Sleeping for 9.869604048s
2019-12-31 09:22:47.387   CNC 18   INF   Workplace still active
2019-12-31 09:22:47.453   CNC 18   INF   Download and sort takes: 64.782911ms
2019-12-31 09:22:47.528   CNC 18   INF   Processing takes 140.382762ms
2019-12-31 09:22:47.528   CNC 18   INF   Sleeping for 9.859505453s
2019-12-31 09:22:57.393   CNC 18   INF   Workplace still active
2019-12-31 09:22:57.472   CNC 18   INF   Download and sort takes: 78.224318ms
2019-12-31 09:22:57.541   CNC 18   INF   Processing takes 147.148131ms
2019-12-31 09:22:57.541   CNC 18   INF   Sleeping for 9.852736879s
2019-12-31 09:23:07.394   CNC 18   INF   Workplace still active
2019-12-31 09:23:07.454   CNC 18   INF   Download and sort takes: 59.965389ms
2019-12-31 09:23:07.490   CNC 18   INF   Processing takes 96.398169ms
2019-12-31 09:23:07.490   CNC 18   INF   Sleeping for 9.903488088s
2019-12-31 09:23:17.395   CNC 18   INF   Workplace still active
2019-12-31 09:23:17.423   CNC 18   INF   Download and sort takes: 27.707602ms
2019-12-31 09:23:17.459   CNC 18   INF   Processing takes 63.890209ms
2019-12-31 09:23:17.459   CNC 18   INF   Sleeping for 9.935960585s
2019-12-31 09:23:27.399   CNC 18   INF   Workplace still active
2019-12-31 09:23:27.439   CNC 18   INF   Download and sort takes: 39.523717ms
2019-12-31 09:23:27.504   CNC 18   INF   Processing takes 104.719495ms
2019-12-31 09:23:27.504   CNC 18   INF   Sleeping for 9.895165355s
2019-12-31 09:23:37.401   CNC 18   INF   Workplace still active
2019-12-31 09:23:37.491   CNC 18   INF   Download and sort takes: 89.70961ms
2019-12-31 09:23:37.580   CNC 18   INF   Processing takes 179.124071ms
2019-12-31 09:23:37.580   CNC 18   INF   Sleeping for 9.820679961s
2019-12-31 09:23:47.405   CNC 18   INF   Workplace still active
2019-12-31 09:23:47.481   CNC 18   INF   Download and sort takes: 75.22148ms
2019-12-31 09:23:47.502   CNC 18   INF   Processing takes 96.824531ms
2019-12-31 09:23:47.502   CNC 18   INF   Sleeping for 9.903066666s
2019-12-31 09:23:57.406   CNC 18   INF   Workplace still active
2019-12-31 09:23:57.479   CNC 18   INF   Download and sort takes: 73.124691ms
2019-12-31 09:23:57.540   CNC 18   INF   Processing takes 134.03463ms
2019-12-31 09:23:57.540   CNC 18   INF   Sleeping for 9.865854762s
2019-12-31 09:24:07.410   CNC 18   INF   Workplace still active
2019-12-31 09:24:07.473   CNC 18   INF   Download and sort takes: 62.221609ms
2019-12-31 09:24:07.494   CNC 18   INF   Processing takes 83.465935ms
2019-12-31 09:24:07.494   CNC 18   INF   Sleeping for 9.916433371s
2019-12-31 09:24:53.042   CNC 18   INF   Workplace started running
2019-12-31 09:24:53.171   CNC 18   INF   Download and sort of length 0takes: 128.281057ms
2019-12-31 09:24:53.171   CNC 18   INF   Processing takes 128.567571ms
2019-12-31 09:24:53.171   CNC 18   INF   Sleeping for 9.871250503s
2019-12-31 09:25:03.046   CNC 18   INF   Workplace still active
2019-12-31 09:25:03.143   CNC 18   INF   Download and sort of length 0takes: 97.04476ms
2019-12-31 09:25:03.144   CNC 18   INF   Processing takes 97.535297ms
2019-12-31 09:25:03.144   CNC 18   INF   Sleeping for 9.902320143s
2019-12-31 09:25:13.048   CNC 18   INF   Workplace still active
2019-12-31 09:25:13.157   CNC 18   INF   Download and sort of length 0takes: 107.720413ms
2019-12-31 09:25:13.157   CNC 18   INF   Processing takes 108.390482ms
2019-12-31 09:25:13.157   CNC 18   INF   Sleeping for 9.891393897s
2019-12-31 09:25:23.053   CNC 18   INF   Workplace still active
2019-12-31 09:25:23.151   CNC 18   INF   Download and sort of length 0takes: 98.034123ms
2019-12-31 09:25:23.151   CNC 18   INF   Processing takes 98.433065ms
2019-12-31 09:25:23.151   CNC 18   INF   Sleeping for 9.901441171s
2019-12-31 09:25:33.055   CNC 18   INF   Workplace still active
2019-12-31 09:25:33.106   CNC 18   INF   Download and sort of length 0takes: 50.698738ms
2019-12-31 09:25:33.106   CNC 18   INF   Processing takes 50.838855ms
2019-12-31 09:25:33.106   CNC 18   INF   Sleeping for 9.949034108s
2019-12-31 09:25:43.056   CNC 18   INF   Workplace still active
2019-12-31 09:25:43.129   CNC 18   INF   Download and sort of length 0takes: 73.047076ms
2019-12-31 09:25:43.129   CNC 18   INF   Processing takes 73.285353ms
2019-12-31 09:25:43.129   CNC 18   INF   Sleeping for 9.926588039s
2019-12-31 09:25:53.060   CNC 18   INF   Workplace still active
2019-12-31 09:25:53.105   CNC 18   INF   Download and sort of length 0takes: 44.462761ms
2019-12-31 09:25:53.105   CNC 18   INF   Processing takes 44.656019ms
2019-12-31 09:25:53.106   CNC 18   INF   Sleeping for 9.955218481s
2019-12-31 09:26:20.205   CNC 18   INF   Workplace started running
2019-12-31 09:26:20.302   CNC 18   INF   Download and sort of length 0takes: 97.322612ms
2019-12-31 09:26:20.330   CNC 18   INF   Processing takes 124.493314ms
2019-12-31 09:26:20.330   CNC 18   INF   Sleeping for 9.875344504s
2019-12-31 09:26:30.209   CNC 18   INF   Workplace still active
2019-12-31 09:26:30.311   CNC 18   INF   Download and sort of length 0takes: 101.27074ms
2019-12-31 09:26:30.367   CNC 18   INF   Processing takes 157.77256ms
2019-12-31 09:26:30.368   CNC 18   INF   Sleeping for 9.8417585s
2019-12-31 09:26:40.214   CNC 18   INF   Workplace still active
2019-12-31 09:26:40.295   CNC 18   INF   Download and sort of length 0takes: 81.077871ms
2019-12-31 09:26:40.320   CNC 18   INF   Processing takes 105.663951ms
2019-12-31 09:26:40.320   CNC 18   INF   Sleeping for 9.893976949s
2019-12-31 09:26:50.215   CNC 18   INF   Workplace still active
2019-12-31 09:26:50.317   CNC 18   INF   Download and sort of length 0takes: 101.969676ms
2019-12-31 09:26:50.395   CNC 18   INF   Processing takes 179.917079ms
2019-12-31 09:26:50.395   CNC 18   INF   Sleeping for 9.819834124s
2019-12-31 09:27:00.216   CNC 18   INF   Workplace still active
2019-12-31 09:27:00.296   CNC 18   INF   Download and sort of length 0takes: 79.515875ms
2019-12-31 09:27:00.353   CNC 18   INF   Processing takes 136.310929ms
2019-12-31 09:27:00.354   CNC 18   INF   Sleeping for 9.862944283s
2019-12-31 09:27:10.221   CNC 18   INF   Workplace still active
2019-12-31 09:27:10.280   CNC 18   INF   Download and sort of length 0takes: 58.28947ms
2019-12-31 09:27:10.340   CNC 18   INF   Processing takes 118.984877ms
2019-12-31 09:27:10.341   CNC 18   INF   Sleeping for 9.880749601s
2019-12-31 09:27:39.985   CNC 18   INF   Workplace started running
2019-12-31 09:27:40.040   CNC 18   INF   Download and sort of length 0 takes: 54.635388ms
2019-12-31 09:27:40.094   CNC 18   INF   Processing takes 108.555506ms
2019-12-31 09:27:40.094   CNC 18   INF   Sleeping for 9.891320022s
2019-12-31 09:27:49.988   CNC 18   INF   Workplace still active
2019-12-31 09:27:50.046   CNC 18   INF   Download and sort of length 0 takes: 57.686685ms
2019-12-31 09:27:50.072   CNC 18   INF   Processing takes 83.730753ms
2019-12-31 09:27:50.072   CNC 18   INF   Sleeping for 9.916149675s
2019-12-31 09:27:59.990   CNC 18   INF   Workplace still active
2019-12-31 09:28:00.051   CNC 18   INF   Download and sort of length 0 takes: 60.502664ms
2019-12-31 09:28:00.112   CNC 18   INF   Processing takes 121.746291ms
2019-12-31 09:28:00.112   CNC 18   INF   Sleeping for 9.878032272s
2019-12-31 09:29:40.662   CNC 18   INF   Workplace started running
2019-12-31 09:29:40.803   CNC 18   INF   Download and sort of length 0 takes: 141.282138ms
2019-12-31 09:29:40.939   CNC 18   INF   Processing takes 276.796673ms
2019-12-31 09:29:40.939   CNC 18   INF   Sleeping for 9.722721s
2019-12-31 09:29:50.663   CNC 18   INF   Workplace still active
2019-12-31 09:29:50.700   CNC 18   INF   Download and sort of length 0 takes: 37.340458ms
2019-12-31 09:29:50.753   CNC 18   INF   Processing takes 89.401529ms
2019-12-31 09:29:50.753   CNC 18   INF   Sleeping for 9.910112616s
2019-12-31 09:30:00.663   CNC 18   INF   Workplace still active
2019-12-31 09:30:00.702   CNC 18   INF   Download and sort of length 0 takes: 38.739186ms
2019-12-31 09:30:00.746   CNC 18   INF   Processing takes 82.433277ms
2019-12-31 09:30:00.746   CNC 18   INF   Sleeping for 9.917394176s
2019-12-31 09:30:10.666   CNC 18   INF   Workplace still active
2019-12-31 09:30:10.746   CNC 18   INF   Download and sort of length 0 takes: 78.961369ms
2019-12-31 09:30:10.873   CNC 18   INF   Processing takes 206.661773ms
2019-12-31 09:30:10.874   CNC 18   INF   Sleeping for 9.792950641s
2019-12-31 09:30:20.667   CNC 18   INF   Workplace still active
2019-12-31 09:30:20.711   CNC 18   INF   Download and sort of length 0 takes: 43.210132ms
2019-12-31 09:30:20.769   CNC 18   INF   Processing takes 100.889834ms
2019-12-31 09:30:20.769   CNC 18   INF   Sleeping for 9.898922144s
2019-12-31 09:30:30.668   CNC 18   INF   Workplace still active
2019-12-31 09:30:30.819   CNC 18   INF   Download and sort of length 0 takes: 150.909937ms
2019-12-31 09:30:30.954   CNC 18   INF   Processing takes 285.846091ms
2019-12-31 09:30:30.954   CNC 18   INF   Sleeping for 9.713977023s
2019-12-31 09:30:40.669   CNC 18   INF   Workplace still active
2019-12-31 09:30:40.781   CNC 18   INF   Download and sort of length 0 takes: 111.284675ms
2019-12-31 09:30:40.839   CNC 18   INF   Processing takes 169.308341ms
2019-12-31 09:30:40.839   CNC 18   INF   Sleeping for 9.830496886s
2019-12-31 09:30:50.670   CNC 18   INF   Workplace still active
2019-12-31 09:30:50.711   CNC 18   INF   Download and sort of length 0 takes: 40.752436ms
2019-12-31 09:30:50.765   CNC 18   INF   Processing takes 94.874856ms
2019-12-31 09:30:50.765   CNC 18   INF   Sleeping for 9.904917694s
2019-12-31 09:31:00.672   CNC 18   INF   Workplace still active
2019-12-31 09:31:00.731   CNC 18   INF   Download and sort of length 0 takes: 58.502505ms
2019-12-31 09:31:00.761   CNC 18   INF   Processing takes 88.46476ms
2019-12-31 09:31:00.761   CNC 18   INF   Sleeping for 9.911146342s
2019-12-31 09:31:10.673   CNC 18   INF   Workplace still active
2019-12-31 09:31:10.806   CNC 18   INF   Download and sort of length 0 takes: 133.406791ms
2019-12-31 09:31:10.941   CNC 18   INF   Processing takes 267.868884ms
2019-12-31 09:31:10.941   CNC 18   INF   Sleeping for 9.732003429s
2019-12-31 09:31:20.677   CNC 18   INF   Workplace still active
2019-12-31 09:31:20.760   CNC 18   INF   Download and sort of length 0 takes: 82.597235ms
2019-12-31 09:31:20.899   CNC 18   INF   Processing takes 221.397402ms
2019-12-31 09:31:20.899   CNC 18   INF   Sleeping for 9.778394106s
2019-12-31 09:31:30.677   CNC 18   INF   Workplace still active
2019-12-31 09:31:30.755   CNC 18   INF   Download and sort of length 0 takes: 77.53759ms
2019-12-31 09:31:30.771   CNC 18   INF   Processing takes 93.337439ms
2019-12-31 09:31:30.771   CNC 18   INF   Sleeping for 9.90649772s
2019-12-31 09:31:40.678   CNC 18   INF   Workplace still active
2019-12-31 09:31:40.768   CNC 18   INF   Download and sort of length 0 takes: 89.685309ms
2019-12-31 09:31:40.828   CNC 18   INF   Processing takes 149.35598ms
2019-12-31 09:31:40.828   CNC 18   INF   Sleeping for 9.850319105s
2019-12-31 09:31:50.683   CNC 18   INF   Workplace still active
2019-12-31 09:31:50.861   CNC 18   INF   Download and sort of length 0 takes: 177.183514ms
2019-12-31 09:31:50.969   CNC 18   INF   Processing takes 285.672701ms
2019-12-31 09:31:50.969   CNC 18   INF   Sleeping for 9.714188414s
2019-12-31 09:32:04.478   CNC 18   INF   Workplace started running
2019-12-31 09:32:04.511   CNC 18   INF   Download and sort of length 0 takes: 32.671089ms
2019-12-31 09:32:04.582   CNC 18   INF   Processing takes 103.998829ms
2019-12-31 09:32:04.582   CNC 18   INF   Sleeping for 9.895743924s
2019-12-31 09:32:14.487   CNC 18   INF   Workplace still active
2019-12-31 09:32:14.527   CNC 18   INF   Download and sort of length 0 takes: 39.817574ms
2019-12-31 09:32:14.657   CNC 18   INF   Processing takes 170.146225ms
2019-12-31 09:32:14.657   CNC 18   INF   Sleeping for 9.829593688s
2019-12-31 09:32:24.490   CNC 18   INF   Workplace still active
2019-12-31 09:32:24.545   CNC 18   INF   Download and sort of length 0 takes: 55.06561ms
2019-12-31 09:32:24.647   CNC 18   INF   Processing takes 156.243328ms
2019-12-31 09:32:24.647   CNC 18   INF   Sleeping for 9.843042014s
2019-12-31 09:32:35.784   CNC 18   INF   Workplace started running
2019-12-31 09:32:35.880   CNC 18   INF   Download and sort of length 0 takes: 96.448155ms
2019-12-31 09:32:35.980   CNC 18   INF   Changing state ==> Poweroff at 0001-01-01 00:57:44 +0057 LMT
2019-12-31 09:32:36.025   CNC 18   INF   Processing takes 240.880996ms
2019-12-31 09:32:36.025   CNC 18   INF   Sleeping for 9.758788096s
2019-12-31 09:32:45.788   CNC 18   INF   Workplace not active
2019-12-31 09:32:45.789   CNC 18   INF   Workplace not active, stopped running
2019-12-31 09:32:45.791   CNC 18   INF   Workplace started running
2019-12-31 09:32:45.837   CNC 18   INF   Download and sort of length 0 takes: 45.930336ms
2019-12-31 09:32:45.907   CNC 18   INF   Processing takes 116.126536ms
2019-12-31 09:32:45.908   CNC 18   INF   Sleeping for 9.883336929s
2019-12-31 09:32:55.792   CNC 18   INF   Workplace still active
2019-12-31 09:32:55.948   CNC 18   INF   Download and sort of length 0 takes: 154.959346ms
2019-12-31 09:32:56.034   CNC 18   INF   Processing takes 241.267615ms
2019-12-31 09:32:56.035   CNC 18   INF   Sleeping for 9.757792937s
2019-12-31 09:33:05.794   CNC 18   INF   Workplace still active
2019-12-31 09:33:05.830   CNC 18   INF   Download and sort of length 0 takes: 36.080752ms
2019-12-31 09:33:05.933   CNC 18   INF   Processing takes 139.573651ms
2019-12-31 09:33:05.933   CNC 18   INF   Sleeping for 9.860246409s
2019-12-31 09:33:15.794   CNC 18   INF   Workplace still active
2019-12-31 09:33:15.839   CNC 18   INF   Download and sort of length 0 takes: 44.840223ms
2019-12-31 09:33:15.926   CNC 18   INF   Processing takes 131.595962ms
2019-12-31 09:33:15.927   CNC 18   INF   Sleeping for 9.867492518s
2019-12-31 10:13:48.914   CNC 18   INF   Workplace started running
2019-12-31 10:13:48.968   CNC 18   INF   Download and sort of length 594 takes: 53.30092ms
2019-12-31 10:13:49.092   CNC 18   INF   Changing state ==> Production at 2019-12-31 09:40:59.156957 +0100 CET
2019-12-31 10:13:55.038   CNC 18   INF   Processing takes 6.123333441s
2019-12-31 10:13:55.038   CNC 18   INF   Sleeping for 3.876368495s
2019-12-31 10:13:58.918   CNC 18   INF   Workplace still active
2019-12-31 10:13:58.984   CNC 18   INF   Download and sort of length 595 takes: 64.718667ms
2019-12-31 10:14:02.215   CNC 18   INF   Processing takes 3.296406384s
2019-12-31 10:14:02.215   CNC 18   INF   Sleeping for 6.703345555s
2019-12-31 10:14:08.919   CNC 18   INF   Workplace still active
2019-12-31 10:14:08.961   CNC 18   INF   Download and sort of length 598 takes: 41.319429ms
2019-12-31 10:14:12.492   CNC 18   INF   Processing takes 3.572242422s
2019-12-31 10:14:12.492   CNC 18   INF   Sleeping for 6.427595263s
2019-12-31 10:14:18.921   CNC 18   INF   Workplace still active
2019-12-31 10:14:19.043   CNC 18   INF   Download and sort of length 601 takes: 122.00302ms
2019-12-31 10:14:22.445   CNC 18   INF   Processing takes 3.523835905s
2019-12-31 10:14:22.445   CNC 18   INF   Sleeping for 6.475998028s
2019-12-31 10:14:28.923   CNC 18   INF   Workplace still active
2019-12-31 10:14:29.052   CNC 18   INF   Download and sort of length 604 takes: 128.06725ms
2019-12-31 10:14:32.422   CNC 18   INF   Processing takes 3.498267563s
2019-12-31 10:14:32.422   CNC 18   INF   Sleeping for 6.501572213s
2019-12-31 10:17:36.976   CNC 18   INF   Workplace started running
2019-12-31 10:17:37.149   CNC 18   INF   Download and sort of length 661 takes: 172.27678ms
2019-12-31 10:17:37.221   CNC 18   INF   Changing state ==> Downtime at 2019-12-31 09:41:09.186647 +0100 CET
2019-12-31 10:17:37.284   CNC 18   INF   Changing state ==> Production at 2019-12-31 09:41:09.186647 +0100 CET
2019-12-31 10:17:37.319   CNC 18   INF   Processing takes 343.024806ms
2019-12-31 10:17:37.319   CNC 18   INF   Sleeping for 9.656774025s
2019-12-31 10:17:46.977   CNC 18   INF   Workplace still active
2019-12-31 10:17:47.060   CNC 18   INF   Download and sort of length 661 takes: 82.74056ms
2019-12-31 10:17:47.105   CNC 18   INF   Changing state ==> Production at 2019-12-31 09:41:19.144126 +0100 CET
2019-12-31 10:17:47.216   CNC 18   INF   Processing takes 238.690149ms
2019-12-31 10:17:47.216   CNC 18   INF   Sleeping for 9.76112247s
2019-12-31 10:17:56.980   CNC 18   INF   Workplace still active
2019-12-31 10:20:05.940   CNC 18   INF   Workplace started running
2019-12-31 10:20:06.159   CNC 18   INF   Download and sort of length 705 takes: 218.003865ms
2019-12-31 10:20:06.205   CNC 18   INF   Changing state ==> Production at 2019-12-31 09:40:59.156957 +0100 CET
2019-12-31 10:20:06.245   CNC 18   INF   Processing takes 303.895234ms
2019-12-31 10:20:06.245   CNC 18   INF   Sleeping for 9.695977133s
2019-12-31 10:20:15.945   CNC 18   INF   Workplace still active
2019-12-31 10:20:15.995   CNC 18   INF   Download and sort of length 706 takes: 49.92226ms
2019-12-31 10:20:16.123   CNC 18   INF   Processing takes 177.831499ms
2019-12-31 10:20:16.123   CNC 18   INF   Sleeping for 9.821911634s
2019-12-31 10:20:25.948   CNC 18   INF   Workplace still active
2019-12-31 10:20:26.034   CNC 18   INF   Download and sort of length 709 takes: 85.866692ms
2019-12-31 10:20:26.110   CNC 18   INF   Processing takes 161.329318ms
2019-12-31 10:20:26.110   CNC 18   INF   Sleeping for 9.83849841s
2019-12-31 10:20:35.950   CNC 18   INF   Workplace still active
2019-12-31 10:20:36.031   CNC 18   INF   Download and sort of length 712 takes: 80.754486ms
2019-12-31 10:20:36.110   CNC 18   INF   Processing takes 159.854127ms
2019-12-31 10:20:36.110   CNC 18   INF   Sleeping for 9.839974436s
2019-12-31 10:20:45.952   CNC 18   INF   Workplace still active
2019-12-31 10:20:46.078   CNC 18   INF   Download and sort of length 715 takes: 125.157086ms
2019-12-31 10:20:46.119   CNC 18   INF   Processing takes 166.67309ms
2019-12-31 10:20:46.119   CNC 18   INF   Sleeping for 9.833168044s
2019-12-31 10:20:55.955   CNC 18   INF   Workplace still active
2019-12-31 10:20:56.095   CNC 18   INF   Download and sort of length 718 takes: 140.324305ms
2019-12-31 10:20:56.190   CNC 18   INF   Processing takes 234.951138ms
2019-12-31 10:20:56.190   CNC 18   INF   Sleeping for 9.764882309s
2019-12-31 10:21:05.956   CNC 18   INF   Workplace still active
2019-12-31 10:21:06.018   CNC 18   INF   Download and sort of length 721 takes: 61.535852ms
2019-12-31 10:21:06.076   CNC 18   INF   Processing takes 119.312475ms
2019-12-31 10:21:06.076   CNC 18   INF   Sleeping for 9.880492127s
2019-12-31 10:21:15.957   CNC 18   INF   Workplace still active
2019-12-31 10:21:15.997   CNC 18   INF   Download and sort of length 724 takes: 39.40965ms
2019-12-31 10:21:16.046   CNC 18   INF   Processing takes 88.045143ms
2019-12-31 10:21:16.046   CNC 18   INF   Sleeping for 9.911552102s
2019-12-31 10:21:25.961   CNC 18   INF   Workplace still active
2019-12-31 10:21:26.069   CNC 18   INF   Download and sort of length 727 takes: 106.777397ms
2019-12-31 10:21:26.132   CNC 18   INF   Processing takes 170.316395ms
2019-12-31 10:21:26.132   CNC 18   INF   Sleeping for 9.829462445s
2019-12-31 10:21:35.962   CNC 18   INF   Workplace still active
2019-12-31 10:21:36.043   CNC 18   INF   Download and sort of length 730 takes: 80.850737ms
2019-12-31 10:21:36.121   CNC 18   INF   Processing takes 158.873282ms
2019-12-31 10:21:36.122   CNC 18   INF   Sleeping for 9.840869106s
2019-12-31 10:21:45.965   CNC 18   INF   Workplace still active
2019-12-31 10:21:46.098   CNC 18   INF   Download and sort of length 733 takes: 131.854331ms
2019-12-31 10:21:46.155   CNC 18   INF   Processing takes 189.657266ms
2019-12-31 10:21:46.156   CNC 18   INF   Sleeping for 9.810002939s
2019-12-31 10:21:55.966   CNC 18   INF   Workplace still active
2019-12-31 10:21:56.084   CNC 18   INF   Download and sort of length 736 takes: 117.27035ms
2019-12-31 10:21:56.143   CNC 18   INF   Processing takes 176.123186ms
2019-12-31 10:21:56.143   CNC 18   INF   Sleeping for 9.823413283s
2019-12-31 10:22:05.967   CNC 18   INF   Workplace still active
2019-12-31 10:22:06.019   CNC 18   INF   Download and sort of length 739 takes: 51.099771ms
2019-12-31 10:22:06.114   CNC 18   INF   Processing takes 146.408397ms
2019-12-31 10:22:06.114   CNC 18   INF   Sleeping for 9.853460388s
2019-12-31 10:22:15.969   CNC 18   INF   Workplace still active
2019-12-31 10:22:16.054   CNC 18   INF   Download and sort of length 742 takes: 85.055136ms
2019-12-31 10:22:16.101   CNC 18   INF   Processing takes 131.949689ms
2019-12-31 10:22:16.101   CNC 18   INF   Sleeping for 9.867857258s
2019-12-31 10:22:25.970   CNC 18   INF   Workplace still active
2019-12-31 10:22:26.060   CNC 18   INF   Download and sort of length 745 takes: 89.529677ms
2019-12-31 10:22:26.134   CNC 18   INF   Processing takes 164.556775ms
2019-12-31 10:22:26.135   CNC 18   INF   Sleeping for 9.835218737s
2019-12-31 10:22:35.970   CNC 18   INF   Workplace still active
2019-12-31 10:22:36.047   CNC 18   INF   Download and sort of length 748 takes: 76.115181ms
2019-12-31 10:22:36.075   CNC 18   INF   Processing takes 104.122425ms
2019-12-31 10:22:36.075   CNC 18   INF   Sleeping for 9.895702068s
2019-12-31 10:22:45.974   CNC 18   INF   Workplace still active
2019-12-31 10:22:46.098   CNC 18   INF   Download and sort of length 751 takes: 123.782239ms
2019-12-31 10:22:46.159   CNC 18   INF   Processing takes 184.512659ms
2019-12-31 10:22:46.159   CNC 18   INF   Sleeping for 9.815169385s
2019-12-31 10:22:55.975   CNC 18   INF   Workplace still active
2019-12-31 10:22:56.079   CNC 18   INF   Download and sort of length 754 takes: 104.074847ms
2019-12-31 10:22:56.116   CNC 18   INF   Processing takes 140.977334ms
2019-12-31 10:22:56.117   CNC 18   INF   Sleeping for 9.85856012s
2019-12-31 10:23:05.981   CNC 18   INF   Workplace still active
2019-12-31 10:23:06.098   CNC 18   INF   Download and sort of length 757 takes: 116.905226ms
2019-12-31 10:23:06.141   CNC 18   INF   Processing takes 159.56665ms
2019-12-31 10:23:06.141   CNC 18   INF   Sleeping for 9.840310573s
2019-12-31 10:23:15.985   CNC 18   INF   Workplace still active
2019-12-31 10:23:16.078   CNC 18   INF   Download and sort of length 760 takes: 93.284473ms
2019-12-31 10:23:16.112   CNC 18   INF   Processing takes 126.76988ms
2019-12-31 10:23:16.112   CNC 18   INF   Sleeping for 9.87297902s
2019-12-31 10:23:25.989   CNC 18   INF   Workplace still active
2019-12-31 10:23:26.116   CNC 18   INF   Download and sort of length 763 takes: 126.455921ms
2019-12-31 10:23:26.160   CNC 18   INF   Processing takes 170.517409ms
2019-12-31 10:23:26.161   CNC 18   INF   Sleeping for 9.8292901s
2019-12-31 10:23:35.992   CNC 18   INF   Workplace still active
2019-12-31 10:23:36.073   CNC 18   INF   Download and sort of length 766 takes: 80.016339ms
2019-12-31 10:23:36.134   CNC 18   INF   Processing takes 141.818563ms
2019-12-31 10:23:36.135   CNC 18   INF   Sleeping for 9.857938161s
2019-12-31 10:23:45.998   CNC 18   INF   Workplace still active
2019-12-31 10:23:46.074   CNC 18   INF   Download and sort of length 769 takes: 75.634982ms
2019-12-31 10:23:46.158   CNC 18   INF   Processing takes 159.690642ms
2019-12-31 10:23:46.158   CNC 18   INF   Sleeping for 9.840094132s
2019-12-31 10:23:55.999   CNC 18   INF   Workplace still active
2019-12-31 10:23:56.091   CNC 18   INF   Download and sort of length 772 takes: 91.588278ms
2019-12-31 10:23:56.170   CNC 18   INF   Processing takes 170.140056ms
2019-12-31 10:23:56.170   CNC 18   INF   Sleeping for 9.829652974s
2019-12-31 10:24:06.004   CNC 18   INF   Workplace still active
2019-12-31 10:24:06.103   CNC 18   INF   Download and sort of length 775 takes: 98.831553ms
2019-12-31 10:24:06.163   CNC 18   INF   Processing takes 158.776311ms
2019-12-31 10:24:06.163   CNC 18   INF   Sleeping for 9.841025131s
2019-12-31 10:24:16.009   CNC 18   INF   Workplace still active
2019-12-31 10:24:16.147   CNC 18   INF   Download and sort of length 778 takes: 138.078716ms
2019-12-31 10:24:16.165   CNC 18   INF   Processing takes 156.196096ms
2019-12-31 10:24:16.165   CNC 18   INF   Sleeping for 9.843639763s
2019-12-31 10:24:26.010   CNC 18   INF   Workplace still active
2019-12-31 10:24:26.197   CNC 18   INF   Download and sort of length 781 takes: 186.835589ms
2019-12-31 10:24:26.222   CNC 18   INF   Processing takes 211.903535ms
2019-12-31 10:24:26.222   CNC 18   INF   Sleeping for 9.787829246s
2019-12-31 10:24:36.012   CNC 18   INF   Workplace still active
2019-12-31 10:24:36.108   CNC 18   INF   Download and sort of length 784 takes: 94.857956ms
2019-12-31 10:24:36.162   CNC 18   INF   Processing takes 149.407498ms
2019-12-31 10:24:36.162   CNC 18   INF   Sleeping for 9.850430471s
2019-12-31 10:24:46.013   CNC 18   INF   Workplace still active
2019-12-31 10:24:46.079   CNC 18   INF   Download and sort of length 787 takes: 64.935933ms
2019-12-31 10:24:46.131   CNC 18   INF   Processing takes 117.090564ms
2019-12-31 10:24:46.131   CNC 18   INF   Sleeping for 9.882688997s
2019-12-31 10:24:56.016   CNC 18   INF   Workplace still active
2019-12-31 10:24:56.117   CNC 18   INF   Download and sort of length 790 takes: 100.421012ms
2019-12-31 10:24:56.171   CNC 18   INF   Processing takes 154.765808ms
2019-12-31 10:24:56.171   CNC 18   INF   Sleeping for 9.84511743s
2019-12-31 10:25:06.018   CNC 18   INF   Workplace still active
2019-12-31 10:25:06.074   CNC 18   INF   Download and sort of length 793 takes: 55.03986ms
2019-12-31 10:25:06.108   CNC 18   INF   Processing takes 89.110892ms
2019-12-31 10:25:06.108   CNC 18   INF   Sleeping for 9.91075691s
2019-12-31 10:25:16.020   CNC 18   INF   Workplace still active
2019-12-31 10:25:16.105   CNC 18   INF   Download and sort of length 796 takes: 84.646726ms
2019-12-31 10:25:16.149   CNC 18   INF   Processing takes 127.998402ms
2019-12-31 10:25:16.149   CNC 18   INF   Sleeping for 9.871824919s
2019-12-31 10:25:26.025   CNC 18   INF   Workplace still active
2019-12-31 10:25:26.126   CNC 18   INF   Download and sort of length 799 takes: 101.142113ms
2019-12-31 10:25:26.184   CNC 18   INF   Processing takes 158.617182ms
2019-12-31 10:25:26.184   CNC 18   INF   Sleeping for 9.841267857s
2019-12-31 10:25:36.026   CNC 18   INF   Workplace still active
2019-12-31 10:25:36.078   CNC 18   INF   Download and sort of length 802 takes: 52.228552ms
2019-12-31 10:25:36.098   CNC 18   INF   Processing takes 71.722566ms
2019-12-31 10:25:36.098   CNC 18   INF   Sleeping for 9.928087402s
2019-12-31 10:25:46.027   CNC 18   INF   Workplace still active
2019-12-31 10:25:46.170   CNC 18   INF   Download and sort of length 805 takes: 141.972873ms
2019-12-31 10:25:46.257   CNC 18   INF   Processing takes 229.388597ms
2019-12-31 10:25:46.257   CNC 18   INF   Sleeping for 9.770415972s
2019-12-31 10:25:56.031   CNC 18   INF   Workplace still active
2019-12-31 10:25:56.110   CNC 18   INF   Download and sort of length 808 takes: 78.85318ms
2019-12-31 10:25:56.175   CNC 18   INF   Processing takes 144.400027ms
2019-12-31 10:25:56.176   CNC 18   INF   Sleeping for 9.855418284s
2019-12-31 10:26:06.039   CNC 18   INF   Workplace still active
2019-12-31 10:26:06.189   CNC 18   INF   Download and sort of length 811 takes: 149.902422ms
2019-12-31 10:26:06.255   CNC 18   INF   Processing takes 215.814845ms
2019-12-31 10:26:06.255   CNC 18   INF   Sleeping for 9.783936492s
