2020-01-28 15:12:50.963   CNC 12   INF   Workplace started running
2020-01-28 15:12:51.223   CNC 12   INF   Download and sort of length 0 takes: 260.432232ms
2020-01-28 15:12:51.652   CNC 12   INF   Processing takes 689.05215ms
2020-01-28 15:12:51.652   CNC 12   INF   Sleeping for 9.310749774s
2020-01-28 15:13:00.965   CNC 12   INF   Workplace still active
2020-01-28 15:13:01.316   CNC 12   INF   Download and sort of length 0 takes: 350.160849ms
2020-01-28 15:13:01.533   CNC 12   INF   Processing takes 566.71119ms
2020-01-28 15:13:01.534   CNC 12   INF   Sleeping for 9.432237831s
2020-01-28 15:13:10.967   CNC 12   INF   Workplace still active
2020-01-28 15:13:11.158   CNC 12   INF   Download and sort of length 0 takes: 191.274436ms
2020-01-28 15:13:11.353   CNC 12   INF   Processing takes 385.569712ms
2020-01-28 15:13:11.353   CNC 12   INF   Sleeping for 9.614316891s
2020-01-28 15:13:20.968   CNC 12   INF   Workplace still active
2020-01-28 15:13:21.145   CNC 12   INF   Download and sort of length 0 takes: 177.098443ms
2020-01-28 15:13:21.369   CNC 12   INF   Processing takes 401.110656ms
2020-01-28 15:13:21.370   CNC 12   INF   Sleeping for 9.598343097s
2020-01-28 15:13:30.969   CNC 12   INF   Workplace still active
2020-01-28 15:13:31.287   CNC 12   INF   Download and sort of length 0 takes: 242.281579ms
2020-01-28 15:13:31.469   CNC 12   INF   Processing takes 425.238685ms
2020-01-28 15:13:31.470   CNC 12   INF   Sleeping for 9.574568401s
2020-01-28 15:13:41.048   CNC 12   INF   Workplace still active
2020-01-28 15:13:41.255   CNC 12   INF   Download and sort of length 0 takes: 207.364123ms
2020-01-28 15:13:41.520   CNC 12   INF   Processing takes 471.474237ms
2020-01-28 15:13:41.520   CNC 12   INF   Sleeping for 9.528235929s
