2019-11-02 11:32:09.778   CNC1   INF   Workplace started running
2019-11-02 11:32:09.778   CNC1   WRN   Workplace directory not exist, creating
2019-11-02 11:32:09.778   CNC1   INF   Workplace directory created
2019-11-02 11:32:09.778   CNC1   INF   Processing takes 61ns
2019-11-02 11:32:09.778   CNC1   INF   Sleeping for 9.999915711s
2019-11-02 11:33:04.579   CNC1   INF   Workplace started running
2019-11-02 11:33:04.579   CNC1   INF   Workplace directory exists
2019-11-02 11:33:04.579   CNC1   INF   Processing takes 99ns
2019-11-02 11:33:04.580   CNC1   INF   Sleeping for 9.999893935s
2019-11-02 11:43:40.632   CNC1   INF   Workplace started running
2019-11-02 11:43:40.632   CNC1   INF   Workplace directory exists
2019-11-02 11:43:40.632   CNC1   INF   Processing takes 76ns
2019-11-02 11:43:40.632   CNC1   INF   Sleeping for 9.999920225s
2019-11-02 11:44:46.293   CNC1   INF   Workplace started running
2019-11-02 11:44:46.293   CNC1   WRN   Workplace directory not exist, creating
2019-11-02 11:44:46.293   CNC1   INF   Workplace directory created
2019-11-02 11:44:46.293   CNC1   INF   Processing takes 78ns
2019-11-02 11:44:46.294   CNC1   INF   Sleeping for 9.999904886s
2019-11-02 11:44:56.295   CNC1   INF   Workplace still active
2019-11-02 11:44:56.296   CNC1   INF   Processing takes 454ns
2019-11-02 11:44:56.296   CNC1   INF   Sleeping for 9.999725754s
2019-11-02 11:45:33.505   CNC1   INF   Workplace started running
2019-11-02 11:45:33.505   CNC1   INF   Workplace directory exists
2019-11-02 11:45:33.505   CNC1   INF   Processing takes 73ns
2019-11-02 11:45:33.505   CNC1   INF   Sleeping for 9.999943252s
2019-11-02 11:45:43.506   CNC1   INF   Workplace still active
2019-11-02 11:45:43.506   CNC1   INF   Processing takes 84ns
2019-11-02 11:45:43.506   CNC1   INF   Sleeping for 9.999862308s
2019-11-02 11:45:53.511   CNC1   INF   Workplace still active
2019-11-02 11:45:53.511   CNC1   INF   Processing takes 167ns
2019-11-02 11:45:53.511   CNC1   INF   Sleeping for 9.99969884s
2019-11-02 11:46:03.512   CNC1   INF   Workplace still active
2019-11-02 11:46:03.513   CNC1   INF   Processing takes 70ns
2019-11-02 11:46:03.513   CNC1   INF   Sleeping for 9.999602606s
2019-11-02 11:46:13.513   CNC1   INF   Workplace still active
2019-11-02 11:46:13.513   CNC1   INF   Processing takes 122ns
2019-11-02 11:46:13.514   CNC1   INF   Sleeping for 9.999833997s
2019-11-02 11:46:23.514   CNC1   INF   Workplace still active
2019-11-02 11:46:23.514   CNC1   INF   Processing takes 133ns
2019-11-02 11:46:23.514   CNC1   INF   Sleeping for 9.999700985s
2019-11-02 11:46:33.515   CNC1   INF   Workplace still active
2019-11-02 11:46:33.515   CNC1   INF   Processing takes 134ns
2019-11-02 11:46:33.515   CNC1   INF   Sleeping for 9.999886933s
2019-11-02 11:46:43.515   CNC1   INF   Workplace still active
2019-11-02 11:46:43.516   CNC1   INF   Processing takes 52ns
2019-11-02 11:46:43.516   CNC1   INF   Sleeping for 9.999687266s
2019-11-02 11:46:53.516   CNC1   INF   Workplace still active
2019-11-02 11:46:53.516   CNC1   INF   Processing takes 453ns
2019-11-02 11:46:53.516   CNC1   INF   Sleeping for 9.999715223s
2019-11-02 11:47:03.516   CNC1   INF   Workplace still active
2019-11-02 11:47:03.516   CNC1   INF   Processing takes 135ns
2019-11-02 11:47:03.517   CNC1   INF   Sleeping for 9.999636139s
2019-11-02 11:47:35.377   CNC1   INF   Workplace started running
2019-11-02 11:47:35.378   CNC1   INF   Processing takes 96ns
2019-11-02 11:47:35.378   CNC1   INF   Sleeping for 9.99991727s
2019-11-02 11:47:45.378   CNC1   INF   Workplace still active
2019-11-02 11:47:45.378   CNC1   INF   Processing takes 87ns
2019-11-02 11:47:45.378   CNC1   INF   Sleeping for 9.999838116s
2019-11-02 11:48:25.071   CNC1   INF   Workplace started running
2019-11-02 11:48:25.073   CNC1   INF   Processing takes 103ns
2019-11-02 11:48:25.073   CNC1   INF   Sleeping for 9.999809232s
