2019-12-30 09:27:17.226   CNC1   INF   Workplace started running
2019-12-30 09:27:17.297   CNC1   INF   Download and sort takes: 70.73288ms
2019-12-30 09:27:17.331   CNC1   INF   Processing takes 104.527125ms
2019-12-30 09:27:17.331   CNC1   INF   Sleeping for 9.895352625s
2019-12-30 09:27:27.229   CNC1   INF   Workplace still active
2019-12-30 09:27:27.276   CNC1   INF   Download and sort takes: 47.458074ms
2019-12-30 09:27:27.307   CNC1   INF   Processing takes 77.623505ms
2019-12-30 09:27:27.307   CNC1   INF   Sleeping for 9.922252388s
2019-12-30 09:27:37.232   CNC1   INF   Workplace still active
2019-12-30 09:27:37.304   CNC1   INF   Download and sort takes: 71.866966ms
2019-12-30 09:27:37.343   CNC1   INF   Processing takes 110.325863ms
2019-12-30 09:27:37.343   CNC1   INF   Sleeping for 9.889422706s
2019-12-30 09:27:47.234   CNC1   INF   Workplace still active
2019-12-30 09:27:47.348   CNC1   INF   Download and sort takes: 113.981901ms
2019-12-30 09:27:47.391   CNC1   INF   Processing takes 157.390547ms
2019-12-30 09:27:47.391   CNC1   INF   Sleeping for 9.842478549s
2019-12-30 09:27:57.234   CNC1   INF   Workplace still active
2019-12-30 09:27:57.292   CNC1   INF   Download and sort takes: 57.396875ms
2019-12-30 09:27:57.351   CNC1   INF   Processing takes 117.065294ms
2019-12-30 09:27:57.351   CNC1   INF   Sleeping for 9.88279154s
2019-12-30 09:28:04.013   CNC1   INF   Workplace started running
2019-12-30 09:28:04.117   CNC1   INF   Download and sort takes: 104.03232ms
2019-12-30 09:28:04.196   CNC1   INF   Processing takes 182.364744ms
2019-12-30 09:28:04.196   CNC1   INF   Sleeping for 9.817489025s
2019-12-30 09:28:14.016   CNC1   INF   Workplace still active
2019-12-30 09:28:14.202   CNC1   INF   Download and sort takes: 185.506204ms
2019-12-30 09:28:14.250   CNC1   INF   Processing takes 233.113512ms
2019-12-30 09:28:14.250   CNC1   INF   Sleeping for 9.766649021s
2019-12-30 09:28:24.018   CNC1   INF   Workplace still active
2019-12-30 09:28:24.097   CNC1   INF   Download and sort takes: 78.847329ms
2019-12-30 09:28:24.131   CNC1   INF   Processing takes 113.288926ms
2019-12-30 09:28:24.131   CNC1   INF   Sleeping for 9.886603612s
2019-12-30 09:28:34.019   CNC1   INF   Workplace still active
2019-12-30 09:28:34.141   CNC1   INF   Download and sort takes: 122.173646ms
2019-12-30 09:28:34.201   CNC1   INF   Processing takes 181.960188ms
2019-12-30 09:28:34.202   CNC1   INF   Sleeping for 9.817467104s
2019-12-30 09:28:44.023   CNC1   INF   Workplace still active
2019-12-30 09:28:44.154   CNC1   INF   Download and sort takes: 130.312154ms
2019-12-30 09:28:44.220   CNC1   INF   Processing takes 196.693283ms
2019-12-30 09:28:44.221   CNC1   INF   Sleeping for 9.802999278s
2019-12-30 09:28:54.024   CNC1   INF   Workplace still active
2019-12-30 09:28:54.235   CNC1   INF   Download and sort takes: 210.086363ms
2019-12-30 09:28:54.334   CNC1   INF   Processing takes 309.797554ms
2019-12-30 09:28:54.335   CNC1   INF   Sleeping for 9.689885768s
2019-12-30 09:29:04.025   CNC1   INF   Workplace still active
2019-12-30 09:29:04.118   CNC1   INF   Download and sort takes: 92.955705ms
2019-12-30 09:29:04.170   CNC1   INF   Processing takes 144.428143ms
2019-12-30 09:29:04.170   CNC1   INF   Sleeping for 9.855432049s
2019-12-30 09:29:14.027   CNC1   INF   Workplace still active
2019-12-30 09:29:14.068   CNC1   INF   Download and sort takes: 40.114676ms
2019-12-30 09:29:14.113   CNC1   INF   Processing takes 84.992515ms
2019-12-30 09:29:14.113   CNC1   INF   Sleeping for 9.914784032s
2019-12-30 09:29:24.029   CNC1   INF   Workplace still active
2019-12-30 09:29:24.087   CNC1   INF   Download and sort takes: 58.132465ms
2019-12-30 09:29:24.127   CNC1   INF   Processing takes 98.438308ms
2019-12-30 09:29:24.127   CNC1   INF   Sleeping for 9.901466666s
2019-12-30 09:29:34.031   CNC1   INF   Workplace still active
2019-12-30 09:29:34.076   CNC1   INF   Download and sort takes: 44.308835ms
2019-12-30 09:29:34.130   CNC1   INF   Processing takes 98.469324ms
2019-12-30 09:29:34.130   CNC1   INF   Sleeping for 9.901376097s
2019-12-30 09:29:44.033   CNC1   INF   Workplace still active
2019-12-30 09:29:44.155   CNC1   INF   Download and sort takes: 121.784611ms
2019-12-30 09:29:44.206   CNC1   INF   Processing takes 171.878735ms
2019-12-30 09:29:44.207   CNC1   INF   Sleeping for 9.826907739s
2019-12-30 09:29:54.038   CNC1   INF   Workplace still active
2019-12-30 09:29:54.341   CNC1   INF   Download and sort takes: 302.206645ms
2019-12-30 09:29:54.455   CNC1   INF   Processing takes 416.14095ms
2019-12-30 09:29:54.456   CNC1   INF   Sleeping for 9.583057967s
2019-12-30 09:30:04.040   CNC1   INF   Workplace still active
2019-12-30 09:30:04.174   CNC1   INF   Download and sort takes: 133.77141ms
2019-12-30 09:30:04.209   CNC1   INF   Processing takes 169.279977ms
2019-12-30 09:30:04.209   CNC1   INF   Sleeping for 9.830595002s
2019-12-30 09:30:14.041   CNC1   INF   Workplace still active
2019-12-30 09:30:14.128   CNC1   INF   Download and sort takes: 86.883134ms
2019-12-30 09:30:14.196   CNC1   INF   Processing takes 155.305885ms
2019-12-30 09:30:14.196   CNC1   INF   Sleeping for 9.844607333s
2019-12-30 09:30:24.043   CNC1   INF   Workplace still active
2019-12-30 09:30:24.144   CNC1   INF   Download and sort takes: 101.461108ms
2019-12-30 09:30:24.209   CNC1   INF   Processing takes 165.600856ms
2019-12-30 09:30:24.209   CNC1   INF   Sleeping for 9.834296193s
2019-12-30 09:30:58.555   CNC1   INF   Workplace started running
2019-12-30 09:30:58.689   CNC1   INF   Download and sort takes: 133.591125ms
2019-12-30 09:30:58.762   CNC1   INF   Changing state ==> Offline at 0001-01-01 00:57:44 +0057 LMT
2019-12-30 09:30:58.840   CNC1   INF   Processing takes 284.906615ms
2019-12-30 09:30:58.840   CNC1   INF   Sleeping for 9.714962348s
2019-12-30 09:31:08.559   CNC1   INF   Workplace still active
2019-12-30 09:31:08.597   CNC1   INF   Download and sort takes: 37.719031ms
2019-12-30 09:31:08.666   CNC1   INF   Processing takes 106.437533ms
2019-12-30 09:31:08.666   CNC1   INF   Sleeping for 9.893157286s
2019-12-30 09:31:18.562   CNC1   INF   Workplace still active
2019-12-30 09:31:18.619   CNC1   INF   Download and sort takes: 57.600752ms
2019-12-30 09:31:18.679   CNC1   INF   Processing takes 117.185626ms
2019-12-30 09:31:18.679   CNC1   INF   Sleeping for 9.882632315s
2019-12-30 09:31:28.562   CNC1   INF   Workplace still active
2019-12-30 09:31:28.627   CNC1   INF   Download and sort takes: 64.340878ms
2019-12-30 09:31:28.675   CNC1   INF   Processing takes 112.463656ms
2019-12-30 09:31:28.675   CNC1   INF   Sleeping for 9.887420613s
2019-12-30 09:31:38.563   CNC1   INF   Workplace still active
2019-12-30 09:31:38.687   CNC1   INF   Download and sort takes: 124.019376ms
2019-12-30 09:31:38.727   CNC1   INF   Processing takes 164.193346ms
2019-12-30 09:31:38.727   CNC1   INF   Sleeping for 9.835681178s
2019-12-30 09:31:48.565   CNC1   INF   Workplace still active
2019-12-30 09:31:48.610   CNC1   INF   Download and sort takes: 44.62106ms
2019-12-30 09:31:48.671   CNC1   INF   Processing takes 105.513067ms
2019-12-30 09:31:48.671   CNC1   INF   Sleeping for 9.894243405s
2019-12-30 09:31:58.571   CNC1   INF   Workplace still active
2019-12-30 09:31:58.718   CNC1   INF   Download and sort takes: 146.900357ms
2019-12-30 09:31:58.749   CNC1   INF   Processing takes 177.785591ms
2019-12-30 09:31:58.749   CNC1   INF   Sleeping for 9.822138156s
2019-12-30 09:32:08.574   CNC1   INF   Workplace still active
2019-12-30 09:32:08.649   CNC1   INF   Download and sort takes: 74.866788ms
2019-12-30 09:32:08.751   CNC1   INF   Processing takes 177.161723ms
2019-12-30 09:32:08.751   CNC1   INF   Sleeping for 9.822748373s
2019-12-30 09:32:18.577   CNC1   INF   Workplace still active
2019-12-30 09:32:18.658   CNC1   INF   Download and sort takes: 80.928038ms
2019-12-30 09:32:18.738   CNC1   INF   Processing takes 160.470217ms
2019-12-30 09:32:18.738   CNC1   INF   Sleeping for 9.839411842s
2019-12-30 09:32:28.583   CNC1   INF   Workplace still active
2019-12-30 09:32:28.680   CNC1   INF   Download and sort takes: 97.31996ms
2019-12-30 09:32:28.722   CNC1   INF   Processing takes 139.244183ms
2019-12-30 09:32:28.722   CNC1   INF   Sleeping for 9.860669031s
2019-12-30 09:32:38.590   CNC1   INF   Workplace still active
2019-12-30 09:32:38.719   CNC1   INF   Download and sort takes: 128.396854ms
2019-12-30 09:32:38.752   CNC1   INF   Processing takes 161.752666ms
2019-12-30 09:32:38.752   CNC1   INF   Sleeping for 9.838065058s
2019-12-30 09:33:54.712   CNC1   INF   Workplace started running
2019-12-30 09:33:54.755   CNC1   INF   Download and sort takes: 42.044335ms
2019-12-30 09:33:54.850   CNC1   INF   Changing state ==> Offline at 0001-01-01 00:57:44 +0057 LMT
2019-12-30 09:33:54.899   CNC1   INF   Processing takes 186.912245ms
2019-12-30 09:33:54.899   CNC1   INF   Sleeping for 9.812964838s
2019-12-30 09:35:55.981   CNC1   INF   Workplace started running
2019-12-30 09:35:56.012   CNC1   INF   Download and sort takes: 31.5872ms
2019-12-30 09:35:56.043   CNC1   INF   Changing state ==> Offline at 0001-01-01 00:57:44 +0057 LMT
2019-12-30 09:35:56.117   CNC1   INF   Processing takes 136.481923ms
2019-12-30 09:35:56.117   CNC1   INF   Sleeping for 9.863357179s
