2019-11-02 11:32:09.778   CNC2   INF   Workplace started running
2019-11-02 11:32:09.778   CNC2   WRN   Workplace directory not exist, creating
2019-11-02 11:32:09.778   CNC2   INF   Workplace directory created
2019-11-02 11:32:09.778   CNC2   INF   Processing takes 56ns
2019-11-02 11:32:09.778   CNC2   INF   Sleeping for 9.999896237s
2019-11-02 11:33:04.579   CNC2   INF   Workplace started running
2019-11-02 11:33:04.579   CNC2   INF   Workplace directory exists
2019-11-02 11:33:04.579   CNC2   INF   Processing takes 73ns
2019-11-02 11:33:04.579   CNC2   INF   Sleeping for 9.999942085s
2019-11-02 11:43:40.632   CNC2   INF   Workplace started running
2019-11-02 11:43:40.632   CNC2   INF   Workplace directory exists
2019-11-02 11:43:40.632   CNC2   INF   Processing takes 73ns
2019-11-02 11:43:40.632   CNC2   INF   Sleeping for 9.999886157s
2019-11-02 11:44:46.293   CNC2   INF   Workplace started running
2019-11-02 11:44:46.293   CNC2   WRN   Workplace directory not exist, creating
2019-11-02 11:44:46.293   CNC2   INF   Workplace directory created
2019-11-02 11:44:46.293   CNC2   INF   Processing takes 64ns
2019-11-02 11:44:46.294   CNC2   INF   Sleeping for 9.999932649s
2019-11-02 11:44:56.295   CNC2   INF   Workplace still active
2019-11-02 11:44:56.296   CNC2   INF   Processing takes 237ns
2019-11-02 11:44:56.296   CNC2   INF   Sleeping for 9.999735175s
2019-11-02 11:45:33.505   CNC2   INF   Workplace started running
2019-11-02 11:45:33.505   CNC2   INF   Workplace directory exists
2019-11-02 11:45:33.505   CNC2   INF   Processing takes 90ns
2019-11-02 11:45:33.505   CNC2   INF   Sleeping for 9.999949012s
2019-11-02 11:45:43.506   CNC2   INF   Workplace still active
2019-11-02 11:45:43.506   CNC2   INF   Processing takes 170ns
2019-11-02 11:45:43.506   CNC2   INF   Sleeping for 9.999882949s
2019-11-02 11:45:53.511   CNC2   INF   Workplace still active
2019-11-02 11:45:53.511   CNC2   INF   Processing takes 714ns
2019-11-02 11:45:53.511   CNC2   INF   Sleeping for 9.999677103s
2019-11-02 11:46:03.512   CNC2   INF   Workplace still active
2019-11-02 11:46:03.513   CNC2   INF   Processing takes 122ns
2019-11-02 11:46:03.513   CNC2   INF   Sleeping for 9.99966809s
2019-11-02 11:46:13.513   CNC2   INF   Workplace still active
2019-11-02 11:46:13.513   CNC2   INF   Processing takes 56ns
2019-11-02 11:46:13.513   CNC2   INF   Sleeping for 9.999865643s
2019-11-02 11:46:23.514   CNC2   INF   Workplace still active
2019-11-02 11:46:23.514   CNC2   INF   Processing takes 59ns
2019-11-02 11:46:23.514   CNC2   INF   Sleeping for 9.999695801s
2019-11-02 11:46:33.515   CNC2   INF   Workplace still active
2019-11-02 11:46:33.515   CNC2   INF   Processing takes 72ns
2019-11-02 11:46:33.515   CNC2   INF   Sleeping for 9.999851165s
2019-11-02 11:46:43.515   CNC2   INF   Workplace still active
2019-11-02 11:46:43.515   CNC2   INF   Processing takes 117ns
2019-11-02 11:46:43.516   CNC2   INF   Sleeping for 9.999695748s
2019-11-02 11:46:53.516   CNC2   INF   Workplace still active
2019-11-02 11:46:53.516   CNC2   INF   Processing takes 70ns
2019-11-02 11:46:53.516   CNC2   INF   Sleeping for 9.999716336s
2019-11-02 11:47:03.516   CNC2   INF   Workplace still active
2019-11-02 11:47:03.516   CNC2   INF   Processing takes 69ns
2019-11-02 11:47:03.517   CNC2   INF   Sleeping for 9.999640463s
2019-11-02 11:47:35.377   CNC2   INF   Workplace started running
2019-11-02 11:47:35.378   CNC2   INF   Processing takes 91ns
2019-11-02 11:47:35.378   CNC2   INF   Sleeping for 9.999918243s
2019-11-02 11:47:45.378   CNC2   INF   Workplace still active
2019-11-02 11:47:45.378   CNC2   INF   Processing takes 93ns
2019-11-02 11:47:45.379   CNC2   INF   Sleeping for 9.999856018s
2019-11-02 11:48:25.071   CNC2   INF   Workplace started running
2019-11-02 11:48:25.073   CNC2   INF   Processing takes 128ns
2019-11-02 11:48:25.073   CNC2   INF   Sleeping for 9.999791124s
2019-11-02 12:27:28.490   CNC2   INF   Workplace started running
2019-11-02 12:27:28.491   CNC2   INF   Processing takes 93ns
2019-11-02 12:27:28.491   CNC2   INF   Sleeping for 9.999920704s
