2019-11-02 11:32:09.778   CNC3   INF   Workplace started running
2019-11-02 11:32:09.778   CNC3   WRN   Workplace directory not exist, creating
2019-11-02 11:32:09.778   CNC3   INF   Workplace directory created
2019-11-02 11:32:09.778   CNC3   INF   Processing takes 79ns
2019-11-02 11:32:09.779   CNC3   INF   Sleeping for 9.999933462s
2019-11-02 11:33:04.579   CNC3   INF   Workplace started running
2019-11-02 11:33:04.579   CNC3   INF   Workplace directory exists
2019-11-02 11:33:04.579   CNC3   INF   Processing takes 91ns
2019-11-02 11:33:04.579   CNC3   INF   Sleeping for 9.999931406s
2019-11-02 11:43:40.632   CNC3   INF   Workplace started running
2019-11-02 11:43:40.632   CNC3   INF   Workplace directory exists
2019-11-02 11:43:40.632   CNC3   INF   Processing takes 79ns
2019-11-02 11:43:40.632   CNC3   INF   Sleeping for 9.99993615s
2019-11-02 11:44:46.293   CNC3   INF   Workplace started running
2019-11-02 11:44:46.293   CNC3   WRN   Workplace directory not exist, creating
2019-11-02 11:44:46.294   CNC3   INF   Workplace directory created
2019-11-02 11:44:46.294   CNC3   INF   Processing takes 80ns
2019-11-02 11:44:46.294   CNC3   INF   Sleeping for 9.999941769s
2019-11-02 11:44:56.295   CNC3   INF   Workplace still active
2019-11-02 11:44:56.296   CNC3   INF   Processing takes 85ns
2019-11-02 11:44:56.296   CNC3   INF   Sleeping for 9.999728969s
2019-11-02 11:45:33.505   CNC3   INF   Workplace started running
2019-11-02 11:45:33.505   CNC3   INF   Workplace directory exists
2019-11-02 11:45:33.505   CNC3   INF   Processing takes 78ns
2019-11-02 11:45:33.505   CNC3   INF   Sleeping for 9.999949404s
2019-11-02 11:45:43.506   CNC3   INF   Workplace still active
2019-11-02 11:45:43.506   CNC3   INF   Processing takes 177ns
2019-11-02 11:45:43.506   CNC3   INF   Sleeping for 9.999898136s
2019-11-02 11:45:53.511   CNC3   INF   Workplace still active
2019-11-02 11:45:53.511   CNC3   INF   Processing takes 894ns
2019-11-02 11:45:53.511   CNC3   INF   Sleeping for 9.999662679s
2019-11-02 11:46:03.512   CNC3   INF   Workplace still active
2019-11-02 11:46:03.513   CNC3   INF   Processing takes 68ns
2019-11-02 11:46:03.513   CNC3   INF   Sleeping for 9.999649064s
2019-11-02 11:46:13.513   CNC3   INF   Workplace still active
2019-11-02 11:46:13.513   CNC3   INF   Processing takes 62ns
2019-11-02 11:46:13.513   CNC3   INF   Sleeping for 9.999869221s
2019-11-02 11:46:23.514   CNC3   INF   Workplace not active
2019-11-02 11:46:23.514   CNC3   INF   Workplace not active, stopped running
2019-11-02 11:46:53.517   CNC3   INF   Workplace started running
2019-11-02 11:46:53.517   CNC3   INF   Workplace directory exists
2019-11-02 11:46:53.517   CNC3   INF   Processing takes 64ns
2019-11-02 11:46:53.517   CNC3   INF   Sleeping for 9.999959164s
2019-11-02 11:47:03.517   CNC3   INF   Workplace still active
2019-11-02 11:47:03.518   CNC3   INF   Processing takes 65ns
2019-11-02 11:47:03.518   CNC3   INF   Sleeping for 9.999834597s
2019-11-02 11:47:35.377   CNC3   INF   Workplace started running
2019-11-02 11:47:35.378   CNC3   INF   Processing takes 125ns
2019-11-02 11:47:35.378   CNC3   INF   Sleeping for 9.999913302s
2019-11-02 11:47:45.378   CNC3   INF   Workplace still active
2019-11-02 11:47:45.378   CNC3   INF   Processing takes 136ns
2019-11-02 11:47:45.379   CNC3   INF   Sleeping for 9.999897956s
2019-11-02 11:48:25.071   CNC3   INF   Workplace started running
2019-11-02 11:48:25.073   CNC3   INF   Processing takes 382ns
2019-11-02 11:48:25.073   CNC3   INF   Sleeping for 9.99978798s
2019-11-02 12:27:28.490   CNC3   INF   Workplace started running
2019-11-02 12:27:28.491   CNC3   INF   Processing takes 79ns
2019-11-02 12:27:28.491   CNC3   INF   Sleeping for 9.999923774s
2019-11-02 13:51:42.534   CNC3   INF   Workplace started running
2019-11-02 13:51:42.548   CNC3   INF   Processing takes 13.175469ms
2019-11-02 13:51:42.548   CNC3   INF   Sleeping for 9.986574087s
