2020-02-01 07:33:40.445   MAIN   INF   Zapsi Service version 2020.1.2.1 started
2020-02-01 07:33:40.445   MAIN   INF   Program running
2020-02-01 07:33:41.336   MAIN   INF   Active workplaces: 20, running workplaces: 0
2020-02-01 07:33:41.336   MAIN   INF   Sleeping for 9.109261894s
2020-02-01 07:41:44.941   MAIN   INF   Zapsi Service version 2020.1.2.1 started
2020-02-01 07:41:44.942   MAIN   INF   Program running
2020-02-01 07:41:45.556   MAIN   INF   Active workplaces: 20, running workplaces: 0
2020-02-01 07:41:45.556   MAIN   INF   Sleeping for 9.38535139s
2020-02-01 07:42:23.792   MAIN   INF   Zapsi Service version 2020.1.2.1 started
2020-02-01 07:42:23.792   MAIN   INF   Program running
2020-02-01 07:42:24.379   MAIN   INF   Active workplaces: 20, running workplaces: 0
2020-02-01 07:42:24.379   MAIN   INF   Sleeping for 9.412917581s
2020-02-01 18:40:38.613   MAIN   INF   State Service version 2020.1.2.1 started
2020-02-01 18:40:40.698   MAIN   INF   Program running
2020-02-01 18:40:40.707   MAIN   INF   Active workplaces: 20, running workplaces: 0
2020-02-01 18:40:40.707   MAIN   INF   Sleeping for 9.990944255s
2020-02-01 19:21:10.591   MAIN   INF   State Service version 2020.1.2.1 started
2020-02-01 19:21:13.428   MAIN   INF   Program running
2020-02-01 19:21:13.436   MAIN   INF   Active workplaces: 20, running workplaces: 0
2020-02-01 19:21:13.436   MAIN   INF   Sleeping for 9.992645937s
2020-02-01 19:21:23.433   MAIN   INF   Program running
2020-02-01 19:21:23.463   MAIN   INF   Active workplaces: 20, running workplaces: 20
2020-02-01 19:21:23.463   MAIN   INF   Sleeping for 9.970477174s
2020-02-01 19:21:33.435   MAIN   INF   Program running
2020-02-01 19:21:33.452   MAIN   INF   Active workplaces: 20, running workplaces: 20
2020-02-01 19:21:33.453   MAIN   INF   Sleeping for 9.982174098s
2020-02-01 19:21:43.440   MAIN   INF   Program running
2020-02-01 19:21:43.466   MAIN   INF   Active workplaces: 20, running workplaces: 20
2020-02-01 19:21:43.466   MAIN   INF   Sleeping for 9.974099686s
2020-02-01 19:21:53.441   MAIN   INF   Program running
2020-02-01 19:21:53.463   MAIN   INF   Active workplaces: 20, running workplaces: 20
2020-02-01 19:21:53.463   MAIN   INF   Sleeping for 9.977408855s
2020-02-01 21:10:41.683   MAIN   INF   State Service version 2020.1.2.1 started
2020-02-01 21:10:43.509   MAIN   INF   Program running
2020-02-01 21:10:43.517   MAIN   INF   Active workplaces: 0, running workplaces: 0
2020-02-01 21:10:43.517   MAIN   INF   Sleeping for 9.992234064s
2020-02-01 21:12:20.683   MAIN   INF   State Service version 2020.1.2.1 started
2020-02-01 21:12:22.284   MAIN   INF   Program running
2020-02-01 21:12:22.291   MAIN   INF   Active workplaces: 1, running workplaces: 0
2020-02-01 21:12:22.292   MAIN   INF   Sleeping for 9.992364074s
2020-02-01 21:13:03.326   MAIN   INF   State Service version 2020.1.2.1 started
2020-02-01 21:13:04.934   MAIN   INF   Program running
2020-02-01 21:13:04.943   MAIN   INF   Active workplaces: 1, running workplaces: 0
2020-02-01 21:13:04.943   MAIN   INF   Sleeping for 9.991325878s
2020-02-01 21:13:27.636   MAIN   INF   State Service version 2020.1.2.1 started
2020-02-01 21:13:29.270   MAIN   INF   Program running
2020-02-01 21:13:29.278   MAIN   INF   Active workplaces: 1, running workplaces: 0
2020-02-01 21:13:29.278   MAIN   INF   Sleeping for 9.9925833s
2020-02-01 21:14:33.363   MAIN   INF   State Service version 2020.1.2.1 started
2020-02-01 21:14:34.893   MAIN   INF   Program running
2020-02-01 21:14:34.901   MAIN   INF   Active workplaces: 1, running workplaces: 0
2020-02-01 21:14:34.901   MAIN   INF   Sleeping for 9.992307654s
2020-02-01 21:15:53.891   MAIN   INF   State Service version 2020.1.2.1 started
2020-02-01 21:15:55.387   MAIN   INF   Program running
2020-02-01 21:15:55.394   MAIN   INF   Active workplaces: 1, running workplaces: 0
2020-02-01 21:15:55.394   MAIN   INF   Sleeping for 9.992450639s
2020-02-01 21:16:16.525   MAIN   INF   State Service version 2020.1.2.1 started
2020-02-01 21:16:18.202   MAIN   INF   Program running
2020-02-01 21:16:18.210   MAIN   INF   Active workplaces: 1, running workplaces: 0
2020-02-01 21:16:18.210   MAIN   INF   Sleeping for 9.99254819s
2020-02-01 21:26:50.167   MAIN   INF   State Service version 2020.1.2.1 started
2020-02-01 21:26:51.563   MAIN   INF   Program running
2020-02-01 21:26:51.583   MAIN   INF   Active workplaces: 0, running workplaces: 0
2020-02-01 21:26:51.584   MAIN   INF   Sleeping for 9.978895797s
2020-02-01 21:27:01.566   MAIN   INF   Program running
2020-02-01 21:27:01.579   MAIN   INF   Active workplaces: 0, running workplaces: 0
2020-02-01 21:27:01.579   MAIN   INF   Sleeping for 9.986670303s
2020-02-01 21:27:11.566   MAIN   INF   Program running
2020-02-01 21:27:11.580   MAIN   INF   Active workplaces: 0, running workplaces: 0
2020-02-01 21:27:11.581   MAIN   INF   Sleeping for 9.985469994s
2020-02-01 21:27:21.571   MAIN   INF   Program running
2020-02-01 21:27:21.587   MAIN   INF   Active workplaces: 0, running workplaces: 0
2020-02-01 21:27:21.587   MAIN   INF   Sleeping for 9.984179865s
2020-02-01 21:27:31.573   MAIN   INF   Program running
2020-02-01 21:27:31.590   MAIN   INF   Active workplaces: 0, running workplaces: 0
2020-02-01 21:27:31.590   MAIN   INF   Sleeping for 9.982738443s
2020-02-01 21:27:41.578   MAIN   INF   Program running
2020-02-01 21:27:41.590   MAIN   INF   Active workplaces: 1, running workplaces: 0
2020-02-01 21:27:41.590   MAIN   INF   Sleeping for 9.988224887s
2020-02-01 21:30:16.564   MAIN   INF   State Service version 2020.1.2.1 started
2020-02-01 21:30:18.084   MAIN   INF   Program running
2020-02-01 21:30:18.092   MAIN   INF   Active workplaces: 1, running workplaces: 0
2020-02-01 21:30:18.092   MAIN   INF   Sleeping for 9.992163676s
2020-02-01 21:30:52.875   MAIN   INF   State Service version 2020.1.2.1 started
2020-02-01 21:30:54.434   MAIN   INF   Program running
2020-02-01 21:30:54.442   MAIN   INF   Active workplaces: 1, running workplaces: 0
2020-02-01 21:30:54.442   MAIN   INF   Sleeping for 9.99224465s
2020-02-01 21:31:02.879   MAIN   INF   State Service version 2020.1.2.1 started
2020-02-01 21:31:04.434   MAIN   INF   Program running
2020-02-01 21:31:04.441   MAIN   INF   Active workplaces: 1, running workplaces: 0
2020-02-01 21:31:04.442   MAIN   INF   Sleeping for 9.992755771s
2020-02-01 21:31:14.440   MAIN   INF   Program running
2020-02-01 21:31:14.456   MAIN   INF   Active workplaces: 1, running workplaces: 1
2020-02-01 21:31:14.456   MAIN   INF   Sleeping for 9.983066127s
2020-02-01 21:41:47.783   MAIN   INF   State Service version 2020.1.2.1 started
2020-02-01 21:41:49.769   MAIN   INF   Program running
2020-02-01 21:41:49.777   MAIN   INF   Active workplaces: 21, running workplaces: 0
2020-02-01 21:41:49.777   MAIN   INF   Sleeping for 9.991759087s
2020-02-01 21:41:59.770   MAIN   INF   Program running
2020-02-01 21:41:59.831   MAIN   INF   Active workplaces: 21, running workplaces: 21
2020-02-01 21:41:59.831   MAIN   INF   Sleeping for 9.937933789s
2020-02-01 22:36:16.192   MAIN   INF   State Service version 2020.1.2.1 started
2020-02-01 22:36:18.088   MAIN   INF   Program running
2020-02-01 22:36:18.098   MAIN   INF   Active workplaces: 20, running workplaces: 0
2020-02-01 22:36:18.098   MAIN   INF   Sleeping for 9.990117484s
2020-02-01 22:36:28.091   MAIN   INF   Program running
2020-02-01 22:36:28.103   MAIN   INF   Active workplaces: 20, running workplaces: 1
2020-02-01 22:36:28.103   MAIN   INF   Sleeping for 9.987686354s
2020-02-01 22:36:38.095   MAIN   INF   Program running
2020-02-01 22:36:38.108   MAIN   INF   Active workplaces: 20, running workplaces: 0
2020-02-01 22:36:38.109   MAIN   INF   Sleeping for 9.986065055s
2020-02-01 22:36:48.100   MAIN   INF   Program running
2020-02-01 22:36:48.109   MAIN   INF   Active workplaces: 20, running workplaces: 20
2020-02-01 22:36:48.109   MAIN   INF   Sleeping for 9.990580829s
2020-02-01 22:36:58.104   MAIN   INF   Program running
2020-02-01 22:36:58.115   MAIN   INF   Active workplaces: 20, running workplaces: 20
2020-02-01 22:36:58.115   MAIN   INF   Sleeping for 9.988712604s
2020-02-01 22:37:08.105   MAIN   INF   Program running
2020-02-01 22:37:08.138   MAIN   INF   Active workplaces: 20, running workplaces: 20
2020-02-01 22:37:08.138   MAIN   INF   Sleeping for 9.967472402s
2020-02-01 22:37:19.976   MAIN   INF   State Service version 2020.1.2.1 started
2020-02-01 22:37:21.512   MAIN   INF   Program running
2020-02-01 22:37:21.519   MAIN   INF   Active workplaces: 20, running workplaces: 0
2020-02-01 22:37:21.519   MAIN   INF   Sleeping for 9.992441449s
2020-02-01 22:38:11.565   MAIN   INF   State Service version 2020.1.2.1 started
2020-02-01 22:38:13.300   MAIN   INF   Program running
2020-02-01 22:38:13.308   MAIN   INF   Active workplaces: 20, running workplaces: 0
2020-02-01 22:38:13.308   MAIN   INF   Sleeping for 9.992004375s
2020-02-01 22:38:23.304   MAIN   INF   Program running
2020-02-01 22:38:23.335   MAIN   INF   Active workplaces: 20, running workplaces: 20
2020-02-01 22:38:23.335   MAIN   INF   Sleeping for 9.968311746s
2020-02-01 22:38:33.305   MAIN   INF   Program running
2020-02-01 22:38:33.339   MAIN   INF   Active workplaces: 20, running workplaces: 20
2020-02-01 22:38:33.339   MAIN   INF   Sleeping for 9.966314527s
2020-02-01 22:41:28.771   MAIN   INF   State Service version 2020.1.2.1 started
2020-02-01 22:41:30.295   MAIN   INF   Program running
2020-02-01 22:41:30.302   MAIN   INF   Active workplaces: 1, running workplaces: 0
2020-02-01 22:41:30.302   MAIN   INF   Sleeping for 9.992818521s
2020-02-01 22:41:40.295   MAIN   INF   Program running
2020-02-01 22:41:40.303   MAIN   INF   Active workplaces: 1, running workplaces: 1
2020-02-01 22:41:40.303   MAIN   INF   Sleeping for 9.992235302s
2020-02-01 22:41:50.298   MAIN   INF   Program running
2020-02-01 22:41:50.307   MAIN   INF   Active workplaces: 1, running workplaces: 1
2020-02-01 22:41:50.307   MAIN   INF   Sleeping for 9.991403311s
2020-02-01 22:44:16.152   MAIN   INF   State Service version 2020.1.2.1 started
2020-02-01 22:44:17.724   MAIN   INF   Program running
2020-02-01 22:44:17.730   MAIN   INF   Active workplaces: 1, running workplaces: 0
2020-02-01 22:44:17.730   MAIN   INF   Sleeping for 9.993097271s
2020-02-01 22:45:44.134   MAIN   INF   State Service version 2020.1.2.1 started
2020-02-01 22:45:45.875   MAIN   INF   Program running
2020-02-01 22:45:45.882   MAIN   INF   Active workplaces: 1, running workplaces: 0
2020-02-01 22:45:45.882   MAIN   INF   Sleeping for 9.992811304s
2020-02-01 22:47:21.813   MAIN   INF   State Service version 2020.1.2.1 started
2020-02-01 22:47:23.519   MAIN   INF   Program running
2020-02-01 22:47:23.527   MAIN   INF   Active workplaces: 1, running workplaces: 0
2020-02-01 22:47:23.527   MAIN   INF   Sleeping for 9.992489997s
2020-02-01 22:48:14.273   MAIN   INF   State Service version 2020.1.2.1 started
2020-02-01 22:48:15.860   MAIN   INF   Program running
2020-02-01 22:48:15.868   MAIN   INF   Active workplaces: 1, running workplaces: 0
2020-02-01 22:48:15.868   MAIN   INF   Sleeping for 9.992069488s
2020-02-01 22:48:59.164   MAIN   INF   State Service version 2020.1.2.1 started
2020-02-01 22:49:01.041   MAIN   INF   Program running
2020-02-01 22:49:01.053   MAIN   INF   Active workplaces: 1, running workplaces: 0
2020-02-01 22:49:01.054   MAIN   INF   Sleeping for 9.987170135s
2020-02-01 22:50:55.331   MAIN   INF   State Service version 2020.1.2.1 started
2020-02-01 22:50:56.932   MAIN   INF   Program running
2020-02-01 22:50:56.939   MAIN   INF   Active workplaces: 1, running workplaces: 0
2020-02-01 22:50:56.940   MAIN   INF   Sleeping for 9.992187346s
2020-02-01 22:52:34.664   MAIN   INF   State Service version 2020.1.2.1 started
2020-02-01 22:52:36.239   MAIN   INF   Program running
2020-02-01 22:52:36.248   MAIN   INF   Active workplaces: 1, running workplaces: 0
2020-02-01 22:52:36.248   MAIN   INF   Sleeping for 9.990392612s
2020-02-01 22:54:15.818   MAIN   INF   State Service version 2020.1.2.1 started
2020-02-01 22:54:17.406   MAIN   INF   Program running
2020-02-01 22:54:17.414   MAIN   INF   Active workplaces: 1, running workplaces: 0
2020-02-01 22:54:17.414   MAIN   INF   Sleeping for 9.992651064s
2020-02-01 22:55:32.340   MAIN   INF   State Service version 2020.1.2.1 started
2020-02-01 22:55:33.905   MAIN   INF   Program running
2020-02-01 22:55:33.912   MAIN   INF   Active workplaces: 1, running workplaces: 0
2020-02-01 22:55:33.912   MAIN   INF   Sleeping for 9.992453157s
2020-02-01 22:56:10.285   MAIN   INF   State Service version 2020.1.2.1 started
2020-02-01 22:56:11.891   MAIN   INF   Program running
2020-02-01 22:56:11.898   MAIN   INF   Active workplaces: 1, running workplaces: 0
2020-02-01 22:56:11.898   MAIN   INF   Sleeping for 9.992478993s
2020-02-01 22:57:13.689   MAIN   INF   State Service version 2020.1.2.1 started
2020-02-01 22:57:15.191   MAIN   INF   Program running
2020-02-01 22:57:15.198   MAIN   INF   Active workplaces: 1, running workplaces: 0
2020-02-01 22:57:15.198   MAIN   INF   Sleeping for 9.993437717s
2020-02-01 22:59:53.886   MAIN   INF   State Service version 2020.1.2.1 started
2020-02-01 22:59:55.564   MAIN   INF   Program running
2020-02-01 22:59:55.572   MAIN   INF   Active workplaces: 1, running workplaces: 0
2020-02-01 22:59:55.572   MAIN   INF   Sleeping for 9.992151429s
2020-02-01 23:01:26.016   MAIN   INF   State Service version 2020.1.2.1 started
2020-02-01 23:01:27.673   MAIN   INF   Program running
2020-02-01 23:01:27.680   MAIN   INF   Active workplaces: 1, running workplaces: 0
2020-02-01 23:01:27.680   MAIN   INF   Sleeping for 9.992843269s
2020-02-01 23:05:25.618   MAIN   INF   State Service version 2020.1.2.1 started
2020-02-01 23:05:27.448   MAIN   INF   Program running
2020-02-01 23:05:27.456   MAIN   INF   Active workplaces: 20, running workplaces: 0
2020-02-01 23:05:27.456   MAIN   INF   Sleeping for 9.992642546s
2020-02-01 23:05:40.690   MAIN   INF   State Service version 2020.1.2.1 started
2020-02-01 23:05:46.618   MAIN   INF   Program running
2020-02-01 23:05:46.627   MAIN   INF   Active workplaces: 20, running workplaces: 0
2020-02-01 23:05:46.627   MAIN   INF   Sleeping for 9.990493846s
2020-02-01 23:05:56.623   MAIN   INF   Program running
2020-02-01 23:05:56.649   MAIN   INF   Active workplaces: 20, running workplaces: 20
2020-02-01 23:05:56.650   MAIN   INF   Sleeping for 9.973524792s
2020-02-01 23:06:06.627   MAIN   INF   Program running
2020-02-01 23:06:06.683   MAIN   INF   Active workplaces: 20, running workplaces: 20
2020-02-01 23:06:06.683   MAIN   INF   Sleeping for 9.943468127s
2020-02-01 23:06:16.629   MAIN   INF   Program running
2020-02-01 23:06:16.722   MAIN   INF   Active workplaces: 20, running workplaces: 20
2020-02-01 23:06:16.722   MAIN   INF   Sleeping for 9.907600892s
2020-02-01 23:07:46.360   MAIN   INF   State Service version 2020.1.2.1 started
2020-02-01 23:07:48.019   MAIN   INF   Program running
2020-02-01 23:07:48.027   MAIN   INF   Active workplaces: 20, running workplaces: 0
2020-02-01 23:07:48.027   MAIN   INF   Sleeping for 9.991635084s
2020-02-01 23:09:12.773   MAIN   INF   State Service version 2020.1.2.1 started
2020-02-01 23:09:14.543   MAIN   INF   Program running
2020-02-01 23:09:14.551   MAIN   INF   Active workplaces: 20, running workplaces: 0
2020-02-01 23:09:14.551   MAIN   INF   Sleeping for 9.992269692s
2020-02-01 23:10:31.274   MAIN   INF   State Service version 2020.1.2.1 started
2020-02-01 23:10:33.475   MAIN   INF   Program running
2020-02-01 23:10:33.484   MAIN   INF   Active workplaces: 20, running workplaces: 0
2020-02-01 23:10:33.484   MAIN   INF   Sleeping for 9.991596259s
2020-02-01 23:11:14.902   MAIN   INF   State Service version 2020.1.2.1 started
2020-02-01 23:11:16.864   MAIN   INF   Program running
2020-02-01 23:11:16.871   MAIN   INF   Active workplaces: 20, running workplaces: 0
2020-02-01 23:11:16.872   MAIN   INF   Sleeping for 9.992587364s
2020-02-01 23:12:46.017   MAIN   INF   State Service version 2020.1.2.1 started
2020-02-01 23:12:47.702   MAIN   INF   Program running
2020-02-01 23:12:47.710   MAIN   INF   Active workplaces: 20, running workplaces: 0
2020-02-01 23:12:47.710   MAIN   INF   Sleeping for 9.992214926s
2020-02-01 23:12:57.703   MAIN   INF   Program running
2020-02-01 23:12:57.726   MAIN   INF   Active workplaces: 20, running workplaces: 4
2020-02-01 23:12:57.726   MAIN   INF   Sleeping for 9.976591881s
2020-02-01 23:13:07.708   MAIN   INF   Program running
2020-02-01 23:13:50.356   MAIN   INF   State Service version 2020.1.2.1 started
2020-02-01 23:13:52.773   MAIN   INF   Program running
2020-02-01 23:13:52.781   MAIN   INF   Active workplaces: 20, running workplaces: 0
2020-02-01 23:13:52.782   MAIN   INF   Sleeping for 9.99203533s
2020-02-01 23:14:02.775   MAIN   INF   Program running
2020-02-01 23:14:02.800   MAIN   INF   Active workplaces: 20, running workplaces: 20
2020-02-01 23:14:02.800   MAIN   INF   Sleeping for 9.974886889s
2020-02-01 23:14:12.781   MAIN   INF   Program running
2020-02-01 23:14:12.800   MAIN   INF   Active workplaces: 20, running workplaces: 20
2020-02-01 23:14:12.800   MAIN   INF   Sleeping for 9.980892821s
2020-02-01 23:14:22.784   MAIN   INF   Program running
2020-02-01 23:14:22.811   MAIN   INF   Active workplaces: 20, running workplaces: 20
2020-02-01 23:14:22.811   MAIN   INF   Sleeping for 9.972118124s
2020-02-01 23:14:32.784   MAIN   INF   Program running
2020-02-01 23:14:32.814   MAIN   INF   Active workplaces: 20, running workplaces: 20
2020-02-01 23:14:32.814   MAIN   INF   Sleeping for 9.970352778s
2020-02-01 23:14:42.786   MAIN   INF   Program running
2020-02-01 23:14:42.823   MAIN   INF   Active workplaces: 20, running workplaces: 20
2020-02-01 23:14:42.823   MAIN   INF   Sleeping for 9.962892964s
2020-02-01 23:14:52.789   MAIN   INF   Program running
2020-02-01 23:14:52.935   MAIN   INF   Active workplaces: 20, running workplaces: 20
2020-02-01 23:14:52.935   MAIN   INF   Sleeping for 9.853876298s
2020-02-01 23:15:02.794   MAIN   INF   Program running
2020-02-01 23:15:02.918   MAIN   INF   Active workplaces: 20, running workplaces: 20
2020-02-01 23:15:02.918   MAIN   INF   Sleeping for 9.875603581s
2020-02-01 23:15:12.795   MAIN   INF   Program running
2020-02-01 23:15:12.819   MAIN   INF   Active workplaces: 20, running workplaces: 20
2020-02-01 23:15:12.819   MAIN   INF   Sleeping for 9.975105406s
2020-02-01 23:15:22.795   MAIN   INF   Program running
2020-02-01 23:15:22.826   MAIN   INF   Active workplaces: 20, running workplaces: 20
2020-02-01 23:15:22.826   MAIN   INF   Sleeping for 9.96824327s
2020-02-01 23:15:32.797   MAIN   INF   Program running
2020-02-01 23:15:32.826   MAIN   INF   Active workplaces: 20, running workplaces: 20
2020-02-01 23:15:32.826   MAIN   INF   Sleeping for 9.970439408s
2020-02-01 23:15:42.797   MAIN   INF   Program running
2020-02-01 23:15:42.810   MAIN   INF   Active workplaces: 20, running workplaces: 1
2020-02-01 23:15:42.811   MAIN   INF   Sleeping for 9.986756642s
2020-02-01 23:15:52.801   MAIN   INF   Program running
2020-02-01 23:17:28.165   MAIN   INF   State Service version 2020.1.2.1 started
2020-02-01 23:17:29.822   MAIN   INF   Program running
2020-02-01 23:17:29.829   MAIN   INF   Active workplaces: 20, running workplaces: 0
2020-02-01 23:17:29.830   MAIN   INF   Sleeping for 9.992339292s
2020-02-01 23:17:39.824   MAIN   INF   Program running
2020-02-01 23:17:39.851   MAIN   INF   Active workplaces: 20, running workplaces: 20
2020-02-01 23:17:39.851   MAIN   INF   Sleeping for 9.973201559s
2020-02-01 23:17:49.826   MAIN   INF   Program running
2020-02-01 23:17:49.860   MAIN   INF   Active workplaces: 20, running workplaces: 20
2020-02-01 23:17:49.861   MAIN   INF   Sleeping for 9.965231724s
2020-02-01 23:17:59.829   MAIN   INF   Program running
2020-02-01 23:17:59.855   MAIN   INF   Active workplaces: 20, running workplaces: 20
2020-02-01 23:17:59.855   MAIN   INF   Sleeping for 9.973583648s
2020-02-01 23:18:09.830   MAIN   INF   Program running
2020-02-01 23:18:09.860   MAIN   INF   Active workplaces: 20, running workplaces: 20
2020-02-01 23:18:09.860   MAIN   INF   Sleeping for 9.970324339s
2020-02-01 23:18:19.831   MAIN   INF   Program running
2020-02-01 23:18:19.859   MAIN   INF   Active workplaces: 20, running workplaces: 20
2020-02-01 23:18:19.859   MAIN   INF   Sleeping for 9.97187592s
2020-02-01 23:18:29.836   MAIN   INF   Program running
2020-02-01 23:18:29.937   MAIN   INF   Active workplaces: 20, running workplaces: 20
2020-02-01 23:18:29.938   MAIN   INF   Sleeping for 9.89828965s
2020-02-01 23:18:39.839   MAIN   INF   Program running
2020-02-01 23:18:39.865   MAIN   INF   Active workplaces: 20, running workplaces: 20
2020-02-01 23:18:39.865   MAIN   INF   Sleeping for 9.973742529s
2020-02-01 23:18:49.842   MAIN   INF   Program running
2020-02-01 23:18:49.966   MAIN   INF   Active workplaces: 20, running workplaces: 20
2020-02-01 23:18:49.966   MAIN   INF   Sleeping for 9.876655719s
2020-02-01 23:18:59.843   MAIN   INF   Program running
2020-02-01 23:18:59.886   MAIN   INF   Active workplaces: 20, running workplaces: 20
2020-02-01 23:18:59.886   MAIN   INF   Sleeping for 9.957027337s
2020-02-01 23:19:09.845   MAIN   INF   Program running
2020-02-01 23:19:09.958   MAIN   INF   Active workplaces: 20, running workplaces: 20
2020-02-01 23:19:09.958   MAIN   INF   Sleeping for 9.886254136s
2020-02-01 23:19:19.846   MAIN   INF   Program running
2020-02-01 23:19:19.960   MAIN   INF   Active workplaces: 20, running workplaces: 20
2020-02-01 23:19:19.960   MAIN   INF   Sleeping for 9.885182078s
2020-02-01 23:19:29.846   MAIN   INF   Program running
2020-02-01 23:19:29.937   MAIN   INF   Active workplaces: 20, running workplaces: 20
2020-02-01 23:19:29.938   MAIN   INF   Sleeping for 9.908120716s
2020-02-01 23:19:39.846   MAIN   INF   Program running
2020-02-01 23:19:39.981   MAIN   INF   Active workplaces: 20, running workplaces: 20
2020-02-01 23:19:39.981   MAIN   INF   Sleeping for 9.865043044s
2020-02-01 23:19:49.851   MAIN   INF   Program running
2020-02-01 23:19:49.948   MAIN   INF   Active workplaces: 20, running workplaces: 20
2020-02-01 23:19:49.948   MAIN   INF   Sleeping for 9.902780231s
2020-02-01 23:19:59.855   MAIN   INF   Program running
2020-02-01 23:20:00.058   MAIN   INF   Active workplaces: 20, running workplaces: 20
2020-02-01 23:20:00.058   MAIN   INF   Sleeping for 9.796244411s
2020-02-01 23:20:09.857   MAIN   INF   Program running
2020-02-01 23:20:09.916   MAIN   INF   Active workplaces: 20, running workplaces: 20
2020-02-01 23:20:09.916   MAIN   INF   Sleeping for 9.939941727s
2020-02-01 23:20:19.861   MAIN   INF   Program running
2020-02-01 23:20:19.906   MAIN   INF   Active workplaces: 20, running workplaces: 20
2020-02-01 23:20:19.906   MAIN   INF   Sleeping for 9.953897066s
2020-02-01 23:20:29.862   MAIN   INF   Program running
2020-02-01 23:20:29.956   MAIN   INF   Active workplaces: 20, running workplaces: 20
2020-02-01 23:20:29.956   MAIN   INF   Sleeping for 9.906037545s
2020-02-01 23:20:39.867   MAIN   INF   Program running
2020-02-01 23:20:39.915   MAIN   INF   Active workplaces: 20, running workplaces: 20
2020-02-01 23:20:39.915   MAIN   INF   Sleeping for 9.952395322s
2020-02-01 23:20:49.870   MAIN   INF   Program running
2020-02-01 23:20:49.956   MAIN   INF   Active workplaces: 20, running workplaces: 20
2020-02-01 23:20:49.956   MAIN   INF   Sleeping for 9.912916604s
2020-02-01 23:20:59.870   MAIN   INF   Program running
2020-02-01 23:20:59.953   MAIN   INF   Active workplaces: 20, running workplaces: 20
2020-02-01 23:20:59.953   MAIN   INF   Sleeping for 9.916491796s
2020-02-01 23:21:09.873   MAIN   INF   Program running
2020-02-01 23:21:10.044   MAIN   INF   Active workplaces: 20, running workplaces: 20
2020-02-01 23:21:10.044   MAIN   INF   Sleeping for 9.829002977s
2020-02-01 23:21:19.878   MAIN   INF   Program running
2020-02-01 23:21:19.980   MAIN   INF   Active workplaces: 20, running workplaces: 20
2020-02-01 23:21:19.980   MAIN   INF   Sleeping for 9.897438371s
2020-02-01 23:21:29.884   MAIN   INF   Program running
2020-02-01 23:21:29.908   MAIN   INF   Active workplaces: 20, running workplaces: 20
2020-02-01 23:21:29.908   MAIN   INF   Sleeping for 9.974721764s
2020-02-01 23:21:39.886   MAIN   INF   Program running
2020-02-01 23:21:39.944   MAIN   INF   Active workplaces: 20, running workplaces: 20
2020-02-01 23:21:39.944   MAIN   INF   Sleeping for 9.941492301s
2020-02-01 23:21:49.891   MAIN   INF   Program running
2020-02-01 23:21:50.054   MAIN   INF   Active workplaces: 20, running workplaces: 20
2020-02-01 23:21:50.054   MAIN   INF   Sleeping for 9.835883319s
