2020-02-08 09:00:46.362   MAIN   INF   Starting State Service on darwin-launchd
2020-02-08 09:00:56.364   MAIN   INF   State Service version 2020.1.2.8 started
2020-02-08 09:00:58.119   MAIN   INF   Program running
2020-02-08 09:00:58.126   MAIN   INF   Deleting old log file CNC 0 2020-01-28.log with age of 257h47m16.467733641s
2020-02-08 09:00:58.127   MAIN   INF   Deleting old log file CNC 1 2020-01-28.log with age of 257h47m16.478342358s
2020-02-08 09:00:58.127   MAIN   INF   Deleting old log file CNC 10 2020-01-28.log with age of 257h47m16.474674758s
2020-02-08 09:00:58.127   MAIN   INF   Deleting old log file CNC 11 2020-01-28.log with age of 257h47m16.501370617s
2020-02-08 09:00:58.127   MAIN   INF   Deleting old log file CNC 12 2020-01-28.log with age of 257h47m16.606030416s
2020-02-08 09:00:58.127   MAIN   INF   Deleting old log file CNC 13 2020-01-28.log with age of 257h47m16.520609077s
2020-02-08 09:00:58.127   MAIN   INF   Deleting old log file CNC 14 2020-01-28.log with age of 257h47m16.830755077s
2020-02-08 09:00:58.127   MAIN   INF   Deleting old log file CNC 15 2020-01-28.log with age of 257h47m16.59053166s
2020-02-08 09:00:58.127   MAIN   INF   Deleting old log file CNC 16 2020-01-28.log with age of 257h47m16.654587208s
2020-02-08 09:00:58.127   MAIN   INF   Deleting old log file CNC 17 2020-01-28.log with age of 257h47m16.520153126s
2020-02-08 09:00:58.128   MAIN   INF   Deleting old log file CNC 18 2020-01-28.log with age of 257h47m16.649986436s
2020-02-08 09:00:58.128   MAIN   INF   Deleting old log file CNC 19 2020-01-28.log with age of 257h47m16.538337658s
2020-02-08 09:00:58.128   MAIN   INF   Deleting old log file CNC 2 2020-01-28.log with age of 257h47m16.602669814s
2020-02-08 09:00:58.128   MAIN   INF   Deleting old log file CNC 3 2020-01-28.log with age of 257h47m16.446356007s
2020-02-08 09:00:58.128   MAIN   INF   Deleting old log file CNC 4 2020-01-28.log with age of 257h47m16.535486156s
2020-02-08 09:00:58.128   MAIN   INF   Deleting old log file CNC 5 2020-01-28.log with age of 257h47m16.546867049s
2020-02-08 09:00:58.128   MAIN   INF   Deleting old log file CNC 6 2020-01-28.log with age of 257h47m16.475331211s
2020-02-08 09:00:58.128   MAIN   INF   Deleting old log file CNC 7 2020-01-28.log with age of 257h47m16.54066044s
2020-02-08 09:00:58.128   MAIN   INF   Deleting old log file CNC 8 2020-01-28.log with age of 257h47m16.492495123s
2020-02-08 09:00:58.129   MAIN   INF   Deleting old log file CNC 9 2020-01-28.log with age of 257h47m16.467330174s
2020-02-08 09:00:58.129   MAIN   INF   Deleting old log file MAIN 2020-01-28.log with age of 257h47m17.289209672s
2020-02-08 09:00:58.129   MAIN   INF   Active workplaces: 20, running workplaces: 0
2020-02-08 09:00:58.131   MAIN   INF   Sleeping for 9.989200876s
2020-02-08 09:01:00.497   MAIN   INF   Stopping, still running devices: 20
2020-02-08 09:01:01.500   MAIN   INF   Stopping, still running devices: 20
2020-02-08 09:01:02.505   MAIN   INF   Stopping, still running devices: 20
2020-02-08 09:01:03.509   MAIN   INF   Stopping, still running devices: 20
2020-02-08 09:01:04.511   MAIN   INF   Stopping, still running devices: 20
2020-02-08 09:01:05.515   MAIN   INF   Stopping, still running devices: 20
2020-02-08 09:01:06.517   MAIN   INF   Stopping, still running devices: 20
2020-02-08 09:01:07.522   MAIN   INF   Stopping, still running devices: 20
2020-02-08 09:01:08.124   MAIN   INF   Program running
2020-02-08 09:01:08.139   MAIN   INF   Active workplaces: 20, running workplaces: 0
2020-02-08 09:01:08.139   MAIN   INF   Sleeping for 9.985401252s
2020-02-08 09:01:08.524   MAIN   INF   Stopped on platform darwin-launchd
