2019-12-30 09:10:34.637   MAIN   INF   Program version 2019.4.3.30 started
2019-12-30 09:10:34.637   MAIN   INF   Program running
2019-12-30 09:10:35.261   MAIN   INF   WorkplaceState table not exists, creating
2019-12-30 09:10:35.299   MAIN   INF   Active workplaces: 0, running workplaces: 0
2019-12-30 09:10:35.299   MAIN   INF   Sleeping for 9.338317722s
2019-12-30 09:10:46.888   MAIN   INF   Program version 2019.4.3.30 started
2019-12-30 09:10:46.888   MAIN   INF   Program running
2019-12-30 09:10:47.360   MAIN   INF   Active workplaces: 0, running workplaces: 0
2019-12-30 09:10:47.392   MAIN   INF   Sleeping for 9.496741469s
2019-12-30 09:27:06.339   MAIN   INF   Program version 2019.4.3.30 started
2019-12-30 09:27:06.339   MAIN   INF   Program running
2019-12-30 09:27:06.854   MAIN   INF   WorkplaceState table not exists, creating
2019-12-30 09:27:06.880   MAIN   INF   Active workplaces: 20, running workplaces: 0
2019-12-30 09:27:06.919   MAIN   INF   Sleeping for 9.42024653s
2019-12-30 09:27:16.343   MAIN   INF   Program running
2019-12-30 09:27:16.983   MAIN   INF   Active workplaces: 21, running workplaces: 20
2019-12-30 09:27:17.226   MAIN   INF   Sleeping for 9.116839196s
2019-12-30 09:27:26.344   MAIN   INF   Program running
2019-12-30 09:27:26.839   MAIN   INF   Active workplaces: 21, running workplaces: 21
2019-12-30 09:27:26.876   MAIN   INF   Sleeping for 9.467539168s
2019-12-30 09:27:36.345   MAIN   INF   Program running
2019-12-30 09:27:36.871   MAIN   INF   Active workplaces: 21, running workplaces: 21
2019-12-30 09:27:36.921   MAIN   INF   Sleeping for 9.424275947s
2019-12-30 09:27:46.346   MAIN   INF   Program running
2019-12-30 09:27:47.586   MAIN   INF   Active workplaces: 21, running workplaces: 21
2019-12-30 09:27:47.697   MAIN   INF   Sleeping for 8.648930731s
2019-12-30 09:27:56.351   MAIN   INF   Program running
2019-12-30 09:27:56.844   MAIN   INF   Active workplaces: 21, running workplaces: 21
2019-12-30 09:27:56.885   MAIN   INF   Sleeping for 9.46632476s
2019-12-30 09:28:03.418   MAIN   INF   Program version 2019.4.3.30 started
2019-12-30 09:28:03.418   MAIN   INF   Program running
2019-12-30 09:28:04.013   MAIN   INF   Active workplaces: 21, running workplaces: 0
2019-12-30 09:28:04.013   MAIN   INF   Sleeping for 9.405685253s
2019-12-30 09:28:13.423   MAIN   INF   Program running
2019-12-30 09:28:13.906   MAIN   INF   Active workplaces: 21, running workplaces: 21
2019-12-30 09:28:13.906   MAIN   INF   Sleeping for 9.517355399s
2019-12-30 09:28:23.426   MAIN   INF   Program running
2019-12-30 09:28:23.881   MAIN   INF   Active workplaces: 21, running workplaces: 21
2019-12-30 09:28:23.881   MAIN   INF   Sleeping for 9.544721238s
2019-12-30 09:28:33.429   MAIN   INF   Program running
2019-12-30 09:28:34.657   MAIN   INF   Active workplaces: 21, running workplaces: 21
2019-12-30 09:28:34.657   MAIN   INF   Sleeping for 8.771328004s
2019-12-30 09:28:43.430   MAIN   INF   Program running
2019-12-30 09:28:43.944   MAIN   INF   Active workplaces: 21, running workplaces: 21
2019-12-30 09:28:43.945   MAIN   INF   Sleeping for 9.485810842s
2019-12-30 09:28:53.432   MAIN   INF   Program running
2019-12-30 09:28:53.912   MAIN   INF   Active workplaces: 21, running workplaces: 21
2019-12-30 09:28:53.912   MAIN   INF   Sleeping for 9.519938224s
2019-12-30 09:29:03.435   MAIN   INF   Program running
2019-12-30 09:29:03.981   MAIN   INF   Active workplaces: 21, running workplaces: 21
2019-12-30 09:29:03.981   MAIN   INF   Sleeping for 9.453908265s
2019-12-30 09:29:13.438   MAIN   INF   Program running
2019-12-30 09:29:13.906   MAIN   INF   Active workplaces: 21, running workplaces: 21
2019-12-30 09:29:13.906   MAIN   INF   Sleeping for 9.531464715s
2019-12-30 09:29:23.443   MAIN   INF   Program running
2019-12-30 09:29:23.900   MAIN   INF   Active workplaces: 21, running workplaces: 21
2019-12-30 09:29:23.900   MAIN   INF   Sleeping for 9.542451873s
2019-12-30 09:29:33.444   MAIN   INF   Program running
2019-12-30 09:29:34.950   MAIN   INF   Active workplaces: 21, running workplaces: 21
2019-12-30 09:29:34.950   MAIN   INF   Sleeping for 8.493309347s
2019-12-30 09:29:43.449   MAIN   INF   Program running
2019-12-30 09:29:45.245   MAIN   INF   Active workplaces: 21, running workplaces: 21
2019-12-30 09:29:45.245   MAIN   INF   Sleeping for 8.203046713s
2019-12-30 09:29:53.452   MAIN   INF   Program running
2019-12-30 09:29:55.502   MAIN   INF   Active workplaces: 21, running workplaces: 21
2019-12-30 09:29:55.502   MAIN   INF   Sleeping for 7.950186788s
2019-12-30 09:30:03.454   MAIN   INF   Program running
2019-12-30 09:30:04.121   MAIN   INF   Active workplaces: 21, running workplaces: 21
2019-12-30 09:30:04.122   MAIN   INF   Sleeping for 9.332146967s
2019-12-30 09:30:13.456   MAIN   INF   Program running
2019-12-30 09:30:13.906   MAIN   INF   Active workplaces: 21, running workplaces: 21
2019-12-30 09:30:13.906   MAIN   INF   Sleeping for 9.549941983s
2019-12-30 09:30:23.458   MAIN   INF   Program running
2019-12-30 09:30:23.945   MAIN   INF   Active workplaces: 21, running workplaces: 21
2019-12-30 09:30:23.945   MAIN   INF   Sleeping for 9.512788746s
2019-12-30 09:30:58.083   MAIN   INF   Program version 2019.4.3.30 started
2019-12-30 09:30:58.083   MAIN   INF   Program running
2019-12-30 09:30:58.555   MAIN   INF   Active workplaces: 21, running workplaces: 0
2019-12-30 09:30:58.555   MAIN   INF   Sleeping for 9.528072091s
2019-12-30 09:31:08.084   MAIN   INF   Program running
2019-12-30 09:31:08.557   MAIN   INF   Active workplaces: 21, running workplaces: 21
2019-12-30 09:31:08.557   MAIN   INF   Sleeping for 9.526682343s
2019-12-30 09:31:18.085   MAIN   INF   Program running
2019-12-30 09:31:18.777   MAIN   INF   Active workplaces: 21, running workplaces: 21
2019-12-30 09:31:18.778   MAIN   INF   Sleeping for 9.307541325s
2019-12-30 09:31:28.087   MAIN   INF   Program running
2019-12-30 09:31:28.692   MAIN   INF   Active workplaces: 21, running workplaces: 21
2019-12-30 09:31:28.692   MAIN   INF   Sleeping for 9.394828061s
2019-12-30 09:31:38.089   MAIN   INF   Program running
2019-12-30 09:31:38.573   MAIN   INF   Active workplaces: 21, running workplaces: 21
2019-12-30 09:31:38.574   MAIN   INF   Sleeping for 9.515839242s
2019-12-30 09:31:48.095   MAIN   INF   Program running
2019-12-30 09:31:48.560   MAIN   INF   Active workplaces: 21, running workplaces: 21
2019-12-30 09:31:48.561   MAIN   INF   Sleeping for 9.534127902s
2019-12-30 09:31:58.104   MAIN   INF   Program running
2019-12-30 09:31:58.629   MAIN   INF   Active workplaces: 21, running workplaces: 21
2019-12-30 09:31:58.629   MAIN   INF   Sleeping for 9.474424014s
2019-12-30 09:32:08.110   MAIN   INF   Program running
2019-12-30 09:32:08.635   MAIN   INF   Active workplaces: 21, running workplaces: 21
2019-12-30 09:32:08.635   MAIN   INF   Sleeping for 9.475210635s
2019-12-30 09:32:18.116   MAIN   INF   Program running
2019-12-30 09:32:18.574   MAIN   INF   Active workplaces: 21, running workplaces: 21
2019-12-30 09:32:18.574   MAIN   INF   Sleeping for 9.541641942s
2019-12-30 09:32:28.118   MAIN   INF   Program running
2019-12-30 09:32:28.564   MAIN   INF   Active workplaces: 21, running workplaces: 21
2019-12-30 09:32:28.564   MAIN   INF   Sleeping for 9.55384091s
2019-12-30 09:32:38.121   MAIN   INF   Program running
2019-12-30 09:32:38.760   MAIN   INF   Active workplaces: 21, running workplaces: 21
2019-12-30 09:32:38.760   MAIN   INF   Sleeping for 9.361679056s
2019-12-30 09:33:54.232   MAIN   INF   Program version 2019.4.3.30 started
2019-12-30 09:33:54.232   MAIN   INF   Program running
2019-12-30 09:33:54.712   MAIN   INF   Active workplaces: 21, running workplaces: 0
2019-12-30 09:33:54.712   MAIN   INF   Sleeping for 9.519627315s
2019-12-30 09:35:55.501   MAIN   INF   Program version 2019.4.3.30 started
2019-12-30 09:35:55.501   MAIN   INF   Program running
2019-12-30 09:35:55.980   MAIN   INF   Active workplaces: 21, running workplaces: 0
2019-12-30 09:35:55.980   MAIN   INF   Sleeping for 9.520710836s
2019-12-30 09:39:04.387   MAIN   INF   Program version 2019.4.3.30 started
2019-12-30 09:39:04.388   MAIN   INF   Program running
2019-12-30 09:39:04.853   MAIN   INF   WorkplaceState table not exists, creating
2019-12-30 09:39:04.876   MAIN   INF   Active workplaces: 20, running workplaces: 0
2019-12-30 09:39:04.876   MAIN   INF   Sleeping for 9.511673109s
2019-12-30 09:40:30.087   MAIN   INF   Program version 2019.4.3.30 started
2019-12-30 09:40:30.087   MAIN   INF   Program running
2019-12-30 09:40:30.584   MAIN   INF   Active workplaces: 20, running workplaces: 0
2019-12-30 09:40:30.585   MAIN   INF   Sleeping for 9.502624557s
2019-12-30 09:40:48.893   MAIN   INF   Program version 2019.4.3.30 started
2019-12-30 09:40:48.893   MAIN   INF   Program running
2019-12-30 09:40:49.368   MAIN   INF   Active workplaces: 20, running workplaces: 0
2019-12-30 09:40:49.368   MAIN   INF   Sleeping for 9.524887062s
2019-12-30 09:43:58.096   MAIN   INF   Program version 2019.4.3.30 started
2019-12-30 09:43:58.096   MAIN   INF   Program running
2019-12-30 09:43:58.562   MAIN   INF   Active workplaces: 20, running workplaces: 0
2019-12-30 09:43:58.562   MAIN   INF   Sleeping for 9.534223154s
2019-12-30 09:47:15.824   MAIN   INF   Program version 2019.4.3.30 started
2019-12-30 09:47:15.825   MAIN   INF   Program running
2019-12-30 09:47:16.288   MAIN   INF   WorkplaceState table not exists, creating
2019-12-30 09:47:16.309   MAIN   INF   Active workplaces: 1, running workplaces: 0
2019-12-30 09:47:16.309   MAIN   INF   Sleeping for 9.516147018s
2019-12-30 09:47:25.826   MAIN   INF   Program running
2019-12-30 09:47:26.308   MAIN   INF   Active workplaces: 1, running workplaces: 1
2019-12-30 09:47:26.308   MAIN   INF   Sleeping for 9.517829726s
2019-12-30 09:49:50.713   MAIN   INF   Program version 2019.4.3.30 started
2019-12-30 09:49:50.714   MAIN   INF   Program running
2019-12-30 09:49:51.177   MAIN   INF   Active workplaces: 1, running workplaces: 0
2019-12-30 09:49:51.177   MAIN   INF   Sleeping for 9.536455249s
2019-12-30 09:50:00.716   MAIN   INF   Program running
2019-12-30 09:50:01.202   MAIN   INF   Active workplaces: 1, running workplaces: 1
2019-12-30 09:50:01.202   MAIN   INF   Sleeping for 9.51365505s
2019-12-30 09:50:10.719   MAIN   INF   Program running
2019-12-30 09:50:11.267   MAIN   INF   Active workplaces: 1, running workplaces: 1
2019-12-30 09:50:11.267   MAIN   INF   Sleeping for 9.452015153s
2019-12-30 09:50:20.723   MAIN   INF   Program running
2019-12-30 09:50:21.235   MAIN   INF   Active workplaces: 1, running workplaces: 1
2019-12-30 09:50:21.235   MAIN   INF   Sleeping for 9.487734909s
2019-12-30 09:51:52.974   MAIN   INF   Program version 2019.4.3.30 started
2019-12-30 09:51:52.975   MAIN   INF   Program running
2019-12-30 09:51:53.456   MAIN   INF   Active workplaces: 1, running workplaces: 0
2019-12-30 09:51:53.457   MAIN   INF   Sleeping for 9.518132184s
2019-12-30 09:52:02.975   MAIN   INF   Program running
2019-12-30 09:52:03.450   MAIN   INF   Active workplaces: 1, running workplaces: 1
2019-12-30 09:52:03.450   MAIN   INF   Sleeping for 9.525110836s
2019-12-30 09:52:22.234   MAIN   INF   Program version 2019.4.3.30 started
2019-12-30 09:52:22.234   MAIN   INF   Program running
2019-12-30 09:52:22.713   MAIN   INF   Active workplaces: 1, running workplaces: 0
2019-12-30 09:52:22.713   MAIN   INF   Sleeping for 9.521613246s
2019-12-30 09:55:12.713   MAIN   INF   Program version 2019.4.3.30 started
2019-12-30 09:55:12.713   MAIN   INF   Program running
2019-12-30 09:55:13.158   MAIN   INF   Active workplaces: 1, running workplaces: 0
2019-12-30 09:55:13.158   MAIN   INF   Sleeping for 9.555800095s
2019-12-30 09:55:22.718   MAIN   INF   Program running
2019-12-30 09:55:23.186   MAIN   INF   Active workplaces: 1, running workplaces: 1
2019-12-30 09:55:23.186   MAIN   INF   Sleeping for 9.531709498s
2019-12-30 09:55:32.724   MAIN   INF   Program running
2019-12-30 09:55:33.227   MAIN   INF   Active workplaces: 1, running workplaces: 1
2019-12-30 09:55:33.227   MAIN   INF   Sleeping for 9.496986619s
2019-12-30 09:55:42.730   MAIN   INF   Program running
2019-12-30 09:55:43.231   MAIN   INF   Active workplaces: 1, running workplaces: 1
2019-12-30 09:55:43.231   MAIN   INF   Sleeping for 9.498963234s
2019-12-30 09:55:52.733   MAIN   INF   Program running
2019-12-30 09:55:53.214   MAIN   INF   Active workplaces: 1, running workplaces: 1
2019-12-30 09:55:53.214   MAIN   INF   Sleeping for 9.51888103s
2019-12-30 09:56:02.734   MAIN   INF   Program running
2019-12-30 09:56:03.235   MAIN   INF   Active workplaces: 1, running workplaces: 1
2019-12-30 09:56:03.235   MAIN   INF   Sleeping for 9.498680062s
2019-12-30 09:56:12.738   MAIN   INF   Program running
2019-12-30 09:56:13.223   MAIN   INF   Active workplaces: 1, running workplaces: 1
2019-12-30 09:56:13.223   MAIN   INF   Sleeping for 9.514655212s
2019-12-30 09:56:22.742   MAIN   INF   Program running
2019-12-30 09:56:23.513   MAIN   INF   Active workplaces: 1, running workplaces: 1
2019-12-30 09:56:23.513   MAIN   INF   Sleeping for 9.228334352s
2019-12-30 09:56:32.747   MAIN   INF   Program running
2019-12-30 09:56:33.225   MAIN   INF   Active workplaces: 1, running workplaces: 1
2019-12-30 09:56:33.225   MAIN   INF   Sleeping for 9.521722042s
2019-12-30 09:56:42.752   MAIN   INF   Program running
2019-12-30 09:56:43.205   MAIN   INF   Active workplaces: 1, running workplaces: 1
2019-12-30 09:56:43.205   MAIN   INF   Sleeping for 9.546777804s
2019-12-30 09:56:52.757   MAIN   INF   Program running
2019-12-30 09:56:53.238   MAIN   INF   Active workplaces: 1, running workplaces: 1
2019-12-30 09:56:53.238   MAIN   INF   Sleeping for 9.519019292s
2019-12-30 09:57:02.759   MAIN   INF   Program running
2019-12-30 09:57:03.247   MAIN   INF   Active workplaces: 1, running workplaces: 1
2019-12-30 09:57:03.247   MAIN   INF   Sleeping for 9.511297848s
2019-12-30 09:57:12.761   MAIN   INF   Program running
2019-12-30 09:57:13.280   MAIN   INF   Active workplaces: 1, running workplaces: 1
2019-12-30 09:57:13.280   MAIN   INF   Sleeping for 9.481305729s
2019-12-30 09:57:22.763   MAIN   INF   Program running
2019-12-30 09:57:23.257   MAIN   INF   Active workplaces: 1, running workplaces: 1
2019-12-30 09:57:23.257   MAIN   INF   Sleeping for 9.506111188s
2019-12-30 09:57:32.766   MAIN   INF   Program running
2019-12-30 09:57:33.251   MAIN   INF   Active workplaces: 1, running workplaces: 1
2019-12-30 09:57:33.251   MAIN   INF   Sleeping for 9.51449208s
2019-12-30 09:57:42.771   MAIN   INF   Program running
2019-12-30 09:57:43.228   MAIN   INF   Active workplaces: 1, running workplaces: 1
2019-12-30 09:57:43.229   MAIN   INF   Sleeping for 9.542155242s
2019-12-30 09:57:52.772   MAIN   INF   Program running
2019-12-30 09:57:53.441   MAIN   INF   Active workplaces: 1, running workplaces: 1
2019-12-30 09:57:53.441   MAIN   INF   Sleeping for 9.330882727s
2019-12-30 09:58:02.777   MAIN   INF   Program running
2019-12-30 09:58:03.313   MAIN   INF   Active workplaces: 1, running workplaces: 1
2019-12-30 09:58:03.313   MAIN   INF   Sleeping for 9.463680107s
2019-12-30 09:58:12.777   MAIN   INF   Program running
2019-12-30 09:58:13.247   MAIN   INF   Active workplaces: 1, running workplaces: 1
2019-12-30 09:58:13.247   MAIN   INF   Sleeping for 9.529892121s
2019-12-30 09:58:22.782   MAIN   INF   Program running
2019-12-30 09:58:23.267   MAIN   INF   Active workplaces: 1, running workplaces: 1
2019-12-30 09:58:23.268   MAIN   INF   Sleeping for 9.514305077s
2019-12-30 09:58:32.786   MAIN   INF   Program running
2019-12-30 09:58:33.424   MAIN   INF   Active workplaces: 1, running workplaces: 1
2019-12-30 09:58:33.424   MAIN   INF   Sleeping for 9.361928074s
2019-12-30 09:58:42.792   MAIN   INF   Program running
2019-12-30 09:58:43.461   MAIN   INF   Active workplaces: 1, running workplaces: 1
2019-12-30 09:58:43.462   MAIN   INF   Sleeping for 9.329877664s
2019-12-30 09:58:52.793   MAIN   INF   Program running
2019-12-30 09:58:53.314   MAIN   INF   Active workplaces: 1, running workplaces: 1
2019-12-30 09:58:53.314   MAIN   INF   Sleeping for 9.478505964s
2019-12-30 09:59:02.793   MAIN   INF   Program running
2019-12-30 09:59:03.411   MAIN   INF   Active workplaces: 1, running workplaces: 1
2019-12-30 09:59:03.411   MAIN   INF   Sleeping for 9.382285708s
2019-12-30 10:09:39.400   MAIN   INF   Program version 2019.4.3.30 started
2019-12-30 10:09:39.401   MAIN   INF   Program running
2019-12-30 10:09:39.885   MAIN   INF   Active workplaces: 1, running workplaces: 0
2019-12-30 10:09:39.885   MAIN   INF   Sleeping for 9.51619491s
2019-12-30 10:09:49.406   MAIN   INF   Program running
2019-12-30 10:09:49.901   MAIN   INF   Active workplaces: 1, running workplaces: 1
2019-12-30 10:09:49.901   MAIN   INF   Sleeping for 9.505380671s
2019-12-30 10:09:59.412   MAIN   INF   Program running
2019-12-30 10:09:59.907   MAIN   INF   Active workplaces: 1, running workplaces: 1
2019-12-30 10:09:59.907   MAIN   INF   Sleeping for 9.504754251s
2019-12-30 10:10:09.415   MAIN   INF   Program running
2019-12-30 10:10:09.920   MAIN   INF   Active workplaces: 1, running workplaces: 1
2019-12-30 10:10:09.921   MAIN   INF   Sleeping for 9.494786667s
2019-12-30 10:10:19.416   MAIN   INF   Program running
2019-12-30 10:10:19.932   MAIN   INF   Active workplaces: 1, running workplaces: 1
2019-12-30 10:10:19.933   MAIN   INF   Sleeping for 9.483059004s
2019-12-30 10:10:29.417   MAIN   INF   Program running
2019-12-30 10:10:29.919   MAIN   INF   Active workplaces: 1, running workplaces: 1
2019-12-30 10:10:29.919   MAIN   INF   Sleeping for 9.497705197s
2019-12-30 10:10:39.422   MAIN   INF   Program running
2019-12-30 10:10:39.912   MAIN   INF   Active workplaces: 1, running workplaces: 1
2019-12-30 10:10:39.913   MAIN   INF   Sleeping for 9.508953942s
2019-12-30 10:10:49.422   MAIN   INF   Program running
2019-12-30 10:10:49.903   MAIN   INF   Active workplaces: 1, running workplaces: 1
2019-12-30 10:10:49.903   MAIN   INF   Sleeping for 9.519394121s
2019-12-30 10:10:59.423   MAIN   INF   Program running
2019-12-30 10:10:59.910   MAIN   INF   Active workplaces: 1, running workplaces: 1
2019-12-30 10:10:59.910   MAIN   INF   Sleeping for 9.512610352s
2019-12-30 10:11:13.812   MAIN   INF   Program version 2019.4.3.30 started
2019-12-30 10:11:13.812   MAIN   INF   Program running
2019-12-30 10:11:14.255   MAIN   INF   Active workplaces: 1, running workplaces: 0
2019-12-30 10:11:14.256   MAIN   INF   Sleeping for 9.556890861s
2019-12-30 10:11:35.284   MAIN   INF   Program version 2019.4.3.30 started
2019-12-30 10:11:35.285   MAIN   INF   Program running
2019-12-30 10:11:35.893   MAIN   INF   Active workplaces: 1, running workplaces: 0
2019-12-30 10:11:35.893   MAIN   INF   Sleeping for 9.391457629s
2019-12-30 10:11:45.291   MAIN   INF   Program running
2019-12-30 10:11:45.776   MAIN   INF   Active workplaces: 1, running workplaces: 1
2019-12-30 10:11:45.776   MAIN   INF   Sleeping for 9.514644968s
2019-12-30 10:11:55.296   MAIN   INF   Program running
2019-12-30 10:11:55.849   MAIN   INF   Active workplaces: 1, running workplaces: 1
2019-12-30 10:11:55.849   MAIN   INF   Sleeping for 9.446889263s
2019-12-30 10:12:05.301   MAIN   INF   Program running
2019-12-30 10:12:05.948   MAIN   INF   Active workplaces: 1, running workplaces: 1
2019-12-30 10:12:05.949   MAIN   INF   Sleeping for 9.352666919s
2019-12-30 10:13:26.425   MAIN   INF   Program version 2019.4.3.30 started
2019-12-30 10:13:26.425   MAIN   INF   Program running
2019-12-30 10:13:26.880   MAIN   INF   Active workplaces: 1, running workplaces: 0
2019-12-30 10:13:26.880   MAIN   INF   Sleeping for 9.544377369s
2019-12-30 10:13:36.430   MAIN   INF   Program running
2019-12-30 10:13:36.998   MAIN   INF   Active workplaces: 1, running workplaces: 1
2019-12-30 10:13:36.998   MAIN   INF   Sleeping for 9.432242518s
2019-12-30 10:13:46.431   MAIN   INF   Program running
2019-12-30 10:13:46.905   MAIN   INF   Active workplaces: 1, running workplaces: 1
2019-12-30 10:13:46.905   MAIN   INF   Sleeping for 9.525519845s
2019-12-30 10:13:56.433   MAIN   INF   Program running
2019-12-30 10:13:57.526   MAIN   INF   Active workplaces: 1, running workplaces: 1
2019-12-30 10:13:57.527   MAIN   INF   Sleeping for 8.906013201s
2019-12-30 10:14:06.435   MAIN   INF   Program running
2019-12-30 10:14:06.962   MAIN   INF   Active workplaces: 1, running workplaces: 1
2019-12-30 10:14:06.962   MAIN   INF   Sleeping for 9.472877793s
2019-12-30 10:14:16.440   MAIN   INF   Program running
2019-12-30 10:14:16.908   MAIN   INF   Active workplaces: 1, running workplaces: 1
2019-12-30 10:14:16.908   MAIN   INF   Sleeping for 9.531771601s
2019-12-30 10:14:26.442   MAIN   INF   Program running
2019-12-30 10:14:26.931   MAIN   INF   Active workplaces: 1, running workplaces: 1
2019-12-30 10:14:26.931   MAIN   INF   Sleeping for 9.511492466s
2019-12-30 10:14:36.445   MAIN   INF   Program running
2019-12-30 10:14:36.950   MAIN   INF   Active workplaces: 1, running workplaces: 1
2019-12-30 10:14:36.950   MAIN   INF   Sleeping for 9.494757891s
2019-12-30 10:14:46.445   MAIN   INF   Program running
2019-12-30 10:14:47.012   MAIN   INF   Active workplaces: 1, running workplaces: 1
2019-12-30 10:14:47.012   MAIN   INF   Sleeping for 9.433363475s
2019-12-30 10:14:56.448   MAIN   INF   Program running
2019-12-30 10:14:56.958   MAIN   INF   Active workplaces: 1, running workplaces: 1
2019-12-30 10:14:56.958   MAIN   INF   Sleeping for 9.489682769s
2019-12-30 10:15:06.453   MAIN   INF   Program running
2019-12-30 10:15:06.945   MAIN   INF   Active workplaces: 1, running workplaces: 1
2019-12-30 10:15:06.945   MAIN   INF   Sleeping for 9.50850983s
2019-12-30 10:15:16.459   MAIN   INF   Program running
2019-12-30 10:15:16.971   MAIN   INF   Active workplaces: 1, running workplaces: 1
2019-12-30 10:15:16.971   MAIN   INF   Sleeping for 9.487082191s
2019-12-30 10:15:26.460   MAIN   INF   Program running
2019-12-30 10:15:26.975   MAIN   INF   Active workplaces: 1, running workplaces: 1
2019-12-30 10:15:26.976   MAIN   INF   Sleeping for 9.484170269s
2019-12-30 10:15:36.462   MAIN   INF   Program running
2019-12-30 10:15:36.938   MAIN   INF   Active workplaces: 1, running workplaces: 1
2019-12-30 10:15:36.938   MAIN   INF   Sleeping for 9.524092259s
2019-12-30 10:15:54.314   MAIN   INF   Program version 2019.4.3.30 started
2019-12-30 10:15:54.314   MAIN   INF   Program running
2019-12-30 10:15:54.774   MAIN   INF   Active workplaces: 1, running workplaces: 0
2019-12-30 10:15:54.774   MAIN   INF   Sleeping for 9.540367589s
2019-12-30 10:16:04.319   MAIN   INF   Program running
2019-12-30 10:16:04.807   MAIN   INF   Active workplaces: 1, running workplaces: 1
2019-12-30 10:16:04.807   MAIN   INF   Sleeping for 9.511476195s
2019-12-30 10:16:14.323   MAIN   INF   Program running
2019-12-30 10:16:14.795   MAIN   INF   Active workplaces: 1, running workplaces: 1
2019-12-30 10:16:14.795   MAIN   INF   Sleeping for 9.527500572s
2019-12-30 10:16:24.328   MAIN   INF   Program running
2019-12-30 10:16:24.824   MAIN   INF   Active workplaces: 1, running workplaces: 1
2019-12-30 10:16:24.824   MAIN   INF   Sleeping for 9.503741143s
2019-12-30 10:16:34.331   MAIN   INF   Program running
2019-12-30 10:16:34.830   MAIN   INF   Active workplaces: 1, running workplaces: 1
2019-12-30 10:16:34.830   MAIN   INF   Sleeping for 9.500458448s
2019-12-30 10:16:44.332   MAIN   INF   Program running
2019-12-30 10:16:44.850   MAIN   INF   Active workplaces: 1, running workplaces: 1
2019-12-30 10:16:44.850   MAIN   INF   Sleeping for 9.482228386s
2019-12-30 10:16:54.334   MAIN   INF   Program running
2019-12-30 10:16:54.828   MAIN   INF   Active workplaces: 1, running workplaces: 1
2019-12-30 10:16:54.828   MAIN   INF   Sleeping for 9.505119849s
2019-12-30 10:17:04.336   MAIN   INF   Program running
2019-12-30 10:17:04.797   MAIN   INF   Active workplaces: 1, running workplaces: 1
2019-12-30 10:17:04.797   MAIN   INF   Sleeping for 9.53909672s
2019-12-30 10:17:14.340   MAIN   INF   Program running
2019-12-30 10:17:14.823   MAIN   INF   Active workplaces: 1, running workplaces: 1
2019-12-30 10:17:14.823   MAIN   INF   Sleeping for 9.516250202s
2019-12-30 10:17:24.341   MAIN   INF   Program running
2019-12-30 10:17:24.824   MAIN   INF   Active workplaces: 1, running workplaces: 1
2019-12-30 10:17:24.824   MAIN   INF   Sleeping for 9.516565829s
2019-12-30 10:17:34.345   MAIN   INF   Program running
2019-12-30 10:17:34.815   MAIN   INF   Active workplaces: 1, running workplaces: 1
2019-12-30 10:17:34.815   MAIN   INF   Sleeping for 9.529773867s
2019-12-30 10:17:44.350   MAIN   INF   Program running
2019-12-30 10:17:44.900   MAIN   INF   Active workplaces: 1, running workplaces: 1
2019-12-30 10:17:44.900   MAIN   INF   Sleeping for 9.44980579s
2019-12-30 10:17:54.352   MAIN   INF   Program running
2019-12-30 10:17:54.807   MAIN   INF   Active workplaces: 1, running workplaces: 1
2019-12-30 10:17:54.807   MAIN   INF   Sleeping for 9.5449872s
2019-12-30 10:18:04.354   MAIN   INF   Program running
2019-12-30 10:18:04.871   MAIN   INF   Active workplaces: 1, running workplaces: 1
2019-12-30 10:18:04.871   MAIN   INF   Sleeping for 9.482720612s
2019-12-30 10:18:14.358   MAIN   INF   Program running
2019-12-30 10:18:14.845   MAIN   INF   Active workplaces: 1, running workplaces: 1
2019-12-30 10:18:14.845   MAIN   INF   Sleeping for 9.512520767s
2019-12-30 10:18:24.363   MAIN   INF   Program running
2019-12-30 10:18:25.107   MAIN   INF   Active workplaces: 1, running workplaces: 1
2019-12-30 10:18:25.108   MAIN   INF   Sleeping for 9.255338954s
2019-12-30 10:18:34.366   MAIN   INF   Program running
2019-12-30 10:18:34.918   MAIN   INF   Active workplaces: 1, running workplaces: 1
2019-12-30 10:18:34.918   MAIN   INF   Sleeping for 9.44766652s
2019-12-30 10:18:44.369   MAIN   INF   Program running
2019-12-30 10:18:45.250   MAIN   INF   Active workplaces: 1, running workplaces: 1
2019-12-30 10:18:45.250   MAIN   INF   Sleeping for 9.118546066s
2019-12-30 10:18:54.370   MAIN   INF   Program running
2019-12-30 10:18:55.227   MAIN   INF   Active workplaces: 1, running workplaces: 1
2019-12-30 10:18:55.227   MAIN   INF   Sleeping for 9.143168612s
2019-12-30 10:19:04.375   MAIN   INF   Program running
2019-12-30 10:19:04.987   MAIN   INF   Active workplaces: 1, running workplaces: 1
2019-12-30 10:19:04.987   MAIN   INF   Sleeping for 9.388479658s
2019-12-30 10:19:14.380   MAIN   INF   Program running
2019-12-30 10:19:14.897   MAIN   INF   Active workplaces: 1, running workplaces: 1
2019-12-30 10:19:14.897   MAIN   INF   Sleeping for 9.482891798s
2019-12-30 10:25:08.545   MAIN   INF   Program version 2019.4.3.30 started
2019-12-30 10:25:08.545   MAIN   INF   Program running
2019-12-30 10:25:08.995   MAIN   INF   Active workplaces: 1, running workplaces: 0
2019-12-30 10:25:08.995   MAIN   INF   Sleeping for 9.550336393s
2019-12-30 10:25:18.551   MAIN   INF   Program running
2019-12-30 10:25:19.073   MAIN   INF   Active workplaces: 1, running workplaces: 1
2019-12-30 10:25:19.073   MAIN   INF   Sleeping for 9.477327939s
2019-12-30 10:26:13.144   MAIN   INF   Program version 2019.4.3.30 started
2019-12-30 10:26:13.145   MAIN   INF   Program running
2019-12-30 10:26:13.611   MAIN   INF   WorkplaceState table not exists, creating
2019-12-30 10:26:13.627   MAIN   INF   Active workplaces: 1, running workplaces: 0
2019-12-30 10:26:13.627   MAIN   INF   Sleeping for 9.517303634s
2019-12-30 10:26:34.601   MAIN   INF   Program version 2019.4.3.30 started
2019-12-30 10:26:34.602   MAIN   INF   Program running
2019-12-30 10:26:35.070   MAIN   INF   Active workplaces: 1, running workplaces: 0
2019-12-30 10:26:35.071   MAIN   INF   Sleeping for 9.53108716s
2019-12-30 10:26:44.605   MAIN   INF   Program running
2019-12-30 10:26:45.064   MAIN   INF   Active workplaces: 1, running workplaces: 1
2019-12-30 10:26:45.064   MAIN   INF   Sleeping for 9.541076505s
2019-12-30 10:26:54.607   MAIN   INF   Program running
2019-12-30 10:26:55.100   MAIN   INF   Active workplaces: 1, running workplaces: 1
2019-12-30 10:26:55.100   MAIN   INF   Sleeping for 9.507292411s
2019-12-30 10:27:04.608   MAIN   INF   Program running
2019-12-30 10:27:05.061   MAIN   INF   Active workplaces: 1, running workplaces: 1
2019-12-30 10:27:05.061   MAIN   INF   Sleeping for 9.546578033s
2019-12-30 10:27:14.610   MAIN   INF   Program running
2019-12-30 10:27:15.125   MAIN   INF   Active workplaces: 1, running workplaces: 1
2019-12-30 10:27:15.126   MAIN   INF   Sleeping for 9.484635384s
2019-12-30 10:27:24.612   MAIN   INF   Program running
2019-12-30 10:27:25.121   MAIN   INF   Active workplaces: 1, running workplaces: 1
2019-12-30 10:27:25.121   MAIN   INF   Sleeping for 9.490581777s
2019-12-30 10:27:34.617   MAIN   INF   Program running
2019-12-30 10:27:35.123   MAIN   INF   Active workplaces: 1, running workplaces: 1
2019-12-30 10:27:35.123   MAIN   INF   Sleeping for 9.493393703s
2019-12-30 10:27:44.621   MAIN   INF   Program running
2019-12-30 10:27:45.258   MAIN   INF   Active workplaces: 1, running workplaces: 1
2019-12-30 10:27:45.258   MAIN   INF   Sleeping for 9.362739902s
2019-12-30 10:27:54.622   MAIN   INF   Program running
2019-12-30 10:27:55.172   MAIN   INF   Active workplaces: 1, running workplaces: 1
2019-12-30 10:27:55.172   MAIN   INF   Sleeping for 9.44958542s
2019-12-30 10:28:04.622   MAIN   INF   Program running
2019-12-30 10:28:05.826   MAIN   INF   Active workplaces: 1, running workplaces: 1
2019-12-30 10:28:05.826   MAIN   INF   Sleeping for 8.79670201s
2019-12-30 10:28:14.626   MAIN   INF   Program running
2019-12-30 10:28:15.457   MAIN   INF   Active workplaces: 1, running workplaces: 1
2019-12-30 10:28:15.458   MAIN   INF   Sleeping for 9.168799244s
2019-12-30 10:28:24.631   MAIN   INF   Program running
2019-12-30 10:28:25.170   MAIN   INF   Active workplaces: 1, running workplaces: 1
2019-12-30 10:28:25.170   MAIN   INF   Sleeping for 9.461503106s
2019-12-30 10:28:34.636   MAIN   INF   Program running
2019-12-30 10:28:35.230   MAIN   INF   Active workplaces: 1, running workplaces: 1
2019-12-30 10:28:35.230   MAIN   INF   Sleeping for 9.405432582s
2019-12-30 10:28:44.640   MAIN   INF   Program running
2019-12-30 10:28:45.118   MAIN   INF   Active workplaces: 1, running workplaces: 1
2019-12-30 10:28:45.118   MAIN   INF   Sleeping for 9.52131714s
2019-12-30 10:28:54.645   MAIN   INF   Program running
2019-12-30 10:28:55.136   MAIN   INF   Active workplaces: 1, running workplaces: 1
2019-12-30 10:28:55.136   MAIN   INF   Sleeping for 9.508549731s
2019-12-30 10:29:04.649   MAIN   INF   Program running
2019-12-30 10:29:05.346   MAIN   INF   Active workplaces: 1, running workplaces: 1
2019-12-30 10:29:05.346   MAIN   INF   Sleeping for 9.3029682s
2019-12-30 10:29:14.651   MAIN   INF   Program running
2019-12-30 10:29:15.132   MAIN   INF   Active workplaces: 1, running workplaces: 1
2019-12-30 10:29:15.132   MAIN   INF   Sleeping for 9.518887276s
2019-12-30 10:29:24.657   MAIN   INF   Program running
2019-12-30 10:29:25.177   MAIN   INF   Active workplaces: 1, running workplaces: 1
2019-12-30 10:29:25.177   MAIN   INF   Sleeping for 9.479866894s
2019-12-30 10:29:34.661   MAIN   INF   Program running
2019-12-30 10:29:35.147   MAIN   INF   Active workplaces: 1, running workplaces: 1
2019-12-30 10:29:35.147   MAIN   INF   Sleeping for 9.514295712s
2019-12-30 10:29:44.663   MAIN   INF   Program running
2019-12-30 10:29:45.147   MAIN   INF   Active workplaces: 1, running workplaces: 1
2019-12-30 10:29:45.147   MAIN   INF   Sleeping for 9.516404889s
2019-12-30 10:29:54.666   MAIN   INF   Program running
2019-12-30 10:29:55.333   MAIN   INF   Active workplaces: 1, running workplaces: 1
2019-12-30 10:29:55.333   MAIN   INF   Sleeping for 9.333707163s
2019-12-30 10:30:04.667   MAIN   INF   Program running
2019-12-30 10:30:05.164   MAIN   INF   Active workplaces: 1, running workplaces: 1
2019-12-30 10:30:05.165   MAIN   INF   Sleeping for 9.502309543s
2019-12-30 10:31:29.830   MAIN   INF   Program version 2019.4.3.30 started
2019-12-30 10:31:29.830   MAIN   INF   Program running
2019-12-30 10:31:30.289   MAIN   INF   WorkplaceState table not exists, creating
2019-12-30 10:31:30.306   MAIN   INF   Active workplaces: 20, running workplaces: 0
2019-12-30 10:31:30.306   MAIN   INF   Sleeping for 9.523671328s
2019-12-30 10:31:39.834   MAIN   INF   Program running
2019-12-30 10:31:40.816   MAIN   INF   Active workplaces: 20, running workplaces: 20
2019-12-30 10:31:40.816   MAIN   INF   Sleeping for 9.017720081s
2019-12-30 10:31:49.835   MAIN   INF   Program running
2019-12-30 10:31:50.302   MAIN   INF   Active workplaces: 20, running workplaces: 20
2019-12-30 10:31:50.303   MAIN   INF   Sleeping for 9.532240543s
2019-12-30 10:31:59.836   MAIN   INF   Program running
2019-12-30 10:32:00.308   MAIN   INF   Active workplaces: 20, running workplaces: 20
2019-12-30 10:32:00.308   MAIN   INF   Sleeping for 9.527899582s
2019-12-30 10:32:09.841   MAIN   INF   Program running
2019-12-30 10:32:10.496   MAIN   INF   Active workplaces: 20, running workplaces: 20
2019-12-30 10:32:10.496   MAIN   INF   Sleeping for 9.344598422s
2019-12-30 10:32:19.846   MAIN   INF   Program running
2019-12-30 10:32:20.608   MAIN   INF   Active workplaces: 20, running workplaces: 20
2019-12-30 10:32:20.608   MAIN   INF   Sleeping for 9.237452357s
2019-12-30 10:32:29.847   MAIN   INF   Program running
2019-12-30 10:32:30.348   MAIN   INF   Active workplaces: 20, running workplaces: 20
2019-12-30 10:32:30.348   MAIN   INF   Sleeping for 9.498405932s
2019-12-30 10:32:39.852   MAIN   INF   Program running
2019-12-30 10:32:40.335   MAIN   INF   Active workplaces: 20, running workplaces: 20
2019-12-30 10:32:40.335   MAIN   INF   Sleeping for 9.516974065s
2019-12-30 10:32:49.854   MAIN   INF   Program running
2019-12-30 10:32:50.558   MAIN   INF   Active workplaces: 20, running workplaces: 20
2019-12-30 10:32:50.559   MAIN   INF   Sleeping for 9.295810212s
2019-12-30 10:32:59.855   MAIN   INF   Program running
2019-12-30 10:33:00.309   MAIN   INF   Active workplaces: 20, running workplaces: 20
2019-12-30 10:33:00.310   MAIN   INF   Sleeping for 9.544973407s
2019-12-30 10:33:09.858   MAIN   INF   Program running
2019-12-30 10:33:10.514   MAIN   INF   Active workplaces: 20, running workplaces: 20
2019-12-30 10:33:10.514   MAIN   INF   Sleeping for 9.343258489s
2019-12-30 10:33:19.863   MAIN   INF   Program running
2019-12-30 10:33:20.392   MAIN   INF   Active workplaces: 20, running workplaces: 20
2019-12-30 10:33:20.392   MAIN   INF   Sleeping for 9.470096929s
2019-12-30 10:33:29.864   MAIN   INF   Program running
2019-12-30 10:33:30.544   MAIN   INF   Active workplaces: 20, running workplaces: 20
2019-12-30 10:33:30.544   MAIN   INF   Sleeping for 9.31997639s
2019-12-30 10:33:39.867   MAIN   INF   Program running
2019-12-30 10:33:40.405   MAIN   INF   Active workplaces: 20, running workplaces: 20
2019-12-30 10:33:40.405   MAIN   INF   Sleeping for 9.462178126s
2019-12-30 10:34:36.170   MAIN   INF   Program version 2019.4.3.30 started
2019-12-30 10:34:36.171   MAIN   INF   Program running
2019-12-30 10:34:36.652   MAIN   INF   Active workplaces: 20, running workplaces: 0
2019-12-30 10:34:36.652   MAIN   INF   Sleeping for 9.518411604s
2019-12-30 10:34:46.176   MAIN   INF   Program running
2019-12-30 10:34:46.650   MAIN   INF   Active workplaces: 20, running workplaces: 20
2019-12-30 10:34:46.650   MAIN   INF   Sleeping for 9.525531243s
2019-12-30 10:34:56.179   MAIN   INF   Program running
2019-12-30 10:34:56.721   MAIN   INF   Active workplaces: 20, running workplaces: 20
2019-12-30 10:34:56.721   MAIN   INF   Sleeping for 9.458218553s
2019-12-30 10:35:06.183   MAIN   INF   Program running
2019-12-30 10:35:07.126   MAIN   INF   Active workplaces: 20, running workplaces: 20
2019-12-30 10:35:07.126   MAIN   INF   Sleeping for 9.056408215s
2019-12-30 10:35:16.187   MAIN   INF   Program running
2019-12-30 10:35:16.895   MAIN   INF   Active workplaces: 20, running workplaces: 20
2019-12-30 10:35:16.895   MAIN   INF   Sleeping for 9.291671885s
2019-12-30 10:35:26.189   MAIN   INF   Program running
2019-12-30 10:35:26.644   MAIN   INF   Active workplaces: 20, running workplaces: 20
2019-12-30 10:35:26.644   MAIN   INF   Sleeping for 9.54538039s
2019-12-30 10:35:36.193   MAIN   INF   Program running
2019-12-30 10:35:36.682   MAIN   INF   Active workplaces: 20, running workplaces: 20
2019-12-30 10:35:36.682   MAIN   INF   Sleeping for 9.511148577s
2019-12-30 10:35:46.196   MAIN   INF   Program running
2019-12-30 10:35:46.952   MAIN   INF   Active workplaces: 20, running workplaces: 20
2019-12-30 10:35:46.952   MAIN   INF   Sleeping for 9.243643812s
2019-12-30 10:35:56.200   MAIN   INF   Program running
2019-12-30 10:35:57.067   MAIN   INF   Active workplaces: 20, running workplaces: 20
2019-12-30 10:35:57.067   MAIN   INF   Sleeping for 9.133219102s
2019-12-30 10:36:06.205   MAIN   INF   Program running
2019-12-30 10:36:07.191   MAIN   INF   Active workplaces: 20, running workplaces: 20
2019-12-30 10:36:07.191   MAIN   INF   Sleeping for 9.013654025s
2019-12-30 10:36:16.210   MAIN   INF   Program running
2019-12-30 10:36:17.163   MAIN   INF   Active workplaces: 20, running workplaces: 20
2019-12-30 10:36:17.163   MAIN   INF   Sleeping for 9.046748925s
2019-12-30 10:36:26.213   MAIN   INF   Program running
2019-12-30 10:36:26.759   MAIN   INF   Active workplaces: 20, running workplaces: 20
2019-12-30 10:36:26.759   MAIN   INF   Sleeping for 9.45370308s
2019-12-30 10:39:33.539   MAIN   INF   Program version 2019.4.3.30 started
2019-12-30 10:39:33.539   MAIN   INF   Program running
2019-12-30 10:39:33.974   MAIN   INF   WorkplaceState table not exists, creating
2019-12-30 10:39:33.992   MAIN   INF   Active workplaces: 1, running workplaces: 0
2019-12-30 10:39:33.992   MAIN   INF   Sleeping for 9.546865524s
2019-12-30 10:39:43.542   MAIN   INF   Program running
2019-12-30 10:39:44.033   MAIN   INF   Active workplaces: 1, running workplaces: 1
2019-12-30 10:39:44.033   MAIN   INF   Sleeping for 9.508551694s
2019-12-30 10:40:44.234   MAIN   INF   Program version 2019.4.3.30 started
2019-12-30 10:40:44.234   MAIN   INF   Program running
2019-12-30 10:40:44.757   MAIN   INF   Active workplaces: 1, running workplaces: 0
2019-12-30 10:40:44.757   MAIN   INF   Sleeping for 9.477027036s
2019-12-30 10:42:10.763   MAIN   INF   Program version 2019.4.3.30 started
2019-12-30 10:42:10.763   MAIN   INF   Program running
2019-12-30 10:42:11.229   MAIN   INF   Active workplaces: 1, running workplaces: 0
2019-12-30 10:42:11.229   MAIN   INF   Sleeping for 9.533780111s
2019-12-30 10:42:20.763   MAIN   INF   Program running
2019-12-30 10:42:21.398   MAIN   INF   Active workplaces: 1, running workplaces: 1
2019-12-30 10:42:21.398   MAIN   INF   Sleeping for 9.365253079s
2019-12-30 10:42:30.768   MAIN   INF   Program running
2019-12-30 10:42:31.262   MAIN   INF   Active workplaces: 1, running workplaces: 1
2019-12-30 10:42:31.262   MAIN   INF   Sleeping for 9.505662025s
2019-12-30 10:42:40.769   MAIN   INF   Program running
2019-12-30 10:42:41.262   MAIN   INF   Active workplaces: 1, running workplaces: 1
2019-12-30 10:42:41.262   MAIN   INF   Sleeping for 9.506677062s
2019-12-30 10:46:35.970   MAIN   INF   Program version 2019.4.3.30 started
2019-12-30 10:46:35.970   MAIN   INF   Program running
2019-12-30 10:46:36.418   MAIN   INF   Active workplaces: 1, running workplaces: 0
2019-12-30 10:46:36.418   MAIN   INF   Sleeping for 9.551960297s
2019-12-30 10:46:45.972   MAIN   INF   Program running
2019-12-30 10:46:46.471   MAIN   INF   Active workplaces: 1, running workplaces: 1
2019-12-30 10:46:46.471   MAIN   INF   Sleeping for 9.50044963s
2019-12-30 10:46:55.973   MAIN   INF   Program running
2019-12-30 10:46:56.466   MAIN   INF   Active workplaces: 1, running workplaces: 1
2019-12-30 10:46:56.466   MAIN   INF   Sleeping for 9.507284674s
2019-12-30 10:47:05.976   MAIN   INF   Program running
2019-12-30 10:47:06.444   MAIN   INF   Active workplaces: 1, running workplaces: 1
2019-12-30 10:47:06.444   MAIN   INF   Sleeping for 9.531568846s
2019-12-30 10:47:15.981   MAIN   INF   Program running
2019-12-30 10:47:16.585   MAIN   INF   Active workplaces: 1, running workplaces: 1
2019-12-30 10:47:16.585   MAIN   INF   Sleeping for 9.39535351s
2019-12-30 10:47:25.986   MAIN   INF   Program running
2019-12-30 10:47:26.446   MAIN   INF   Active workplaces: 1, running workplaces: 1
2019-12-30 10:47:26.446   MAIN   INF   Sleeping for 9.540263907s
2019-12-30 10:47:35.987   MAIN   INF   Program running
2019-12-30 10:47:36.686   MAIN   INF   Active workplaces: 1, running workplaces: 1
2019-12-30 10:47:36.686   MAIN   INF   Sleeping for 9.300618183s
2019-12-30 10:47:45.987   MAIN   INF   Program running
2019-12-30 10:47:46.449   MAIN   INF   Active workplaces: 1, running workplaces: 1
2019-12-30 10:47:46.449   MAIN   INF   Sleeping for 9.537602792s
2019-12-30 10:47:55.988   MAIN   INF   Program running
2019-12-30 10:47:56.747   MAIN   INF   Active workplaces: 1, running workplaces: 1
2019-12-30 10:47:56.747   MAIN   INF   Sleeping for 9.240569477s
2019-12-30 10:48:05.992   MAIN   INF   Program running
2019-12-30 10:48:06.440   MAIN   INF   Active workplaces: 1, running workplaces: 1
2019-12-30 10:48:06.440   MAIN   INF   Sleeping for 9.552127967s
2019-12-30 10:48:15.993   MAIN   INF   Program running
2019-12-30 10:48:16.440   MAIN   INF   Active workplaces: 1, running workplaces: 1
2019-12-30 10:48:16.440   MAIN   INF   Sleeping for 9.553335057s
2019-12-30 10:48:25.995   MAIN   INF   Program running
2019-12-30 10:48:26.487   MAIN   INF   Active workplaces: 1, running workplaces: 1
2019-12-30 10:48:26.487   MAIN   INF   Sleeping for 9.507878434s
2019-12-30 10:48:35.998   MAIN   INF   Program running
2019-12-30 10:48:36.609   MAIN   INF   Active workplaces: 1, running workplaces: 1
2019-12-30 10:48:36.609   MAIN   INF   Sleeping for 9.388714592s
2019-12-30 10:48:46.002   MAIN   INF   Program running
2019-12-30 10:48:46.494   MAIN   INF   Active workplaces: 1, running workplaces: 1
2019-12-30 10:48:46.494   MAIN   INF   Sleeping for 9.508111225s
2019-12-30 10:48:56.006   MAIN   INF   Program running
2019-12-30 10:48:56.496   MAIN   INF   Active workplaces: 1, running workplaces: 1
2019-12-30 10:48:56.497   MAIN   INF   Sleeping for 9.509366544s
2019-12-30 10:49:06.009   MAIN   INF   Program running
2019-12-30 10:49:06.528   MAIN   INF   Active workplaces: 1, running workplaces: 1
2019-12-30 10:49:06.529   MAIN   INF   Sleeping for 9.48062549s
2019-12-30 10:49:16.015   MAIN   INF   Program running
2019-12-30 10:49:16.495   MAIN   INF   Active workplaces: 1, running workplaces: 1
2019-12-30 10:49:16.495   MAIN   INF   Sleeping for 9.519201697s
2019-12-30 10:49:26.020   MAIN   INF   Program running
2019-12-30 10:49:26.504   MAIN   INF   Active workplaces: 1, running workplaces: 1
2019-12-30 10:49:26.504   MAIN   INF   Sleeping for 9.515306036s
2019-12-30 10:49:36.020   MAIN   INF   Program running
2019-12-30 10:49:36.558   MAIN   INF   Active workplaces: 1, running workplaces: 1
2019-12-30 10:49:36.558   MAIN   INF   Sleeping for 9.462103006s
2019-12-30 10:49:46.025   MAIN   INF   Program running
2019-12-30 10:49:46.650   MAIN   INF   Active workplaces: 1, running workplaces: 1
2019-12-30 10:49:46.650   MAIN   INF   Sleeping for 9.374888187s
2019-12-30 10:50:45.183   MAIN   INF   Program version 2019.4.3.30 started
2019-12-30 10:50:45.183   MAIN   INF   Program running
2019-12-30 10:50:45.632   MAIN   INF   WorkplaceState table not exists, creating
2019-12-30 10:50:45.650   MAIN   INF   Active workplaces: 20, running workplaces: 0
2019-12-30 10:50:45.650   MAIN   INF   Sleeping for 9.533031052s
2019-12-30 10:50:55.186   MAIN   INF   Program running
2019-12-30 10:50:56.275   MAIN   INF   Active workplaces: 20, running workplaces: 20
2019-12-30 10:50:56.276   MAIN   INF   Sleeping for 8.909905706s
2019-12-30 10:51:05.190   MAIN   INF   Program running
2019-12-30 10:51:05.773   MAIN   INF   Active workplaces: 20, running workplaces: 20
2019-12-30 10:51:05.773   MAIN   INF   Sleeping for 9.417510133s
2019-12-30 10:51:15.194   MAIN   INF   Program running
2019-12-30 10:51:15.932   MAIN   INF   Active workplaces: 20, running workplaces: 20
2019-12-30 10:51:15.932   MAIN   INF   Sleeping for 9.261844589s
2019-12-30 10:51:25.199   MAIN   INF   Program running
2019-12-30 10:51:25.934   MAIN   INF   Active workplaces: 20, running workplaces: 20
2019-12-30 10:51:25.934   MAIN   INF   Sleeping for 9.265252668s
2019-12-30 10:51:35.204   MAIN   INF   Program running
2019-12-30 10:51:36.063   MAIN   INF   Active workplaces: 20, running workplaces: 20
2019-12-30 10:51:36.063   MAIN   INF   Sleeping for 9.140509645s
2019-12-30 10:51:45.206   MAIN   INF   Program running
2019-12-30 10:51:46.234   MAIN   INF   Active workplaces: 20, running workplaces: 20
2019-12-30 10:51:46.234   MAIN   INF   Sleeping for 8.971214629s
2019-12-30 10:51:55.207   MAIN   INF   Program running
2019-12-30 10:51:55.704   MAIN   INF   Active workplaces: 20, running workplaces: 20
2019-12-30 10:51:55.704   MAIN   INF   Sleeping for 9.502626351s
2019-12-30 10:52:05.210   MAIN   INF   Program running
2019-12-30 10:52:12.297   MAIN   INF   Program version 2019.4.3.30 started
2019-12-30 10:52:12.297   MAIN   INF   Program running
2019-12-30 10:52:12.826   MAIN   INF   Active workplaces: 20, running workplaces: 0
2019-12-30 10:52:12.826   MAIN   INF   Sleeping for 9.471594067s
2019-12-30 10:52:22.301   MAIN   INF   Program running
2019-12-30 10:52:23.431   MAIN   INF   Active workplaces: 20, running workplaces: 20
2019-12-30 10:52:23.432   MAIN   INF   Sleeping for 8.869178313s
2019-12-30 10:54:50.758   MAIN   INF   Program version 2019.4.3.30 started
2019-12-30 10:54:50.759   MAIN   INF   Program running
2019-12-30 10:54:51.227   MAIN   INF   Active workplaces: 20, running workplaces: 0
2019-12-30 10:54:51.227   MAIN   INF   Sleeping for 9.53138324s
2019-12-30 10:55:00.762   MAIN   INF   Program running
2019-12-30 10:55:01.238   MAIN   INF   Active workplaces: 20, running workplaces: 20
2019-12-30 10:55:01.238   MAIN   INF   Sleeping for 9.523916586s
2019-12-30 10:55:10.767   MAIN   INF   Program running
2019-12-30 10:55:11.399   MAIN   INF   Active workplaces: 20, running workplaces: 20
2019-12-30 10:55:11.414   MAIN   INF   Sleeping for 9.36810002s
2019-12-30 10:55:20.784   MAIN   INF   Program running
2019-12-30 10:55:21.717   MAIN   INF   Active workplaces: 20, running workplaces: 20
2019-12-30 10:55:21.718   MAIN   INF   Sleeping for 9.066533178s
2019-12-30 10:55:30.785   MAIN   INF   Program running
2019-12-30 10:55:31.291   MAIN   INF   Active workplaces: 20, running workplaces: 20
2019-12-30 10:55:31.291   MAIN   INF   Sleeping for 9.493929293s
2019-12-30 10:55:40.786   MAIN   INF   Program running
2019-12-30 10:55:41.710   MAIN   INF   Active workplaces: 20, running workplaces: 20
2019-12-30 10:55:41.710   MAIN   INF   Sleeping for 9.075914755s
2019-12-30 10:55:50.790   MAIN   INF   Program running
2019-12-30 10:55:51.951   MAIN   INF   Active workplaces: 20, running workplaces: 20
2019-12-30 10:55:51.951   MAIN   INF   Sleeping for 8.83815005s
2019-12-30 10:56:00.791   MAIN   INF   Program running
2019-12-30 10:56:01.784   MAIN   INF   Active workplaces: 20, running workplaces: 20
2019-12-30 10:56:01.785   MAIN   INF   Sleeping for 9.005804348s
2019-12-30 10:56:10.794   MAIN   INF   Program running
2019-12-30 10:56:11.932   MAIN   INF   Active workplaces: 20, running workplaces: 20
2019-12-30 10:56:11.932   MAIN   INF   Sleeping for 8.862513064s
2019-12-30 10:56:20.800   MAIN   INF   Program running
2019-12-30 10:56:21.284   MAIN   INF   Active workplaces: 20, running workplaces: 20
2019-12-30 10:56:21.284   MAIN   INF   Sleeping for 9.515338881s
2019-12-30 10:59:12.456   MAIN   INF   Program version 2019.4.3.30 started
2019-12-30 10:59:12.456   MAIN   INF   Program running
2019-12-30 10:59:12.903   MAIN   INF   WorkplaceState table not exists, creating
2019-12-30 10:59:12.919   MAIN   INF   Active workplaces: 1, running workplaces: 0
2019-12-30 10:59:12.919   MAIN   INF   Sleeping for 9.536811952s
2019-12-30 10:59:57.792   MAIN   INF   Program version 2019.4.3.30 started
2019-12-30 10:59:57.793   MAIN   INF   Program running
2019-12-30 10:59:58.241   MAIN   INF   Active workplaces: 1, running workplaces: 0
2019-12-30 10:59:58.241   MAIN   INF   Sleeping for 9.551687041s
2019-12-30 11:00:53.076   MAIN   INF   Program version 2019.4.3.30 started
2019-12-30 11:00:53.077   MAIN   INF   Program running
2019-12-30 11:00:53.529   MAIN   INF   Active workplaces: 1, running workplaces: 0
2019-12-30 11:00:53.529   MAIN   INF   Sleeping for 9.547963167s
2019-12-30 11:04:29.760   MAIN   INF   Program version 2019.4.3.30 started
2019-12-30 11:04:29.760   MAIN   INF   Program running
2019-12-30 11:04:30.210   MAIN   INF   Active workplaces: 1, running workplaces: 0
2019-12-30 11:04:30.210   MAIN   INF   Sleeping for 9.550354209s
2019-12-30 11:04:39.764   MAIN   INF   Program running
2019-12-30 11:04:40.261   MAIN   INF   Active workplaces: 1, running workplaces: 1
2019-12-30 11:04:40.262   MAIN   INF   Sleeping for 9.502285541s
2019-12-30 11:04:49.766   MAIN   INF   Program running
2019-12-30 11:04:50.265   MAIN   INF   Active workplaces: 1, running workplaces: 1
2019-12-30 11:04:50.265   MAIN   INF   Sleeping for 9.50004629s
2019-12-30 11:04:59.768   MAIN   INF   Program running
2019-12-30 11:05:00.324   MAIN   INF   Active workplaces: 1, running workplaces: 1
2019-12-30 11:05:00.324   MAIN   INF   Sleeping for 9.443500315s
2019-12-30 11:05:09.769   MAIN   INF   Program running
2019-12-30 11:05:10.368   MAIN   INF   Active workplaces: 1, running workplaces: 1
2019-12-30 11:05:10.368   MAIN   INF   Sleeping for 9.400574617s
2019-12-30 11:05:19.774   MAIN   INF   Program running
2019-12-30 11:05:20.282   MAIN   INF   Active workplaces: 1, running workplaces: 1
2019-12-30 11:05:20.282   MAIN   INF   Sleeping for 9.492192743s
2019-12-30 11:05:29.775   MAIN   INF   Program running
2019-12-30 11:05:30.372   MAIN   INF   Active workplaces: 1, running workplaces: 1
2019-12-30 11:05:30.372   MAIN   INF   Sleeping for 9.402497714s
2019-12-30 11:05:39.776   MAIN   INF   Program running
2019-12-30 11:05:40.307   MAIN   INF   Active workplaces: 1, running workplaces: 1
2019-12-30 11:05:40.307   MAIN   INF   Sleeping for 9.469016801s
2019-12-30 11:05:49.779   MAIN   INF   Program running
2019-12-30 11:05:50.295   MAIN   INF   Active workplaces: 1, running workplaces: 1
2019-12-30 11:05:50.296   MAIN   INF   Sleeping for 9.483487318s
2019-12-30 11:05:59.782   MAIN   INF   Program running
2019-12-30 11:06:00.385   MAIN   INF   Active workplaces: 1, running workplaces: 1
2019-12-30 11:06:00.385   MAIN   INF   Sleeping for 9.396669761s
2019-12-30 11:06:09.783   MAIN   INF   Program running
2019-12-30 11:06:10.247   MAIN   INF   Active workplaces: 1, running workplaces: 1
2019-12-30 11:06:10.248   MAIN   INF   Sleeping for 9.535413783s
2019-12-30 11:06:19.785   MAIN   INF   Program running
2019-12-30 11:06:20.363   MAIN   INF   Active workplaces: 1, running workplaces: 1
2019-12-30 11:06:20.363   MAIN   INF   Sleeping for 9.421925705s
2019-12-30 11:06:29.786   MAIN   INF   Program running
2019-12-30 11:06:30.299   MAIN   INF   Active workplaces: 1, running workplaces: 1
2019-12-30 11:06:30.299   MAIN   INF   Sleeping for 9.48645335s
2019-12-30 11:06:39.789   MAIN   INF   Program running
2019-12-30 11:06:40.358   MAIN   INF   Active workplaces: 1, running workplaces: 1
2019-12-30 11:06:40.358   MAIN   INF   Sleeping for 9.430791145s
2019-12-30 11:06:54.580   MAIN   INF   Program version 2019.4.3.30 started
2019-12-30 11:06:54.580   MAIN   INF   Program running
2019-12-30 11:06:55.049   MAIN   INF   Active workplaces: 1, running workplaces: 0
2019-12-30 11:06:55.049   MAIN   INF   Sleeping for 9.53056421s
2019-12-30 11:07:04.584   MAIN   INF   Program running
2019-12-30 11:07:05.049   MAIN   INF   Active workplaces: 1, running workplaces: 1
2019-12-30 11:07:05.049   MAIN   INF   Sleeping for 9.53469623s
2019-12-30 11:07:14.588   MAIN   INF   Program running
2019-12-30 11:07:15.067   MAIN   INF   Active workplaces: 1, running workplaces: 1
2019-12-30 11:07:15.067   MAIN   INF   Sleeping for 9.520959014s
2019-12-30 11:07:24.593   MAIN   INF   Program running
2019-12-30 11:07:25.076   MAIN   INF   Active workplaces: 1, running workplaces: 1
2019-12-30 11:07:25.077   MAIN   INF   Sleeping for 9.516527841s
2019-12-30 11:07:34.598   MAIN   INF   Program running
2019-12-30 11:07:35.066   MAIN   INF   Active workplaces: 1, running workplaces: 1
2019-12-30 11:07:35.066   MAIN   INF   Sleeping for 9.53169609s
2019-12-30 11:07:44.601   MAIN   INF   Program running
2019-12-30 11:07:45.073   MAIN   INF   Active workplaces: 1, running workplaces: 1
2019-12-30 11:07:45.073   MAIN   INF   Sleeping for 9.527127558s
2019-12-30 11:08:04.114   MAIN   INF   Program version 2019.4.3.30 started
2019-12-30 11:08:04.114   MAIN   INF   Program running
2019-12-30 11:08:04.859   MAIN   INF   Active workplaces: 1, running workplaces: 0
2019-12-30 11:08:04.859   MAIN   INF   Sleeping for 9.255064218s
2019-12-30 11:08:14.116   MAIN   INF   Program running
2019-12-30 11:08:14.597   MAIN   INF   Active workplaces: 1, running workplaces: 1
2019-12-30 11:08:14.597   MAIN   INF   Sleeping for 9.518842034s
2019-12-30 11:09:02.225   MAIN   INF   Program version 2019.4.3.30 started
2019-12-30 11:09:02.226   MAIN   INF   Program running
2019-12-30 11:09:02.701   MAIN   INF   WorkplaceState table not exists, creating
2019-12-30 11:09:02.719   MAIN   INF   Active workplaces: 20, running workplaces: 0
2019-12-30 11:09:02.719   MAIN   INF   Sleeping for 9.506652799s
2019-12-30 11:09:12.229   MAIN   INF   Program running
2019-12-30 11:09:12.985   MAIN   INF   Active workplaces: 20, running workplaces: 20
2019-12-30 11:09:12.985   MAIN   INF   Sleeping for 9.244283372s
2019-12-30 11:09:22.233   MAIN   INF   Program running
2019-12-30 11:09:22.755   MAIN   INF   Active workplaces: 20, running workplaces: 20
2019-12-30 11:09:22.755   MAIN   INF   Sleeping for 9.477868908s
2019-12-30 11:09:32.235   MAIN   INF   Program running
2019-12-30 11:09:32.725   MAIN   INF   Active workplaces: 20, running workplaces: 20
2019-12-30 11:09:32.725   MAIN   INF   Sleeping for 9.510153489s
2019-12-30 11:09:42.241   MAIN   INF   Program running
2019-12-30 11:09:42.767   MAIN   INF   Active workplaces: 20, running workplaces: 20
2019-12-30 11:09:42.767   MAIN   INF   Sleeping for 9.473670738s
2019-12-30 11:09:52.246   MAIN   INF   Program running
2019-12-30 11:09:52.972   MAIN   INF   Active workplaces: 20, running workplaces: 20
2019-12-30 11:09:52.973   MAIN   INF   Sleeping for 9.273254542s
2019-12-30 11:10:02.248   MAIN   INF   Program running
2019-12-30 11:10:02.974   MAIN   INF   Active workplaces: 20, running workplaces: 20
2019-12-30 11:10:02.974   MAIN   INF   Sleeping for 9.273853868s
2019-12-30 11:10:12.251   MAIN   INF   Program running
2019-12-30 11:10:12.737   MAIN   INF   Active workplaces: 20, running workplaces: 20
2019-12-30 11:10:12.738   MAIN   INF   Sleeping for 9.51282867s
2019-12-30 11:10:22.256   MAIN   INF   Program running
2019-12-30 11:10:22.852   MAIN   INF   Active workplaces: 20, running workplaces: 20
2019-12-30 11:10:22.852   MAIN   INF   Sleeping for 9.403980503s
2019-12-30 11:10:32.599   MAIN   INF   Program version 2019.4.3.30 started
2019-12-30 11:10:32.599   MAIN   INF   Program running
2019-12-30 11:10:33.123   MAIN   INF   Active workplaces: 20, running workplaces: 0
2019-12-30 11:10:33.123   MAIN   INF   Sleeping for 9.475650518s
2019-12-30 11:11:24.272   MAIN   INF   Program version 2019.4.3.30 started
2019-12-30 11:11:24.272   MAIN   INF   Program running
2019-12-30 11:11:24.728   MAIN   INF   Active workplaces: 20, running workplaces: 0
2019-12-30 11:11:24.729   MAIN   INF   Sleeping for 9.543587449s
2019-12-30 11:11:48.953   MAIN   INF   Program version 2019.4.3.30 started
2019-12-30 11:11:48.954   MAIN   INF   Program running
2019-12-30 11:11:49.446   MAIN   INF   Active workplaces: 20, running workplaces: 0
2019-12-30 11:11:49.446   MAIN   INF   Sleeping for 9.507777791s
2019-12-30 11:11:52.657   MAIN   INF   Program version 2019.4.3.30 started
2019-12-30 11:11:52.657   MAIN   INF   Program running
2019-12-30 11:11:53.211   MAIN   INF   Active workplaces: 20, running workplaces: 0
2019-12-30 11:11:53.211   MAIN   INF   Sleeping for 9.445954434s
2019-12-30 11:12:02.659   MAIN   INF   Program running
2019-12-30 11:12:03.156   MAIN   INF   Active workplaces: 20, running workplaces: 20
2019-12-30 11:12:03.156   MAIN   INF   Sleeping for 9.502898423s
2019-12-30 11:12:12.664   MAIN   INF   Program running
2019-12-30 11:12:13.199   MAIN   INF   Active workplaces: 20, running workplaces: 20
2019-12-30 11:12:13.199   MAIN   INF   Sleeping for 9.464498673s
2019-12-30 11:12:22.668   MAIN   INF   Program running
2019-12-30 11:12:23.168   MAIN   INF   Active workplaces: 20, running workplaces: 20
2019-12-30 11:12:23.168   MAIN   INF   Sleeping for 9.499914359s
2019-12-30 11:12:32.671   MAIN   INF   Program running
2019-12-30 11:12:33.167   MAIN   INF   Active workplaces: 20, running workplaces: 20
2019-12-30 11:12:33.167   MAIN   INF   Sleeping for 9.504157739s
2019-12-30 11:12:42.675   MAIN   INF   Program running
2019-12-30 11:12:43.142   MAIN   INF   Active workplaces: 20, running workplaces: 20
2019-12-30 11:12:43.142   MAIN   INF   Sleeping for 9.532946896s
2019-12-30 11:12:52.675   MAIN   INF   Program running
2019-12-30 11:12:53.180   MAIN   INF   Active workplaces: 20, running workplaces: 20
2019-12-30 11:12:53.180   MAIN   INF   Sleeping for 9.495044822s
2019-12-30 11:13:02.680   MAIN   INF   Program running
2019-12-30 11:13:03.226   MAIN   INF   Active workplaces: 20, running workplaces: 20
2019-12-30 11:13:03.226   MAIN   INF   Sleeping for 9.454283692s
2019-12-30 11:13:12.682   MAIN   INF   Program running
2019-12-30 11:13:13.172   MAIN   INF   Active workplaces: 20, running workplaces: 20
2019-12-30 11:13:13.172   MAIN   INF   Sleeping for 9.509285716s
2019-12-30 11:13:22.687   MAIN   INF   Program running
2019-12-30 11:13:23.146   MAIN   INF   Active workplaces: 20, running workplaces: 20
2019-12-30 11:13:23.146   MAIN   INF   Sleeping for 9.541037087s
2019-12-30 11:13:32.688   MAIN   INF   Program running
2019-12-30 11:13:33.143   MAIN   INF   Active workplaces: 20, running workplaces: 20
2019-12-30 11:13:33.144   MAIN   INF   Sleeping for 9.544478444s
2019-12-30 11:13:42.691   MAIN   INF   Program running
2019-12-30 11:13:43.173   MAIN   INF   Active workplaces: 20, running workplaces: 20
2019-12-30 11:13:43.173   MAIN   INF   Sleeping for 9.517778075s
2019-12-30 11:13:52.693   MAIN   INF   Program running
2019-12-30 11:13:53.174   MAIN   INF   Active workplaces: 20, running workplaces: 20
2019-12-30 11:13:53.174   MAIN   INF   Sleeping for 9.519548729s
2019-12-30 11:14:02.696   MAIN   INF   Program running
2019-12-30 11:14:03.168   MAIN   INF   Active workplaces: 20, running workplaces: 20
2019-12-30 11:14:03.169   MAIN   INF   Sleeping for 9.527539013s
2019-12-30 11:14:12.700   MAIN   INF   Program running
2019-12-30 11:14:13.170   MAIN   INF   Active workplaces: 20, running workplaces: 20
2019-12-30 11:14:13.170   MAIN   INF   Sleeping for 9.529709299s
2019-12-30 11:14:22.704   MAIN   INF   Program running
2019-12-30 11:14:23.174   MAIN   INF   Active workplaces: 20, running workplaces: 20
2019-12-30 11:14:23.174   MAIN   INF   Sleeping for 9.530389094s
2019-12-30 11:14:32.710   MAIN   INF   Program running
2019-12-30 11:14:33.195   MAIN   INF   Active workplaces: 20, running workplaces: 20
2019-12-30 11:14:33.195   MAIN   INF   Sleeping for 9.51495521s
2019-12-30 11:14:42.715   MAIN   INF   Program running
2019-12-30 11:14:43.185   MAIN   INF   Active workplaces: 20, running workplaces: 20
2019-12-30 11:14:43.185   MAIN   INF   Sleeping for 9.529269367s
2019-12-30 11:14:52.716   MAIN   INF   Program running
2019-12-30 11:14:53.708   MAIN   INF   Active workplaces: 20, running workplaces: 20
2019-12-30 11:14:53.708   MAIN   INF   Sleeping for 9.007357767s
2019-12-30 11:15:02.718   MAIN   INF   Program running
2019-12-30 11:15:03.175   MAIN   INF   Active workplaces: 20, running workplaces: 20
2019-12-30 11:15:03.175   MAIN   INF   Sleeping for 9.542217784s
2019-12-30 11:15:12.722   MAIN   INF   Program running
2019-12-30 11:15:13.192   MAIN   INF   Active workplaces: 20, running workplaces: 20
2019-12-30 11:15:13.192   MAIN   INF   Sleeping for 9.529890597s
2019-12-30 11:15:22.723   MAIN   INF   Program running
2019-12-30 11:15:23.245   MAIN   INF   Active workplaces: 20, running workplaces: 20
2019-12-30 11:15:23.245   MAIN   INF   Sleeping for 9.477075675s
2019-12-30 11:15:32.728   MAIN   INF   Program running
2019-12-30 11:15:33.223   MAIN   INF   Active workplaces: 20, running workplaces: 20
2019-12-30 11:15:33.223   MAIN   INF   Sleeping for 9.504290794s
2019-12-30 11:15:42.731   MAIN   INF   Program running
2019-12-30 11:15:43.217   MAIN   INF   Active workplaces: 20, running workplaces: 20
2019-12-30 11:15:43.217   MAIN   INF   Sleeping for 9.513792345s
2019-12-30 11:15:52.732   MAIN   INF   Program running
2019-12-30 11:15:53.186   MAIN   INF   Active workplaces: 20, running workplaces: 20
2019-12-30 11:15:53.186   MAIN   INF   Sleeping for 9.545735612s
2019-12-30 11:42:58.160   MAIN   INF   Program version 2019.4.3.30 started
2019-12-30 11:42:58.161   MAIN   INF   Program running
2019-12-30 11:42:58.891   MAIN   INF   Active workplaces: 20, running workplaces: 0
2019-12-30 11:42:58.891   MAIN   INF   Sleeping for 9.269911357s
2019-12-30 11:43:08.162   MAIN   INF   Program running
2019-12-30 11:43:08.670   MAIN   INF   Active workplaces: 20, running workplaces: 20
2019-12-30 11:43:08.670   MAIN   INF   Sleeping for 9.492075064s
2019-12-30 11:43:18.168   MAIN   INF   Program running
2019-12-30 11:43:18.640   MAIN   INF   Active workplaces: 20, running workplaces: 20
2019-12-30 11:43:18.641   MAIN   INF   Sleeping for 9.526885852s
2019-12-30 11:43:28.172   MAIN   INF   Program running
2019-12-30 11:43:28.642   MAIN   INF   Active workplaces: 20, running workplaces: 20
2019-12-30 11:43:28.642   MAIN   INF   Sleeping for 9.530244533s
2019-12-30 11:43:38.175   MAIN   INF   Program running
2019-12-30 11:43:38.653   MAIN   INF   Active workplaces: 20, running workplaces: 20
2019-12-30 11:43:38.653   MAIN   INF   Sleeping for 9.522137665s
2019-12-30 13:54:31.457   MAIN   INF   Program version 2019.4.3.30 started
2019-12-30 13:54:31.458   MAIN   INF   Program running
2019-12-30 13:54:43.700   MAIN   INF   Program version 2019.4.3.30 started
2019-12-30 13:54:43.700   MAIN   INF   Program running
2019-12-30 13:54:44.416   MAIN   INF   Active workplaces: 20, running workplaces: 0
2019-12-30 13:54:44.416   MAIN   INF   Sleeping for 9.283421713s
2019-12-30 13:54:53.702   MAIN   INF   Program running
2019-12-30 13:54:54.185   MAIN   INF   Active workplaces: 20, running workplaces: 20
2019-12-30 13:54:54.185   MAIN   INF   Sleeping for 9.517453522s
2019-12-30 13:55:03.708   MAIN   INF   Program running
2019-12-30 13:55:04.217   MAIN   INF   Active workplaces: 20, running workplaces: 20
2019-12-30 13:55:04.217   MAIN   INF   Sleeping for 9.490146031s
2019-12-30 13:55:13.713   MAIN   INF   Program running
2019-12-30 13:55:14.208   MAIN   INF   Active workplaces: 20, running workplaces: 20
2019-12-30 13:55:14.208   MAIN   INF   Sleeping for 9.504765765s
2019-12-30 13:55:23.713   MAIN   INF   Program running
2019-12-30 13:55:24.231   MAIN   INF   Active workplaces: 20, running workplaces: 20
2019-12-30 13:55:24.232   MAIN   INF   Sleeping for 9.481871217s
2019-12-30 13:55:33.715   MAIN   INF   Program running
2019-12-30 13:55:34.179   MAIN   INF   Active workplaces: 20, running workplaces: 20
2019-12-30 13:55:34.180   MAIN   INF   Sleeping for 9.535149565s
2019-12-30 13:55:43.716   MAIN   INF   Program running
2019-12-30 13:55:44.224   MAIN   INF   Active workplaces: 20, running workplaces: 20
2019-12-30 13:55:44.224   MAIN   INF   Sleeping for 9.492249785s
2019-12-30 13:55:53.722   MAIN   INF   Program running
2019-12-30 13:55:54.235   MAIN   INF   Active workplaces: 20, running workplaces: 20
2019-12-30 13:55:54.235   MAIN   INF   Sleeping for 9.48702021s
2019-12-30 13:56:03.725   MAIN   INF   Program running
2019-12-30 13:56:04.218   MAIN   INF   Active workplaces: 20, running workplaces: 20
2019-12-30 13:56:04.218   MAIN   INF   Sleeping for 9.506191454s
2019-12-30 13:56:13.730   MAIN   INF   Program running
2019-12-30 13:56:14.233   MAIN   INF   Active workplaces: 20, running workplaces: 20
2019-12-30 13:56:14.233   MAIN   INF   Sleeping for 9.496719701s
2019-12-30 13:56:23.731   MAIN   INF   Program running
2019-12-30 13:56:24.220   MAIN   INF   Active workplaces: 20, running workplaces: 20
2019-12-30 13:56:24.221   MAIN   INF   Sleeping for 9.509899829s
2019-12-30 13:56:33.732   MAIN   INF   Program running
2019-12-30 13:56:34.297   MAIN   INF   Active workplaces: 20, running workplaces: 20
2019-12-30 13:56:34.297   MAIN   INF   Sleeping for 9.434424479s
2019-12-30 13:57:05.356   MAIN   INF   Program version 2019.4.3.30 started
2019-12-30 13:57:05.356   MAIN   INF   Program running
2019-12-30 13:57:05.819   MAIN   INF   Active workplaces: 20, running workplaces: 0
2019-12-30 13:57:05.820   MAIN   INF   Sleeping for 9.53661141s
2019-12-30 13:57:15.358   MAIN   INF   Program running
2019-12-30 13:57:15.834   MAIN   INF   Active workplaces: 20, running workplaces: 20
2019-12-30 13:57:15.834   MAIN   INF   Sleeping for 9.523862257s
2019-12-30 13:57:25.358   MAIN   INF   Program running
2019-12-30 13:57:25.820   MAIN   INF   Active workplaces: 20, running workplaces: 20
2019-12-30 13:57:25.820   MAIN   INF   Sleeping for 9.538512262s
2019-12-30 13:57:35.359   MAIN   INF   Program running
2019-12-30 13:57:35.887   MAIN   INF   Active workplaces: 20, running workplaces: 20
2019-12-30 13:57:35.887   MAIN   INF   Sleeping for 9.471678662s
2019-12-30 13:58:30.828   MAIN   INF   Program version 2019.4.3.30 started
2019-12-30 13:58:30.829   MAIN   INF   Program running
2019-12-30 13:58:31.319   MAIN   INF   Active workplaces: 20, running workplaces: 0
2019-12-30 13:58:31.319   MAIN   INF   Sleeping for 9.509603735s
2019-12-30 13:58:40.832   MAIN   INF   Program running
2019-12-30 13:58:41.306   MAIN   INF   Active workplaces: 20, running workplaces: 20
2019-12-30 13:58:41.306   MAIN   INF   Sleeping for 9.525176323s
2019-12-30 13:58:50.833   MAIN   INF   Program running
2019-12-30 13:58:51.312   MAIN   INF   Active workplaces: 20, running workplaces: 20
2019-12-30 13:58:51.312   MAIN   INF   Sleeping for 9.521439623s
2019-12-30 13:58:59.799   MAIN   INF   Program version 2019.4.3.30 started
2019-12-30 13:58:59.799   MAIN   INF   Program running
2019-12-30 13:59:00.465   MAIN   INF   Active workplaces: 20, running workplaces: 0
2019-12-30 13:59:00.465   MAIN   INF   Sleeping for 9.334040162s
2019-12-30 13:59:09.801   MAIN   INF   Program running
2019-12-30 13:59:10.297   MAIN   INF   Active workplaces: 20, running workplaces: 20
2019-12-30 13:59:10.297   MAIN   INF   Sleeping for 9.503647587s
2019-12-30 13:59:19.802   MAIN   INF   Program running
2019-12-30 13:59:20.319   MAIN   INF   Active workplaces: 20, running workplaces: 20
2019-12-30 13:59:20.320   MAIN   INF   Sleeping for 9.482234611s
2019-12-30 13:59:29.807   MAIN   INF   Program running
2019-12-30 13:59:30.912   MAIN   INF   Active workplaces: 20, running workplaces: 20
2019-12-30 13:59:30.912   MAIN   INF   Sleeping for 8.894845632s
2019-12-30 13:59:39.808   MAIN   INF   Program running
2019-12-30 13:59:40.312   MAIN   INF   Active workplaces: 20, running workplaces: 20
2019-12-30 13:59:40.312   MAIN   INF   Sleeping for 9.495914312s
2019-12-30 13:59:49.814   MAIN   INF   Program running
2019-12-30 13:59:50.297   MAIN   INF   Active workplaces: 20, running workplaces: 20
2019-12-30 13:59:50.297   MAIN   INF   Sleeping for 9.516585041s
2019-12-30 14:10:37.275   MAIN   INF   Program version 2019.4.3.30 started
2019-12-30 14:10:37.276   MAIN   INF   Program running
2019-12-30 14:10:37.981   MAIN   INF   Active workplaces: 20, running workplaces: 0
2019-12-30 14:10:37.981   MAIN   INF   Sleeping for 9.294493677s
2019-12-30 14:10:47.279   MAIN   INF   Program running
2019-12-30 14:10:47.753   MAIN   INF   Active workplaces: 20, running workplaces: 20
2019-12-30 14:10:47.753   MAIN   INF   Sleeping for 9.525798318s
2019-12-30 14:10:57.282   MAIN   INF   Program running
2019-12-30 14:10:57.737   MAIN   INF   Active workplaces: 20, running workplaces: 20
2019-12-30 14:10:57.737   MAIN   INF   Sleeping for 9.545572026s
2019-12-30 14:11:07.288   MAIN   INF   Program running
