2019-12-31 08:26:14.468   MAIN   INF   Program version 2019.4.3.31 started
2019-12-31 08:26:14.468   MAIN   INF   Program running
2019-12-31 08:26:14.952   MAIN   INF   WorkplaceState table not exists, creating
2019-12-31 08:26:14.985   MAIN   INF   Active workplaces: 20, running workplaces: 0
2019-12-31 08:26:14.985   MAIN   INF   Sleeping for 9.482658129s
2019-12-31 08:26:24.470   MAIN   INF   Program running
2019-12-31 08:26:29.544   MAIN   INF   Active workplaces: 20, running workplaces: 20
2019-12-31 08:26:29.544   MAIN   INF   Sleeping for 4.925907874s
2019-12-31 08:26:34.475   MAIN   INF   Program running
2019-12-31 08:26:34.976   MAIN   INF   Active workplaces: 20, running workplaces: 20
2019-12-31 08:26:34.976   MAIN   INF   Sleeping for 9.498670373s
2019-12-31 08:28:52.600   MAIN   INF   Program version 2019.4.3.31 started
2019-12-31 08:28:52.600   MAIN   INF   Program running
2019-12-31 08:28:53.048   MAIN   INF   Active workplaces: 20, running workplaces: 0
2019-12-31 08:28:53.048   MAIN   INF   Sleeping for 9.552452518s
2019-12-31 08:29:02.602   MAIN   INF   Program running
2019-12-31 08:29:47.747   MAIN   INF   Program version 2019.4.3.31 started
2019-12-31 08:29:47.747   MAIN   INF   Program running
2019-12-31 08:29:48.217   MAIN   INF   Active workplaces: 20, running workplaces: 0
2019-12-31 08:29:48.217   MAIN   INF   Sleeping for 9.530115667s
2019-12-31 08:29:57.751   MAIN   INF   Program running
2019-12-31 08:29:58.594   MAIN   INF   Active workplaces: 20, running workplaces: 20
2019-12-31 08:29:58.595   MAIN   INF   Sleeping for 9.156245321s
2019-12-31 08:45:57.331   MAIN   INF   Program version 2019.4.3.31 started
2019-12-31 08:45:57.331   MAIN   INF   Program running
2019-12-31 08:45:57.780   MAIN   INF   Active workplaces: 1, running workplaces: 0
2019-12-31 08:45:57.780   MAIN   INF   Sleeping for 9.551249491s
2019-12-31 08:47:15.289   MAIN   INF   Program version 2019.4.3.31 started
2019-12-31 08:47:15.290   MAIN   INF   Program running
2019-12-31 08:47:15.768   MAIN   INF   Active workplaces: 1, running workplaces: 0
2019-12-31 08:47:15.768   MAIN   INF   Sleeping for 9.521762234s
2019-12-31 08:47:52.828   MAIN   INF   Program version 2019.4.3.31 started
2019-12-31 08:47:52.828   MAIN   INF   Program running
2019-12-31 08:47:53.316   MAIN   INF   Active workplaces: 1, running workplaces: 0
2019-12-31 08:47:53.317   MAIN   INF   Sleeping for 9.511437761s
2019-12-31 08:48:26.321   MAIN   INF   Program version 2019.4.3.31 started
2019-12-31 08:48:26.321   MAIN   INF   Program running
2019-12-31 08:48:26.773   MAIN   INF   Active workplaces: 1, running workplaces: 0
2019-12-31 08:48:26.773   MAIN   INF   Sleeping for 9.54758636s
2019-12-31 08:49:03.927   MAIN   INF   Program version 2019.4.3.31 started
2019-12-31 08:49:03.927   MAIN   INF   Program running
2019-12-31 08:49:04.425   MAIN   INF   Active workplaces: 20, running workplaces: 0
2019-12-31 08:49:04.426   MAIN   INF   Sleeping for 9.501911671s
2019-12-31 08:49:13.928   MAIN   INF   Program running
2019-12-31 08:49:14.942   MAIN   INF   Active workplaces: 20, running workplaces: 20
2019-12-31 08:49:14.942   MAIN   INF   Sleeping for 8.985647151s
2019-12-31 08:49:23.929   MAIN   INF   Program running
2019-12-31 08:49:24.603   MAIN   INF   Active workplaces: 20, running workplaces: 20
2019-12-31 08:49:24.603   MAIN   INF   Sleeping for 9.325711926s
2019-12-31 08:49:33.932   MAIN   INF   Program running
2019-12-31 08:49:34.418   MAIN   INF   Active workplaces: 20, running workplaces: 20
2019-12-31 08:49:34.418   MAIN   INF   Sleeping for 9.514251036s
2019-12-31 08:49:43.938   MAIN   INF   Program running
2019-12-31 08:49:44.424   MAIN   INF   Active workplaces: 20, running workplaces: 20
2019-12-31 08:49:44.424   MAIN   INF   Sleeping for 9.513462071s
2019-12-31 08:49:47.626   MAIN   INF   Program version 2019.4.3.31 started
2019-12-31 08:49:47.626   MAIN   INF   Program running
2019-12-31 08:49:48.194   MAIN   INF   Active workplaces: 20, running workplaces: 0
2019-12-31 08:49:48.194   MAIN   INF   Sleeping for 9.432588875s
2019-12-31 08:49:57.627   MAIN   INF   Program running
2019-12-31 08:49:58.101   MAIN   INF   Active workplaces: 20, running workplaces: 20
2019-12-31 08:49:58.101   MAIN   INF   Sleeping for 9.525514967s
2019-12-31 08:50:38.541   MAIN   INF   Program version 2019.4.3.31 started
2019-12-31 08:50:38.541   MAIN   INF   Program running
2019-12-31 08:50:39.080   MAIN   INF   Active workplaces: 1, running workplaces: 0
2019-12-31 08:50:39.080   MAIN   INF   Sleeping for 9.460757042s
2019-12-31 08:50:48.546   MAIN   INF   Program running
2019-12-31 08:50:49.084   MAIN   INF   Active workplaces: 1, running workplaces: 0
2019-12-31 08:50:49.084   MAIN   INF   Sleeping for 9.462201227s
2019-12-31 08:51:50.538   MAIN   INF   Program version 2019.4.3.31 started
2019-12-31 08:51:50.538   MAIN   INF   Program running
2019-12-31 08:51:51.025   MAIN   INF   Active workplaces: 1, running workplaces: 0
2019-12-31 08:51:51.025   MAIN   INF   Sleeping for 9.513105759s
2019-12-31 08:52:00.542   MAIN   INF   Program running
2019-12-31 08:52:01.012   MAIN   INF   Active workplaces: 1, running workplaces: 1
2019-12-31 08:52:01.012   MAIN   INF   Sleeping for 9.529571866s
2019-12-31 08:52:50.677   MAIN   INF   Program version 2019.4.3.31 started
2019-12-31 08:52:50.677   MAIN   INF   Program running
2019-12-31 08:52:51.156   MAIN   INF   Active workplaces: 1, running workplaces: 0
2019-12-31 08:52:51.156   MAIN   INF   Sleeping for 9.521168162s
2019-12-31 08:53:32.019   MAIN   INF   Program version 2019.4.3.31 started
2019-12-31 08:53:32.019   MAIN   INF   Program running
2019-12-31 08:53:32.509   MAIN   INF   Active workplaces: 1, running workplaces: 0
2019-12-31 08:53:32.509   MAIN   INF   Sleeping for 9.509580406s
2019-12-31 08:53:42.020   MAIN   INF   Program running
2019-12-31 08:53:42.515   MAIN   INF   Active workplaces: 1, running workplaces: 1
2019-12-31 08:53:42.516   MAIN   INF   Sleeping for 9.504148132s
2019-12-31 08:53:48.308   MAIN   INF   Program version 2019.4.3.31 started
2019-12-31 08:53:48.309   MAIN   INF   Program running
2019-12-31 08:53:48.822   MAIN   INF   Active workplaces: 1, running workplaces: 0
2019-12-31 08:53:48.822   MAIN   INF   Sleeping for 9.486309809s
2019-12-31 08:53:58.313   MAIN   INF   Program running
2019-12-31 08:53:58.841   MAIN   INF   Active workplaces: 1, running workplaces: 1
2019-12-31 08:53:58.841   MAIN   INF   Sleeping for 9.471548675s
2019-12-31 08:54:16.261   MAIN   INF   Program version 2019.4.3.31 started
2019-12-31 08:54:16.261   MAIN   INF   Program running
2019-12-31 08:54:16.751   MAIN   INF   Active workplaces: 2, running workplaces: 0
2019-12-31 08:54:16.751   MAIN   INF   Sleeping for 9.510023628s
2019-12-31 08:54:26.263   MAIN   INF   Program running
2019-12-31 08:54:26.737   MAIN   INF   Active workplaces: 2, running workplaces: 2
2019-12-31 08:54:26.738   MAIN   INF   Sleeping for 9.5250465s
2019-12-31 08:54:36.268   MAIN   INF   Program running
2019-12-31 08:54:36.735   MAIN   INF   Active workplaces: 2, running workplaces: 2
2019-12-31 08:54:36.735   MAIN   INF   Sleeping for 9.532725301s
2019-12-31 08:55:09.673   MAIN   INF   Program version 2019.4.3.31 started
2019-12-31 08:55:09.673   MAIN   INF   Program running
2019-12-31 08:55:10.140   MAIN   INF   Active workplaces: 2, running workplaces: 0
2019-12-31 08:55:10.140   MAIN   INF   Sleeping for 9.533118524s
2019-12-31 08:55:19.676   MAIN   INF   Program running
2019-12-31 08:55:20.148   MAIN   INF   Active workplaces: 2, running workplaces: 2
2019-12-31 08:55:20.148   MAIN   INF   Sleeping for 9.527775204s
2019-12-31 08:55:36.268   MAIN   INF   Program version 2019.4.3.31 started
2019-12-31 08:55:36.268   MAIN   INF   Program running
2019-12-31 08:55:36.751   MAIN   INF   Active workplaces: 3, running workplaces: 0
2019-12-31 08:55:36.751   MAIN   INF   Sleeping for 9.517185426s
2019-12-31 08:55:46.272   MAIN   INF   Program running
2019-12-31 08:55:46.747   MAIN   INF   Active workplaces: 3, running workplaces: 3
2019-12-31 08:55:46.747   MAIN   INF   Sleeping for 9.524481241s
2019-12-31 08:55:56.273   MAIN   INF   Program running
2019-12-31 08:55:56.733   MAIN   INF   Active workplaces: 3, running workplaces: 3
2019-12-31 08:55:56.733   MAIN   INF   Sleeping for 9.539754662s
2019-12-31 08:56:06.273   MAIN   INF   Program running
2019-12-31 08:56:06.767   MAIN   INF   Active workplaces: 4, running workplaces: 3
2019-12-31 08:56:06.767   MAIN   INF   Sleeping for 9.505931144s
2019-12-31 08:56:16.275   MAIN   INF   Program running
2019-12-31 08:56:16.748   MAIN   INF   Active workplaces: 4, running workplaces: 4
2019-12-31 08:56:16.748   MAIN   INF   Sleeping for 9.52672616s
2019-12-31 08:56:35.137   MAIN   INF   Program version 2019.4.3.31 started
2019-12-31 08:56:35.138   MAIN   INF   Program running
2019-12-31 08:56:35.734   MAIN   INF   Active workplaces: 1, running workplaces: 0
2019-12-31 08:56:35.735   MAIN   INF   Sleeping for 9.403050516s
2019-12-31 08:56:45.138   MAIN   INF   Program running
2019-12-31 08:56:45.606   MAIN   INF   Active workplaces: 1, running workplaces: 1
2019-12-31 08:56:45.606   MAIN   INF   Sleeping for 9.532337121s
2019-12-31 08:56:55.140   MAIN   INF   Program running
2019-12-31 08:56:55.593   MAIN   INF   Active workplaces: 2, running workplaces: 1
2019-12-31 08:56:55.593   MAIN   INF   Sleeping for 9.547194957s
2019-12-31 08:57:52.388   MAIN   INF   Program version 2019.4.3.31 started
2019-12-31 08:57:52.388   MAIN   INF   Program running
2019-12-31 08:57:52.867   MAIN   INF   Active workplaces: 2, running workplaces: 0
2019-12-31 08:57:52.867   MAIN   INF   Sleeping for 9.521157814s
2019-12-31 08:58:02.394   MAIN   INF   Program running
2019-12-31 08:58:02.870   MAIN   INF   Active workplaces: 2, running workplaces: 2
2019-12-31 08:58:02.870   MAIN   INF   Sleeping for 9.523461089s
2019-12-31 08:58:12.395   MAIN   INF   Program running
2019-12-31 08:58:12.884   MAIN   INF   Active workplaces: 3, running workplaces: 2
2019-12-31 08:58:12.884   MAIN   INF   Sleeping for 9.511142104s
2019-12-31 08:58:22.400   MAIN   INF   Program running
2019-12-31 08:58:22.912   MAIN   INF   Active workplaces: 3, running workplaces: 3
2019-12-31 08:58:22.913   MAIN   INF   Sleeping for 9.486892299s
2019-12-31 08:58:32.405   MAIN   INF   Program running
2019-12-31 08:58:32.865   MAIN   INF   Active workplaces: 3, running workplaces: 3
2019-12-31 08:58:32.865   MAIN   INF   Sleeping for 9.539783158s
2019-12-31 08:58:42.407   MAIN   INF   Program running
2019-12-31 08:58:42.910   MAIN   INF   Active workplaces: 3, running workplaces: 3
2019-12-31 08:58:42.910   MAIN   INF   Sleeping for 9.497178666s
2019-12-31 08:58:52.411   MAIN   INF   Program running
2019-12-31 08:58:52.982   MAIN   INF   Active workplaces: 3, running workplaces: 3
2019-12-31 08:58:52.983   MAIN   INF   Sleeping for 9.4287732s
2019-12-31 08:59:02.424   MAIN   INF   Program running
2019-12-31 08:59:02.971   MAIN   INF   Active workplaces: 3, running workplaces: 3
2019-12-31 08:59:02.971   MAIN   INF   Sleeping for 9.453835195s
2019-12-31 08:59:25.309   MAIN   INF   Program version 2019.4.3.31 started
2019-12-31 08:59:25.309   MAIN   INF   Program running
2019-12-31 08:59:25.810   MAIN   INF   Active workplaces: 1, running workplaces: 0
2019-12-31 08:59:25.810   MAIN   INF   Sleeping for 9.499500809s
2019-12-31 08:59:35.314   MAIN   INF   Program running
2019-12-31 08:59:35.810   MAIN   INF   Active workplaces: 1, running workplaces: 1
2019-12-31 08:59:35.810   MAIN   INF   Sleeping for 9.5039687s
2019-12-31 08:59:45.315   MAIN   INF   Program running
2019-12-31 08:59:45.761   MAIN   INF   Active workplaces: 1, running workplaces: 1
2019-12-31 08:59:45.761   MAIN   INF   Sleeping for 9.554517119s
2019-12-31 09:02:12.151   MAIN   INF   Program version 2019.4.3.31 started
2019-12-31 09:02:12.152   MAIN   INF   Program running
2019-12-31 09:02:12.731   MAIN   INF   Active workplaces: 1, running workplaces: 0
2019-12-31 09:02:12.731   MAIN   INF   Sleeping for 9.420213439s
2019-12-31 09:02:22.157   MAIN   INF   Program running
2019-12-31 09:02:22.634   MAIN   INF   Active workplaces: 1, running workplaces: 1
2019-12-31 09:02:22.634   MAIN   INF   Sleeping for 9.52318418s
2019-12-31 09:02:45.189   MAIN   INF   Program version 2019.4.3.31 started
2019-12-31 09:02:45.190   MAIN   INF   Program running
2019-12-31 09:02:45.669   MAIN   INF   Active workplaces: 1, running workplaces: 0
2019-12-31 09:02:45.669   MAIN   INF   Sleeping for 9.520122038s
2019-12-31 09:02:58.072   MAIN   INF   Program version 2019.4.3.31 started
2019-12-31 09:02:58.072   MAIN   INF   Program running
2019-12-31 09:02:58.570   MAIN   INF   Active workplaces: 1, running workplaces: 0
2019-12-31 09:02:58.570   MAIN   INF   Sleeping for 9.502095506s
2019-12-31 09:03:08.076   MAIN   INF   Program running
2019-12-31 09:03:08.620   MAIN   INF   Active workplaces: 1, running workplaces: 1
2019-12-31 09:03:08.620   MAIN   INF   Sleeping for 9.455503411s
2019-12-31 09:03:18.079   MAIN   INF   Program running
2019-12-31 09:03:18.636   MAIN   INF   Active workplaces: 1, running workplaces: 1
2019-12-31 09:03:18.636   MAIN   INF   Sleeping for 9.443002586s
2019-12-31 09:03:28.084   MAIN   INF   Program running
2019-12-31 09:03:28.592   MAIN   INF   Active workplaces: 1, running workplaces: 1
2019-12-31 09:03:28.592   MAIN   INF   Sleeping for 9.492134902s
2019-12-31 09:03:38.086   MAIN   INF   Program running
2019-12-31 09:03:38.598   MAIN   INF   Active workplaces: 1, running workplaces: 1
2019-12-31 09:03:38.598   MAIN   INF   Sleeping for 9.487751555s
2019-12-31 09:03:44.667   MAIN   INF   Program version 2019.4.3.31 started
2019-12-31 09:03:44.668   MAIN   INF   Program running
2019-12-31 09:03:45.135   MAIN   INF   Active workplaces: 1, running workplaces: 0
2019-12-31 09:03:45.135   MAIN   INF   Sleeping for 9.532896533s
2019-12-31 09:03:54.671   MAIN   INF   Program running
2019-12-31 09:04:27.661   MAIN   INF   Program version 2019.4.3.31 started
2019-12-31 09:04:27.661   MAIN   INF   Program running
2019-12-31 09:04:28.183   MAIN   INF   Active workplaces: 1, running workplaces: 0
2019-12-31 09:04:28.183   MAIN   INF   Sleeping for 9.477754535s
2019-12-31 09:06:39.036   MAIN   INF   Program version 2019.4.3.31 started
2019-12-31 09:06:39.037   MAIN   INF   Program running
2019-12-31 09:06:39.502   MAIN   INF   Active workplaces: 1, running workplaces: 0
2019-12-31 09:06:39.502   MAIN   INF   Sleeping for 9.534778948s
2019-12-31 09:08:02.297   MAIN   INF   Program version 2019.4.3.31 started
2019-12-31 09:08:02.297   MAIN   INF   Program running
2019-12-31 09:08:02.778   MAIN   INF   Active workplaces: 1, running workplaces: 0
2019-12-31 09:08:02.778   MAIN   INF   Sleeping for 9.518742153s
2019-12-31 09:09:07.421   MAIN   INF   Program version 2019.4.3.31 started
2019-12-31 09:09:07.421   MAIN   INF   Program running
2019-12-31 09:09:07.920   MAIN   INF   Active workplaces: 1, running workplaces: 0
2019-12-31 09:09:07.920   MAIN   INF   Sleeping for 9.50123542s
2019-12-31 09:09:17.424   MAIN   INF   Program running
2019-12-31 09:10:45.987   MAIN   INF   Program version 2019.4.3.31 started
2019-12-31 09:10:45.988   MAIN   INF   Program running
2019-12-31 09:10:46.460   MAIN   INF   Active workplaces: 1, running workplaces: 0
2019-12-31 09:10:46.460   MAIN   INF   Sleeping for 9.527869662s
2019-12-31 09:17:00.829   MAIN   INF   Program version 2019.4.3.31 started
2019-12-31 09:17:00.829   MAIN   INF   Program running
2019-12-31 09:17:01.379   MAIN   INF   WorkplaceState table not exists, creating
2019-12-31 09:17:01.400   MAIN   INF   Active workplaces: 20, running workplaces: 0
2019-12-31 09:17:01.400   MAIN   INF   Sleeping for 9.428998156s
2019-12-31 09:19:11.174   MAIN   INF   Program version 2019.4.3.31 started
2019-12-31 09:19:11.175   MAIN   INF   Program running
2019-12-31 09:19:11.655   MAIN   INF   Active workplaces: 20, running workplaces: 0
2019-12-31 09:19:11.655   MAIN   INF   Sleeping for 9.519891912s
2019-12-31 09:19:21.175   MAIN   INF   Program running
2019-12-31 09:19:22.513   MAIN   INF   Active workplaces: 20, running workplaces: 20
2019-12-31 09:19:22.513   MAIN   INF   Sleeping for 8.661974079s
2019-12-31 09:19:31.177   MAIN   INF   Program running
2019-12-31 09:19:32.170   MAIN   INF   Active workplaces: 20, running workplaces: 20
2019-12-31 09:19:32.170   MAIN   INF   Sleeping for 9.006970794s
2019-12-31 09:19:41.178   MAIN   INF   Program running
2019-12-31 09:19:41.748   MAIN   INF   Active workplaces: 20, running workplaces: 20
2019-12-31 09:19:41.749   MAIN   INF   Sleeping for 9.429190824s
2019-12-31 09:19:51.180   MAIN   INF   Program running
2019-12-31 09:19:51.700   MAIN   INF   Active workplaces: 20, running workplaces: 20
2019-12-31 09:19:51.700   MAIN   INF   Sleeping for 9.479088428s
2019-12-31 09:20:01.180   MAIN   INF   Program running
2019-12-31 09:20:02.100   MAIN   INF   Active workplaces: 20, running workplaces: 20
2019-12-31 09:20:02.102   MAIN   INF   Sleeping for 9.07880256s
2019-12-31 09:20:11.182   MAIN   INF   Program running
2019-12-31 09:20:12.479   MAIN   INF   Active workplaces: 20, running workplaces: 20
2019-12-31 09:20:12.479   MAIN   INF   Sleeping for 8.703242154s
2019-12-31 09:20:21.183   MAIN   INF   Program running
2019-12-31 09:20:21.987   MAIN   INF   Active workplaces: 20, running workplaces: 20
2019-12-31 09:20:21.987   MAIN   INF   Sleeping for 9.195784989s
2019-12-31 09:20:31.189   MAIN   INF   Program running
2019-12-31 09:20:33.079   MAIN   INF   Active workplaces: 20, running workplaces: 20
2019-12-31 09:20:33.079   MAIN   INF   Sleeping for 8.109285347s
2019-12-31 09:20:36.871   MAIN   INF   Program version 2019.4.3.31 started
2019-12-31 09:20:36.871   MAIN   INF   Program running
2019-12-31 09:20:37.356   MAIN   INF   Active workplaces: 20, running workplaces: 0
2019-12-31 09:20:37.356   MAIN   INF   Sleeping for 9.514837293s
2019-12-31 09:20:46.873   MAIN   INF   Program running
2019-12-31 09:20:47.785   MAIN   INF   Active workplaces: 20, running workplaces: 20
2019-12-31 09:20:47.785   MAIN   INF   Sleeping for 9.087484572s
2019-12-31 09:20:56.878   MAIN   INF   Program running
2019-12-31 09:20:58.124   MAIN   INF   Active workplaces: 20, running workplaces: 20
2019-12-31 09:20:58.124   MAIN   INF   Sleeping for 8.753414723s
2019-12-31 09:21:06.878   MAIN   INF   Program running
2019-12-31 09:21:07.375   MAIN   INF   Active workplaces: 20, running workplaces: 20
2019-12-31 09:21:07.375   MAIN   INF   Sleeping for 9.502570096s
2019-12-31 09:21:16.883   MAIN   INF   Program running
2019-12-31 09:21:17.356   MAIN   INF   Active workplaces: 20, running workplaces: 20
2019-12-31 09:21:17.356   MAIN   INF   Sleeping for 9.527498818s
2019-12-31 09:21:26.885   MAIN   INF   Program running
2019-12-31 09:21:27.438   MAIN   INF   Active workplaces: 20, running workplaces: 20
2019-12-31 09:21:27.439   MAIN   INF   Sleeping for 9.446440994s
2019-12-31 09:21:36.888   MAIN   INF   Program running
2019-12-31 09:21:37.893   MAIN   INF   Active workplaces: 20, running workplaces: 20
2019-12-31 09:21:37.893   MAIN   INF   Sleeping for 8.994721052s
2019-12-31 09:21:46.888   MAIN   INF   Program running
2019-12-31 09:21:47.879   MAIN   INF   Active workplaces: 20, running workplaces: 20
2019-12-31 09:21:47.879   MAIN   INF   Sleeping for 9.009285052s
2019-12-31 09:21:56.890   MAIN   INF   Program running
2019-12-31 09:21:57.443   MAIN   INF   Active workplaces: 20, running workplaces: 20
2019-12-31 09:21:57.443   MAIN   INF   Sleeping for 9.447523121s
2019-12-31 09:22:06.896   MAIN   INF   Program running
2019-12-31 09:22:07.366   MAIN   INF   Active workplaces: 20, running workplaces: 20
2019-12-31 09:22:07.366   MAIN   INF   Sleeping for 9.529270107s
2019-12-31 09:22:16.896   MAIN   INF   Program running
2019-12-31 09:22:17.871   MAIN   INF   Active workplaces: 20, running workplaces: 20
2019-12-31 09:22:17.871   MAIN   INF   Sleeping for 9.025112165s
2019-12-31 09:22:26.896   MAIN   INF   Program running
2019-12-31 09:22:28.136   MAIN   INF   Active workplaces: 20, running workplaces: 20
2019-12-31 09:22:28.136   MAIN   INF   Sleeping for 8.760085978s
2019-12-31 09:22:36.902   MAIN   INF   Program running
2019-12-31 09:22:37.387   MAIN   INF   Active workplaces: 20, running workplaces: 1
2019-12-31 09:22:37.387   MAIN   INF   Sleeping for 9.514939907s
2019-12-31 09:22:46.902   MAIN   INF   Program running
2019-12-31 09:22:47.366   MAIN   INF   Active workplaces: 20, running workplaces: 20
2019-12-31 09:22:47.366   MAIN   INF   Sleeping for 9.536062039s
2019-12-31 09:22:56.904   MAIN   INF   Program running
2019-12-31 09:22:57.371   MAIN   INF   Active workplaces: 20, running workplaces: 20
2019-12-31 09:22:57.371   MAIN   INF   Sleeping for 9.532398466s
2019-12-31 09:23:06.905   MAIN   INF   Program running
2019-12-31 09:23:07.430   MAIN   INF   Active workplaces: 20, running workplaces: 20
2019-12-31 09:23:07.430   MAIN   INF   Sleeping for 9.474788433s
2019-12-31 09:23:16.907   MAIN   INF   Program running
2019-12-31 09:23:17.369   MAIN   INF   Active workplaces: 20, running workplaces: 20
2019-12-31 09:23:17.369   MAIN   INF   Sleeping for 9.537759685s
2019-12-31 09:23:26.909   MAIN   INF   Program running
2019-12-31 09:23:27.383   MAIN   INF   Active workplaces: 20, running workplaces: 20
2019-12-31 09:23:27.383   MAIN   INF   Sleeping for 9.525150059s
2019-12-31 09:23:36.911   MAIN   INF   Program running
2019-12-31 09:23:37.396   MAIN   INF   Active workplaces: 20, running workplaces: 20
2019-12-31 09:23:37.396   MAIN   INF   Sleeping for 9.514318786s
2019-12-31 09:23:46.916   MAIN   INF   Program running
2019-12-31 09:23:47.428   MAIN   INF   Active workplaces: 20, running workplaces: 20
2019-12-31 09:23:47.428   MAIN   INF   Sleeping for 9.487868966s
2019-12-31 09:23:56.917   MAIN   INF   Program running
2019-12-31 09:23:57.487   MAIN   INF   Active workplaces: 20, running workplaces: 20
2019-12-31 09:23:57.487   MAIN   INF   Sleeping for 9.429816842s
2019-12-31 09:24:06.917   MAIN   INF   Program running
2019-12-31 09:24:07.399   MAIN   INF   Active workplaces: 20, running workplaces: 20
2019-12-31 09:24:07.399   MAIN   INF   Sleeping for 9.518213131s
2019-12-31 09:24:52.461   MAIN   INF   Program version 2019.4.3.31 started
2019-12-31 09:24:52.461   MAIN   INF   Program running
2019-12-31 09:24:53.042   MAIN   INF   Active workplaces: 20, running workplaces: 0
2019-12-31 09:24:53.042   MAIN   INF   Sleeping for 9.418789577s
2019-12-31 09:25:02.467   MAIN   INF   Program running
2019-12-31 09:25:02.937   MAIN   INF   Active workplaces: 20, running workplaces: 20
2019-12-31 09:25:02.937   MAIN   INF   Sleeping for 9.529685141s
2019-12-31 09:25:12.469   MAIN   INF   Program running
2019-12-31 09:25:12.974   MAIN   INF   Active workplaces: 20, running workplaces: 20
2019-12-31 09:25:12.974   MAIN   INF   Sleeping for 9.494642723s
2019-12-31 09:25:22.474   MAIN   INF   Program running
2019-12-31 09:25:22.961   MAIN   INF   Active workplaces: 20, running workplaces: 20
2019-12-31 09:25:22.961   MAIN   INF   Sleeping for 9.512515873s
2019-12-31 09:25:32.475   MAIN   INF   Program running
2019-12-31 09:25:32.984   MAIN   INF   Active workplaces: 20, running workplaces: 20
2019-12-31 09:25:32.984   MAIN   INF   Sleeping for 9.4910853s
2019-12-31 09:25:42.480   MAIN   INF   Program running
2019-12-31 09:25:42.976   MAIN   INF   Active workplaces: 20, running workplaces: 20
2019-12-31 09:25:42.976   MAIN   INF   Sleeping for 9.504373056s
2019-12-31 09:25:52.486   MAIN   INF   Program running
2019-12-31 09:25:53.035   MAIN   INF   Active workplaces: 20, running workplaces: 20
2019-12-31 09:25:53.035   MAIN   INF   Sleeping for 9.450313497s
2019-12-31 09:26:19.542   MAIN   INF   Program version 2019.4.3.31 started
2019-12-31 09:26:19.542   MAIN   INF   Program running
2019-12-31 09:26:20.204   MAIN   INF   Active workplaces: 20, running workplaces: 0
2019-12-31 09:26:20.205   MAIN   INF   Sleeping for 9.337940888s
2019-12-31 09:26:29.546   MAIN   INF   Program running
2019-12-31 09:26:30.115   MAIN   INF   Active workplaces: 20, running workplaces: 20
2019-12-31 09:26:30.115   MAIN   INF   Sleeping for 9.430227415s
2019-12-31 09:26:39.551   MAIN   INF   Program running
2019-12-31 09:26:40.107   MAIN   INF   Active workplaces: 20, running workplaces: 20
2019-12-31 09:26:40.107   MAIN   INF   Sleeping for 9.443445763s
2019-12-31 09:26:49.557   MAIN   INF   Program running
2019-12-31 09:26:50.147   MAIN   INF   Active workplaces: 20, running workplaces: 20
2019-12-31 09:26:50.147   MAIN   INF   Sleeping for 9.410265546s
2019-12-31 09:26:59.561   MAIN   INF   Program running
2019-12-31 09:27:00.107   MAIN   INF   Active workplaces: 20, running workplaces: 20
2019-12-31 09:27:00.107   MAIN   INF   Sleeping for 9.454407691s
2019-12-31 09:27:09.567   MAIN   INF   Program running
2019-12-31 09:27:10.095   MAIN   INF   Active workplaces: 20, running workplaces: 20
2019-12-31 09:27:10.095   MAIN   INF   Sleeping for 9.471251121s
2019-12-31 09:27:39.413   MAIN   INF   Program version 2019.4.3.31 started
2019-12-31 09:27:39.414   MAIN   INF   Program running
2019-12-31 09:27:39.985   MAIN   INF   Active workplaces: 20, running workplaces: 0
2019-12-31 09:27:39.985   MAIN   INF   Sleeping for 9.429135775s
2019-12-31 09:27:49.419   MAIN   INF   Program running
2019-12-31 09:27:49.971   MAIN   INF   Active workplaces: 20, running workplaces: 20
2019-12-31 09:27:49.971   MAIN   INF   Sleeping for 9.447846636s
2019-12-31 09:27:59.423   MAIN   INF   Program running
2019-12-31 09:27:59.960   MAIN   INF   Active workplaces: 20, running workplaces: 20
2019-12-31 09:27:59.960   MAIN   INF   Sleeping for 9.462303483s
2019-12-31 09:28:09.427   MAIN   INF   Program running
2019-12-31 09:29:40.172   MAIN   INF   Program version 2019.4.3.31 started
2019-12-31 09:29:40.172   MAIN   INF   Program running
2019-12-31 09:29:40.662   MAIN   INF   Active workplaces: 20, running workplaces: 0
2019-12-31 09:29:40.662   MAIN   INF   Sleeping for 9.510700381s
2019-12-31 09:29:50.174   MAIN   INF   Program running
2019-12-31 09:29:50.688   MAIN   INF   Active workplaces: 20, running workplaces: 20
2019-12-31 09:29:50.688   MAIN   INF   Sleeping for 9.485414482s
2019-12-31 09:30:00.178   MAIN   INF   Program running
2019-12-31 09:30:00.847   MAIN   INF   Active workplaces: 20, running workplaces: 20
2019-12-31 09:30:00.847   MAIN   INF   Sleeping for 9.331319702s
2019-12-31 09:30:10.180   MAIN   INF   Program running
2019-12-31 09:30:10.654   MAIN   INF   Active workplaces: 20, running workplaces: 20
2019-12-31 09:30:10.654   MAIN   INF   Sleeping for 9.525879636s
2019-12-31 09:30:20.181   MAIN   INF   Program running
2019-12-31 09:30:20.777   MAIN   INF   Active workplaces: 20, running workplaces: 20
2019-12-31 09:30:20.777   MAIN   INF   Sleeping for 9.404049689s
2019-12-31 09:30:30.184   MAIN   INF   Program running
2019-12-31 09:30:30.708   MAIN   INF   Active workplaces: 20, running workplaces: 20
2019-12-31 09:30:30.709   MAIN   INF   Sleeping for 9.475415289s
2019-12-31 09:30:40.184   MAIN   INF   Program running
2019-12-31 09:30:41.363   MAIN   INF   Active workplaces: 20, running workplaces: 20
2019-12-31 09:30:41.363   MAIN   INF   Sleeping for 8.821136291s
2019-12-31 09:30:50.187   MAIN   INF   Program running
2019-12-31 09:30:51.003   MAIN   INF   Active workplaces: 20, running workplaces: 20
2019-12-31 09:30:51.004   MAIN   INF   Sleeping for 9.183200668s
2019-12-31 09:31:00.189   MAIN   INF   Program running
2019-12-31 09:31:01.232   MAIN   INF   Active workplaces: 20, running workplaces: 20
2019-12-31 09:31:01.232   MAIN   INF   Sleeping for 8.955970127s
2019-12-31 09:31:10.194   MAIN   INF   Program running
2019-12-31 09:31:10.744   MAIN   INF   Active workplaces: 20, running workplaces: 20
2019-12-31 09:31:10.744   MAIN   INF   Sleeping for 9.450017199s
2019-12-31 09:31:20.197   MAIN   INF   Program running
2019-12-31 09:31:21.457   MAIN   INF   Active workplaces: 20, running workplaces: 20
2019-12-31 09:31:21.457   MAIN   INF   Sleeping for 8.740070465s
2019-12-31 09:31:30.202   MAIN   INF   Program running
2019-12-31 09:31:30.822   MAIN   INF   Active workplaces: 20, running workplaces: 20
2019-12-31 09:31:30.822   MAIN   INF   Sleeping for 9.380092579s
2019-12-31 09:31:40.203   MAIN   INF   Program running
2019-12-31 09:31:41.279   MAIN   INF   Active workplaces: 20, running workplaces: 20
2019-12-31 09:31:41.280   MAIN   INF   Sleeping for 8.923135581s
2019-12-31 09:31:50.208   MAIN   INF   Program running
2019-12-31 09:31:52.142   MAIN   INF   Active workplaces: 20, running workplaces: 20
2019-12-31 09:31:52.142   MAIN   INF   Sleeping for 8.069229435s
2019-12-31 09:32:03.982   MAIN   INF   Program version 2019.4.3.31 started
2019-12-31 09:32:03.982   MAIN   INF   Program running
2019-12-31 09:32:04.477   MAIN   INF   Active workplaces: 20, running workplaces: 0
2019-12-31 09:32:04.478   MAIN   INF   Sleeping for 9.505073158s
2019-12-31 09:32:13.988   MAIN   INF   Program running
2019-12-31 09:32:14.726   MAIN   INF   Active workplaces: 20, running workplaces: 20
2019-12-31 09:32:14.726   MAIN   INF   Sleeping for 9.262103771s
2019-12-31 09:32:23.992   MAIN   INF   Program running
2019-12-31 09:32:24.799   MAIN   INF   Active workplaces: 20, running workplaces: 20
2019-12-31 09:32:24.799   MAIN   INF   Sleeping for 9.192432641s
2019-12-31 09:32:35.250   MAIN   INF   Program version 2019.4.3.31 started
2019-12-31 09:32:35.250   MAIN   INF   Program running
2019-12-31 09:32:35.784   MAIN   INF   Active workplaces: 20, running workplaces: 0
2019-12-31 09:32:35.784   MAIN   INF   Sleeping for 9.466515439s
2019-12-31 09:32:45.252   MAIN   INF   Program running
2019-12-31 09:32:45.791   MAIN   INF   Active workplaces: 20, running workplaces: 1
2019-12-31 09:32:45.791   MAIN   INF   Sleeping for 9.4612572s
2019-12-31 09:32:55.256   MAIN   INF   Program running
2019-12-31 09:32:56.514   MAIN   INF   Active workplaces: 20, running workplaces: 20
2019-12-31 09:32:56.514   MAIN   INF   Sleeping for 8.742067124s
2019-12-31 09:33:05.259   MAIN   INF   Program running
2019-12-31 09:33:06.474   MAIN   INF   Active workplaces: 20, running workplaces: 20
2019-12-31 09:33:06.474   MAIN   INF   Sleeping for 8.784998376s
2019-12-31 09:33:15.260   MAIN   INF   Program running
2019-12-31 09:33:15.801   MAIN   INF   Active workplaces: 20, running workplaces: 20
2019-12-31 09:33:15.801   MAIN   INF   Sleeping for 9.458517528s
2019-12-31 09:34:22.238   MAIN   INF   Program version 2019.4.3.31 started
2019-12-31 09:34:22.238   MAIN   INF   Program running
2019-12-31 09:34:22.730   MAIN   INF   Active workplaces: 1, running workplaces: 0
2019-12-31 09:34:22.730   MAIN   INF   Sleeping for 9.507966042s
2019-12-31 09:35:17.338   MAIN   INF   Program version 2019.4.3.31 started
2019-12-31 09:35:17.338   MAIN   INF   Program running
2019-12-31 09:35:17.822   MAIN   INF   Active workplaces: 1, running workplaces: 0
2019-12-31 09:35:17.822   MAIN   INF   Sleeping for 9.516436126s
2019-12-31 09:35:48.062   MAIN   INF   Program version 2019.4.3.31 started
2019-12-31 09:35:48.062   MAIN   INF   Program running
2019-12-31 09:35:48.544   MAIN   INF   Active workplaces: 1, running workplaces: 0
2019-12-31 09:35:48.544   MAIN   INF   Sleeping for 9.517902613s
2019-12-31 09:35:58.065   MAIN   INF   Program running
2019-12-31 09:35:58.569   MAIN   INF   Active workplaces: 1, running workplaces: 1
2019-12-31 09:35:58.569   MAIN   INF   Sleeping for 9.495975975s
2019-12-31 09:37:18.044   MAIN   INF   Program version 2019.4.3.31 started
2019-12-31 09:37:18.044   MAIN   INF   Program running
2019-12-31 09:37:18.517   MAIN   INF   Active workplaces: 1, running workplaces: 0
2019-12-31 09:37:18.517   MAIN   INF   Sleeping for 9.527135006s
2019-12-31 09:37:47.410   MAIN   INF   Program version 2019.4.3.31 started
2019-12-31 09:37:47.411   MAIN   INF   Program running
2019-12-31 09:37:47.875   MAIN   INF   Active workplaces: 1, running workplaces: 0
2019-12-31 09:37:47.875   MAIN   INF   Sleeping for 9.535329827s
2019-12-31 09:37:54.461   MAIN   INF   Program version 2019.4.3.31 started
2019-12-31 09:37:54.462   MAIN   INF   Program running
2019-12-31 09:37:54.952   MAIN   INF   Active workplaces: 1, running workplaces: 0
2019-12-31 09:37:54.953   MAIN   INF   Sleeping for 9.509362843s
2019-12-31 09:38:07.658   MAIN   INF   Program version 2019.4.3.31 started
2019-12-31 09:38:07.658   MAIN   INF   Program running
2019-12-31 09:38:08.158   MAIN   INF   Active workplaces: 1, running workplaces: 0
2019-12-31 09:38:08.159   MAIN   INF   Sleeping for 9.499714495s
2019-12-31 09:38:19.225   MAIN   INF   Program version 2019.4.3.31 started
2019-12-31 09:38:19.225   MAIN   INF   Program running
2019-12-31 09:38:19.754   MAIN   INF   Active workplaces: 1, running workplaces: 0
2019-12-31 09:38:19.754   MAIN   INF   Sleeping for 9.470792782s
2019-12-31 09:38:26.632   MAIN   INF   Program version 2019.4.3.31 started
2019-12-31 09:38:26.633   MAIN   INF   Program running
2019-12-31 09:38:27.114   MAIN   INF   Active workplaces: 1, running workplaces: 0
2019-12-31 09:38:27.114   MAIN   INF   Sleeping for 9.518868327s
2019-12-31 09:38:34.154   MAIN   INF   Program version 2019.4.3.31 started
2019-12-31 09:38:34.154   MAIN   INF   Program running
2019-12-31 09:38:34.632   MAIN   INF   Active workplaces: 1, running workplaces: 0
2019-12-31 09:38:34.632   MAIN   INF   Sleeping for 9.52171423s
2019-12-31 09:38:44.981   MAIN   INF   Program version 2019.4.3.31 started
2019-12-31 09:38:44.982   MAIN   INF   Program running
2019-12-31 09:38:45.461   MAIN   INF   Active workplaces: 1, running workplaces: 0
2019-12-31 09:38:45.461   MAIN   INF   Sleeping for 9.520911708s
2019-12-31 09:39:13.176   MAIN   INF   Program version 2019.4.3.31 started
2019-12-31 09:39:13.177   MAIN   INF   Program running
2019-12-31 09:39:13.685   MAIN   INF   Active workplaces: 1, running workplaces: 0
2019-12-31 09:39:13.685   MAIN   INF   Sleeping for 9.491743306s
2019-12-31 09:40:17.471   MAIN   INF   Program version 2019.4.3.31 started
2019-12-31 09:40:17.471   MAIN   INF   Program running
2019-12-31 09:40:17.957   MAIN   INF   Active workplaces: 1, running workplaces: 0
2019-12-31 09:40:17.957   MAIN   INF   Sleeping for 9.51422745s
2019-12-31 09:40:35.943   MAIN   INF   Program version 2019.4.3.31 started
2019-12-31 09:40:35.943   MAIN   INF   Program running
2019-12-31 09:40:36.430   MAIN   INF   Active workplaces: 1, running workplaces: 0
2019-12-31 09:40:36.430   MAIN   INF   Sleeping for 9.513022313s
2019-12-31 09:41:38.693   MAIN   INF   Program version 2019.4.3.31 started
2019-12-31 09:41:38.693   MAIN   INF   Program running
2019-12-31 09:41:39.220   MAIN   INF   Active workplaces: 1, running workplaces: 0
2019-12-31 09:41:39.220   MAIN   INF   Sleeping for 9.473207677s
2019-12-31 09:42:13.015   MAIN   INF   Program version 2019.4.3.31 started
2019-12-31 09:42:13.015   MAIN   INF   Program running
2019-12-31 09:42:13.504   MAIN   INF   Active workplaces: 1, running workplaces: 0
2019-12-31 09:42:13.505   MAIN   INF   Sleeping for 9.510748184s
2019-12-31 09:42:24.109   MAIN   INF   Program version 2019.4.3.31 started
2019-12-31 09:42:24.109   MAIN   INF   Program running
2019-12-31 09:42:24.596   MAIN   INF   Active workplaces: 1, running workplaces: 0
2019-12-31 09:42:24.596   MAIN   INF   Sleeping for 9.513542363s
2019-12-31 09:43:48.314   MAIN   INF   Program version 2019.4.3.31 started
2019-12-31 09:43:48.314   MAIN   INF   Program running
2019-12-31 09:43:48.797   MAIN   INF   Active workplaces: 1, running workplaces: 0
2019-12-31 09:43:48.798   MAIN   INF   Sleeping for 9.51679039s
2019-12-31 09:44:10.801   MAIN   INF   Program version 2019.4.3.31 started
2019-12-31 09:44:10.801   MAIN   INF   Program running
2019-12-31 09:44:11.298   MAIN   INF   Active workplaces: 1, running workplaces: 0
2019-12-31 09:44:11.298   MAIN   INF   Sleeping for 9.503014655s
2019-12-31 09:45:37.567   MAIN   INF   Program version 2019.4.3.31 started
2019-12-31 09:45:37.568   MAIN   INF   Program running
2019-12-31 09:45:38.040   MAIN   INF   Active workplaces: 1, running workplaces: 0
2019-12-31 09:45:38.040   MAIN   INF   Sleeping for 9.527214572s
2019-12-31 09:45:45.408   MAIN   INF   Program version 2019.4.3.31 started
2019-12-31 09:45:45.408   MAIN   INF   Program running
2019-12-31 09:45:45.895   MAIN   INF   Active workplaces: 1, running workplaces: 0
2019-12-31 09:45:45.895   MAIN   INF   Sleeping for 9.512612626s
2019-12-31 09:47:48.307   MAIN   INF   Program version 2019.4.3.31 started
2019-12-31 09:47:48.307   MAIN   INF   Program running
2019-12-31 09:47:48.881   MAIN   INF   Active workplaces: 1, running workplaces: 0
2019-12-31 09:47:48.881   MAIN   INF   Sleeping for 9.425795228s
2019-12-31 09:49:10.483   MAIN   INF   Program version 2019.4.3.31 started
2019-12-31 09:49:10.484   MAIN   INF   Program running
2019-12-31 09:49:10.954   MAIN   INF   Active workplaces: 1, running workplaces: 0
2019-12-31 09:49:10.954   MAIN   INF   Sleeping for 9.529914968s
2019-12-31 09:50:07.144   MAIN   INF   Program version 2019.4.3.31 started
2019-12-31 09:50:07.144   MAIN   INF   Program running
2019-12-31 09:50:07.912   MAIN   INF   Active workplaces: 1, running workplaces: 0
2019-12-31 09:50:07.912   MAIN   INF   Sleeping for 9.232148889s
2019-12-31 09:52:25.311   MAIN   INF   Program version 2019.4.3.31 started
2019-12-31 09:52:25.311   MAIN   INF   Program running
2019-12-31 09:52:25.822   MAIN   INF   Active workplaces: 1, running workplaces: 0
2019-12-31 09:52:25.823   MAIN   INF   Sleeping for 9.488859631s
2019-12-31 09:52:50.943   MAIN   INF   Program version 2019.4.3.31 started
2019-12-31 09:52:50.944   MAIN   INF   Program running
2019-12-31 09:52:51.430   MAIN   INF   Active workplaces: 1, running workplaces: 0
2019-12-31 09:52:51.430   MAIN   INF   Sleeping for 9.513964807s
2019-12-31 09:53:42.114   MAIN   INF   Program version 2019.4.3.31 started
2019-12-31 09:53:42.114   MAIN   INF   Program running
2019-12-31 09:53:42.618   MAIN   INF   Active workplaces: 1, running workplaces: 0
2019-12-31 09:53:42.618   MAIN   INF   Sleeping for 9.495956889s
2019-12-31 09:55:22.713   MAIN   INF   Program version 2019.4.3.31 started
2019-12-31 09:55:22.714   MAIN   INF   Program running
2019-12-31 09:55:23.203   MAIN   INF   Active workplaces: 1, running workplaces: 0
2019-12-31 09:55:23.204   MAIN   INF   Sleeping for 9.510021533s
2019-12-31 09:56:51.817   MAIN   INF   Program version 2019.4.3.31 started
2019-12-31 09:56:51.817   MAIN   INF   Program running
2019-12-31 09:56:52.297   MAIN   INF   Active workplaces: 1, running workplaces: 0
2019-12-31 09:56:52.297   MAIN   INF   Sleeping for 9.520057772s
2019-12-31 10:00:17.358   MAIN   INF   Program version 2019.4.3.31 started
2019-12-31 10:00:17.358   MAIN   INF   Program running
2019-12-31 10:00:17.868   MAIN   INF   Active workplaces: 1, running workplaces: 0
2019-12-31 10:00:17.868   MAIN   INF   Sleeping for 9.490025355s
2019-12-31 10:00:53.514   MAIN   INF   Program version 2019.4.3.31 started
2019-12-31 10:00:53.514   MAIN   INF   Program running
2019-12-31 10:00:53.991   MAIN   INF   Active workplaces: 1, running workplaces: 0
2019-12-31 10:00:53.991   MAIN   INF   Sleeping for 9.522856891s
2019-12-31 10:01:54.654   MAIN   INF   Program version 2019.4.3.31 started
2019-12-31 10:01:54.654   MAIN   INF   Program running
2019-12-31 10:01:55.138   MAIN   INF   Active workplaces: 1, running workplaces: 0
2019-12-31 10:01:55.139   MAIN   INF   Sleeping for 9.515383303s
2019-12-31 10:02:09.168   MAIN   INF   Program version 2019.4.3.31 started
2019-12-31 10:02:09.168   MAIN   INF   Program running
2019-12-31 10:02:09.692   MAIN   INF   Active workplaces: 1, running workplaces: 0
2019-12-31 10:02:09.692   MAIN   INF   Sleeping for 9.476743196s
2019-12-31 10:02:15.997   MAIN   INF   Program version 2019.4.3.31 started
2019-12-31 10:02:15.998   MAIN   INF   Program running
2019-12-31 10:02:16.479   MAIN   INF   Active workplaces: 1, running workplaces: 0
2019-12-31 10:02:16.479   MAIN   INF   Sleeping for 9.518234722s
2019-12-31 10:03:28.869   MAIN   INF   Program version 2019.4.3.31 started
2019-12-31 10:03:28.869   MAIN   INF   Program running
2019-12-31 10:03:29.341   MAIN   INF   Active workplaces: 1, running workplaces: 0
2019-12-31 10:03:29.342   MAIN   INF   Sleeping for 9.5277919s
2019-12-31 10:09:17.205   MAIN   INF   Program version 2019.4.3.31 started
2019-12-31 10:09:17.205   MAIN   INF   Program running
2019-12-31 10:09:17.730   MAIN   INF   Active workplaces: 1, running workplaces: 0
2019-12-31 10:09:17.730   MAIN   INF   Sleeping for 9.475355549s
2019-12-31 10:09:25.256   MAIN   INF   Program version 2019.4.3.31 started
2019-12-31 10:09:25.256   MAIN   INF   Program running
2019-12-31 10:09:25.730   MAIN   INF   Active workplaces: 1, running workplaces: 0
2019-12-31 10:09:25.730   MAIN   INF   Sleeping for 9.52562335s
2019-12-31 10:09:42.218   MAIN   INF   Program version 2019.4.3.31 started
2019-12-31 10:09:42.219   MAIN   INF   Program running
2019-12-31 10:09:42.705   MAIN   INF   Active workplaces: 1, running workplaces: 0
2019-12-31 10:09:42.705   MAIN   INF   Sleeping for 9.513494174s
2019-12-31 10:09:52.223   MAIN   INF   Program running
2019-12-31 10:09:52.782   MAIN   INF   Active workplaces: 1, running workplaces: 1
2019-12-31 10:09:52.782   MAIN   INF   Sleeping for 9.441159463s
2019-12-31 10:10:02.224   MAIN   INF   Program running
2019-12-31 10:10:02.755   MAIN   INF   Active workplaces: 1, running workplaces: 1
2019-12-31 10:10:02.755   MAIN   INF   Sleeping for 9.469139576s
2019-12-31 10:10:12.224   MAIN   INF   Program running
2019-12-31 10:10:12.735   MAIN   INF   Active workplaces: 1, running workplaces: 1
2019-12-31 10:10:12.736   MAIN   INF   Sleeping for 9.488834895s
2019-12-31 10:12:04.208   MAIN   INF   Program version 2019.4.3.31 started
2019-12-31 10:12:04.208   MAIN   INF   Program running
2019-12-31 10:12:04.691   MAIN   INF   Active workplaces: 1, running workplaces: 0
2019-12-31 10:12:04.691   MAIN   INF   Sleeping for 9.516304814s
2019-12-31 10:12:14.537   MAIN   INF   Program version 2019.4.3.31 started
2019-12-31 10:12:14.537   MAIN   INF   Program running
2019-12-31 10:12:14.994   MAIN   INF   Active workplaces: 1, running workplaces: 0
2019-12-31 10:12:14.994   MAIN   INF   Sleeping for 9.543088608s
2019-12-31 10:12:24.542   MAIN   INF   Program running
2019-12-31 10:12:25.049   MAIN   INF   Active workplaces: 1, running workplaces: 1
2019-12-31 10:12:25.049   MAIN   INF   Sleeping for 9.492513373s
2019-12-31 10:13:48.438   MAIN   INF   Program version 2019.4.3.31 started
2019-12-31 10:13:48.438   MAIN   INF   Program running
2019-12-31 10:13:48.914   MAIN   INF   Active workplaces: 20, running workplaces: 0
2019-12-31 10:13:48.914   MAIN   INF   Sleeping for 9.524287869s
2019-12-31 10:13:58.439   MAIN   INF   Program running
2019-12-31 10:13:59.608   MAIN   INF   Active workplaces: 20, running workplaces: 20
2019-12-31 10:13:59.609   MAIN   INF   Sleeping for 8.830206254s
2019-12-31 10:14:08.442   MAIN   INF   Program running
2019-12-31 10:14:08.949   MAIN   INF   Active workplaces: 20, running workplaces: 20
2019-12-31 10:14:08.949   MAIN   INF   Sleeping for 9.49304943s
2019-12-31 10:14:18.445   MAIN   INF   Program running
2019-12-31 10:14:19.136   MAIN   INF   Active workplaces: 20, running workplaces: 20
2019-12-31 10:14:19.136   MAIN   INF   Sleeping for 9.308534786s
2019-12-31 10:14:28.446   MAIN   INF   Program running
2019-12-31 10:14:29.241   MAIN   INF   Active workplaces: 20, running workplaces: 20
2019-12-31 10:14:29.241   MAIN   INF   Sleeping for 9.205288454s
2019-12-31 10:17:36.407   MAIN   INF   Program version 2019.4.3.31 started
2019-12-31 10:17:36.408   MAIN   INF   Program running
2019-12-31 10:17:36.976   MAIN   INF   Active workplaces: 20, running workplaces: 0
2019-12-31 10:17:36.976   MAIN   INF   Sleeping for 9.431761099s
2019-12-31 10:17:46.412   MAIN   INF   Program running
2019-12-31 10:17:47.417   MAIN   INF   Active workplaces: 20, running workplaces: 20
2019-12-31 10:17:47.418   MAIN   INF   Sleeping for 8.993894991s
2019-12-31 10:17:56.414   MAIN   INF   Program running
2019-12-31 10:18:37.119   MAIN   INF   Program version 2019.4.3.31 started
2019-12-31 10:18:37.119   MAIN   INF   Program running
2019-12-31 10:18:37.688   MAIN   INF   Active workplaces: 1, running workplaces: 0
2019-12-31 10:18:37.689   MAIN   INF   Sleeping for 9.430246732s
2019-12-31 10:18:47.121   MAIN   INF   Program running
2019-12-31 10:18:47.618   MAIN   INF   Active workplaces: 1, running workplaces: 1
2019-12-31 10:18:47.618   MAIN   INF   Sleeping for 9.503288365s
2019-12-31 10:19:08.367   MAIN   INF   Program version 2019.4.3.31 started
2019-12-31 10:19:08.367   MAIN   INF   Program running
2019-12-31 10:19:08.881   MAIN   INF   Active workplaces: 1, running workplaces: 0
2019-12-31 10:19:08.882   MAIN   INF   Sleeping for 9.485581325s
2019-12-31 10:19:18.370   MAIN   INF   Program running
2019-12-31 10:19:18.867   MAIN   INF   Active workplaces: 1, running workplaces: 1
2019-12-31 10:19:18.867   MAIN   INF   Sleeping for 9.503543231s
2019-12-31 10:19:36.892   MAIN   INF   Program version 2019.4.3.31 started
2019-12-31 10:19:36.892   MAIN   INF   Program running
2019-12-31 10:19:37.362   MAIN   INF   Active workplaces: 1, running workplaces: 0
2019-12-31 10:19:37.363   MAIN   INF   Sleeping for 9.529455777s
2019-12-31 10:19:43.288   MAIN   INF   Program version 2019.4.3.31 started
2019-12-31 10:19:43.288   MAIN   INF   Program running
2019-12-31 10:19:43.796   MAIN   INF   Active workplaces: 1, running workplaces: 0
2019-12-31 10:19:43.796   MAIN   INF   Sleeping for 9.492014374s
2019-12-31 10:19:53.289   MAIN   INF   Program running
2019-12-31 10:19:53.773   MAIN   INF   Active workplaces: 1, running workplaces: 1
2019-12-31 10:19:53.773   MAIN   INF   Sleeping for 9.516199028s
2019-12-31 10:20:05.357   MAIN   INF   Program version 2019.4.3.31 started
2019-12-31 10:20:05.357   MAIN   INF   Program running
2019-12-31 10:20:05.940   MAIN   INF   Active workplaces: 20, running workplaces: 0
2019-12-31 10:20:05.940   MAIN   INF   Sleeping for 9.416822193s
2019-12-31 10:20:15.362   MAIN   INF   Program running
2019-12-31 10:20:15.886   MAIN   INF   Active workplaces: 20, running workplaces: 20
2019-12-31 10:20:15.886   MAIN   INF   Sleeping for 9.475557142s
2019-12-31 10:20:25.366   MAIN   INF   Program running
2019-12-31 10:20:25.919   MAIN   INF   Active workplaces: 20, running workplaces: 20
2019-12-31 10:20:25.919   MAIN   INF   Sleeping for 9.447221792s
2019-12-31 10:20:35.367   MAIN   INF   Program running
2019-12-31 10:20:35.857   MAIN   INF   Active workplaces: 20, running workplaces: 20
2019-12-31 10:20:35.858   MAIN   INF   Sleeping for 9.509360761s
2019-12-31 10:20:45.368   MAIN   INF   Program running
2019-12-31 10:20:45.875   MAIN   INF   Active workplaces: 20, running workplaces: 20
2019-12-31 10:20:45.875   MAIN   INF   Sleeping for 9.493302981s
2019-12-31 10:20:55.373   MAIN   INF   Program running
2019-12-31 10:20:55.931   MAIN   INF   Active workplaces: 20, running workplaces: 20
2019-12-31 10:20:55.931   MAIN   INF   Sleeping for 9.44213603s
2019-12-31 10:21:05.376   MAIN   INF   Program running
2019-12-31 10:21:05.897   MAIN   INF   Active workplaces: 20, running workplaces: 20
2019-12-31 10:21:05.898   MAIN   INF   Sleeping for 9.478750758s
2019-12-31 10:21:15.380   MAIN   INF   Program running
2019-12-31 10:21:15.883   MAIN   INF   Active workplaces: 20, running workplaces: 20
2019-12-31 10:21:15.883   MAIN   INF   Sleeping for 9.496519663s
2019-12-31 10:21:25.381   MAIN   INF   Program running
2019-12-31 10:21:25.891   MAIN   INF   Active workplaces: 20, running workplaces: 20
2019-12-31 10:21:25.891   MAIN   INF   Sleeping for 9.489806976s
2019-12-31 10:21:35.384   MAIN   INF   Program running
2019-12-31 10:21:35.860   MAIN   INF   Active workplaces: 20, running workplaces: 20
2019-12-31 10:21:35.860   MAIN   INF   Sleeping for 9.524125342s
2019-12-31 10:21:45.385   MAIN   INF   Program running
2019-12-31 10:21:45.865   MAIN   INF   Active workplaces: 20, running workplaces: 20
2019-12-31 10:21:45.865   MAIN   INF   Sleeping for 9.519470366s
2019-12-31 10:21:55.390   MAIN   INF   Program running
2019-12-31 10:21:55.863   MAIN   INF   Active workplaces: 20, running workplaces: 20
2019-12-31 10:21:55.863   MAIN   INF   Sleeping for 9.526722023s
2019-12-31 10:22:05.393   MAIN   INF   Program running
2019-12-31 10:22:05.887   MAIN   INF   Active workplaces: 20, running workplaces: 20
2019-12-31 10:22:05.887   MAIN   INF   Sleeping for 9.506587307s
2019-12-31 10:22:15.395   MAIN   INF   Program running
2019-12-31 10:22:15.880   MAIN   INF   Active workplaces: 20, running workplaces: 20
2019-12-31 10:22:15.880   MAIN   INF   Sleeping for 9.514032888s
2019-12-31 10:22:25.396   MAIN   INF   Program running
2019-12-31 10:22:25.891   MAIN   INF   Active workplaces: 20, running workplaces: 20
2019-12-31 10:22:25.891   MAIN   INF   Sleeping for 9.504907859s
2019-12-31 10:22:35.400   MAIN   INF   Program running
2019-12-31 10:22:35.904   MAIN   INF   Active workplaces: 20, running workplaces: 20
2019-12-31 10:22:35.904   MAIN   INF   Sleeping for 9.495520091s
2019-12-31 10:22:45.404   MAIN   INF   Program running
2019-12-31 10:22:45.911   MAIN   INF   Active workplaces: 20, running workplaces: 20
2019-12-31 10:22:45.911   MAIN   INF   Sleeping for 9.493047474s
2019-12-31 10:22:55.408   MAIN   INF   Program running
2019-12-31 10:22:56.328   MAIN   INF   Active workplaces: 20, running workplaces: 20
2019-12-31 10:22:56.328   MAIN   INF   Sleeping for 9.079614314s
2019-12-31 10:23:05.413   MAIN   INF   Program running
2019-12-31 10:23:05.893   MAIN   INF   Active workplaces: 20, running workplaces: 20
2019-12-31 10:23:05.893   MAIN   INF   Sleeping for 9.520033934s
2019-12-31 10:23:15.416   MAIN   INF   Program running
2019-12-31 10:23:15.888   MAIN   INF   Active workplaces: 20, running workplaces: 20
2019-12-31 10:23:15.888   MAIN   INF   Sleeping for 9.528434742s
2019-12-31 10:23:25.420   MAIN   INF   Program running
2019-12-31 10:23:25.912   MAIN   INF   Active workplaces: 20, running workplaces: 20
2019-12-31 10:23:25.912   MAIN   INF   Sleeping for 9.507865716s
2019-12-31 10:23:35.424   MAIN   INF   Program running
2019-12-31 10:23:35.885   MAIN   INF   Active workplaces: 20, running workplaces: 20
2019-12-31 10:23:35.886   MAIN   INF   Sleeping for 9.538619035s
2019-12-31 10:23:45.429   MAIN   INF   Program running
2019-12-31 10:23:45.933   MAIN   INF   Active workplaces: 20, running workplaces: 20
2019-12-31 10:23:45.933   MAIN   INF   Sleeping for 9.495099868s
2019-12-31 10:23:55.429   MAIN   INF   Program running
2019-12-31 10:23:55.909   MAIN   INF   Active workplaces: 20, running workplaces: 20
2019-12-31 10:23:55.909   MAIN   INF   Sleeping for 9.520031899s
2019-12-31 10:24:05.430   MAIN   INF   Program running
2019-12-31 10:24:05.906   MAIN   INF   Active workplaces: 20, running workplaces: 20
2019-12-31 10:24:05.906   MAIN   INF   Sleeping for 9.523496563s
2019-12-31 10:24:15.432   MAIN   INF   Program running
2019-12-31 10:24:15.953   MAIN   INF   Active workplaces: 20, running workplaces: 20
2019-12-31 10:24:15.954   MAIN   INF   Sleeping for 9.477939952s
2019-12-31 10:24:25.436   MAIN   INF   Program running
2019-12-31 10:24:25.933   MAIN   INF   Active workplaces: 20, running workplaces: 20
2019-12-31 10:24:25.933   MAIN   INF   Sleeping for 9.502791972s
2019-12-31 10:24:35.440   MAIN   INF   Program running
2019-12-31 10:24:35.930   MAIN   INF   Active workplaces: 20, running workplaces: 20
2019-12-31 10:24:35.930   MAIN   INF   Sleeping for 9.510084952s
2019-12-31 10:24:45.446   MAIN   INF   Program running
2019-12-31 10:24:45.934   MAIN   INF   Active workplaces: 20, running workplaces: 20
2019-12-31 10:24:45.934   MAIN   INF   Sleeping for 9.511484708s
2019-12-31 10:24:55.449   MAIN   INF   Program running
2019-12-31 10:24:55.955   MAIN   INF   Active workplaces: 20, running workplaces: 20
2019-12-31 10:24:55.955   MAIN   INF   Sleeping for 9.493920045s
2019-12-31 10:25:05.454   MAIN   INF   Program running
2019-12-31 10:25:05.953   MAIN   INF   Active workplaces: 20, running workplaces: 20
2019-12-31 10:25:05.953   MAIN   INF   Sleeping for 9.500357474s
2019-12-31 10:25:15.458   MAIN   INF   Program running
2019-12-31 10:25:15.952   MAIN   INF   Active workplaces: 20, running workplaces: 20
2019-12-31 10:25:15.952   MAIN   INF   Sleeping for 9.505746499s
2019-12-31 10:25:25.462   MAIN   INF   Program running
2019-12-31 10:25:25.936   MAIN   INF   Active workplaces: 20, running workplaces: 20
2019-12-31 10:25:25.937   MAIN   INF   Sleeping for 9.524868896s
2019-12-31 10:25:35.463   MAIN   INF   Program running
2019-12-31 10:25:35.996   MAIN   INF   Active workplaces: 20, running workplaces: 20
2019-12-31 10:25:35.996   MAIN   INF   Sleeping for 9.466587003s
2019-12-31 10:25:45.468   MAIN   INF   Program running
2019-12-31 10:25:45.957   MAIN   INF   Active workplaces: 20, running workplaces: 20
2019-12-31 10:25:45.957   MAIN   INF   Sleeping for 9.511088338s
2019-12-31 10:25:55.473   MAIN   INF   Program running
2019-12-31 10:25:55.955   MAIN   INF   Active workplaces: 20, running workplaces: 20
2019-12-31 10:25:55.955   MAIN   INF   Sleeping for 9.51812533s
2019-12-31 10:26:05.473   MAIN   INF   Program running
2019-12-31 10:26:06.019   MAIN   INF   Active workplaces: 20, running workplaces: 20
2019-12-31 10:26:06.019   MAIN   INF   Sleeping for 9.454458158s
